      0.5349185E+02 
      0.5349190E+02 
      0.5349244E+02 
      0.5349359E+02 
      0.5349508E+02 
      0.5349647E+02 
      0.5349746E+02 
      0.5349802E+02 
      0.5349833E+02 
      0.5349870E+02 
      0.5349938E+02 
      0.5350036E+02 
      0.5350145E+02 
      0.5350245E+02 
      0.5350332E+02 
      0.5350403E+02 
      0.5350456E+02 
      0.5350499E+02 
      0.5350546E+02 
      0.5350604E+02 
      0.5350676E+02 
      0.5350759E+02 
      0.5350842E+02 
      0.5350913E+02 
      0.5350960E+02 
      0.5350986E+02 
      0.5351005E+02 
      0.5351034E+02 
      0.5351082E+02 
      0.5351147E+02 
      0.5351214E+02 
      0.5351266E+02 
      0.5351292E+02 
      0.5351297E+02 
      0.5351295E+02 
      0.5351303E+02 
      0.5351328E+02 
      0.5351365E+02 
      0.5351402E+02 
      0.5351426E+02 
      0.5351431E+02 
      0.5351419E+02 
      0.5351400E+02 
      0.5351385E+02 
      0.5351379E+02 
      0.5351383E+02 
      0.5351389E+02 
      0.5351389E+02 
      0.5351374E+02 
      0.5351343E+02 
      0.5351302E+02 
      0.5351262E+02 
      0.5351227E+02 
      0.5351200E+02 
      0.5351178E+02 
      0.5351154E+02 
      0.5351119E+02 
      0.5351068E+02 
      0.5351008E+02 
      0.5350945E+02 
      0.5350888E+02 
      0.5350839E+02 
      0.5350792E+02 
      0.5350744E+02 
      0.5350689E+02 
      0.5350624E+02 
      0.5350551E+02 
      0.5350473E+02 
      0.5350396E+02 
      0.5350325E+02 
      0.5350259E+02 
      0.5350195E+02 
      0.5350127E+02 
      0.5350051E+02 
      0.5349966E+02 
      0.5349877E+02 
      0.5349790E+02 
      0.5349708E+02 
      0.5349631E+02 
      0.5349556E+02 
      0.5349480E+02 
      0.5349398E+02 
      0.5349310E+02 
      0.5349217E+02 
      0.5349126E+02 
      0.5349041E+02 
      0.5348962E+02 
      0.5348887E+02 
      0.5348809E+02 
      0.5348727E+02 
      0.5348641E+02 
      0.5348554E+02 
      0.5348470E+02 
      0.5348390E+02 
      0.5348315E+02 
      0.5348243E+02 
      0.5348171E+02 
      0.5348098E+02 
      0.5348024E+02 
      0.5347948E+02 
      0.5347875E+02 
      0.5347806E+02 
      0.5347741E+02 
      0.5347681E+02 
      0.5347624E+02 
      0.5347567E+02 
      0.5347509E+02 
      0.5347452E+02 
      0.5347397E+02 
      0.5347345E+02 
      0.5347298E+02 
      0.5347256E+02 
      0.5347218E+02 
      0.5347183E+02 
      0.5347148E+02 
      0.5347113E+02 
      0.5347080E+02 
      0.5347050E+02 
      0.5347026E+02 
      0.5347007E+02 
      0.5346992E+02 
      0.5346980E+02 
      0.5346970E+02 
      0.5346960E+02 
      0.5346950E+02 
      0.5346945E+02 
      0.5346946E+02 
      0.5346953E+02 
      0.5346963E+02 
      0.5346975E+02 
      0.5346989E+02 
      0.5347004E+02 
      0.5347021E+02 
      0.5347041E+02 
      0.5347066E+02 
      0.5347097E+02 
      0.5347132E+02 
      0.5347169E+02 
      0.5347207E+02 
      0.5347247E+02 
      0.5347288E+02 
      0.5347331E+02 
      0.5347378E+02 
      0.5347431E+02 
      0.5347487E+02 
      0.5347545E+02 
      0.5347603E+02 
      0.5347663E+02 
      0.5347724E+02 
      0.5347787E+02 
      0.5347852E+02 
      0.5347921E+02 
      0.5347993E+02 
      0.5348066E+02 
      0.5348140E+02 
      0.5348215E+02 
      0.5348290E+02 
      0.5348367E+02 
      0.5348444E+02 
      0.5348523E+02 
      0.5348605E+02 
      0.5348688E+02 
      0.5348773E+02 
      0.5348857E+02 
      0.5348940E+02 
      0.5349021E+02 
      0.5349103E+02 
      0.5349185E+02 
      0.5349269E+02 
      0.5349355E+02 
      0.5349442E+02 
      0.5349528E+02 
      0.5349610E+02 
      0.5349690E+02 
      0.5349767E+02 
      0.5349845E+02 
      0.5349925E+02 
      0.5350007E+02 
      0.5350087E+02 
      0.5350164E+02 
      0.5350238E+02 
      0.5350310E+02 
      0.5350379E+02 
      0.5350447E+02 
      0.5350514E+02 
      0.5350581E+02 
      0.5350648E+02 
      0.5350713E+02 
      0.5350774E+02 
      0.5350831E+02 
      0.5350883E+02 
      0.5350934E+02 
      0.5350983E+02 
      0.5351031E+02 
      0.5351078E+02 
      0.5351124E+02 
      0.5351166E+02 
      0.5351202E+02 
      0.5351233E+02 
      0.5351260E+02 
      0.5351286E+02 
      0.5351312E+02 
      0.5351337E+02 
      0.5351359E+02 
      0.5351376E+02 
      0.5351389E+02 
      0.5351395E+02 
      0.5351399E+02 
      0.5351400E+02 
      0.5351400E+02 
      0.5351400E+02 
      0.5351398E+02 
      0.5351391E+02 
      0.5351378E+02 
      0.5351360E+02 
      0.5351338E+02 
      0.5351314E+02 
      0.5351289E+02 
      0.5351264E+02 
      0.5351236E+02 
      0.5351205E+02 
      0.5351169E+02 
      0.5351129E+02 
      0.5351083E+02 
      0.5351035E+02 
      0.5350985E+02 
      0.5350937E+02 
      0.5350888E+02 
      0.5350837E+02 
      0.5350781E+02 
      0.5350720E+02 
      0.5350654E+02 
      0.5350587E+02 
      0.5350520E+02 
      0.5350453E+02 
      0.5350387E+02 
      0.5350319E+02 
      0.5350247E+02 
      0.5350172E+02 
      0.5350094E+02 
      0.5350014E+02 
      0.5349934E+02 
      0.5349854E+02 
      0.5349776E+02 
      0.5349697E+02 
      0.5349618E+02 
      0.5349536E+02 
      0.5349452E+02 
      0.5349366E+02 
      0.5349278E+02 
      0.5349193E+02 
      0.5349110E+02 
      0.5349030E+02 
      0.5348950E+02 
      0.5348868E+02 
      0.5348784E+02 
      0.5348699E+02 
      0.5348613E+02 
      0.5348530E+02 
      0.5348451E+02 
      0.5348376E+02 
      0.5348303E+02 
      0.5348228E+02 
      0.5348151E+02 
      0.5348075E+02 
      0.5347999E+02 
      0.5347927E+02 
      0.5347859E+02 
      0.5347795E+02 
      0.5347733E+02 
      0.5347673E+02 
      0.5347612E+02 
      0.5347552E+02 
      0.5347492E+02 
      0.5347436E+02 
      0.5347383E+02 
      0.5347336E+02 
      0.5347294E+02 
      0.5347254E+02 
      0.5347214E+02 
      0.5347173E+02 
      0.5347135E+02 
      0.5347099E+02 
      0.5347069E+02 
      0.5347045E+02 
      0.5347025E+02 
      0.5347007E+02 
      0.5346991E+02 
      0.5346976E+02 
      0.5346962E+02 
      0.5346952E+02 
      0.5346946E+02 
      0.5346945E+02 
      0.5346950E+02 
      0.5346958E+02 
      0.5346967E+02 
      0.5346978E+02 
      0.5346990E+02 
      0.5347005E+02 
      0.5347023E+02 
      0.5347047E+02 
      0.5347076E+02 
      0.5347109E+02 
      0.5347143E+02 
      0.5347178E+02 
      0.5347213E+02 
      0.5347251E+02 
      0.5347294E+02 
      0.5347340E+02 
      0.5347392E+02 
      0.5347446E+02 
      0.5347502E+02 
      0.5347558E+02 
      0.5347614E+02 
      0.5347673E+02 
      0.5347735E+02 
      0.5347800E+02 
      0.5347869E+02 
      0.5347940E+02 
      0.5348012E+02 
      0.5348085E+02 
      0.5348157E+02 
      0.5348231E+02 
      0.5348306E+02 
      0.5348384E+02 
      0.5348464E+02 
      0.5348545E+02 
      0.5348627E+02 
      0.5348710E+02 
      0.5348791E+02 
      0.5348872E+02 
      0.5348954E+02 
      0.5349038E+02 
      0.5349123E+02 
      0.5349208E+02 
      0.5349293E+02 
      0.5349377E+02 
      0.5349459E+02 
      0.5349542E+02 
      0.5349623E+02 
      0.5349704E+02 
      0.5349786E+02 
      0.5349869E+02 
      0.5349949E+02 
      0.5350026E+02 
      0.5350102E+02 
      0.5350177E+02 
      0.5350251E+02 
      0.5350324E+02 
      0.5350396E+02 
      0.5350466E+02 
      0.5350534E+02 
      0.5350600E+02 
      0.5350663E+02 
      0.5350723E+02 
      0.5350782E+02 
      0.5350839E+02 
      0.5350895E+02 
      0.5350948E+02 
      0.5350998E+02 
      0.5351045E+02 
      0.5351089E+02 
      0.5351130E+02 
      0.5351168E+02 
      0.5351204E+02 
      0.5351239E+02 
      0.5351270E+02 
      0.5351298E+02 
      0.5351322E+02 
      0.5351342E+02 
      0.5351359E+02 
      0.5351375E+02 
      0.5351388E+02 
      0.5351398E+02 
      0.5351404E+02 
      0.5351406E+02 
      0.5351405E+02 
      0.5351401E+02 
      0.5351394E+02 
      0.5351384E+02 
      0.5351371E+02 
      0.5351355E+02 
      0.5351336E+02 
      0.5351315E+02 
      0.5351290E+02 
      0.5351261E+02 
      0.5351228E+02 
      0.5351193E+02 
      0.5351155E+02 
      0.5351116E+02 
      0.5351074E+02 
      0.5351030E+02 
      0.5350982E+02 
      0.5350931E+02 
      0.5350877E+02 
      0.5350821E+02 
      0.5350763E+02 
      0.5350704E+02 
      0.5350642E+02 
      0.5350578E+02 
      0.5350511E+02 
      0.5350443E+02 
      0.5350373E+02 
      0.5350302E+02 
      0.5350229E+02 
      0.5350154E+02 
      0.5350077E+02 
      0.5349999E+02 
      0.5349921E+02 
      0.5349842E+02 
      0.5349762E+02 
      0.5349681E+02 
      0.5349599E+02 
      0.5349516E+02 
      0.5349433E+02 
      0.5349349E+02 
      0.5349265E+02 
      0.5349180E+02 
      0.5349096E+02 
      0.5349013E+02 
      0.5348931E+02 
      0.5348849E+02 
      0.5348765E+02 
      0.5348681E+02 
      0.5348598E+02 
      0.5348517E+02 
      0.5348439E+02 
      0.5348362E+02 
      0.5348285E+02 
      0.5348209E+02 
      0.5348133E+02 
      0.5348058E+02 
      0.5347986E+02 
      0.5347916E+02 
      0.5347849E+02 
      0.5347784E+02 
      0.5347721E+02 
      0.5347658E+02 
      0.5347596E+02 
      0.5347537E+02 
      0.5347482E+02 
      0.5347429E+02 
      0.5347380E+02 
      0.5347331E+02 
      0.5347285E+02 
      0.5347242E+02 
      0.5347202E+02 
      0.5347165E+02 
      0.5347130E+02 
      0.5347098E+02 
      0.5347070E+02 
      0.5347044E+02 
      0.5347022E+02 
      0.5347003E+02 
      0.5346987E+02 
      0.5346974E+02 
      0.5346962E+02 
      0.5346954E+02 
      0.5346950E+02 
      0.5346951E+02 
      0.5346955E+02 
      0.5346961E+02 
      0.5346970E+02 
      0.5346981E+02 
      0.5346994E+02 
      0.5347011E+02 
      0.5347032E+02 
      0.5347058E+02 
      0.5347087E+02 
      0.5347118E+02 
      0.5347150E+02 
      0.5347185E+02 
      0.5347222E+02 
      0.5347263E+02 
      0.5347308E+02 
      0.5347356E+02 
      0.5347407E+02 
      0.5347459E+02 
      0.5347513E+02 
      0.5347568E+02 
      0.5347627E+02 
      0.5347688E+02 
      0.5347752E+02 
      0.5347818E+02 
      0.5347886E+02 
      0.5347955E+02 
      0.5348026E+02 
      0.5348098E+02 
      0.5348172E+02 
      0.5348248E+02 
      0.5348325E+02 
      0.5348403E+02 
      0.5348482E+02 
      0.5348563E+02 
      0.5348644E+02 
      0.5348726E+02 
      0.5348807E+02 
      0.5348890E+02 
      0.5348973E+02 
      0.5349057E+02 
      0.5349141E+02 
      0.5349224E+02 
      0.5349308E+02 
      0.5349392E+02 
      0.5349476E+02 
      0.5349559E+02 
      0.5349641E+02 
      0.5349722E+02 
      0.5349803E+02 
      0.5349883E+02 
      0.5349963E+02 
      0.5350041E+02 
      0.5350118E+02 
      0.5350193E+02 
      0.5350266E+02 
      0.5350338E+02 
      0.5350408E+02 
      0.5350477E+02 
      0.5350545E+02 
      0.5350611E+02 
      0.5350674E+02 
      0.5350735E+02 
      0.5350793E+02 
      0.5350849E+02 
      0.5350903E+02 
      0.5350955E+02 
      0.5351005E+02 
      0.5351052E+02 
      0.5351096E+02 
      0.5351137E+02 
      0.5351174E+02 
      0.5351210E+02 
      0.5351243E+02 
      0.5351272E+02 
      0.5351299E+02 
      0.5351323E+02 
      0.5351344E+02 
      0.5351362E+02 
      0.5351376E+02 
      0.5351387E+02 
      0.5351396E+02 
      0.5351402E+02 
      0.5351404E+02 
      0.5351402E+02 
      0.5351397E+02 
      0.5351390E+02 
      0.5351379E+02 
      0.5351365E+02 
      0.5351348E+02 
      0.5351328E+02 
      0.5351306E+02 
      0.5351279E+02 
      0.5351250E+02 
      0.5351217E+02 
      0.5351183E+02 
      0.5351146E+02 
      0.5351106E+02 
      0.5351063E+02 
      0.5351016E+02 
      0.5350966E+02 
      0.5350915E+02 
      0.5350862E+02 
      0.5350808E+02 
      0.5350750E+02 
      0.5350690E+02 
      0.5350627E+02 
      0.5350561E+02 
      0.5350493E+02 
      0.5350424E+02 
      0.5350355E+02 
      0.5350285E+02 
      0.5350212E+02 
      0.5350136E+02 
      0.5350059E+02 
      0.5349981E+02 
      0.5349901E+02 
      0.5349821E+02 
      0.5349741E+02 
      0.5349660E+02 
      0.5349579E+02 
      0.5349497E+02 
      0.5349414E+02 
      0.5349329E+02 
      0.5349244E+02 
      0.5349159E+02 
      0.5349076E+02 
      0.5348993E+02 
      0.5348911E+02 
      0.5348829E+02 
      0.5348747E+02 
      0.5348663E+02 
      0.5348581E+02 
      0.5348500E+02 
      0.5348421E+02 
      0.5348343E+02 
      0.5348267E+02 
      0.5348192E+02 
      0.5348117E+02 
      0.5348044E+02 
      0.5347971E+02 
      0.5347901E+02 
      0.5347834E+02 
      0.5347768E+02 
      0.5347704E+02 
      0.5347643E+02 
      0.5347585E+02 
      0.5347528E+02 
      0.5347472E+02 
      0.5347417E+02 
      0.5347366E+02 
      0.5347319E+02 
      0.5347275E+02 
      0.5347234E+02 
      0.5347196E+02 
      0.5347160E+02 
      0.5347125E+02 
      0.5347092E+02 
      0.5347062E+02 
      0.5347037E+02 
      0.5347017E+02 
      0.5347001E+02 
      0.5346986E+02 
      0.5346973E+02 
      0.5346961E+02 
      0.5346953E+02 
      0.5346949E+02 
      0.5346950E+02 
      0.5346955E+02 
      0.5346963E+02 
      0.5346972E+02 
      0.5346984E+02 
      0.5346999E+02 
      0.5347017E+02 
      0.5347038E+02 
      0.5347063E+02 
      0.5347092E+02 
      0.5347124E+02 
      0.5347159E+02 
      0.5347195E+02 
      0.5347234E+02 
      0.5347275E+02 
      0.5347319E+02 
      0.5347366E+02 
      0.5347417E+02 
      0.5347471E+02 
      0.5347528E+02 
      0.5347585E+02 
      0.5347643E+02 
      0.5347703E+02 
      0.5347766E+02 
      0.5347832E+02 
      0.5347901E+02 
      0.5347972E+02 
      0.5348044E+02 
      0.5348117E+02 
      0.5348192E+02 
      0.5348267E+02 
      0.5348343E+02 
      0.5348421E+02 
      0.5348500E+02 
      0.5348581E+02 
      0.5348664E+02 
      0.5348747E+02 
      0.5348830E+02 
      0.5348912E+02 
      0.5348995E+02 
      0.5349078E+02 
      0.5349161E+02 
      0.5349245E+02 
      0.5349331E+02 
      0.5349416E+02 
      0.5349499E+02 
      0.5349581E+02 
      0.5349663E+02 
      0.5349744E+02 
      0.5349825E+02 
      0.5349904E+02 
      0.5349983E+02 
      0.5350061E+02 
      0.5350139E+02 
      0.5350214E+02 
      0.5350288E+02 
      0.5350361E+02 
      0.5350430E+02 
      0.5350498E+02 
      0.5350564E+02 
      0.5350628E+02 
      0.5350692E+02 
      0.5350754E+02 
      0.5350815E+02 
      0.5350871E+02 
      0.5350923E+02 
      0.5350972E+02 
      0.5351020E+02 
      0.5351066E+02 
      0.5351110E+02 
      0.5351153E+02 
      0.5351192E+02 
      0.5351227E+02 
      0.5351258E+02 
      0.5351285E+02 
      0.5351310E+02 
      0.5351332E+02 
      0.5351354E+02 
      0.5351373E+02 
      0.5351388E+02 
      0.5351398E+02 
      0.5351405E+02 
      0.5351409E+02 
      0.5351409E+02 
      0.5351407E+02 
      0.5351402E+02 
      0.5351394E+02 
      0.5351384E+02 
      0.5351370E+02 
      0.5351354E+02 
      0.5351333E+02 
      0.5351308E+02 
      0.5351280E+02 
      0.5351249E+02 
      0.5351217E+02 
      0.5351182E+02 
      0.5351145E+02 
      0.5351105E+02 
      0.5351062E+02 
      0.5351015E+02 
      0.5350964E+02 
      0.5350911E+02 
      0.5350856E+02 
      0.5350800E+02 
      0.5350742E+02 
      0.5350683E+02 
      0.5350621E+02 
      0.5350556E+02 
      0.5350488E+02 
      0.5350417E+02 
      0.5350344E+02 
      0.5350272E+02 
      0.5350199E+02 
      0.5350125E+02 
      0.5350051E+02 
      0.5349973E+02 
      0.5349893E+02 
      0.5349811E+02 
      0.5349728E+02 
      0.5349646E+02 
      0.5349565E+02 
      0.5349484E+02 
      0.5349402E+02 
      0.5349318E+02 
      0.5349233E+02 
      0.5349148E+02 
      0.5349063E+02 
      0.5348979E+02 
      0.5348896E+02 
      0.5348814E+02 
      0.5348732E+02 
      0.5348650E+02 
      0.5348569E+02 
      0.5348488E+02 
      0.5348408E+02 
      0.5348329E+02 
      0.5348251E+02 
      0.5348176E+02 
      0.5348103E+02 
      0.5348031E+02 
      0.5347960E+02 
      0.5347890E+02 
      0.5347821E+02 
      0.5347754E+02 
      0.5347690E+02 
      0.5347629E+02 
      0.5347571E+02 
      0.5347515E+02 
      0.5347461E+02 
      0.5347408E+02 
      0.5347357E+02 
      0.5347309E+02 
      0.5347264E+02 
      0.5347222E+02 
      0.5347184E+02 
      0.5347148E+02 
      0.5347115E+02 
      0.5347085E+02 
      0.5347057E+02 
      0.5347032E+02 
      0.5347010E+02 
      0.5346991E+02 
      0.5346975E+02 
      0.5346964E+02 
      0.5346956E+02 
      0.5346951E+02 
      0.5346948E+02 
      0.5346947E+02 
      0.5346950E+02 
      0.5346956E+02 
      0.5346967E+02 
      0.5346981E+02 
      0.5346997E+02 
      0.5347016E+02 
      0.5347039E+02 
      0.5347064E+02 
      0.5347092E+02 
      0.5347123E+02 
      0.5347158E+02 
      0.5347195E+02 
      0.5347235E+02 
      0.5347277E+02 
      0.5347322E+02 
      0.5347370E+02 
      0.5347421E+02 
      0.5347475E+02 
      0.5347531E+02 
      0.5347589E+02 
      0.5347649E+02 
      0.5347710E+02 
      0.5347773E+02 
      0.5347840E+02 
      0.5347909E+02 
      0.5347980E+02 
      0.5348052E+02 
      0.5348125E+02 
      0.5348199E+02 
      0.5348274E+02 
      0.5348351E+02 
      0.5348429E+02 
      0.5348510E+02 
      0.5348592E+02 
      0.5348675E+02 
      0.5348758E+02 
      0.5348839E+02 
      0.5348920E+02 
      0.5349002E+02 
      0.5349086E+02 
      0.5349171E+02 
      0.5349257E+02 
      0.5349342E+02 
      0.5349425E+02 
      0.5349507E+02 
      0.5349588E+02 
      0.5349670E+02 
      0.5349751E+02 
      0.5349832E+02 
      0.5349913E+02 
      0.5349993E+02 
      0.5350071E+02 
      0.5350147E+02 
      0.5350221E+02 
      0.5350294E+02 
      0.5350365E+02 
      0.5350435E+02 
      0.5350503E+02 
      0.5350571E+02 
      0.5350636E+02 
      0.5350699E+02 
      0.5350759E+02 
      0.5350816E+02 
      0.5350871E+02 
      0.5350924E+02 
      0.5350975E+02 
      0.5351023E+02 
      0.5351069E+02 
      0.5351113E+02 
      0.5351154E+02 
      0.5351191E+02 
      0.5351224E+02 
      0.5351254E+02 
      0.5351282E+02 
      0.5351309E+02 
      0.5351333E+02 
      0.5351353E+02 
      0.5351370E+02 
      0.5351383E+02 
      0.5351392E+02 
      0.5351399E+02 
      0.5351402E+02 
      0.5351404E+02 
      0.5351402E+02 
      0.5351397E+02 
      0.5351389E+02 
      0.5351377E+02 
      0.5351362E+02 
      0.5351344E+02 
      0.5351323E+02 
      0.5351298E+02 
      0.5351270E+02 
      0.5351240E+02 
      0.5351208E+02 
      0.5351173E+02 
      0.5351134E+02 
      0.5351093E+02 
      0.5351048E+02 
      0.5351001E+02 
      0.5350951E+02 
      0.5350899E+02 
      0.5350845E+02 
      0.5350788E+02 
      0.5350729E+02 
      0.5350667E+02 
      0.5350604E+02 
      0.5350540E+02 
      0.5350472E+02 
      0.5350402E+02 
      0.5350331E+02 
      0.5350258E+02 
      0.5350183E+02 
      0.5350109E+02 
      0.5350034E+02 
      0.5349957E+02 
      0.5349877E+02 
      0.5349795E+02 
      0.5349713E+02 
      0.5349631E+02 
      0.5349549E+02 
      0.5349467E+02 
      0.5349385E+02 
      0.5349302E+02 
      0.5349218E+02 
      0.5349133E+02 
      0.5349047E+02 
      0.5348963E+02 
      0.5348880E+02 
      0.5348798E+02 
      0.5348717E+02 
      0.5348636E+02 
      0.5348555E+02 
      0.5348474E+02 
      0.5348394E+02 
      0.5348315E+02 
      0.5348237E+02 
      0.5348162E+02 
      0.5348089E+02 
      0.5348018E+02 
      0.5347948E+02 
      0.5347879E+02 
      0.5347811E+02 
      0.5347744E+02 
      0.5347680E+02 
      0.5347619E+02 
      0.5347560E+02 
      0.5347505E+02 
      0.5347452E+02 
      0.5347401E+02 
      0.5347351E+02 
      0.5347303E+02 
      0.5347257E+02 
      0.5347215E+02 
      0.5347177E+02 
      0.5347144E+02 
      0.5347114E+02 
      0.5347085E+02 
      0.5347056E+02 
      0.5347029E+02 
      0.5347007E+02 
      0.5346989E+02 
      0.5346976E+02 
      0.5346966E+02 
      0.5346959E+02 
      0.5346955E+02 
      0.5346952E+02 
      0.5346951E+02 
      0.5346953E+02 
      0.5346960E+02 
      0.5346971E+02 
      0.5346987E+02 
      0.5347006E+02 
      0.5347026E+02 
      0.5347048E+02 
      0.5347072E+02 
      0.5347100E+02 
      0.5347131E+02 
      0.5347167E+02 
      0.5347206E+02 
      0.5347247E+02 
      0.5347291E+02 
      0.5347337E+02 
      0.5347384E+02 
      0.5347434E+02 
      0.5347487E+02 
      0.5347543E+02 
      0.5347602E+02 
      0.5347663E+02 
      0.5347726E+02 
      0.5347791E+02 
      0.5347858E+02 
      0.5347927E+02 
      0.5347997E+02 
      0.5348068E+02 
      0.5348141E+02 
      0.5348216E+02 
      0.5348292E+02 
      0.5348371E+02 
      0.5348450E+02 
      0.5348530E+02 
      0.5348610E+02 
      0.5348691E+02 
      0.5348772E+02 
      0.5348855E+02 
      0.5348939E+02 
      0.5349024E+02 
      0.5349110E+02 
      0.5349193E+02 
      0.5349276E+02 
      0.5349358E+02 
      0.5349441E+02 
      0.5349524E+02 
      0.5349608E+02 
      0.5349692E+02 
      0.5349775E+02 
      0.5349855E+02 
      0.5349933E+02 
      0.5350010E+02 
      0.5350086E+02 
      0.5350163E+02 
      0.5350240E+02 
      0.5350314E+02 
      0.5350385E+02 
      0.5350454E+02 
      0.5350521E+02 
      0.5350587E+02 
      0.5350651E+02 
      0.5350713E+02 
      0.5350774E+02 
      0.5350832E+02 
      0.5350887E+02 
      0.5350939E+02 
      0.5350989E+02 
      0.5351037E+02 
      0.5351082E+02 
      0.5351124E+02 
      0.5351164E+02 
      0.5351202E+02 
      0.5351236E+02 
      0.5351267E+02 
      0.5351295E+02 
      0.5351319E+02 
      0.5351341E+02 
      0.5351360E+02 
      0.5351376E+02 
      0.5351390E+02 
      0.5351400E+02 
      0.5351406E+02 
      0.5351408E+02 
      0.5351407E+02 
      0.5351404E+02 
      0.5351398E+02 
      0.5351389E+02 
      0.5351378E+02 
      0.5351363E+02 
      0.5351344E+02 
      0.5351321E+02 
      0.5351295E+02 
      0.5351267E+02 
      0.5351236E+02 
      0.5351204E+02 
      0.5351168E+02 
      0.5351130E+02 
      0.5351088E+02 
      0.5351042E+02 
      0.5350993E+02 
      0.5350942E+02 
      0.5350889E+02 
      0.5350836E+02 
      0.5350779E+02 
      0.5350720E+02 
      0.5350658E+02 
      0.5350594E+02 
      0.5350527E+02 
      0.5350459E+02 
      0.5350389E+02 
      0.5350317E+02 
      0.5350245E+02 
      0.5350171E+02 
      0.5350095E+02 
      0.5350018E+02 
      0.5349940E+02 
      0.5349860E+02 
      0.5349779E+02 
      0.5349697E+02 
      0.5349616E+02 
      0.5349534E+02 
      0.5349452E+02 
      0.5349369E+02 
      0.5349285E+02 
      0.5349200E+02 
      0.5349116E+02 
      0.5349032E+02 
      0.5348949E+02 
      0.5348866E+02 
      0.5348784E+02 
      0.5348702E+02 
      0.5348620E+02 
      0.5348539E+02 
      0.5348459E+02 
      0.5348380E+02 
      0.5348301E+02 
      0.5348225E+02 
      0.5348150E+02 
      0.5348078E+02 
      0.5348006E+02 
      0.5347935E+02 
      0.5347866E+02 
      0.5347798E+02 
      0.5347733E+02 
      0.5347670E+02 
      0.5347611E+02 
      0.5347554E+02 
      0.5347498E+02 
      0.5347443E+02 
      0.5347390E+02 
      0.5347341E+02 
      0.5347295E+02 
      0.5347254E+02 
      0.5347214E+02 
      0.5347176E+02 
      0.5347141E+02 
      0.5347107E+02 
      0.5347077E+02 
      0.5347051E+02 
      0.5347028E+02 
      0.5347008E+02 
      0.5346991E+02 
      0.5346978E+02 
      0.5346968E+02 
      0.5346960E+02 
      0.5346954E+02 
      0.5346951E+02 
      0.5346952E+02 
      0.5346957E+02 
      0.5346966E+02 
      0.5346979E+02 
      0.5346994E+02 
      0.5347011E+02 
      0.5347030E+02 
      0.5347052E+02 
      0.5347077E+02 
      0.5347106E+02 
      0.5347140E+02 
      0.5347178E+02 
      0.5347218E+02 
      0.5347259E+02 
      0.5347301E+02 
      0.5347343E+02 
      0.5347390E+02 
      0.5347442E+02 
      0.5347498E+02 
      0.5347557E+02 
      0.5347617E+02 
      0.5347678E+02 
      0.5347739E+02 
      0.5347801E+02 
      0.5347866E+02 
      0.5347935E+02 
      0.5348007E+02 
      0.5348082E+02 
      0.5348158E+02 
      0.5348233E+02 
      0.5348309E+02 
      0.5348384E+02 
      0.5348462E+02 
      0.5348541E+02 
      0.5348622E+02 
      0.5348705E+02 
      0.5348789E+02 
      0.5348874E+02 
      0.5348958E+02 
      0.5349040E+02 
      0.5349120E+02 
      0.5349202E+02 
      0.5349286E+02 
      0.5349371E+02 
      0.5349457E+02 
      0.5349542E+02 
      0.5349626E+02 
      0.5349707E+02 
      0.5349785E+02 
      0.5349862E+02 
      0.5349940E+02 
      0.5350020E+02 
      0.5350100E+02 
      0.5350179E+02 
      0.5350254E+02 
      0.5350325E+02 
      0.5350393E+02 
      0.5350459E+02 
      0.5350526E+02 
      0.5350594E+02 
      0.5350661E+02 
      0.5350725E+02 
      0.5350785E+02 
      0.5350840E+02 
      0.5350892E+02 
      0.5350943E+02 
      0.5350992E+02 
      0.5351041E+02 
      0.5351088E+02 
      0.5351131E+02 
      0.5351171E+02 
      0.5351206E+02 
      0.5351238E+02 
      0.5351268E+02 
      0.5351294E+02 
      0.5351319E+02 
      0.5351342E+02 
      0.5351362E+02 
      0.5351378E+02 
      0.5351390E+02 
      0.5351398E+02 
      0.5351402E+02 
      0.5351404E+02 
      0.5351403E+02 
      0.5351401E+02 
      0.5351397E+02 
      0.5351388E+02 
      0.5351375E+02 
      0.5351357E+02 
      0.5351335E+02 
      0.5351312E+02 
      0.5351288E+02 
      0.5351262E+02 
      0.5351232E+02 
      0.5351198E+02 
      0.5351161E+02 
      0.5351119E+02 
      0.5351075E+02 
      0.5351029E+02 
      0.5350981E+02 
      0.5350933E+02 
      0.5350882E+02 
      0.5350827E+02 
      0.5350769E+02 
      0.5350707E+02 
      0.5350643E+02 
      0.5350578E+02 
      0.5350512E+02 
      0.5350445E+02 
      0.5350376E+02 
      0.5350306E+02 
      0.5350233E+02 
      0.5350157E+02 
      0.5350079E+02 
      0.5350000E+02 
      0.5349922E+02 
      0.5349843E+02 
      0.5349764E+02 
      0.5349684E+02 
      0.5349602E+02 
      0.5349519E+02 
      0.5349434E+02 
      0.5349350E+02 
      0.5349265E+02 
      0.5349182E+02 
      0.5349099E+02 
      0.5349017E+02 
      0.5348934E+02 
      0.5348851E+02 
      0.5348767E+02 
      0.5348683E+02 
      0.5348601E+02 
      0.5348521E+02 
      0.5348443E+02 
      0.5348366E+02 
      0.5348289E+02 
      0.5348212E+02 
      0.5348135E+02 
      0.5348060E+02 
      0.5347988E+02 
      0.5347919E+02 
      0.5347852E+02 
      0.5347787E+02 
      0.5347722E+02 
      0.5347659E+02 
      0.5347598E+02 
      0.5347539E+02 
      0.5347483E+02 
      0.5347431E+02 
      0.5347381E+02 
      0.5347333E+02 
      0.5347288E+02 
      0.5347244E+02 
      0.5347204E+02 
      0.5347167E+02 
      0.5347132E+02 
      0.5347100E+02 
      0.5347072E+02 
      0.5347047E+02 
      0.5347025E+02 
      0.5347006E+02 
      0.5346990E+02 
      0.5346976E+02 
      0.5346965E+02 
      0.5346957E+02 
      0.5346953E+02 
      0.5346952E+02 
      0.5346956E+02 
      0.5346962E+02 
      0.5346971E+02 
      0.5346983E+02 
      0.5346997E+02 
      0.5347015E+02 
      0.5347035E+02 
      0.5347059E+02 
      0.5347087E+02 
      0.5347118E+02 
      0.5347152E+02 
      0.5347189E+02 
      0.5347227E+02 
      0.5347267E+02 
      0.5347309E+02 
      0.5347356E+02 
      0.5347406E+02 
      0.5347460E+02 
      0.5347516E+02 
      0.5347574E+02 
      0.5347632E+02 
      0.5347692E+02 
      0.5347754E+02 
      0.5347818E+02 
      0.5347886E+02 
      0.5347956E+02 
      0.5348029E+02 
      0.5348102E+02 
      0.5348177E+02 
      0.5348251E+02 
      0.5348326E+02 
      0.5348403E+02 
      0.5348481E+02 
      0.5348562E+02 
      0.5348645E+02 
      0.5348729E+02 
      0.5348813E+02 
      0.5348895E+02 
      0.5348976E+02 
      0.5349057E+02 
      0.5349139E+02 
      0.5349224E+02 
      0.5349310E+02 
      0.5349396E+02 
      0.5349481E+02 
      0.5349563E+02 
      0.5349644E+02 
      0.5349723E+02 
      0.5349803E+02 
      0.5349882E+02 
      0.5349962E+02 
      0.5350042E+02 
      0.5350121E+02 
      0.5350198E+02 
      0.5350271E+02 
      0.5350340E+02 
      0.5350408E+02 
      0.5350476E+02 
      0.5350544E+02 
      0.5350611E+02 
      0.5350677E+02 
      0.5350739E+02 
      0.5350798E+02 
      0.5350853E+02 
      0.5350904E+02 
      0.5350954E+02 
      0.5351003E+02 
      0.5351052E+02 
      0.5351098E+02 
      0.5351141E+02 
      0.5351180E+02 
      0.5351214E+02 
      0.5351244E+02 
      0.5351271E+02 
      0.5351298E+02 
      0.5351323E+02 
      0.5351345E+02 
      0.5351365E+02 
      0.5351381E+02 
      0.5351392E+02 
      0.5351398E+02 
      0.5351401E+02 
      0.5351401E+02 
      0.5351400E+02 
      0.5351398E+02 
      0.5351394E+02 
      0.5351385E+02 
      0.5351371E+02 
      0.5351352E+02 
      0.5351328E+02 
      0.5351303E+02 
      0.5351277E+02 
      0.5351251E+02 
      0.5351223E+02 
      0.5351189E+02 
      0.5351151E+02 
      0.5351108E+02 
      0.5351063E+02 
      0.5351015E+02 
      0.5350967E+02 
      0.5350918E+02 
      0.5350867E+02 
      0.5350813E+02 
      0.5350755E+02 
      0.5350692E+02 
      0.5350627E+02 
      0.5350561E+02 
      0.5350495E+02 
      0.5350428E+02 
      0.5350360E+02 
      0.5350288E+02 
      0.5350214E+02 
      0.5350138E+02 
      0.5350060E+02 
      0.5349982E+02 
      0.5349904E+02 
      0.5349824E+02 
      0.5349745E+02 
      0.5349664E+02 
      0.5349581E+02 
      0.5349498E+02 
      0.5349414E+02 
      0.5349330E+02 
      0.5349246E+02 
      0.5349163E+02 
      0.5349079E+02 
      0.5348995E+02 
      0.5348911E+02 
      0.5348828E+02 
      0.5348746E+02 
      0.5348664E+02 
      0.5348582E+02 
      0.5348502E+02 
      0.5348422E+02 
      0.5348344E+02 
      0.5348267E+02 
      0.5348191E+02 
      0.5348116E+02 
      0.5348043E+02 
      0.5347972E+02 
      0.5347902E+02 
      0.5347834E+02 
      0.5347768E+02 
      0.5347704E+02 
      0.5347642E+02 
      0.5347582E+02 
      0.5347524E+02 
      0.5347469E+02 
      0.5347416E+02 
      0.5347367E+02 
      0.5347319E+02 
      0.5347274E+02 
      0.5347231E+02 
      0.5347191E+02 
      0.5347154E+02 
      0.5347121E+02 
      0.5347091E+02 
      0.5347063E+02 
      0.5347038E+02 
      0.5347015E+02 
      0.5346995E+02 
      0.5346979E+02 
      0.5346967E+02 
      0.5346958E+02 
      0.5346953E+02 
      0.5346950E+02 
      0.5346949E+02 
      0.5346951E+02 
      0.5346956E+02 
      0.5346965E+02 
      0.5346978E+02 
      0.5346995E+02 
      0.5347014E+02 
      0.5347036E+02 
      0.5347060E+02 
      0.5347087E+02 
      0.5347117E+02 
      0.5347151E+02 
      0.5347188E+02 
      0.5347228E+02 
      0.5347271E+02 
      0.5347316E+02 
      0.5347363E+02 
      0.5347412E+02 
      0.5347465E+02 
      0.5347520E+02 
      0.5347577E+02 
      0.5347637E+02 
      0.5347700E+02 
      0.5347764E+02 
      0.5347830E+02 
      0.5347897E+02 
      0.5347967E+02 
      0.5348038E+02 
      0.5348110E+02 
      0.5348185E+02 
      0.5348262E+02 
      0.5348340E+02 
      0.5348419E+02 
      0.5348497E+02 
      0.5348577E+02 
      0.5348657E+02 
      0.5348740E+02 
      0.5348822E+02 
      0.5348906E+02 
      0.5348991E+02 
      0.5349075E+02 
      0.5349158E+02 
      0.5349241E+02 
      0.5349324E+02 
      0.5349408E+02 
      0.5349492E+02 
      0.5349575E+02 
      0.5349658E+02 
      0.5349740E+02 
      0.5349821E+02 
      0.5349901E+02 
      0.5349979E+02 
      0.5350056E+02 
      0.5350132E+02 
      0.5350207E+02 
      0.5350282E+02 
      0.5350355E+02 
      0.5350426E+02 
      0.5350495E+02 
      0.5350560E+02 
      0.5350623E+02 
      0.5350686E+02 
      0.5350748E+02 
      0.5350808E+02 
      0.5350865E+02 
      0.5350918E+02 
      0.5350968E+02 
      0.5351016E+02 
      0.5351061E+02 
      0.5351105E+02 
      0.5351146E+02 
      0.5351185E+02 
      0.5351221E+02 
      0.5351253E+02 
      0.5351281E+02 
      0.5351306E+02 
      0.5351329E+02 
      0.5351350E+02 
      0.5351368E+02 
      0.5351383E+02 
      0.5351394E+02 
      0.5351402E+02 
      0.5351405E+02 
      0.5351405E+02 
      0.5351403E+02 
      0.5351398E+02 
      0.5351392E+02 
      0.5351382E+02 
      0.5351368E+02 
      0.5351350E+02 
      0.5351327E+02 
      0.5351303E+02 
      0.5351277E+02 
      0.5351248E+02 
      0.5351217E+02 
      0.5351182E+02 
      0.5351143E+02 
      0.5351102E+02 
      0.5351058E+02 
      0.5351010E+02 
      0.5350961E+02 
      0.5350909E+02 
      0.5350857E+02 
      0.5350802E+02 
      0.5350744E+02 
      0.5350682E+02 
      0.5350618E+02 
      0.5350551E+02 
      0.5350483E+02 
      0.5350414E+02 
      0.5350345E+02 
      0.5350274E+02 
      0.5350202E+02 
      0.5350127E+02 
      0.5350048E+02 
      0.5349968E+02 
      0.5349888E+02 
      0.5349808E+02 
      0.5349729E+02 
      0.5349650E+02 
      0.5349569E+02 
      0.5349486E+02 
      0.5349400E+02 
      0.5349314E+02 
      0.5349229E+02 
      0.5349146E+02 
      0.5349064E+02 
      0.5348983E+02 
      0.5348901E+02 
      0.5348817E+02 
      0.5348732E+02 
      0.5348648E+02 
      0.5348567E+02 
      0.5348487E+02 
      0.5348409E+02 
      0.5348333E+02 
      0.5348256E+02 
      0.5348181E+02 
      0.5348105E+02 
      0.5348031E+02 
      0.5347959E+02 
      0.5347889E+02 
      0.5347822E+02 
      0.5347758E+02 
      0.5347696E+02 
      0.5347636E+02 
      0.5347576E+02 
      0.5347517E+02 
      0.5347460E+02 
      0.5347408E+02 
      0.5347359E+02 
      0.5347314E+02 
      0.5347271E+02 
      0.5347229E+02 
      0.5347189E+02 
      0.5347151E+02 
      0.5347117E+02 
      0.5347087E+02 
      0.5347060E+02 
      0.5347037E+02 
      0.5347016E+02 
      0.5346998E+02 
      0.5346982E+02 
      0.5346969E+02 
      0.5346959E+02 
      0.5346953E+02 
      0.5346951E+02 
      0.5346953E+02 
      0.5346958E+02 
      0.5346965E+02 
      0.5346975E+02 
      0.5346987E+02 
      0.5347002E+02 
      0.5347020E+02 
      0.5347043E+02 
      0.5347070E+02 
      0.5347100E+02 
      0.5347132E+02 
      0.5347166E+02 
      0.5347202E+02 
      0.5347240E+02 
      0.5347283E+02 
      0.5347328E+02 
      0.5347377E+02 
      0.5347429E+02 
      0.5347483E+02 
      0.5347539E+02 
      0.5347595E+02 
      0.5347653E+02 
      0.5347714E+02 
      0.5347779E+02 
      0.5347847E+02 
      0.5347916E+02 
      0.5347987E+02 
      0.5348058E+02 
      0.5348131E+02 
      0.5348204E+02 
      0.5348278E+02 
      0.5348356E+02 
      0.5348436E+02 
      0.5348517E+02 
      0.5348599E+02 
      0.5348681E+02 
      0.5348761E+02 
      0.5348842E+02 
      0.5348924E+02 
      0.5349008E+02 
      0.5349093E+02 
      0.5349178E+02 
      0.5349263E+02 
      0.5349347E+02 
      0.5349430E+02 
      0.5349512E+02 
      0.5349593E+02 
      0.5349675E+02 
      0.5349756E+02 
      0.5349838E+02 
      0.5349919E+02 
      0.5349999E+02 
      0.5350077E+02 
      0.5350152E+02 
      0.5350225E+02 
      0.5350296E+02 
      0.5350367E+02 
      0.5350439E+02 
      0.5350510E+02 
      0.5350579E+02 
      0.5350644E+02 
      0.5350705E+02 
      0.5350762E+02 
      0.5350817E+02 
      0.5350873E+02 
      0.5350928E+02 
      0.5350981E+02 
      0.5351031E+02 
      0.5351076E+02 
      0.5351118E+02 
      0.5351157E+02 
      0.5351192E+02 
      0.5351226E+02 
      0.5351257E+02 
      0.5351287E+02 
      0.5351315E+02 
      0.5351339E+02 
      0.5351359E+02 
      0.5351374E+02 
      0.5351385E+02 
      0.5351394E+02 
      0.5351401E+02 
      0.5351406E+02 
      0.5351409E+02 
      0.5351408E+02 
      0.5351402E+02 
      0.5351392E+02 
      0.5351378E+02 
      0.5351362E+02 
      0.5351344E+02 
      0.5351324E+02 
      0.5351301E+02 
      0.5351275E+02 
      0.5351245E+02 
      0.5351210E+02 
      0.5351173E+02 
      0.5351133E+02 
      0.5351092E+02 
      0.5351049E+02 
      0.5351003E+02 
      0.5350954E+02 
      0.5350902E+02 
      0.5350847E+02 
      0.5350789E+02 
      0.5350729E+02 
      0.5350667E+02 
      0.5350604E+02 
      0.5350540E+02 
      0.5350473E+02 
      0.5350404E+02 
      0.5350332E+02 
      0.5350258E+02 
      0.5350183E+02 
      0.5350108E+02 
      0.5350031E+02 
      0.5349954E+02 
      0.5349876E+02 
      0.5349796E+02 
      0.5349714E+02 
      0.5349631E+02 
      0.5349548E+02 
      0.5349464E+02 
      0.5349380E+02 
      0.5349297E+02 
      0.5349215E+02 
      0.5349132E+02 
      0.5349048E+02 
      0.5348963E+02 
      0.5348878E+02 
      0.5348794E+02 
      0.5348712E+02 
      0.5348631E+02 
      0.5348551E+02 
      0.5348472E+02 
      0.5348393E+02 
      0.5348314E+02 
      0.5348236E+02 
      0.5348159E+02 
      0.5348085E+02 
      0.5348013E+02 
      0.5347944E+02 
      0.5347876E+02 
      0.5347808E+02 
      0.5347742E+02 
      0.5347677E+02 
      0.5347616E+02 
      0.5347557E+02 
      0.5347501E+02 
      0.5347447E+02 
      0.5347396E+02 
      0.5347347E+02 
      0.5347300E+02 
      0.5347255E+02 
      0.5347214E+02 
      0.5347175E+02 
      0.5347140E+02 
      0.5347107E+02 
      0.5347077E+02 
      0.5347050E+02 
      0.5347027E+02 
      0.5347007E+02 
      0.5346989E+02 
      0.5346973E+02 
      0.5346961E+02 
      0.5346953E+02 
      0.5346948E+02 
      0.5346946E+02 
      0.5346949E+02 
      0.5346954E+02 
      0.5346961E+02 
      0.5346971E+02 
      0.5346984E+02 
      0.5347000E+02 
      0.5347020E+02 
      0.5347043E+02 
      0.5347070E+02 
      0.5347100E+02 
      0.5347132E+02 
      0.5347167E+02 
      0.5347204E+02 
      0.5347243E+02 
      0.5347286E+02 
      0.5347333E+02 
      0.5347382E+02 
      0.5347434E+02 
      0.5347488E+02 
      0.5347544E+02 
      0.5347601E+02 
      0.5347661E+02 
      0.5347723E+02 
      0.5347788E+02 
      0.5347856E+02 
      0.5347925E+02 
      0.5347996E+02 
      0.5348068E+02 
      0.5348140E+02 
      0.5348214E+02 
      0.5348290E+02 
      0.5348368E+02 
      0.5348448E+02 
      0.5348529E+02 
      0.5348610E+02 
      0.5348691E+02 
      0.5348772E+02 
      0.5348854E+02 
      0.5348937E+02 
      0.5349021E+02 
      0.5349106E+02 
      0.5349191E+02 
      0.5349275E+02 
      0.5349359E+02 
      0.5349442E+02 
      0.5349524E+02 
      0.5349606E+02 
      0.5349689E+02 
      0.5349771E+02 
      0.5349852E+02 
      0.5349932E+02 
      0.5350010E+02 
      0.5350087E+02 
      0.5350163E+02 
      0.5350237E+02 
      0.5350311E+02 
      0.5350382E+02 
      0.5350452E+02 
      0.5350520E+02 
      0.5350586E+02 
      0.5350650E+02 
      0.5350712E+02 
      0.5350771E+02 
      0.5350829E+02 
      0.5350884E+02 
      0.5350937E+02 
      0.5350987E+02 
      0.5351035E+02 
      0.5351080E+02 
      0.5351122E+02 
      0.5351162E+02 
      0.5351199E+02 
      0.5351233E+02 
      0.5351264E+02 
      0.5351292E+02 
      0.5351317E+02 
      0.5351340E+02 
      0.5351359E+02 
      0.5351374E+02 
      0.5351386E+02 
      0.5351396E+02 
      0.5351403E+02 
      0.5351407E+02 
      0.5351408E+02 
      0.5351405E+02 
      0.5351398E+02 
      0.5351388E+02 
      0.5351375E+02 
      0.5351360E+02 
      0.5351342E+02 
      0.5351321E+02 
      0.5351297E+02 
      0.5351268E+02 
      0.5351236E+02 
      0.5351202E+02 
      0.5351165E+02 
      0.5351127E+02 
      0.5351086E+02 
      0.5351042E+02 
      0.5350994E+02 
      0.5350943E+02 
      0.5350890E+02 
      0.5350835E+02 
      0.5350778E+02 
      0.5350719E+02 
      0.5350657E+02 
      0.5350594E+02 
      0.5350527E+02 
      0.5350459E+02 
      0.5350390E+02 
      0.5350318E+02 
      0.5350245E+02 
      0.5350171E+02 
      0.5350095E+02 
      0.5350018E+02 
      0.5349940E+02 
      0.5349860E+02 
      0.5349780E+02 
      0.5349699E+02 
      0.5349617E+02 
      0.5349534E+02 
      0.5349451E+02 
      0.5349367E+02 
      0.5349284E+02 
      0.5349200E+02 
      0.5349117E+02 
      0.5349033E+02 
      0.5348949E+02 
      0.5348865E+02 
      0.5348782E+02 
      0.5348699E+02 
      0.5348617E+02 
      0.5348537E+02 
      0.5348458E+02 
      0.5348380E+02 
      0.5348303E+02 
      0.5348226E+02 
      0.5348150E+02 
      0.5348074E+02 
      0.5348001E+02 
      0.5347931E+02 
      0.5347865E+02 
      0.5347800E+02 
      0.5347735E+02 
      0.5347672E+02 
      0.5347609E+02 
      0.5347550E+02 
      0.5347493E+02 
      0.5347440E+02 
      0.5347390E+02 
      0.5347343E+02 
      0.5347297E+02 
      0.5347254E+02 
      0.5347212E+02 
      0.5347173E+02 
      0.5347137E+02 
      0.5347105E+02 
      0.5347076E+02 
      0.5347051E+02 
      0.5347029E+02 
      0.5347009E+02 
      0.5346991E+02 
      0.5346976E+02 
      0.5346964E+02 
      0.5346956E+02 
      0.5346952E+02 
      0.5346952E+02 
      0.5346955E+02 
      0.5346960E+02 
      0.5346967E+02 
      0.5346977E+02 
      0.5346991E+02 
      0.5347007E+02 
      0.5347028E+02 
      0.5347053E+02 
      0.5347081E+02 
      0.5347111E+02 
      0.5347143E+02 
      0.5347178E+02 
      0.5347215E+02 
      0.5347256E+02 
      0.5347300E+02 
      0.5347346E+02 
      0.5347395E+02 
      0.5347448E+02 
      0.5347503E+02 
      0.5347559E+02 
      0.5347617E+02 
      0.5347676E+02 
      0.5347738E+02 
      0.5347803E+02 
      0.5347872E+02 
      0.5347942E+02 
      0.5348014E+02 
      0.5348085E+02 
      0.5348158E+02 
      0.5348232E+02 
      0.5348307E+02 
      0.5348385E+02 
      0.5348466E+02 
      0.5348547E+02 
      0.5348629E+02 
      0.5348710E+02 
      0.5348791E+02 
      0.5348872E+02 
      0.5348955E+02 
      0.5349039E+02 
      0.5349123E+02 
      0.5349207E+02 
      0.5349291E+02 
      0.5349376E+02 
      0.5349459E+02 
      0.5349541E+02 
      0.5349623E+02 
      0.5349704E+02 
      0.5349786E+02 
      0.5349866E+02 
      0.5349946E+02 
      0.5350024E+02 
      0.5350101E+02 
      0.5350176E+02 
      0.5350250E+02 
      0.5350323E+02 
      0.5350394E+02 
      0.5350464E+02 
      0.5350531E+02 
      0.5350596E+02 
      0.5350660E+02 
      0.5350721E+02 
      0.5350780E+02 
      0.5350837E+02 
      0.5350892E+02 
      0.5350944E+02 
      0.5350994E+02 
      0.5351041E+02 
      0.5351085E+02 
      0.5351127E+02 
      0.5351166E+02 
      0.5351202E+02 
      0.5351236E+02 
      0.5351266E+02 
      0.5351294E+02 
      0.5351318E+02 
      0.5351339E+02 
      0.5351357E+02 
      0.5351372E+02 
      0.5351384E+02 
      0.5351394E+02 
      0.5351400E+02 
      0.5351402E+02 
      0.5351401E+02 
      0.5351397E+02 
      0.5351390E+02 
      0.5351381E+02 
      0.5351369E+02 
      0.5351353E+02 
      0.5351334E+02 
      0.5351311E+02 
      0.5351285E+02 
      0.5351256E+02 
      0.5351225E+02 
      0.5351192E+02 
      0.5351155E+02 
      0.5351115E+02 
      0.5351073E+02 
      0.5351027E+02 
      0.5350979E+02 
      0.5350928E+02 
      0.5350875E+02 
      0.5350819E+02 
      0.5350762E+02 
      0.5350702E+02 
      0.5350641E+02 
      0.5350578E+02 
      0.5350511E+02 
      0.5350442E+02 
      0.5350371E+02 
      0.5350298E+02 
      0.5350226E+02 
      0.5350153E+02 
      0.5350078E+02 
      0.5350002E+02 
      0.5349922E+02 
      0.5349840E+02 
      0.5349758E+02 
      0.5349677E+02 
      0.5349596E+02 
      0.5349515E+02 
      0.5349434E+02 
      0.5349351E+02 
      0.5349265E+02 
      0.5349179E+02 
      0.5349093E+02 
      0.5349009E+02 
      0.5348928E+02 
      0.5348847E+02 
      0.5348766E+02 
      0.5348684E+02 
      0.5348602E+02 
      0.5348519E+02 
      0.5348437E+02 
      0.5348358E+02 
      0.5348282E+02 
      0.5348208E+02 
      0.5348135E+02 
      0.5348063E+02 
      0.5347990E+02 
      0.5347918E+02 
      0.5347848E+02 
      0.5347781E+02 
      0.5347717E+02 
      0.5347657E+02 
      0.5347598E+02 
      0.5347541E+02 
      0.5347485E+02 
      0.5347431E+02 
      0.5347379E+02 
      0.5347329E+02 
      0.5347283E+02 
      0.5347241E+02 
      0.5347203E+02 
      0.5347168E+02 
      0.5347134E+02 
      0.5347102E+02 
      0.5347071E+02 
      0.5347044E+02 
      0.5347020E+02 
      0.5347001E+02 
      0.5346987E+02 
      0.5346977E+02 
      0.5346969E+02 
      0.5346961E+02 
      0.5346954E+02 
      0.5346950E+02 
      0.5346951E+02 
      0.5346957E+02 
      0.5346969E+02 
      0.5346985E+02 
      0.5347001E+02 
      0.5347018E+02 
      0.5347036E+02 
      0.5347058E+02 
      0.5347083E+02 
      0.5347114E+02 
      0.5347149E+02 
      0.5347188E+02 
      0.5347229E+02 
      0.5347271E+02 
      0.5347313E+02 
      0.5347357E+02 
      0.5347404E+02 
      0.5347456E+02 
      0.5347512E+02 
      0.5347571E+02 
      0.5347633E+02 
      0.5347695E+02 
      0.5347759E+02 
      0.5347822E+02 
      0.5347886E+02 
      0.5347953E+02 
      0.5348024E+02 
      0.5348099E+02 
      0.5348177E+02 
      0.5348255E+02 
      0.5348332E+02 
      0.5348408E+02 
      0.5348483E+02 
      0.5348559E+02 
      0.5348640E+02 
      0.5348725E+02 
      0.5348811E+02 
      0.5348897E+02 
      0.5348981E+02 
      0.5349062E+02 
      0.5349141E+02 
      0.5349222E+02 
      0.5349306E+02 
      0.5349392E+02 
      0.5349479E+02 
      0.5349564E+02 
      0.5349647E+02 
      0.5349727E+02 
      0.5349805E+02 
      0.5349882E+02 
      0.5349960E+02 
      0.5350039E+02 
      0.5350119E+02 
      0.5350198E+02 
      0.5350273E+02 
      0.5350343E+02 
      0.5350411E+02 
      0.5350477E+02 
      0.5350543E+02 
      0.5350609E+02 
      0.5350675E+02 
      0.5350738E+02 
      0.5350799E+02 
      0.5350854E+02 
      0.5350906E+02 
      0.5350954E+02 
      0.5351002E+02 
      0.5351050E+02 
      0.5351096E+02 
      0.5351140E+02 
      0.5351179E+02 
      0.5351213E+02 
      0.5351244E+02 
      0.5351271E+02 
      0.5351298E+02 
      0.5351323E+02 
      0.5351345E+02 
      0.5351363E+02 
      0.5351378E+02 
      0.5351390E+02 
      0.5351397E+02 
      0.5351401E+02 
      0.5351402E+02 
      0.5351401E+02 
      0.5351397E+02 
      0.5351391E+02 
      0.5351381E+02 
      0.5351367E+02 
      0.5351350E+02 
      0.5351329E+02 
      0.5351305E+02 
      0.5351278E+02 
      0.5351250E+02 
      0.5351219E+02 
      0.5351186E+02 
      0.5351149E+02 
      0.5351108E+02 
      0.5351063E+02 
      0.5351015E+02 
      0.5350966E+02 
      0.5350916E+02 
      0.5350865E+02 
      0.5350810E+02 
      0.5350752E+02 
      0.5350691E+02 
      0.5350627E+02 
      0.5350560E+02 
      0.5350493E+02 
      0.5350426E+02 
      0.5350357E+02 
      0.5350287E+02 
      0.5350214E+02 
      0.5350139E+02 
      0.5350061E+02 
      0.5349981E+02 
      0.5349902E+02 
      0.5349823E+02 
      0.5349744E+02 
      0.5349665E+02 
      0.5349583E+02 
      0.5349500E+02 
      0.5349415E+02 
      0.5349329E+02 
      0.5349245E+02 
      0.5349162E+02 
      0.5349080E+02 
      0.5348998E+02 
      0.5348916E+02 
      0.5348833E+02 
      0.5348749E+02 
      0.5348665E+02 
      0.5348583E+02 
      0.5348503E+02 
      0.5348425E+02 
      0.5348348E+02 
      0.5348272E+02 
      0.5348197E+02 
      0.5348121E+02 
      0.5348047E+02 
      0.5347974E+02 
      0.5347905E+02 
      0.5347838E+02 
      0.5347773E+02 
      0.5347711E+02 
      0.5347650E+02 
      0.5347590E+02 
      0.5347532E+02 
      0.5347475E+02 
      0.5347421E+02 
      0.5347371E+02 
      0.5347325E+02 
      0.5347282E+02 
      0.5347242E+02 
      0.5347202E+02 
      0.5347163E+02 
      0.5347127E+02 
      0.5347095E+02 
      0.5347067E+02 
      0.5347043E+02 
      0.5347024E+02 
      0.5347007E+02 
      0.5346992E+02 
      0.5346977E+02 
      0.5346965E+02 
      0.5346956E+02 
      0.5346953E+02 
      0.5346955E+02 
      0.5346961E+02 
      0.5346969E+02 
      0.5346978E+02 
      0.5346989E+02 
      0.5347002E+02 
      0.5347018E+02 
      0.5347040E+02 
      0.5347066E+02 
      0.5347096E+02 
      0.5347128E+02 
      0.5347162E+02 
      0.5347198E+02 
      0.5347236E+02 
      0.5347276E+02 
      0.5347320E+02 
      0.5347368E+02 
      0.5347419E+02 
      0.5347472E+02 
      0.5347528E+02 
      0.5347585E+02 
      0.5347644E+02 
      0.5347705E+02 
      0.5347768E+02 
      0.5347833E+02 
      0.5347901E+02 
      0.5347972E+02 
      0.5348044E+02 
      0.5348117E+02 
      0.5348191E+02 
      0.5348265E+02 
      0.5348341E+02 
      0.5348420E+02 
      0.5348500E+02 
      0.5348581E+02 
      0.5348663E+02 
      0.5348745E+02 
      0.5348827E+02 
      0.5348908E+02 
      0.5348991E+02 
      0.5349075E+02 
      0.5349160E+02 
      0.5349244E+02 
      0.5349328E+02 
      0.5349412E+02 
      0.5349494E+02 
      0.5349576E+02 
      0.5349657E+02 
      0.5349739E+02 
      0.5349821E+02 
      0.5349902E+02 
      0.5349981E+02 
      0.5350059E+02 
      0.5350134E+02 
      0.5350208E+02 
      0.5350281E+02 
      0.5350353E+02 
      0.5350424E+02 
      0.5350494E+02 
      0.5350562E+02 
      0.5350627E+02 
      0.5350688E+02 
      0.5350747E+02 
      0.5350804E+02 
      0.5350861E+02 
      0.5350916E+02 
      0.5350968E+02 
      0.5351017E+02 
      0.5351061E+02 
      0.5351103E+02 
      0.5351143E+02 
      0.5351180E+02 
      0.5351216E+02 
      0.5351249E+02 
      0.5351278E+02 
      0.5351304E+02 
      0.5351327E+02 
      0.5351347E+02 
      0.5351363E+02 
      0.5351376E+02 
      0.5351387E+02 
      0.5351395E+02 
      0.5351401E+02 
      0.5351402E+02 
      0.5351400E+02 
      0.5351394E+02 
      0.5351385E+02 
      0.5351373E+02 
      0.5351359E+02 
      0.5351342E+02 
      0.5351322E+02 
      0.5351298E+02 
      0.5351270E+02 
      0.5351240E+02 
      0.5351208E+02 
      0.5351173E+02 
      0.5351134E+02 
      0.5351093E+02 
      0.5351049E+02 
      0.5351001E+02 
      0.5350952E+02 
      0.5350901E+02 
      0.5350847E+02 
      0.5350791E+02 
      0.5350732E+02 
      0.5350671E+02 
      0.5350607E+02 
      0.5350542E+02 
      0.5350475E+02 
      0.5350407E+02 
      0.5350336E+02 
      0.5350264E+02 
      0.5350190E+02 
      0.5350115E+02 
      0.5350038E+02 
      0.5349960E+02 
      0.5349881E+02 
      0.5349800E+02 
      0.5349719E+02 
      0.5349638E+02 
      0.5349557E+02 
      0.5349474E+02 
      0.5349391E+02 
      0.5349307E+02 
      0.5349222E+02 
      0.5349137E+02 
      0.5349054E+02 
      0.5348971E+02 
      0.5348889E+02 
      0.5348807E+02 
      0.5348725E+02 
      0.5348642E+02 
      0.5348559E+02 
      0.5348478E+02 
      0.5348400E+02 
      0.5348323E+02 
      0.5348248E+02 
      0.5348173E+02 
      0.5348098E+02 
      0.5348024E+02 
      0.5347953E+02 
      0.5347884E+02 
      0.5347817E+02 
      0.5347752E+02 
      0.5347689E+02 
      0.5347627E+02 
      0.5347568E+02 
      0.5347511E+02 
      0.5347457E+02 
      0.5347404E+02 
      0.5347355E+02 
      0.5347308E+02 
      0.5347264E+02 
      0.5347222E+02 
      0.5347184E+02 
      0.5347149E+02 
      0.5347116E+02 
      0.5347085E+02 
      0.5347057E+02 
      0.5347032E+02 
      0.5347011E+02 
      0.5346994E+02 
      0.5346981E+02 
      0.5346970E+02 
      0.5346960E+02 
      0.5346953E+02 
      0.5346949E+02 
      0.5346950E+02 
      0.5346955E+02 
      0.5346964E+02 
      0.5346975E+02 
      0.5346988E+02 
      0.5347003E+02 
      0.5347022E+02 
      0.5347044E+02 
      0.5347069E+02 
      0.5347099E+02 
      0.5347131E+02 
      0.5347166E+02 
      0.5347203E+02 
      0.5347243E+02 
      0.5347286E+02 
      0.5347331E+02 
      0.5347378E+02 
      0.5347429E+02 
      0.5347482E+02 
      0.5347538E+02 
      0.5347597E+02 
      0.5347658E+02 
      0.5347721E+02 
      0.5347784E+02 
      0.5347849E+02 
      0.5347916E+02 
      0.5347986E+02 
      0.5348059E+02 
      0.5348133E+02 
      0.5348209E+02 
      0.5348285E+02 
      0.5348363E+02 
      0.5348440E+02 
      0.5348518E+02 
      0.5348598E+02 
      0.5348680E+02 
      0.5348763E+02 
      0.5348847E+02 
      0.5348931E+02 
      0.5349014E+02 
      0.5349097E+02 
      0.5349180E+02 
      0.5349264E+02 
      0.5349348E+02 
      0.5349432E+02 
      0.5349516E+02 
      0.5349599E+02 
      0.5349680E+02 
      0.5349761E+02 
      0.5349842E+02 
      0.5349921E+02 
      0.5350000E+02 
      0.5350077E+02 
      0.5350153E+02 
      0.5350228E+02 
      0.5350301E+02 
      0.5350373E+02 
      0.5350444E+02 
      0.5350512E+02 
      0.5350579E+02 
      0.5350642E+02 
      0.5350703E+02 
      0.5350762E+02 
      0.5350821E+02 
      0.5350877E+02 
      0.5350931E+02 
      0.5350982E+02 
      0.5351030E+02 
      0.5351075E+02 
      0.5351116E+02 
      0.5351155E+02 
      0.5351192E+02 
      0.5351228E+02 
      0.5351261E+02 
      0.5351290E+02 
      0.5351315E+02 
      0.5351336E+02 
      0.5351354E+02 
      0.5351369E+02 
      0.5351383E+02 
      0.5351395E+02 
      0.5351403E+02 
      0.5351408E+02 
      0.5351407E+02 
      0.5351403E+02 
      0.5351396E+02 
      0.5351386E+02 
      0.5351374E+02 
      0.5351360E+02 
      0.5351344E+02 
      0.5351323E+02 
      0.5351299E+02 
      0.5351271E+02 
      0.5351239E+02 
      0.5351205E+02 
      0.5351168E+02 
      0.5351129E+02 
      0.5351089E+02 
      0.5351047E+02 
      0.5351001E+02 
      0.5350951E+02 
      0.5350898E+02 
      0.5350840E+02 
      0.5350781E+02 
      0.5350721E+02 
      0.5350662E+02 
      0.5350601E+02 
      0.5350538E+02 
      0.5350471E+02 
      0.5350399E+02 
      0.5350324E+02 
      0.5350249E+02 
      0.5350176E+02 
      0.5350103E+02 
      0.5350029E+02 
      0.5349952E+02 
      0.5349872E+02 
      0.5349790E+02 
      0.5349707E+02 
      0.5349624E+02 
      0.5349542E+02 
      0.5349459E+02 
      0.5349377E+02 
      0.5349295E+02 
      0.5349211E+02 
      0.5349128E+02 
      0.5349043E+02 
      0.5348958E+02 
      0.5348872E+02 
      0.5348788E+02 
      0.5348706E+02 
      0.5348627E+02 
      0.5348549E+02 
      0.5348470E+02 
      0.5348391E+02 
      0.5348310E+02 
      0.5348231E+02 
      0.5348154E+02 
      0.5348081E+02 
      0.5348011E+02 
      0.5347943E+02 
      0.5347876E+02 
      0.5347808E+02 
      0.5347741E+02 
      0.5347676E+02 
      0.5347613E+02 
      0.5347555E+02 
      0.5347500E+02 
      0.5347449E+02 
      0.5347398E+02 
      0.5347349E+02 
      0.5347302E+02 
      0.5347256E+02 
      0.5347213E+02 
      0.5347175E+02 
      0.5347140E+02 
      0.5347110E+02 
      0.5347082E+02 
      0.5347056E+02 
      0.5347031E+02 
      0.5347009E+02 
      0.5346989E+02 
      0.5346974E+02 
      0.5346964E+02 
      0.5346958E+02 
      0.5346955E+02 
      0.5346954E+02 
      0.5346954E+02 
      0.5346957E+02 
      0.5346963E+02 
      0.5346973E+02 
      0.5346988E+02 
      0.5347006E+02 
      0.5347027E+02 
      0.5347051E+02 
      0.5347078E+02 
      0.5347106E+02 
      0.5347137E+02 
      0.5347170E+02 
      0.5347207E+02 
      0.5347248E+02 
      0.5347293E+02 
      0.5347342E+02 
      0.5347392E+02 
      0.5347442E+02 
      0.5347493E+02 
      0.5347547E+02 
      0.5347605E+02 
      0.5347667E+02 
      0.5347732E+02 
      0.5347799E+02 
      0.5347866E+02 
      0.5347933E+02 
      0.5348002E+02 
      0.5348072E+02 
      0.5348146E+02 
      0.5348222E+02 
      0.5348299E+02 
      0.5348378E+02 
      0.5348456E+02 
      0.5348536E+02 
      0.5348616E+02 
      0.5348698E+02 
      0.5348780E+02 
      0.5348862E+02 
      0.5348945E+02 
      0.5349029E+02 
      0.5349114E+02 
      0.5349199E+02 
      0.5349283E+02 
      0.5349366E+02 
      0.5349447E+02 
      0.5349529E+02 
      0.5349611E+02 
      0.5349694E+02 
      0.5349778E+02 
      0.5349859E+02 
      0.5349938E+02 
      0.5350015E+02 
      0.5350091E+02 
      0.5350165E+02 
      0.5350240E+02 
      0.5350315E+02 
      0.5350388E+02 
      0.5350458E+02 
      0.5350525E+02 
      0.5350589E+02 
      0.5350652E+02 
      0.5350713E+02 
      0.5350773E+02 
      0.5350831E+02 
      0.5350886E+02 
      0.5350939E+02 
      0.5350989E+02 
      0.5351036E+02 
      0.5351081E+02 
      0.5351122E+02 
      0.5351161E+02 
      0.5351197E+02 
      0.5351231E+02 
      0.5351262E+02 
      0.5351291E+02 
      0.5351316E+02 
      0.5351337E+02 
      0.5351356E+02 
      0.5351371E+02 
      0.5351382E+02 
      0.5351391E+02 
      0.5351398E+02 
      0.5351402E+02 
      0.5351403E+02 
      0.5351399E+02 
      0.5351392E+02 
      0.5351382E+02 
      0.5351369E+02 
      0.5351352E+02 
      0.5351333E+02 
      0.5351312E+02 
      0.5351288E+02 
      0.5351261E+02 
      0.5351229E+02 
      0.5351194E+02 
      0.5351157E+02 
      0.5351117E+02 
      0.5351075E+02 
      0.5351031E+02 
      0.5350983E+02 
      0.5350933E+02 
      0.5350881E+02 
      0.5350825E+02 
      0.5350768E+02 
      0.5350708E+02 
      0.5350646E+02 
      0.5350582E+02 
      0.5350517E+02 
      0.5350450E+02 
      0.5350380E+02 
      0.5350309E+02 
      0.5350235E+02 
      0.5350160E+02 
      0.5350084E+02 
      0.5350007E+02 
      0.5349929E+02 
      0.5349851E+02 
      0.5349771E+02 
      0.5349690E+02 
      0.5349608E+02 
      0.5349524E+02 
      0.5349440E+02 
      0.5349356E+02 
      0.5349273E+02 
      0.5349191E+02 
      0.5349109E+02 
      0.5349025E+02 
      0.5348941E+02 
      0.5348857E+02 
      0.5348773E+02 
      0.5348691E+02 
      0.5348610E+02 
      0.5348530E+02 
      0.5348452E+02 
      0.5348374E+02 
      0.5348296E+02 
      0.5348219E+02 
      0.5348143E+02 
      0.5348069E+02 
      0.5347997E+02 
      0.5347928E+02 
      0.5347861E+02 
      0.5347795E+02 
      0.5347730E+02 
      0.5347666E+02 
      0.5347605E+02 
      0.5347547E+02 
      0.5347491E+02 
      0.5347439E+02 
      0.5347388E+02 
      0.5347340E+02 
      0.5347294E+02 
      0.5347251E+02 
      0.5347210E+02 
      0.5347172E+02 
      0.5347137E+02 
      0.5347105E+02 
      0.5347077E+02 
      0.5347052E+02 
      0.5347030E+02 
      0.5347010E+02 
      0.5346992E+02 
      0.5346977E+02 
      0.5346965E+02 
      0.5346959E+02 
      0.5346956E+02 
      0.5346956E+02 
      0.5346958E+02 
      0.5346963E+02 
      0.5346970E+02 
      0.5346980E+02 
      0.5346994E+02 
      0.5347012E+02 
      0.5347034E+02 
      0.5347060E+02 
      0.5347087E+02 
      0.5347117E+02 
      0.5347148E+02 
      0.5347182E+02 
      0.5347220E+02 
      0.5347261E+02 
      0.5347306E+02 
      0.5347355E+02 
      0.5347406E+02 
      0.5347458E+02 
      0.5347510E+02 
      0.5347564E+02 
      0.5347621E+02 
      0.5347682E+02 
      0.5347747E+02 
      0.5347814E+02 
      0.5347883E+02 
      0.5347952E+02 
      0.5348021E+02 
      0.5348092E+02 
      0.5348164E+02 
      0.5348239E+02 
      0.5348317E+02 
      0.5348396E+02 
      0.5348477E+02 
      0.5348558E+02 
      0.5348638E+02 
      0.5348718E+02 
      0.5348799E+02 
      0.5348881E+02 
      0.5348964E+02 
      0.5349049E+02 
      0.5349134E+02 
      0.5349219E+02 
      0.5349303E+02 
      0.5349386E+02 
      0.5349468E+02 
      0.5349549E+02 
      0.5349631E+02 
      0.5349713E+02 
      0.5349796E+02 
      0.5349877E+02 
      0.5349957E+02 
      0.5350034E+02 
      0.5350109E+02 
      0.5350183E+02 
      0.5350257E+02 
      0.5350330E+02 
      0.5350403E+02 
      0.5350473E+02 
      0.5350540E+02 
      0.5350604E+02 
      0.5350666E+02 
      0.5350726E+02 
      0.5350786E+02 
      0.5350843E+02 
      0.5350899E+02 
      0.5350951E+02 
      0.5351000E+02 
      0.5351046E+02 
      0.5351089E+02 
      0.5351131E+02 
      0.5351169E+02 
      0.5351205E+02 
      0.5351239E+02 
      0.5351270E+02 
      0.5351297E+02 
      0.5351321E+02 
      0.5351341E+02 
      0.5351358E+02 
      0.5351372E+02 
      0.5351384E+02 
      0.5351394E+02 
      0.5351400E+02 
      0.5351403E+02 
      0.5351402E+02 
      0.5351398E+02 
      0.5351389E+02 
      0.5351378E+02 
      0.5351364E+02 
      0.5351348E+02 
      0.5351330E+02 
      0.5351309E+02 
      0.5351284E+02 
      0.5351254E+02 
      0.5351221E+02 
      0.5351185E+02 
      0.5351147E+02 
      0.5351108E+02 
      0.5351067E+02 
      0.5351022E+02 
      0.5350974E+02 
      0.5350922E+02 
      0.5350867E+02 
      0.5350810E+02 
      0.5350753E+02 
      0.5350694E+02 
      0.5350634E+02 
      0.5350570E+02 
      0.5350502E+02 
      0.5350433E+02 
      0.5350362E+02 
      0.5350290E+02 
      0.5350217E+02 
      0.5350144E+02 
      0.5350069E+02 
      0.5349992E+02 
      0.5349913E+02 
      0.5349833E+02 
      0.5349751E+02 
      0.5349669E+02 
      0.5349586E+02 
      0.5349504E+02 
      0.5349423E+02 
      0.5349342E+02 
      0.5349259E+02 
      0.5349173E+02 
      0.5349087E+02 
      0.5349001E+02 
      0.5348918E+02 
      0.5348836E+02 
      0.5348756E+02 
      0.5348675E+02 
      0.5348594E+02 
      0.5348512E+02 
      0.5348431E+02 
      0.5348352E+02 
      0.5348275E+02 
      0.5348200E+02 
      0.5348126E+02 
      0.5348054E+02 
      0.5347983E+02 
      0.5347913E+02 
      0.5347843E+02 
      0.5347776E+02 
      0.5347712E+02 
      0.5347651E+02 
      0.5347592E+02 
      0.5347535E+02 
      0.5347480E+02 
      0.5347427E+02 
      0.5347376E+02 
      0.5347327E+02 
      0.5347281E+02 
      0.5347240E+02 
      0.5347202E+02 
      0.5347165E+02 
      0.5347130E+02 
      0.5347098E+02 
      0.5347068E+02 
      0.5347043E+02 
      0.5347022E+02 
      0.5347004E+02 
      0.5346988E+02 
      0.5346975E+02 
      0.5346965E+02 
      0.5346958E+02 
      0.5346953E+02 
      0.5346953E+02 
      0.5346956E+02 
      0.5346962E+02 
      0.5346972E+02 
      0.5346985E+02 
      0.5347000E+02 
      0.5347018E+02 
      0.5347038E+02 
      0.5347062E+02 
      0.5347089E+02 
      0.5347120E+02 
      0.5347155E+02 
      0.5347193E+02 
      0.5347232E+02 
      0.5347273E+02 
      0.5347315E+02 
      0.5347360E+02 
      0.5347410E+02 
      0.5347464E+02 
      0.5347521E+02 
      0.5347579E+02 
      0.5347637E+02 
      0.5347697E+02 
      0.5347759E+02 
      0.5347824E+02 
      0.5347892E+02 
      0.5347962E+02 
      0.5348035E+02 
      0.5348108E+02 
      0.5348182E+02 
      0.5348256E+02 
      0.5348331E+02 
      0.5348409E+02 
      0.5348489E+02 
      0.5348570E+02 
      0.5348652E+02 
      0.5348733E+02 
      0.5348816E+02 
      0.5348898E+02 
      0.5348981E+02 
