  0.2024903E+02  
  0.2024904E+02  
  0.2024951E+02  
  0.2025068E+02  
  0.2025222E+02  
  0.2025366E+02  
  0.2025472E+02  
  0.2025551E+02  
  0.2025635E+02  
  0.2025745E+02  
  0.2025886E+02  
  0.2026039E+02  
  0.2026183E+02  
  0.2026301E+02  
  0.2026398E+02  
  0.2026495E+02  
  0.2026611E+02  
  0.2026747E+02  
  0.2026889E+02  
  0.2027017E+02  
  0.2027121E+02  
  0.2027211E+02  
  0.2027303E+02  
  0.2027406E+02  
  0.2027519E+02  
  0.2027632E+02  
  0.2027731E+02  
  0.2027812E+02  
  0.2027883E+02  
  0.2027954E+02  
  0.2028032E+02  
  0.2028114E+02  
  0.2028193E+02  
  0.2028258E+02  
  0.2028310E+02  
  0.2028354E+02  
  0.2028398E+02  
  0.2028444E+02  
  0.2028491E+02  
  0.2028532E+02  
  0.2028562E+02  
  0.2028581E+02  
  0.2028594E+02  
  0.2028605E+02  
  0.2028615E+02  
  0.2028623E+02  
  0.2028624E+02  
  0.2028617E+02  
  0.2028602E+02  
  0.2028582E+02  
  0.2028558E+02  
  0.2028531E+02  
  0.2028501E+02  
  0.2028466E+02  
  0.2028425E+02  
  0.2028376E+02  
  0.2028320E+02  
  0.2028259E+02  
  0.2028197E+02  
  0.2028134E+02  
  0.2028066E+02  
  0.2027990E+02  
  0.2027907E+02  
  0.2027818E+02  
  0.2027726E+02  
  0.2027635E+02  
  0.2027541E+02  
  0.2027442E+02  
  0.2027336E+02  
  0.2027225E+02  
  0.2027108E+02  
  0.2026990E+02  
  0.2026872E+02  
  0.2026752E+02  
  0.2026629E+02  
  0.2026501E+02  
  0.2026366E+02  
  0.2026227E+02  
  0.2026086E+02  
  0.2025948E+02  
  0.2025811E+02  
  0.2025672E+02  
  0.2025528E+02  
  0.2025380E+02  
  0.2025231E+02  
  0.2025084E+02  
  0.2024941E+02  
  0.2024799E+02  
  0.2024656E+02  
  0.2024511E+02  
  0.2024365E+02  
  0.2024221E+02  
  0.2024079E+02  
  0.2023942E+02  
  0.2023807E+02  
  0.2023673E+02  
  0.2023538E+02  
  0.2023403E+02  
  0.2023269E+02  
  0.2023140E+02  
  0.2023015E+02  
  0.2022893E+02  
  0.2022773E+02  
  0.2022652E+02  
  0.2022533E+02  
  0.2022418E+02  
  0.2022307E+02  
  0.2022203E+02  
  0.2022102E+02  
  0.2022004E+02  
  0.2021908E+02  
  0.2021815E+02  
  0.2021727E+02  
  0.2021645E+02  
  0.2021571E+02  
  0.2021504E+02  
  0.2021440E+02  
  0.2021380E+02  
  0.2021324E+02  
  0.2021273E+02  
  0.2021230E+02  
  0.2021193E+02  
  0.2021164E+02  
  0.2021139E+02  
  0.2021118E+02  
  0.2021102E+02  
  0.2021091E+02  
  0.2021087E+02  
  0.2021089E+02  
  0.2021098E+02  
  0.2021111E+02  
  0.2021128E+02  
  0.2021150E+02  
  0.2021178E+02  
  0.2021212E+02  
  0.2021251E+02  
  0.2021295E+02  
  0.2021344E+02  
  0.2021396E+02  
  0.2021453E+02  
  0.2021515E+02  
  0.2021581E+02  
  0.2021653E+02  
  0.2021729E+02  
  0.2021808E+02  
  0.2021891E+02  
  0.2021977E+02  
  0.2022068E+02  
  0.2022165E+02  
  0.2022267E+02  
  0.2022372E+02  
  0.2022479E+02  
  0.2022588E+02  
  0.2022700E+02  
  0.2022817E+02  
  0.2022938E+02  
  0.2023063E+02  
  0.2023189E+02  
  0.2023316E+02  
  0.2023445E+02  
  0.2023577E+02  
  0.2023711E+02  
  0.2023849E+02  
  0.2023989E+02  
  0.2024129E+02  
  0.2024269E+02  
  0.2024407E+02  
  0.2024546E+02  
  0.2024687E+02  
  0.2024830E+02  
  0.2024974E+02  
  0.2025115E+02  
  0.2025254E+02  
  0.2025391E+02  
  0.2025529E+02  
  0.2025667E+02  
  0.2025806E+02  
  0.2025943E+02  
  0.2026078E+02  
  0.2026209E+02  
  0.2026339E+02  
  0.2026469E+02  
  0.2026597E+02  
  0.2026724E+02  
  0.2026847E+02  
  0.2026966E+02  
  0.2027081E+02  
  0.2027193E+02  
  0.2027304E+02  
  0.2027412E+02  
  0.2027517E+02  
  0.2027618E+02  
  0.2027714E+02  
  0.2027804E+02  
  0.2027890E+02  
  0.2027973E+02  
  0.2028053E+02  
  0.2028128E+02  
  0.2028197E+02  
  0.2028261E+02  
  0.2028320E+02  
  0.2028375E+02  
  0.2028425E+02  
  0.2028471E+02  
  0.2028511E+02  
  0.2028545E+02  
  0.2028574E+02  
  0.2028597E+02  
  0.2028614E+02  
  0.2028626E+02  
  0.2028631E+02  
  0.2028632E+02  
  0.2028627E+02  
  0.2028617E+02  
  0.2028600E+02  
  0.2028578E+02  
  0.2028551E+02  
  0.2028519E+02  
  0.2028482E+02  
  0.2028439E+02  
  0.2028391E+02  
  0.2028338E+02  
  0.2028280E+02  
  0.2028217E+02  
  0.2028150E+02  
  0.2028078E+02  
  0.2028003E+02  
  0.2027923E+02  
  0.2027838E+02  
  0.2027749E+02  
  0.2027655E+02  
  0.2027558E+02  
  0.2027458E+02  
  0.2027356E+02  
  0.2027249E+02  
  0.2027138E+02  
  0.2027024E+02  
  0.2026906E+02  
  0.2026788E+02  
  0.2026667E+02  
  0.2026545E+02  
  0.2026419E+02  
  0.2026290E+02  
  0.2026158E+02  
  0.2026025E+02  
  0.2025892E+02  
  0.2025758E+02  
  0.2025622E+02  
  0.2025485E+02  
  0.2025346E+02  
  0.2025207E+02  
  0.2025068E+02  
  0.2024930E+02  
  0.2024792E+02  
  0.2024654E+02  
  0.2024516E+02  
  0.2024378E+02  
  0.2024241E+02  
  0.2024107E+02  
  0.2023974E+02  
  0.2023842E+02  
  0.2023712E+02  
  0.2023583E+02  
  0.2023456E+02  
  0.2023332E+02  
  0.2023211E+02  
  0.2023093E+02  
  0.2022977E+02  
  0.2022863E+02  
  0.2022752E+02  
  0.2022644E+02  
  0.2022539E+02  
  0.2022439E+02  
  0.2022343E+02  
  0.2022249E+02  
  0.2022159E+02  
  0.2022072E+02  
  0.2021989E+02  
  0.2021912E+02  
  0.2021840E+02  
  0.2021772E+02  
  0.2021707E+02  
  0.2021646E+02  
  0.2021590E+02  
  0.2021539E+02  
  0.2021494E+02  
  0.2021453E+02  
  0.2021417E+02  
  0.2021384E+02  
  0.2021356E+02  
  0.2021333E+02  
  0.2021315E+02  
  0.2021303E+02  
  0.2021297E+02  
  0.2021294E+02  
  0.2021295E+02  
  0.2021301E+02  
  0.2021312E+02  
  0.2021328E+02  
  0.2021350E+02  
  0.2021377E+02  
  0.2021409E+02  
  0.2021443E+02  
  0.2021482E+02  
  0.2021526E+02  
  0.2021575E+02  
  0.2021629E+02  
  0.2021688E+02  
  0.2021750E+02  
  0.2021816E+02  
  0.2021887E+02  
  0.2021962E+02  
  0.2022042E+02  
  0.2022127E+02  
  0.2022216E+02  
  0.2022308E+02  
  0.2022403E+02  
  0.2022501E+02  
  0.2022602E+02  
  0.2022708E+02  
  0.2022818E+02  
  0.2022932E+02  
  0.2023048E+02  
  0.2023166E+02  
  0.2023286E+02  
  0.2023409E+02  
  0.2023534E+02  
  0.2023662E+02  
  0.2023793E+02  
  0.2023924E+02  
  0.2024057E+02  
  0.2024190E+02  
  0.2024325E+02  
  0.2024461E+02  
  0.2024597E+02  
  0.2024733E+02  
  0.2024870E+02  
  0.2025006E+02  
  0.2025141E+02  
  0.2025276E+02  
  0.2025410E+02  
  0.2025544E+02  
  0.2025677E+02  
  0.2025809E+02  
  0.2025941E+02  
  0.2026072E+02  
  0.2026200E+02  
  0.2026327E+02  
  0.2026451E+02  
  0.2026574E+02  
  0.2026695E+02  
  0.2026813E+02  
  0.2026928E+02  
  0.2027041E+02  
  0.2027151E+02  
  0.2027257E+02  
  0.2027361E+02  
  0.2027462E+02  
  0.2027559E+02  
  0.2027652E+02  
  0.2027741E+02  
  0.2027828E+02  
  0.2027910E+02  
  0.2027989E+02  
  0.2028062E+02  
  0.2028131E+02  
  0.2028195E+02  
  0.2028254E+02  
  0.2028310E+02  
  0.2028360E+02  
  0.2028406E+02  
  0.2028447E+02  
  0.2028481E+02  
  0.2028510E+02  
  0.2028534E+02  
  0.2028553E+02  
  0.2028567E+02  
  0.2028575E+02  
  0.2028578E+02  
  0.2028576E+02  
  0.2028568E+02  
  0.2028555E+02  
  0.2028538E+02  
  0.2028515E+02  
  0.2028487E+02  
  0.2028453E+02  
  0.2028414E+02  
  0.2028370E+02  
  0.2028322E+02  
  0.2028270E+02  
  0.2028212E+02  
  0.2028149E+02  
  0.2028081E+02  
  0.2028007E+02  
  0.2027929E+02  
  0.2027847E+02  
  0.2027761E+02  
  0.2027670E+02  
  0.2027576E+02  
  0.2027478E+02  
  0.2027377E+02  
  0.2027273E+02  
  0.2027166E+02  
  0.2027055E+02  
  0.2026941E+02  
  0.2026824E+02  
  0.2026704E+02  
  0.2026581E+02  
  0.2026456E+02  
  0.2026328E+02  
  0.2026197E+02  
  0.2026065E+02  
  0.2025931E+02  
  0.2025796E+02  
  0.2025658E+02  
  0.2025519E+02  
  0.2025379E+02  
  0.2025237E+02  
  0.2025095E+02  
  0.2024952E+02  
  0.2024809E+02  
  0.2024666E+02  
  0.2024524E+02  
  0.2024382E+02  
  0.2024240E+02  
  0.2024099E+02  
  0.2023960E+02  
  0.2023822E+02  
  0.2023686E+02  
  0.2023552E+02  
  0.2023420E+02  
  0.2023290E+02  
  0.2023161E+02  
  0.2023036E+02  
  0.2022913E+02  
  0.2022793E+02  
  0.2022677E+02  
  0.2022564E+02  
  0.2022455E+02  
  0.2022349E+02  
  0.2022247E+02  
  0.2022148E+02  
  0.2022054E+02  
  0.2021963E+02  
  0.2021876E+02  
  0.2021793E+02  
  0.2021715E+02  
  0.2021642E+02  
  0.2021573E+02  
  0.2021509E+02  
  0.2021450E+02  
  0.2021395E+02  
  0.2021345E+02  
  0.2021300E+02  
  0.2021262E+02  
  0.2021229E+02  
  0.2021201E+02  
  0.2021178E+02  
  0.2021159E+02  
  0.2021146E+02  
  0.2021139E+02  
  0.2021137E+02  
  0.2021141E+02  
  0.2021151E+02  
  0.2021166E+02  
  0.2021186E+02  
  0.2021211E+02  
  0.2021242E+02  
  0.2021278E+02  
  0.2021319E+02  
  0.2021365E+02  
  0.2021417E+02  
  0.2021474E+02  
  0.2021536E+02  
  0.2021603E+02  
  0.2021674E+02  
  0.2021751E+02  
  0.2021834E+02  
  0.2021921E+02  
  0.2022013E+02  
  0.2022108E+02  
  0.2022207E+02  
  0.2022310E+02  
  0.2022417E+02  
  0.2022527E+02  
  0.2022642E+02  
  0.2022759E+02  
  0.2022878E+02  
  0.2022999E+02  
  0.2023123E+02  
  0.2023249E+02  
  0.2023378E+02  
  0.2023509E+02  
  0.2023642E+02  
  0.2023777E+02  
  0.2023913E+02  
  0.2024051E+02  
  0.2024189E+02  
  0.2024329E+02  
  0.2024469E+02  
  0.2024610E+02  
  0.2024752E+02  
  0.2024894E+02  
  0.2025035E+02  
  0.2025177E+02  
  0.2025319E+02  
  0.2025461E+02  
  0.2025602E+02  
  0.2025744E+02  
  0.2025884E+02  
  0.2026022E+02  
  0.2026158E+02  
  0.2026292E+02  
  0.2026424E+02  
  0.2026555E+02  
  0.2026683E+02  
  0.2026808E+02  
  0.2026929E+02  
  0.2027046E+02  
  0.2027160E+02  
  0.2027270E+02  
  0.2027377E+02  
  0.2027481E+02  
  0.2027581E+02  
  0.2027676E+02  
  0.2027766E+02  
  0.2027852E+02  
  0.2027933E+02  
  0.2028010E+02  
  0.2028084E+02  
  0.2028153E+02  
  0.2028217E+02  
  0.2028276E+02  
  0.2028328E+02  
  0.2028376E+02  
  0.2028420E+02  
  0.2028459E+02  
  0.2028493E+02  
  0.2028522E+02  
  0.2028546E+02  
  0.2028563E+02  
  0.2028575E+02  
  0.2028583E+02  
  0.2028586E+02  
  0.2028583E+02  
  0.2028575E+02  
  0.2028561E+02  
  0.2028543E+02  
  0.2028519E+02  
  0.2028491E+02  
  0.2028458E+02  
  0.2028420E+02  
  0.2028376E+02  
  0.2028328E+02  
  0.2028275E+02  
  0.2028218E+02  
  0.2028156E+02  
  0.2028090E+02  
  0.2028020E+02  
  0.2027946E+02  
  0.2027867E+02  
  0.2027784E+02  
  0.2027697E+02  
  0.2027605E+02  
  0.2027510E+02  
  0.2027410E+02  
  0.2027307E+02  
  0.2027201E+02  
  0.2027091E+02  
  0.2026978E+02  
  0.2026861E+02  
  0.2026742E+02  
  0.2026620E+02  
  0.2026497E+02  
  0.2026372E+02  
  0.2026244E+02  
  0.2026113E+02  
  0.2025980E+02  
  0.2025846E+02  
  0.2025710E+02  
  0.2025575E+02  
  0.2025440E+02  
  0.2025303E+02  
  0.2025165E+02  
  0.2025027E+02  
  0.2024889E+02  
  0.2024751E+02  
  0.2024615E+02  
  0.2024480E+02  
  0.2024345E+02  
  0.2024211E+02  
  0.2024078E+02  
  0.2023947E+02  
  0.2023818E+02  
  0.2023691E+02  
  0.2023564E+02  
  0.2023440E+02  
  0.2023319E+02  
  0.2023200E+02  
  0.2023084E+02  
  0.2022969E+02  
  0.2022858E+02  
  0.2022750E+02  
  0.2022644E+02  
  0.2022541E+02  
  0.2022441E+02  
  0.2022344E+02  
  0.2022251E+02  
  0.2022161E+02  
  0.2022075E+02  
  0.2021992E+02  
  0.2021914E+02  
  0.2021839E+02  
  0.2021770E+02  
  0.2021704E+02  
  0.2021644E+02  
  0.2021587E+02  
  0.2021536E+02  
  0.2021489E+02  
  0.2021447E+02  
  0.2021410E+02  
  0.2021378E+02  
  0.2021350E+02  
  0.2021327E+02  
  0.2021310E+02  
  0.2021298E+02  
  0.2021290E+02  
  0.2021287E+02  
  0.2021289E+02  
  0.2021297E+02  
  0.2021310E+02  
  0.2021327E+02  
  0.2021349E+02  
  0.2021376E+02  
  0.2021409E+02  
  0.2021446E+02  
  0.2021489E+02  
  0.2021535E+02  
  0.2021586E+02  
  0.2021641E+02  
  0.2021701E+02  
  0.2021766E+02  
  0.2021834E+02  
  0.2021907E+02  
  0.2021984E+02  
  0.2022065E+02  
  0.2022150E+02  
  0.2022239E+02  
  0.2022333E+02  
  0.2022430E+02  
  0.2022532E+02  
  0.2022637E+02  
  0.2022745E+02  
  0.2022856E+02  
  0.2022970E+02  
  0.2023087E+02  
  0.2023206E+02  
  0.2023328E+02  
  0.2023451E+02  
  0.2023576E+02  
  0.2023704E+02  
  0.2023832E+02  
  0.2023961E+02  
  0.2024092E+02  
  0.2024223E+02  
  0.2024356E+02  
  0.2024489E+02  
  0.2024622E+02  
  0.2024755E+02  
  0.2024889E+02  
  0.2025022E+02  
  0.2025155E+02  
  0.2025287E+02  
  0.2025419E+02  
  0.2025550E+02  
  0.2025680E+02  
  0.2025808E+02  
  0.2025935E+02  
  0.2026061E+02  
  0.2026186E+02  
  0.2026310E+02  
  0.2026432E+02  
  0.2026552E+02  
  0.2026670E+02  
  0.2026786E+02  
  0.2026898E+02  
  0.2027008E+02  
  0.2027115E+02  
  0.2027219E+02  
  0.2027320E+02  
  0.2027417E+02  
  0.2027510E+02  
  0.2027598E+02  
  0.2027683E+02  
  0.2027765E+02  
  0.2027843E+02  
  0.2027916E+02  
  0.2027986E+02  
  0.2028051E+02  
  0.2028112E+02  
  0.2028168E+02  
  0.2028221E+02  
  0.2028269E+02  
  0.2028312E+02  
  0.2028351E+02  
  0.2028384E+02  
  0.2028413E+02  
  0.2028437E+02  
  0.2028457E+02  
  0.2028472E+02  
  0.2028482E+02  
  0.2028486E+02  
  0.2028485E+02  
  0.2028478E+02  
  0.2028467E+02  
  0.2028451E+02  
  0.2028430E+02  
  0.2028404E+02  
  0.2028372E+02  
  0.2028336E+02  
  0.2028295E+02  
  0.2028250E+02  
  0.2028201E+02  
  0.2028147E+02  
  0.2028089E+02  
  0.2028026E+02  
  0.2027959E+02  
  0.2027887E+02  
  0.2027812E+02  
  0.2027734E+02  
  0.2027651E+02  
  0.2027565E+02  
  0.2027474E+02  
  0.2027379E+02  
  0.2027281E+02  
  0.2027179E+02  
  0.2027075E+02  
  0.2026968E+02  
  0.2026857E+02  
  0.2026743E+02  
  0.2026627E+02  
  0.2026508E+02  
  0.2026387E+02  
  0.2026264E+02  
  0.2026139E+02  
  0.2026011E+02  
  0.2025882E+02  
  0.2025751E+02  
  0.2025618E+02  
  0.2025484E+02  
  0.2025348E+02  
  0.2025210E+02  
  0.2025072E+02  
  0.2024933E+02  
  0.2024794E+02  
  0.2024655E+02  
  0.2024517E+02  
  0.2024378E+02  
  0.2024241E+02  
  0.2024104E+02  
  0.2023969E+02  
  0.2023834E+02  
  0.2023701E+02  
  0.2023569E+02  
  0.2023439E+02  
  0.2023311E+02  
  0.2023187E+02  
  0.2023064E+02  
  0.2022945E+02  
  0.2022827E+02  
  0.2022712E+02  
  0.2022601E+02  
  0.2022493E+02  
  0.2022389E+02  
  0.2022289E+02  
  0.2022193E+02  
  0.2022100E+02  
  0.2022011E+02  
  0.2021926E+02  
  0.2021847E+02  
  0.2021772E+02  
  0.2021702E+02  
  0.2021635E+02  
  0.2021573E+02  
  0.2021515E+02  
  0.2021462E+02  
  0.2021414E+02  
  0.2021372E+02  
  0.2021335E+02  
  0.2021302E+02  
  0.2021275E+02  
  0.2021252E+02  
  0.2021235E+02  
  0.2021224E+02  
  0.2021217E+02  
  0.2021216E+02  
  0.2021220E+02  
  0.2021230E+02  
  0.2021245E+02  
  0.2021265E+02  
  0.2021291E+02  
  0.2021322E+02  
  0.2021359E+02  
  0.2021400E+02  
  0.2021447E+02  
  0.2021499E+02  
  0.2021556E+02  
  0.2021618E+02  
  0.2021685E+02  
  0.2021757E+02  
  0.2021834E+02  
  0.2021915E+02  
  0.2022001E+02  
  0.2022091E+02  
  0.2022184E+02  
  0.2022281E+02  
  0.2022382E+02  
  0.2022487E+02  
  0.2022595E+02  
  0.2022705E+02  
  0.2022819E+02  
  0.2022935E+02  
  0.2023055E+02  
  0.2023176E+02  
  0.2023300E+02  
  0.2023426E+02  
  0.2023554E+02  
  0.2023684E+02  
  0.2023815E+02  
  0.2023948E+02  
  0.2024083E+02  
  0.2024218E+02  
  0.2024353E+02  
  0.2024490E+02  
  0.2024628E+02  
  0.2024766E+02  
  0.2024905E+02  
  0.2025043E+02  
  0.2025181E+02  
  0.2025319E+02  
  0.2025456E+02  
  0.2025593E+02  
  0.2025729E+02  
  0.2025863E+02  
  0.2025995E+02  
  0.2026125E+02  
  0.2026253E+02  
  0.2026380E+02  
  0.2026504E+02  
  0.2026627E+02  
  0.2026746E+02  
  0.2026861E+02  
  0.2026973E+02  
  0.2027082E+02  
  0.2027189E+02  
  0.2027292E+02  
  0.2027393E+02  
  0.2027490E+02  
  0.2027583E+02  
  0.2027672E+02  
  0.2027757E+02  
  0.2027840E+02  
  0.2027918E+02  
  0.2027993E+02  
  0.2028064E+02  
  0.2028129E+02  
  0.2028189E+02  
  0.2028246E+02  
  0.2028298E+02  
  0.2028347E+02  
  0.2028390E+02  
  0.2028428E+02  
  0.2028460E+02  
  0.2028486E+02  
  0.2028508E+02  
  0.2028525E+02  
  0.2028537E+02  
  0.2028544E+02  
  0.2028545E+02  
  0.2028541E+02  
  0.2028533E+02  
  0.2028520E+02  
  0.2028502E+02  
  0.2028480E+02  
  0.2028452E+02  
  0.2028420E+02  
  0.2028383E+02  
  0.2028341E+02  
  0.2028294E+02  
  0.2028242E+02  
  0.2028185E+02  
  0.2028122E+02  
  0.2028055E+02  
  0.2027982E+02  
  0.2027905E+02  
  0.2027824E+02  
  0.2027739E+02  
  0.2027649E+02  
  0.2027554E+02  
  0.2027456E+02  
  0.2027356E+02  
  0.2027252E+02  
  0.2027145E+02  
  0.2027034E+02  
  0.2026919E+02  
  0.2026801E+02  
  0.2026681E+02  
  0.2026559E+02  
  0.2026435E+02  
  0.2026308E+02  
  0.2026178E+02  
  0.2026045E+02  
  0.2025910E+02  
  0.2025775E+02  
  0.2025639E+02  
  0.2025503E+02  
  0.2025365E+02  
  0.2025227E+02  
  0.2025089E+02  
  0.2024951E+02  
  0.2024812E+02  
  0.2024675E+02  
  0.2024538E+02  
  0.2024402E+02  
  0.2024265E+02  
  0.2024129E+02  
  0.2023994E+02  
  0.2023859E+02  
  0.2023727E+02  
  0.2023595E+02  
  0.2023465E+02  
  0.2023336E+02  
  0.2023208E+02  
  0.2023084E+02  
  0.2022964E+02  
  0.2022846E+02  
  0.2022731E+02  
  0.2022619E+02  
  0.2022510E+02  
  0.2022404E+02  
  0.2022303E+02  
  0.2022206E+02  
  0.2022112E+02  
  0.2022023E+02  
  0.2021938E+02  
  0.2021857E+02  
  0.2021781E+02  
  0.2021709E+02  
  0.2021642E+02  
  0.2021578E+02  
  0.2021520E+02  
  0.2021465E+02  
  0.2021416E+02  
  0.2021371E+02  
  0.2021333E+02  
  0.2021299E+02  
  0.2021271E+02  
  0.2021247E+02  
  0.2021227E+02  
  0.2021212E+02  
  0.2021201E+02  
  0.2021195E+02  
  0.2021195E+02  
  0.2021201E+02  
  0.2021212E+02  
  0.2021227E+02  
  0.2021246E+02  
  0.2021271E+02  
  0.2021301E+02  
  0.2021337E+02  
  0.2021378E+02  
  0.2021423E+02  
  0.2021473E+02  
  0.2021527E+02  
  0.2021585E+02  
  0.2021648E+02  
  0.2021714E+02  
  0.2021786E+02  
  0.2021862E+02  
  0.2021942E+02  
  0.2022025E+02  
  0.2022113E+02  
  0.2022204E+02  
  0.2022300E+02  
  0.2022399E+02  
  0.2022501E+02  
  0.2022607E+02  
  0.2022716E+02  
  0.2022828E+02  
  0.2022943E+02  
  0.2023061E+02  
  0.2023180E+02  
  0.2023302E+02  
  0.2023426E+02  
  0.2023553E+02  
  0.2023682E+02  
  0.2023814E+02  
  0.2023947E+02  
  0.2024081E+02  
  0.2024216E+02  
  0.2024352E+02  
  0.2024490E+02  
  0.2024629E+02  
  0.2024769E+02  
  0.2024909E+02  
  0.2025047E+02  
  0.2025185E+02  
  0.2025322E+02  
  0.2025460E+02  
  0.2025598E+02  
  0.2025735E+02  
  0.2025871E+02  
  0.2026004E+02  
  0.2026135E+02  
  0.2026266E+02  
  0.2026395E+02  
  0.2026522E+02  
  0.2026647E+02  
  0.2026768E+02  
  0.2026887E+02  
  0.2027004E+02  
  0.2027118E+02  
  0.2027230E+02  
  0.2027338E+02  
  0.2027443E+02  
  0.2027544E+02  
  0.2027641E+02  
  0.2027736E+02  
  0.2027827E+02  
  0.2027915E+02  
  0.2027998E+02  
  0.2028078E+02  
  0.2028153E+02  
  0.2028225E+02  
  0.2028293E+02  
  0.2028356E+02  
  0.2028415E+02  
  0.2028468E+02  
  0.2028515E+02  
  0.2028557E+02  
  0.2028594E+02  
  0.2028627E+02  
  0.2028653E+02  
  0.2028675E+02  
  0.2028690E+02  
  0.2028700E+02  
  0.2028705E+02  
  0.2028704E+02  
  0.2028699E+02  
  0.2028689E+02  
  0.2028673E+02  
  0.2028652E+02  
  0.2028626E+02  
  0.2028595E+02  
  0.2028559E+02  
  0.2028517E+02  
  0.2028469E+02  
  0.2028416E+02  
  0.2028357E+02  
  0.2028294E+02  
  0.2028227E+02  
  0.2028155E+02  
  0.2028077E+02  
  0.2027994E+02  
  0.2027907E+02  
  0.2027816E+02  
  0.2027720E+02  
  0.2027620E+02  
  0.2027516E+02  
  0.2027407E+02  
  0.2027294E+02  
  0.2027178E+02  
  0.2027057E+02  
  0.2026934E+02  
  0.2026807E+02  
  0.2026678E+02  
  0.2026545E+02  
  0.2026410E+02  
  0.2026272E+02  
  0.2026132E+02  
  0.2025990E+02  
  0.2025846E+02  
  0.2025701E+02  
  0.2025556E+02  
  0.2025409E+02  
  0.2025261E+02  
  0.2025114E+02  
  0.2024966E+02  
  0.2024817E+02  
  0.2024668E+02  
  0.2024520E+02  
  0.2024372E+02  
  0.2024224E+02  
  0.2024078E+02  
  0.2023933E+02  
  0.2023790E+02  
  0.2023649E+02  
  0.2023511E+02  
  0.2023376E+02  
  0.2023242E+02  
  0.2023112E+02  
  0.2022984E+02  
  0.2022860E+02  
  0.2022739E+02  
  0.2022622E+02  
  0.2022508E+02  
  0.2022398E+02  
  0.2022291E+02  
  0.2022190E+02  
  0.2022093E+02  
  0.2021999E+02  
  0.2021910E+02  
  0.2021824E+02  
  0.2021744E+02  
  0.2021668E+02  
  0.2021598E+02  
  0.2021532E+02  
  0.2021471E+02  
  0.2021416E+02  
  0.2021364E+02  
  0.2021317E+02  
  0.2021275E+02  
  0.2021237E+02  
  0.2021204E+02  
  0.2021178E+02  
  0.2021156E+02  
  0.2021137E+02  
  0.2021123E+02  
  0.2021115E+02  
  0.2021112E+02  
  0.2021115E+02  
  0.2021123E+02  
  0.2021136E+02  
  0.2021152E+02  
  0.2021173E+02  
  0.2021200E+02  
  0.2021232E+02  
  0.2021270E+02  
  0.2021312E+02  
  0.2021359E+02  
  0.2021410E+02  
  0.2021466E+02  
  0.2021527E+02  
  0.2021594E+02  
  0.2021667E+02  
  0.2021743E+02  
  0.2021824E+02  
  0.2021908E+02  
  0.2021996E+02  
  0.2022088E+02  
  0.2022186E+02  
  0.2022289E+02  
  0.2022396E+02  
  0.2022506E+02  
  0.2022618E+02  
  0.2022733E+02  
  0.2022852E+02  
  0.2022974E+02  
  0.2023099E+02  
  0.2023226E+02  
  0.2023356E+02  
  0.2023488E+02  
  0.2023622E+02  
  0.2023758E+02  
  0.2023896E+02  
  0.2024036E+02  
  0.2024177E+02  
  0.2024319E+02  
  0.2024462E+02  
  0.2024604E+02  
  0.2024747E+02  
  0.2024891E+02  
  0.2025035E+02  
  0.2025179E+02  
  0.2025322E+02  
  0.2025463E+02  
  0.2025604E+02  
  0.2025745E+02  
  0.2025885E+02  
  0.2026023E+02  
  0.2026159E+02  
  0.2026294E+02  
  0.2026427E+02  
  0.2026557E+02  
  0.2026686E+02  
  0.2026812E+02  
  0.2026936E+02  
  0.2027056E+02  
  0.2027173E+02  
  0.2027286E+02  
  0.2027395E+02  
  0.2027500E+02  
  0.2027602E+02  
  0.2027701E+02  
  0.2027795E+02  
  0.2027884E+02  
  0.2027969E+02  
  0.2028049E+02  
  0.2028125E+02  
  0.2028197E+02  
  0.2028263E+02  
  0.2028325E+02  
  0.2028381E+02  
  0.2028433E+02  
  0.2028480E+02  
  0.2028523E+02  
  0.2028560E+02  
  0.2028593E+02  
  0.2028619E+02  
  0.2028640E+02  
  0.2028656E+02  
  0.2028666E+02  
  0.2028672E+02  
  0.2028672E+02  
  0.2028667E+02  
  0.2028657E+02  
  0.2028641E+02  
  0.2028620E+02  
  0.2028593E+02  
  0.2028562E+02  
  0.2028526E+02  
  0.2028484E+02  
  0.2028437E+02  
  0.2028384E+02  
  0.2028328E+02  
  0.2028267E+02  
  0.2028202E+02  
  0.2028133E+02  
  0.2028059E+02  
  0.2027981E+02  
  0.2027897E+02  
  0.2027808E+02  
  0.2027715E+02  
  0.2027619E+02  
  0.2027518E+02  
  0.2027414E+02  
  0.2027305E+02  
  0.2027193E+02  
  0.2027077E+02  
  0.2026958E+02  
  0.2026835E+02  
  0.2026710E+02  
  0.2026582E+02  
  0.2026451E+02  
  0.2026318E+02  
  0.2026182E+02  
  0.2026046E+02  
  0.2025907E+02  
  0.2025767E+02  
  0.2025626E+02  
  0.2025484E+02  
  0.2025341E+02  
  0.2025197E+02  
  0.2025054E+02  
  0.2024910E+02  
  0.2024767E+02  
  0.2024625E+02  
  0.2024483E+02  
  0.2024343E+02  
  0.2024203E+02  
  0.2024064E+02  
  0.2023926E+02  
  0.2023791E+02  
  0.2023658E+02  
  0.2023527E+02  
  0.2023398E+02  
  0.2023270E+02  
  0.2023144E+02  
  0.2023022E+02  
  0.2022902E+02  
  0.2022787E+02  
  0.2022676E+02  
  0.2022568E+02  
  0.2022462E+02  
  0.2022359E+02  
  0.2022259E+02  
  0.2022163E+02  
  0.2022072E+02  
  0.2021986E+02  
  0.2021902E+02  
  0.2021822E+02  
  0.2021745E+02  
  0.2021673E+02  
  0.2021606E+02  
  0.2021544E+02  
  0.2021486E+02  
  0.2021432E+02  
  0.2021382E+02  
  0.2021337E+02  
  0.2021298E+02  
  0.2021263E+02  
  0.2021234E+02  
  0.2021209E+02  
  0.2021189E+02  
  0.2021174E+02  
  0.2021166E+02  
  0.2021163E+02  
  0.2021166E+02  
  0.2021173E+02  
  0.2021185E+02  
  0.2021200E+02  
  0.2021220E+02  
  0.2021246E+02  
  0.2021278E+02  
  0.2021315E+02  
  0.2021357E+02  
  0.2021403E+02  
  0.2021454E+02  
  0.2021510E+02  
  0.2021571E+02  
  0.2021636E+02  
  0.2021707E+02  
  0.2021782E+02  
  0.2021862E+02  
  0.2021946E+02  
  0.2022033E+02  
  0.2022125E+02  
  0.2022222E+02  
  0.2022322E+02  
  0.2022426E+02  
  0.2022534E+02  
  0.2022645E+02  
  0.2022760E+02  
  0.2022877E+02  
  0.2022998E+02  
  0.2023121E+02  
  0.2023246E+02  
  0.2023374E+02  
  0.2023505E+02  
  0.2023638E+02  
  0.2023772E+02  
  0.2023907E+02  
  0.2024044E+02  
  0.2024183E+02  
  0.2024323E+02  
  0.2024464E+02  
  0.2024605E+02  
  0.2024747E+02  
  0.2024890E+02  
  0.2025033E+02  
  0.2025176E+02  
  0.2025318E+02  
  0.2025459E+02  
  0.2025599E+02  
  0.2025738E+02  
  0.2025875E+02  
  0.2026011E+02  
  0.2026145E+02  
  0.2026277E+02  
  0.2026407E+02  
  0.2026536E+02  
  0.2026662E+02  
  0.2026786E+02  
  0.2026907E+02  
  0.2027026E+02  
  0.2027140E+02  
  0.2027251E+02  
  0.2027358E+02  
  0.2027462E+02  
  0.2027562E+02  
  0.2027658E+02  
  0.2027750E+02  
  0.2027838E+02  
  0.2027922E+02  
  0.2028002E+02  
  0.2028078E+02  
  0.2028150E+02  
  0.2028217E+02  
  0.2028279E+02  
  0.2028336E+02  
  0.2028388E+02  
  0.2028434E+02  
  0.2028476E+02  
  0.2028513E+02  
  0.2028545E+02  
  0.2028572E+02  
  0.2028593E+02  
  0.2028608E+02  
  0.2028617E+02  
  0.2028623E+02  
  0.2028623E+02  
  0.2028619E+02  
  0.2028608E+02  
  0.2028592E+02  
  0.2028569E+02  
  0.2028542E+02  
  0.2028510E+02  
  0.2028473E+02  
  0.2028431E+02  
  0.2028382E+02  
  0.2028329E+02  
  0.2028271E+02  
  0.2028207E+02  
  0.2028139E+02  
  0.2028066E+02  
  0.2027989E+02  
  0.2027908E+02  
  0.2027821E+02  
  0.2027731E+02  
  0.2027636E+02  
  0.2027538E+02  
  0.2027437E+02  
  0.2027333E+02  
  0.2027225E+02  
  0.2027113E+02  
  0.2026998E+02  
  0.2026881E+02  
  0.2026761E+02  
  0.2026639E+02  
  0.2026516E+02  
  0.2026390E+02  
  0.2026263E+02  
  0.2026133E+02  
  0.2026002E+02  
  0.2025870E+02  
  0.2025736E+02  
  0.2025601E+02  
  0.2025464E+02  
  0.2025326E+02  
  0.2025188E+02  
  0.2025049E+02  
  0.2024911E+02  
  0.2024773E+02  
  0.2024634E+02  
  0.2024495E+02  
  0.2024357E+02  
  0.2024219E+02  
  0.2024082E+02  
  0.2023946E+02  
  0.2023811E+02  
  0.2023677E+02  
  0.2023545E+02  
  0.2023414E+02  
  0.2023286E+02  
  0.2023161E+02  
  0.2023038E+02  
  0.2022918E+02  
  0.2022800E+02  
  0.2022686E+02  
  0.2022575E+02  
  0.2022469E+02  
  0.2022367E+02  
  0.2022269E+02  
  0.2022174E+02  
  0.2022083E+02  
  0.2021996E+02  
  0.2021915E+02  
  0.2021839E+02  
  0.2021767E+02  
  0.2021699E+02  
  0.2021635E+02  
  0.2021575E+02  
  0.2021520E+02  
  0.2021471E+02  
  0.2021428E+02  
  0.2021390E+02  
  0.2021355E+02  
  0.2021326E+02  
  0.2021301E+02  
  0.2021283E+02  
  0.2021270E+02  
  0.2021263E+02  
  0.2021261E+02  
  0.2021264E+02  
  0.2021272E+02  
  0.2021285E+02  
  0.2021303E+02  
  0.2021327E+02  
  0.2021356E+02  
  0.2021390E+02  
  0.2021427E+02  
  0.2021469E+02  
  0.2021515E+02  
  0.2021566E+02  
  0.2021623E+02  
  0.2021684E+02  
  0.2021749E+02  
  0.2021818E+02  
  0.2021891E+02  
  0.2021968E+02  
  0.2022050E+02  
  0.2022136E+02  
  0.2022226E+02  
  0.2022320E+02  
  0.2022417E+02  
  0.2022517E+02  
  0.2022620E+02  
  0.2022727E+02  
  0.2022837E+02  
  0.2022951E+02  
  0.2023067E+02  
  0.2023186E+02  
  0.2023306E+02  
  0.2023428E+02  
  0.2023553E+02  
  0.2023681E+02  
  0.2023810E+02  
  0.2023941E+02  
  0.2024073E+02  
  0.2024206E+02  
  0.2024340E+02  
  0.2024475E+02  
  0.2024611E+02  
  0.2024747E+02  
  0.2024882E+02  
  0.2025018E+02  
  0.2025153E+02  
  0.2025288E+02  
  0.2025422E+02  
  0.2025556E+02  
  0.2025688E+02  
  0.2025818E+02  
  0.2025946E+02  
  0.2026072E+02  
  0.2026198E+02  
  0.2026322E+02  
  0.2026444E+02  
  0.2026564E+02  
  0.2026680E+02  
  0.2026794E+02  
  0.2026905E+02  
  0.2027013E+02  
  0.2027119E+02  
  0.2027223E+02  
  0.2027322E+02  
  0.2027418E+02  
  0.2027509E+02  
  0.2027597E+02  
  0.2027681E+02  
  0.2027762E+02  
  0.2027839E+02  
  0.2027912E+02  
  0.2027979E+02  
  0.2028042E+02  
  0.2028101E+02  
  0.2028156E+02  
  0.2028206E+02  
  0.2028251E+02  
  0.2028291E+02  
  0.2028326E+02  
  0.2028357E+02  
  0.2028384E+02  
  0.2028406E+02  
  0.2028424E+02  
  0.2028436E+02  
  0.2028442E+02  
  0.2028445E+02  
  0.2028442E+02  
  0.2028435E+02  
  0.2028424E+02  
  0.2028408E+02  
  0.2028386E+02  
  0.2028359E+02  
  0.2028327E+02  
  0.2028289E+02  
  0.2028247E+02  
  0.2028200E+02  
  0.2028148E+02  
  0.2028090E+02  
  0.2028027E+02  
  0.2027960E+02  
  0.2027890E+02  
  0.2027815E+02  
  0.2027736E+02  
  0.2027652E+02  
  0.2027565E+02  
  0.2027473E+02  
  0.2027378E+02  
  0.2027280E+02  
  0.2027179E+02  
  0.2027074E+02  
  0.2026965E+02  
  0.2026854E+02  
  0.2026740E+02  
  0.2026623E+02  
  0.2026504E+02  
  0.2026383E+02  
  0.2026259E+02  
  0.2026134E+02  
  0.2026007E+02  
  0.2025878E+02  
  0.2025747E+02  
  0.2025615E+02  
  0.2025483E+02  
  0.2025349E+02  
  0.2025215E+02  
  0.2025081E+02  
  0.2024946E+02  
  0.2024811E+02  
  0.2024677E+02  
  0.2024543E+02  
  0.2024410E+02  
  0.2024278E+02  
  0.2024147E+02  
  0.2024017E+02  
  0.2023889E+02  
  0.2023763E+02  
  0.2023638E+02  
  0.2023516E+02  
  0.2023396E+02  
  0.2023279E+02  
  0.2023164E+02  
  0.2023052E+02  
  0.2022941E+02  
  0.2022834E+02  
  0.2022730E+02  
  0.2022628E+02  
  0.2022529E+02  
  0.2022433E+02  
  0.2022340E+02  
  0.2022250E+02  
  0.2022163E+02  
  0.2022081E+02  
  0.2022002E+02  
  0.2021927E+02  
  0.2021855E+02  
  0.2021787E+02  
  0.2021723E+02  
  0.2021665E+02  
  0.2021611E+02  
  0.2021562E+02  
  0.2021517E+02  
  0.2021477E+02  
  0.2021442E+02  
  0.2021412E+02  
  0.2021387E+02  
  0.2021368E+02  
  0.2021354E+02  
  0.2021344E+02  
  0.2021338E+02  
  0.2021338E+02  
  0.2021344E+02  
  0.2021355E+02  
  0.2021371E+02  
  0.2021391E+02  
  0.2021416E+02  
  0.2021445E+02  
  0.2021478E+02  
  0.2021516E+02  
  0.2021559E+02  
  0.2021608E+02  
  0.2021660E+02  
  0.2021717E+02  
  0.2021776E+02  
  0.2021840E+02  
  0.2021909E+02  
  0.2021983E+02  
  0.2022062E+02  
  0.2022145E+02  
  0.2022230E+02  
  0.2022319E+02  
  0.2022412E+02  
  0.2022509E+02  
  0.2022611E+02  
  0.2022716E+02  
  0.2022825E+02  
  0.2022936E+02  
  0.2023050E+02  
  0.2023166E+02  
  0.2023286E+02  
  0.2023408E+02  
  0.2023533E+02  
  0.2023658E+02  
  0.2023785E+02  
  0.2023912E+02  
  0.2024041E+02  
  0.2024172E+02  
  0.2024306E+02  
  0.2024440E+02  
  0.2024573E+02  
  0.2024706E+02  
  0.2024839E+02  
  0.2024973E+02  
  0.2025108E+02  
  0.2025243E+02  
  0.2025376E+02  
  0.2025509E+02  
  0.2025640E+02  
  0.2025771E+02  
  0.2025900E+02  
  0.2026029E+02  
  0.2026157E+02  
  0.2026283E+02  
  0.2026406E+02  
  0.2026527E+02  
  0.2026645E+02  
  0.2026761E+02  
  0.2026875E+02  
  0.2026987E+02  
  0.2027096E+02  
  0.2027202E+02  
  0.2027304E+02  
  0.2027402E+02  
  0.2027497E+02  
  0.2027589E+02  
  0.2027677E+02  
  0.2027761E+02  
  0.2027840E+02  
  0.2027915E+02  
  0.2027986E+02  
  0.2028053E+02  
  0.2028116E+02  
  0.2028174E+02  
  0.2028228E+02  
  0.2028277E+02  
  0.2028320E+02  
  0.2028359E+02  
  0.2028393E+02  
  0.2028423E+02  
  0.2028449E+02  
  0.2028469E+02  
  0.2028484E+02  
  0.2028493E+02  
  0.2028496E+02  
  0.2028495E+02  
  0.2028489E+02  
  0.2028478E+02  
  0.2028461E+02  
  0.2028438E+02  
  0.2028410E+02  
  0.2028376E+02  
  0.2028338E+02  
  0.2028296E+02  
  0.2028248E+02  
  0.2028195E+02  
  0.2028137E+02  
  0.2028074E+02  
  0.2028006E+02  
  0.2027935E+02  
  0.2027859E+02  
  0.2027780E+02  
  0.2027697E+02  
  0.2027609E+02  
  0.2027516E+02  
  0.2027418E+02  
  0.2027319E+02  
  0.2027217E+02  
  0.2027112E+02  
  0.2027005E+02  
  0.2026895E+02  
  0.2026782E+02  
  0.2026666E+02  
  0.2026548E+02  
  0.2026428E+02  
  0.2026307E+02  
  0.2026184E+02  
  0.2026059E+02  
  0.2025931E+02  
  0.2025802E+02  
  0.2025671E+02  
  0.2025540E+02  
  0.2025408E+02  
  0.2025275E+02  
  0.2025142E+02  
  0.2025008E+02  
  0.2024873E+02  
  0.2024739E+02  
  0.2024604E+02  
  0.2024470E+02  
  0.2024337E+02  
  0.2024204E+02  
  0.2024072E+02  
  0.2023942E+02  
  0.2023812E+02  
  0.2023685E+02  
  0.2023559E+02  
  0.2023435E+02  
  0.2023313E+02  
  0.2023192E+02  
  0.2023075E+02  
  0.2022961E+02  
  0.2022849E+02  
  0.2022741E+02  
  0.2022637E+02  
  0.2022536E+02  
  0.2022438E+02  
  0.2022341E+02  
  0.2022248E+02  
  0.2022159E+02  
  0.2022075E+02  
  0.2021995E+02  
  0.2021918E+02  
  0.2021844E+02  
  0.2021775E+02  
  0.2021710E+02  
  0.2021650E+02  
  0.2021596E+02  
  0.2021547E+02  
  0.2021502E+02  
  0.2021461E+02  
  0.2021425E+02  
  0.2021395E+02  
  0.2021369E+02  
  0.2021350E+02  
  0.2021336E+02  
  0.2021327E+02  
  0.2021322E+02  
  0.2021323E+02  
  0.2021329E+02  
  0.2021341E+02  
  0.2021360E+02  
  0.2021384E+02  
  0.2021411E+02  
  0.2021443E+02  
  0.2021479E+02  
  0.2021521E+02  
  0.2021568E+02  
  0.2021620E+02  
  0.2021676E+02  
  0.2021735E+02  
  0.2021798E+02  
  0.2021866E+02  
  0.2021939E+02  
  0.2022017E+02  
  0.2022099E+02  
  0.2022184E+02  
  0.2022271E+02  
  0.2022363E+02  
  0.2022458E+02  
  0.2022557E+02  
  0.2022660E+02  
  0.2022767E+02  
  0.2022875E+02  
  0.2022985E+02  
  0.2023098E+02  
  0.2023213E+02  
  0.2023332E+02  
  0.2023453E+02  
  0.2023577E+02  
  0.2023700E+02  
  0.2023825E+02  
  0.2023950E+02  
  0.2024078E+02  
  0.2024208E+02  
  0.2024339E+02  
  0.2024470E+02  
  0.2024601E+02  
  0.2024731E+02  
  0.2024860E+02  
  0.2024990E+02  
  0.2025121E+02  
  0.2025252E+02  
  0.2025382E+02  
  0.2025510E+02  
  0.2025636E+02  
  0.2025761E+02  
  0.2025886E+02  
  0.2026010E+02  
  0.2026134E+02  
  0.2026255E+02  
  0.2026374E+02  
  0.2026491E+02  
  0.2026605E+02  
  0.2026717E+02  
  0.2026828E+02  
  0.2026937E+02  
  0.2027043E+02  
  0.2027145E+02  
  0.2027243E+02  
  0.2027338E+02  
  0.2027430E+02  
  0.2027518E+02  
  0.2027604E+02  
  0.2027686E+02  
  0.2027764E+02  
  0.2027836E+02  
  0.2027904E+02  
  0.2027969E+02  
  0.2028031E+02  
  0.2028088E+02  
  0.2028141E+02  
  0.2028188E+02  
  0.2028229E+02  
  0.2028265E+02  
  0.2028298E+02  
  0.2028326E+02  
  0.2028349E+02  
  0.2028367E+02  
  0.2028380E+02  
  0.2028387E+02  
  0.2028388E+02  
  0.2028384E+02  
  0.2028376E+02  
  0.2028364E+02  
  0.2028346E+02  
  0.2028323E+02  
  0.2028294E+02  
  0.2028260E+02  
  0.2028222E+02  
  0.2028180E+02  
  0.2028134E+02  
  0.2028084E+02  
  0.2028029E+02  
  0.2027969E+02  
  0.2027905E+02  
  0.2027837E+02  
  0.2027765E+02  
  0.2027690E+02  
  0.2027611E+02  
  0.2027528E+02  
  0.2027442E+02  
  0.2027351E+02  
  0.2027258E+02  
  0.2027161E+02  
  0.2027061E+02  
  0.2026959E+02  
  0.2026855E+02  
  0.2026748E+02  
  0.2026638E+02  
  0.2026525E+02  
  0.2026411E+02  
  0.2026295E+02  
  0.2026178E+02  
  0.2026059E+02  
  0.2025937E+02  
  0.2025814E+02  
  0.2025689E+02  
  0.2025564E+02  
  0.2025438E+02  
  0.2025311E+02  
  0.2025185E+02  
  0.2025057E+02  
  0.2024929E+02  
  0.2024800E+02  
  0.2024671E+02  
  0.2024543E+02  
  0.2024417E+02  
  0.2024291E+02  
  0.2024165E+02  
  0.2024040E+02  
  0.2023915E+02  
  0.2023792E+02  
  0.2023670E+02  
  0.2023551E+02  
  0.2023433E+02  
  0.2023317E+02  
  0.2023202E+02  
  0.2023089E+02  
  0.2022979E+02  
  0.2022873E+02  
  0.2022771E+02  
  0.2022671E+02  
  0.2022573E+02  
  0.2022479E+02  
  0.2022387E+02  
  0.2022300E+02  
  0.2022216E+02  
  0.2022136E+02  
  0.2022059E+02  
  0.2021986E+02  
  0.2021917E+02  
  0.2021852E+02  
  0.2021790E+02  
  0.2021732E+02  
  0.2021678E+02  
  0.2021629E+02  
  0.2021583E+02  
  0.2021543E+02  
  0.2021507E+02  
  0.2021477E+02  
  0.2021451E+02  
  0.2021431E+02  
  0.2021416E+02  
  0.2021406E+02  
  0.2021400E+02  
  0.2021400E+02  
  0.2021405E+02  
  0.2021415E+02  
  0.2021429E+02  
  0.2021448E+02  
  0.2021472E+02  
  0.2021501E+02  
  0.2021535E+02  
  0.2021574E+02  
  0.2021618E+02  
  0.2021666E+02  
  0.2021719E+02  
  0.2021776E+02  
  0.2021837E+02  
  0.2021903E+02  
  0.2021973E+02  
  0.2022048E+02  
  0.2022126E+02  
  0.2022208E+02  
  0.2022293E+02  
  0.2022383E+02  
  0.2022476E+02  
  0.2022572E+02  
  0.2022671E+02  
  0.2022773E+02  
  0.2022877E+02  
  0.2022983E+02  
  0.2023091E+02  
  0.2023202E+02  
  0.2023315E+02  
  0.2023432E+02  
  0.2023550E+02  
  0.2023671E+02  
  0.2023792E+02  
  0.2023915E+02  
  0.2024040E+02  
  0.2024167E+02  
  0.2024295E+02  
  0.2024424E+02  
  0.2024553E+02  
  0.2024682E+02  
  0.2024812E+02  
  0.2024943E+02  
  0.2025074E+02  
  0.2025205E+02  
  0.2025337E+02  
  0.2025468E+02  
  0.2025599E+02  
  0.2025730E+02  
  0.2025860E+02  
  0.2025989E+02  
  0.2026117E+02  
  0.2026244E+02  
  0.2026369E+02  
  0.2026492E+02  
  0.2026611E+02  
  0.2026729E+02  
  0.2026844E+02  
  0.2026957E+02  
  0.2027066E+02  
  0.2027173E+02  
  0.2027276E+02  
  0.2027375E+02  
  0.2027471E+02  
  0.2027564E+02  
  0.2027653E+02  
  0.2027738E+02  
  0.2027820E+02  
  0.2027897E+02  
  0.2027969E+02  
  0.2028037E+02  
  0.2028100E+02  
  0.2028157E+02  
  0.2028211E+02  
  0.2028260E+02  
  0.2028304E+02  
  0.2028343E+02  
  0.2028378E+02  
  0.2028407E+02  
  0.2028431E+02  
  0.2028451E+02  
  0.2028464E+02  
  0.2028472E+02  
  0.2028475E+02  
  0.2028472E+02  
  0.2028465E+02  
  0.2028454E+02  
  0.2028437E+02  
  0.2028414E+02  
  0.2028386E+02  
  0.2028353E+02  
  0.2028315E+02  
  0.2028273E+02  
  0.2028227E+02  
  0.2028175E+02  
  0.2028118E+02  
  0.2028055E+02  
  0.2027986E+02  
  0.2027913E+02  
  0.2027836E+02  
  0.2027755E+02  
  0.2027669E+02  
  0.2027579E+02  
  0.2027485E+02  
  0.2027386E+02  
  0.2027285E+02  
  0.2027180E+02  
  0.2027073E+02  
  0.2026963E+02  
  0.2026850E+02  
  0.2026734E+02  
  0.2026616E+02  
  0.2026496E+02  
  0.2026374E+02  
  0.2026250E+02  
  0.2026125E+02  
  0.2025998E+02  
  0.2025868E+02  
  0.2025737E+02  
  0.2025605E+02  
  0.2025472E+02  
  0.2025340E+02  
  0.2025207E+02  
  0.2025073E+02  
  0.2024939E+02  
  0.2024804E+02  
  0.2024670E+02  
  0.2024538E+02  
  0.2024406E+02  
  0.2024274E+02  
  0.2024143E+02  
  0.2024012E+02  
  0.2023882E+02  
  0.2023753E+02  
  0.2023626E+02  
  0.2023501E+02  
  0.2023379E+02  
  0.2023258E+02  
  0.2023139E+02  
  0.2023021E+02  
  0.2022906E+02  
  0.2022793E+02  
  0.2022685E+02  
  0.2022580E+02  
  0.2022479E+02  
  0.2022381E+02  
  0.2022286E+02  
  0.2022195E+02  
  0.2022108E+02  
  0.2022026E+02  
  0.2021950E+02  
  0.2021877E+02  
  0.2021808E+02  
  0.2021743E+02  
  0.2021682E+02  
  0.2021628E+02  
  0.2021578E+02  
  0.2021534E+02  
  0.2021495E+02  
  0.2021461E+02  
  0.2021431E+02  
  0.2021406E+02  
  0.2021386E+02  
  0.2021371E+02  
  0.2021362E+02  
  0.2021357E+02  
  0.2021358E+02  
  0.2021363E+02  
  0.2021372E+02  
  0.2021386E+02  
  0.2021406E+02  
  0.2021431E+02  
  0.2021460E+02  
  0.2021493E+02  
  0.2021530E+02  
  0.2021572E+02  
  0.2021619E+02  
  0.2021670E+02  
  0.2021726E+02  
  0.2021786E+02  
  0.2021849E+02  
  0.2021916E+02  
  0.2021988E+02  
  0.2022063E+02  
  0.2022142E+02  
  0.2022226E+02  
  0.2022313E+02  
  0.2022404E+02  
  0.2022498E+02  
  0.2022596E+02  
  0.2022697E+02  
  0.2022801E+02  
  0.2022907E+02  
  0.2023017E+02  
  0.2023129E+02  
  0.2023243E+02  
  0.2023361E+02  
  0.2023482E+02  
  0.2023604E+02  
  0.2023729E+02  
  0.2023855E+02  
  0.2023983E+02  
  0.2024112E+02  
  0.2024243E+02  
  0.2024375E+02  
  0.2024507E+02  
  0.2024639E+02  
  0.2024772E+02  
  0.2024906E+02  
  0.2025039E+02  
  0.2025173E+02  
  0.2025305E+02  
  0.2025437E+02  
  0.2025569E+02  
  0.2025700E+02  
  0.2025829E+02  
  0.2025957E+02  
  0.2026083E+02  
  0.2026208E+02  
  0.2026330E+02  
  0.2026451E+02  
  0.2026569E+02  
  0.2026685E+02  
  0.2026799E+02  
  0.2026910E+02  
  0.2027018E+02  
  0.2027124E+02  
  0.2027227E+02  
  0.2027327E+02  
  0.2027423E+02  
  0.2027516E+02  
  0.2027604E+02  
  0.2027688E+02  
  0.2027769E+02  
  0.2027846E+02  
  0.2027920E+02  
  0.2027988E+02  
  0.2028051E+02  
  0.2028109E+02  
  0.2028162E+02  
  0.2028211E+02  
  0.2028256E+02  
  0.2028297E+02  
  0.2028333E+02  
  0.2028363E+02  
  0.2028388E+02  
  0.2028407E+02  
  0.2028421E+02  
  0.2028431E+02  
  0.2028436E+02  
  0.2028436E+02  
  0.2028431E+02  
  0.2028421E+02  
  0.2028406E+02  
  0.2028385E+02  
  0.2028358E+02  
  0.2028327E+02  
  0.2028292E+02  
  0.2028252E+02  
  0.2028207E+02  
  0.2028157E+02  
  0.2028103E+02  
  0.2028044E+02  
  0.2027983E+02  
  0.2027917E+02  
  0.2027847E+02  
  0.2027773E+02  
  0.2027694E+02  
  0.2027611E+02  
  0.2027524E+02  
  0.2027434E+02  
  0.2027341E+02  
  0.2027244E+02  
  0.2027144E+02  
  0.2027041E+02  
  0.2026935E+02  
  0.2026826E+02  
  0.2026714E+02  
  0.2026600E+02  
  0.2026483E+02  
  0.2026363E+02  
  0.2026241E+02  
  0.2026119E+02  
  0.2025995E+02  
  0.2025869E+02  
  0.2025742E+02  
  0.2025613E+02  
  0.2025484E+02  
  0.2025354E+02  
  0.2025223E+02  
  0.2025093E+02  
  0.2024962E+02  
  0.2024831E+02  
  0.2024700E+02  
  0.2024569E+02  
  0.2024439E+02  
  0.2024309E+02  
  0.2024180E+02  
  0.2024053E+02  
  0.2023926E+02  
  0.2023801E+02  
  0.2023678E+02  
  0.2023557E+02  
  0.2023439E+02  
  0.2023322E+02  
  0.2023207E+02  
  0.2023094E+02  
  0.2022984E+02  
  0.2022876E+02  
  0.2022772E+02  
  0.2022670E+02  
  0.2022569E+02  
  0.2022471E+02  
  0.2022376E+02  
  0.2022284E+02  
  0.2022197E+02  
  0.2022114E+02  
  0.2022034E+02  
  0.2021957E+02  
  0.2021885E+02  
  0.2021816E+02  
  0.2021752E+02  
  0.2021693E+02  
  0.2021638E+02  
  0.2021587E+02  
  0.2021540E+02  
  0.2021498E+02  
  0.2021460E+02  
  0.2021428E+02  
  0.2021401E+02  
  0.2021378E+02  
  0.2021360E+02  
  0.2021345E+02  
  0.2021336E+02  
  0.2021332E+02  
  0.2021334E+02  
  0.2021341E+02  
  0.2021353E+02  
  0.2021369E+02  
  0.2021390E+02  
  0.2021417E+02  
  0.2021448E+02  
  0.2021486E+02  
  0.2021528E+02  
  0.2021574E+02  
  0.2021623E+02  
  0.2021677E+02  
  0.2021736E+02  
  0.2021800E+02  
  0.2021870E+02  
  0.2021944E+02  
  0.2022023E+02  
  0.2022105E+02  
  0.2022192E+02  
  0.2022282E+02  
  0.2022378E+02  
  0.2022477E+02  
  0.2022578E+02  
  0.2022683E+02  
  0.2022790E+02  
  0.2022901E+02  
  0.2023016E+02  
  0.2023134E+02  
  0.2023254E+02  
  0.2023376E+02  
  0.2023498E+02  
  0.2023623E+02  
  0.2023749E+02  
  0.2023878E+02  
  0.2024009E+02  
  0.2024140E+02  
  0.2024273E+02  
  0.2024405E+02  
  0.2024539E+02  
  0.2024673E+02  
  0.2024808E+02  
  0.2024943E+02  
  0.2025079E+02  
  0.2025214E+02  
  0.2025349E+02  
  0.2025483E+02  
  0.2025616E+02  
  0.2025750E+02  
  0.2025882E+02  
  0.2026013E+02  
  0.2026143E+02  
  0.2026271E+02  
  0.2026397E+02  
  0.2026521E+02  
  0.2026642E+02  
  0.2026761E+02  
  0.2026878E+02  
  0.2026992E+02  
  0.2027103E+02  
  0.2027210E+02  
  0.2027314E+02  
  0.2027415E+02  
  0.2027512E+02  
  0.2027606E+02  
  0.2027697E+02  
  0.2027783E+02  
  0.2027864E+02  
  0.2027940E+02  
  0.2028011E+02  
  0.2028079E+02  
  0.2028143E+02  
  0.2028203E+02  
  0.2028257E+02  
  0.2028305E+02  
  0.2028348E+02  
  0.2028386E+02  
  0.2028419E+02  
  0.2028448E+02  
  0.2028472E+02  
  0.2028490E+02  
  0.2028501E+02  
  0.2028506E+02  
  0.2028507E+02  
  0.2028502E+02  
  0.2028493E+02  
  0.2028480E+02  
  0.2028460E+02  
  0.2028434E+02  
  0.2028403E+02  
  0.2028366E+02  
  0.2028326E+02  
  0.2028282E+02  
  0.2028234E+02  
  0.2028179E+02  
  0.2028119E+02  
  0.2028055E+02  
  0.2027987E+02  
  0.2027916E+02  
  0.2027841E+02  
  0.2027761E+02  
  0.2027677E+02  
  0.2027589E+02  
  0.2027497E+02  
  0.2027401E+02  
  0.2027302E+02  
  0.2027199E+02  
  0.2027093E+02  
  0.2026984E+02  
  0.2026872E+02  
  0.2026757E+02  
  0.2026640E+02  
  0.2026520E+02  
  0.2026399E+02  
  0.2026275E+02  
  0.2026149E+02  
  0.2026021E+02  
  0.2025892E+02  
  0.2025762E+02  
  0.2025631E+02  
  0.2025498E+02  
  0.2025365E+02  
  0.2025231E+02  
  0.2025096E+02  
  0.2024960E+02  
  0.2024823E+02  
  0.2024688E+02  
  0.2024553E+02  
  0.2024419E+02  
  0.2024286E+02  
  0.2024154E+02  
  0.2024023E+02  
  0.2023893E+02  
  0.2023764E+02  
  0.2023638E+02  
  0.2023515E+02  
  0.2023394E+02  
  0.2023275E+02  
  0.2023158E+02  
  0.2023044E+02  
  0.2022932E+02  
  0.2022824E+02  
  0.2022719E+02  
  0.2022618E+02  
  0.2022519E+02  
  0.2022424E+02  
  0.2022332E+02  
  0.2022244E+02  
  0.2022161E+02  
  0.2022082E+02  
  0.2022007E+02  
  0.2021934E+02  
  0.2021865E+02  
  0.2021800E+02  
  0.2021741E+02  
  0.2021686E+02  
  0.2021637E+02  
  0.2021592E+02  
  0.2021551E+02  
  0.2021515E+02  
  0.2021483E+02  
  0.2021456E+02  
  0.2021434E+02  
  0.2021417E+02  
  0.2021404E+02  
  0.2021396E+02  
  0.2021393E+02  
  0.2021396E+02  
  0.2021404E+02  
  0.2021418E+02  
  0.2021437E+02  
  0.2021461E+02  
  0.2021489E+02  
  0.2021522E+02  
  0.2021560E+02  
  0.2021603E+02  
  0.2021651E+02  
  0.2021704E+02  
  0.2021762E+02  
  0.2021825E+02  
  0.2021891E+02  
  0.2021960E+02  
  0.2022034E+02  
  0.2022112E+02  
  0.2022195E+02  
  0.2022282E+02  
  0.2022371E+02  
  0.2022462E+02  
  0.2022556E+02  
  0.2022652E+02  
  0.2022753E+02  
  0.2022857E+02  
  0.2022964E+02  
  0.2023072E+02  
  0.2023182E+02  
  0.2023293E+02  
  0.2023406E+02  
  0.2023523E+02  
  0.2023641E+02  
  0.2023762E+02  
  0.2023883E+02  
  0.2024005E+02  
  0.2024128E+02  
  0.2024253E+02  
  0.2024380E+02  
  0.2024508E+02  
  0.2024636E+02  
  0.2024763E+02  
  0.2024890E+02  
  0.2025017E+02  
  0.2025144E+02  
  0.2025273E+02  
  0.2025401E+02  
  0.2025529E+02  
  0.2025655E+02  
  0.2025780E+02  
  0.2025903E+02  
  0.2026026E+02  
  0.2026148E+02  
  0.2026268E+02  
  0.2026385E+02  
  0.2026500E+02  
  0.2026613E+02  
  0.2026723E+02  
  0.2026832E+02  
  0.2026938E+02  
  0.2027041E+02  
  0.2027139E+02  
  0.2027234E+02  
  0.2027326E+02  
  0.2027414E+02  
  0.2027499E+02  
  0.2027580E+02  
  0.2027657E+02  
  0.2027728E+02  
  0.2027796E+02  
  0.2027860E+02  
  0.2027921E+02  
  0.2027979E+02  
  0.2028031E+02  
  0.2028078E+02  
  0.2028120E+02  
  0.2028158E+02  
  0.2028191E+02  
  0.2028220E+02  
  0.2028244E+02  
  0.2028263E+02  
  0.2028278E+02  
  0.2028287E+02  
  0.2028292E+02  
  0.2028292E+02  
  0.2028288E+02  
  0.2028280E+02  
  0.2028266E+02  
  0.2028248E+02  
  0.2028225E+02  
  0.2028199E+02  
  0.2028168E+02  
  0.2028133E+02  
  0.2028094E+02  
  0.2028050E+02  
  0.2028002E+02  
  0.2027949E+02  
  0.2027892E+02  
  0.2027829E+02  
  0.2027762E+02  
  0.2027691E+02  
  0.2027616E+02  
  0.2027538E+02  
  0.2027455E+02  
  0.2027368E+02  
  0.2027278E+02  
  0.2027185E+02  
  0.2027088E+02  
  0.2026990E+02  
  0.2026888E+02  
  0.2026784E+02  
  0.2026677E+02  
  0.2026566E+02  
  0.2026454E+02  
  0.2026340E+02  
  0.2026224E+02  
  0.2026107E+02  
  0.2025987E+02  
  0.2025865E+02  
  0.2025742E+02  
  0.2025618E+02  
  0.2025493E+02  
  0.2025368E+02  
  0.2025243E+02  
  0.2025116E+02  
  0.2024988E+02  
  0.2024860E+02  
  0.2024732E+02  
  0.2024605E+02  
  0.2024479E+02  
  0.2024353E+02  
  0.2024228E+02  
  0.2024104E+02  
  0.2023980E+02  
  0.2023858E+02  
  0.2023737E+02  
  0.2023619E+02  
  0.2023502E+02  
  0.2023387E+02  
  0.2023274E+02  
  0.2023163E+02  
  0.2023055E+02  
  0.2022949E+02  
  0.2022848E+02  
  0.2022749E+02  
  0.2022652E+02  
  0.2022559E+02  
  0.2022469E+02  
  0.2022382E+02  
  0.2022298E+02  
  0.2022219E+02  
  0.2022143E+02  
  0.2022072E+02  
  0.2022004E+02  
  0.2021940E+02  
  0.2021879E+02  
  0.2021822E+02  
  0.2021770E+02  
  0.2021723E+02  
  0.2021681E+02  
  0.2021643E+02  
  0.2021610E+02  
  0.2021581E+02  
  0.2021556E+02  
  0.2021534E+02  
  0.2021518E+02  
  0.2021506E+02  
  0.2021498E+02  
  0.2021496E+02  
  0.2021497E+02  
  0.2021503E+02  
  0.2021512E+02  
  0.2021527E+02  
  0.2021547E+02  
  0.2021572E+02  
  0.2021601E+02  
  0.2021635E+02  
  0.2021673E+02  
  0.2021715E+02  
  0.2021762E+02  
  0.2021814E+02  
  0.2021870E+02  
  0.2021931E+02  
  0.2021995E+02  
  0.2022064E+02  
  0.2022138E+02  
  0.2022215E+02  
  0.2022297E+02  
  0.2022382E+02  
  0.2022472E+02  
  0.2022565E+02  
  0.2022662E+02  
  0.2022761E+02  
  0.2022864E+02  
  0.2022970E+02  
  0.2023078E+02  
  0.2023189E+02  
  0.2023302E+02  
  0.2023417E+02  
  0.2023534E+02  
  0.2023653E+02  
  0.2023774E+02  
  0.2023896E+02  
  0.2024019E+02  
  0.2024143E+02  
  0.2024268E+02  
  0.2024394E+02  
  0.2024521E+02  
  0.2024649E+02  
  0.2024777E+02  
  0.2024904E+02  
  0.2025032E+02  
  0.2025160E+02  
  0.2025289E+02  
  0.2025419E+02  
  0.2025546E+02  
  0.2025672E+02  
  0.2025796E+02  
  0.2025920E+02  
  0.2026043E+02  
  0.2026166E+02  
  0.2026287E+02  
  0.2026405E+02  
  0.2026521E+02  
  0.2026634E+02  
  0.2026746E+02  
  0.2026856E+02  
  0.2026965E+02  
  0.2027071E+02  
  0.2027173E+02  
  0.2027271E+02  
  0.2027365E+02  
  0.2027456E+02  
  0.2027545E+02  
  0.2027632E+02  
  0.2027715E+02  
  0.2027793E+02  
  0.2027866E+02  
  0.2027934E+02  
  0.2027998E+02  
  0.2028059E+02  
  0.2028115E+02  
  0.2028166E+02  
  0.2028212E+02  
  0.2028251E+02  
  0.2028286E+02  
  0.2028317E+02  
  0.2028343E+02  
  0.2028364E+02  
  0.2028379E+02  
  0.2028388E+02  
  0.2028392E+02  
  0.2028390E+02  
  0.2028384E+02  
  0.2028374E+02  
  0.2028358E+02  
  0.2028338E+02  
  0.2028312E+02  
  0.2028280E+02  
  0.2028243E+02  
  0.2028202E+02  
  0.2028156E+02  
  0.2028106E+02  
  0.2028050E+02  
  0.2027990E+02  
  0.2027925E+02  
  0.2027855E+02  
  0.2027782E+02  
  0.2027705E+02  
  0.2027623E+02  
  0.2027536E+02  
  0.2027446E+02  
  0.2027352E+02  
  0.2027256E+02  
  0.2027156E+02  
  0.2027052E+02  
  0.2026945E+02  
  0.2026836E+02  
  0.2026723E+02  
  0.2026609E+02  
  0.2026491E+02  
  0.2026372E+02  
  0.2026250E+02  
  0.2026127E+02  
  0.2026002E+02  
  0.2025877E+02  
  0.2025750E+02  
  0.2025623E+02  
  0.2025493E+02  
  0.2025363E+02  
  0.2025233E+02  
  0.2025102E+02  
  0.2024972E+02  
  0.2024841E+02  
  0.2024710E+02  
  0.2024579E+02  
  0.2024449E+02  
  0.2024320E+02  
  0.2024192E+02  
  0.2024066E+02  
  0.2023941E+02  
  0.2023818E+02  
  0.2023697E+02  
  0.2023577E+02  
  0.2023459E+02  
  0.2023344E+02  
  0.2023232E+02  
  0.2023121E+02  
  0.2023014E+02  
  0.2022909E+02  
  0.2022806E+02  
  0.2022705E+02  
  0.2022608E+02  
  0.2022513E+02  
  0.2022422E+02  
  0.2022334E+02  
  0.2022249E+02  
  0.2022168E+02  
  0.2022090E+02  
  0.2022015E+02  
  0.2021945E+02  
  0.2021880E+02  
  0.2021819E+02  
  0.2021762E+02  
  0.2021710E+02  
  0.2021661E+02  
  0.2021618E+02  
  0.2021579E+02  
  0.2021546E+02  
  0.2021517E+02  
  0.2021494E+02  
  0.2021474E+02  
  0.2021460E+02  
  0.2021451E+02  
  0.2021447E+02  
  0.2021449E+02  
  0.2021455E+02  
  0.2021466E+02  
  0.2021482E+02  
  0.2021502E+02  
  0.2021529E+02  
  0.2021560E+02  
  0.2021597E+02  
  0.2021637E+02  
  0.2021682E+02  
  0.2021732E+02  
  0.2021787E+02  
  0.2021846E+02  
  0.2021908E+02  
  0.2021975E+02  
  0.2022045E+02  
  0.2022120E+02  
  0.2022199E+02  
  0.2022282E+02  
  0.2022369E+02  
  0.2022459E+02  
  0.2022553E+02  
  0.2022649E+02  
  0.2022748E+02  
  0.2022851E+02  
  0.2022957E+02  
  0.2023066E+02  
  0.2023178E+02  
  0.2023292E+02  
  0.2023409E+02  
  0.2023527E+02  
  0.2023648E+02  
  0.2023771E+02  
  0.2023895E+02  
  0.2024020E+02  
  0.2024146E+02  
  0.2024273E+02  
  0.2024401E+02  
  0.2024530E+02  
  0.2024660E+02  
  0.2024789E+02  
  0.2024917E+02  
  0.2025046E+02  
  0.2025175E+02  
  0.2025305E+02  
  0.2025435E+02  
  0.2025562E+02  
  0.2025688E+02  
  0.2025812E+02  
  0.2025936E+02  
  0.2026059E+02  
  0.2026180E+02  
  0.2026299E+02  
  0.2026415E+02  
  0.2026529E+02  
  0.2026641E+02  
  0.2026751E+02  
  0.2026859E+02  
  0.2026963E+02  
  0.2027065E+02  
  0.2027163E+02  
  0.2027257E+02  
  0.2027348E+02  
  0.2027436E+02  
  0.2027520E+02  
  0.2027601E+02  
  0.2027677E+02  
  0.2027748E+02  
  0.2027815E+02  
  0.2027877E+02  
  0.2027936E+02  
  0.2027992E+02  
  0.2028043E+02  
  0.2028089E+02  
  0.2028131E+02  
  0.2028167E+02  
  0.2028200E+02  
  0.2028228E+02  
  0.2028253E+02  
  0.2028273E+02  
  0.2028288E+02  
  0.2028298E+02  
  0.2028303E+02  
  0.2028303E+02  
  0.2028299E+02  
  0.2028290E+02  
  0.2028277E+02  
  0.2028259E+02  
  0.2028235E+02  
  0.2028208E+02  
  0.2028175E+02  
  0.2028139E+02  
  0.2028098E+02  
  0.2028052E+02  
  0.2028002E+02  
  0.2027946E+02  
  0.2027886E+02  
  0.2027822E+02  
  0.2027754E+02  
  0.2027683E+02  
  0.2027608E+02  
  0.2027528E+02  
  0.2027445E+02  
  0.2027357E+02  
  0.2027266E+02  
  0.2027173E+02  
  0.2027076E+02  
  0.2026976E+02  
  0.2026873E+02  
  0.2026766E+02  
  0.2026657E+02  
  0.2026546E+02  
  0.2026433E+02  
  0.2026318E+02  
  0.2026199E+02  
  0.2026079E+02  
  0.2025956E+02  
  0.2025832E+02  
  0.2025708E+02  
  0.2025583E+02  
  0.2025458E+02  
  0.2025331E+02  
  0.2025202E+02  
  0.2025071E+02  
  0.2024941E+02  
  0.2024811E+02  
  0.2024682E+02  
  0.2024553E+02  
  0.2024424E+02  
  0.2024295E+02  
  0.2024167E+02  
  0.2024040E+02  
  0.2023914E+02  
  0.2023791E+02  
  0.2023668E+02  
  0.2023548E+02  
  0.2023429E+02  
  0.2023312E+02  
  0.2023198E+02  
  0.2023087E+02  
  0.2022978E+02  
  0.2022872E+02  
  0.2022769E+02  
  0.2022669E+02  
  0.2022573E+02  
  0.2022482E+02  
  0.2022394E+02  
  0.2022309E+02  
  0.2022228E+02  
  0.2022150E+02  
  0.2022076E+02  
  0.2022006E+02  
  0.2021940E+02  
  0.2021878E+02  
  0.2021820E+02  
  0.2021765E+02  
  0.2021715E+02  
  0.2021669E+02  
  0.2021628E+02  
  0.2021591E+02  
  0.2021558E+02  
  0.2021530E+02  
  0.2021506E+02  
  0.2021487E+02  
  0.2021473E+02  
  0.2021464E+02  
  0.2021460E+02  
  0.2021461E+02  
  0.2021467E+02  
  0.2021477E+02  
  0.2021493E+02  
  0.2021514E+02  
  0.2021540E+02  
  0.2021571E+02  
  0.2021606E+02  
  0.2021645E+02  
  0.2021688E+02  
  0.2021735E+02  
  0.2021787E+02  
  0.2021844E+02  
  0.2021905E+02  
  0.2021971E+02  
  0.2022041E+02  
  0.2022115E+02  
  0.2022192E+02  
  0.2022274E+02  
  0.2022360E+02  
  0.2022450E+02  
  0.2022545E+02  
  0.2022642E+02  
  0.2022742E+02  
  0.2022845E+02  
  0.2022951E+02  
  0.2023061E+02  
  0.2023173E+02  
  0.2023289E+02  
  0.2023406E+02  
  0.2023525E+02  
  0.2023645E+02  
  0.2023767E+02  
  0.2023892E+02  
