      0.7723370E+02 
      0.7723379E+02 
      0.7723444E+02 
      0.7723575E+02 
      0.7723735E+02 
      0.7723873E+02 
      0.7723956E+02 
      0.7723988E+02 
      0.7724006E+02 
      0.7724052E+02 
      0.7724138E+02 
      0.7724251E+02 
      0.7724368E+02 
      0.7724469E+02 
      0.7724542E+02 
      0.7724592E+02 
      0.7724634E+02 
      0.7724682E+02 
      0.7724742E+02 
      0.7724814E+02 
      0.7724894E+02 
      0.7724975E+02 
      0.7725050E+02 
      0.7725110E+02 
      0.7725150E+02 
      0.7725174E+02 
      0.7725199E+02 
      0.7725238E+02 
      0.7725297E+02 
      0.7725364E+02 
      0.7725425E+02 
      0.7725467E+02 
      0.7725487E+02 
      0.7725491E+02 
      0.7725493E+02 
      0.7725505E+02 
      0.7725536E+02 
      0.7725579E+02 
      0.7725618E+02 
      0.7725638E+02 
      0.7725635E+02 
      0.7725616E+02 
      0.7725597E+02 
      0.7725588E+02 
      0.7725591E+02 
      0.7725600E+02 
      0.7725607E+02 
      0.7725602E+02 
      0.7725581E+02 
      0.7725546E+02 
      0.7725505E+02 
      0.7725468E+02 
      0.7725440E+02 
      0.7725421E+02 
      0.7725401E+02 
      0.7725373E+02 
      0.7725332E+02 
      0.7725278E+02 
      0.7725217E+02 
      0.7725159E+02 
      0.7725107E+02 
      0.7725061E+02 
      0.7725017E+02 
      0.7724968E+02 
      0.7724909E+02 
      0.7724841E+02 
      0.7724766E+02 
      0.7724691E+02 
      0.7724619E+02 
      0.7724552E+02 
      0.7724488E+02 
      0.7724422E+02 
      0.7724352E+02 
      0.7724275E+02 
      0.7724191E+02 
      0.7724103E+02 
      0.7724016E+02 
      0.7723936E+02 
      0.7723862E+02 
      0.7723789E+02 
      0.7723713E+02 
      0.7723629E+02 
      0.7723539E+02 
      0.7723447E+02 
      0.7723358E+02 
      0.7723274E+02 
      0.7723197E+02 
      0.7723122E+02 
      0.7723045E+02 
      0.7722964E+02 
      0.7722878E+02 
      0.7722790E+02 
      0.7722705E+02 
      0.7722626E+02 
      0.7722552E+02 
      0.7722480E+02 
      0.7722409E+02 
      0.7722336E+02 
      0.7722262E+02 
      0.7722187E+02 
      0.7722114E+02 
      0.7722044E+02 
      0.7721979E+02 
      0.7721919E+02 
      0.7721862E+02 
      0.7721806E+02 
      0.7721750E+02 
      0.7721692E+02 
      0.7721635E+02 
      0.7721582E+02 
      0.7721535E+02 
      0.7721494E+02 
      0.7721457E+02 
      0.7721422E+02 
      0.7721386E+02 
      0.7721351E+02 
      0.7721316E+02 
      0.7721285E+02 
      0.7721260E+02 
      0.7721242E+02 
      0.7721229E+02 
      0.7721217E+02 
      0.7721205E+02 
      0.7721193E+02 
      0.7721183E+02 
      0.7721178E+02 
      0.7721178E+02 
      0.7721183E+02 
      0.7721193E+02 
      0.7721206E+02 
      0.7721220E+02 
      0.7721234E+02 
      0.7721249E+02 
      0.7721269E+02 
      0.7721293E+02 
      0.7721323E+02 
      0.7721357E+02 
      0.7721394E+02 
      0.7721432E+02 
      0.7721472E+02 
      0.7721511E+02 
      0.7721553E+02 
      0.7721599E+02 
      0.7721649E+02 
      0.7721705E+02 
      0.7721763E+02 
      0.7721822E+02 
      0.7721881E+02 
      0.7721941E+02 
      0.7722002E+02 
      0.7722066E+02 
      0.7722134E+02 
      0.7722204E+02 
      0.7722278E+02 
      0.7722352E+02 
      0.7722428E+02 
      0.7722502E+02 
      0.7722576E+02 
      0.7722652E+02 
      0.7722729E+02 
      0.7722810E+02 
      0.7722894E+02 
      0.7722978E+02 
      0.7723063E+02 
      0.7723145E+02 
      0.7723225E+02 
      0.7723305E+02 
      0.7723386E+02 
      0.7723469E+02 
      0.7723556E+02 
      0.7723643E+02 
      0.7723728E+02 
      0.7723809E+02 
      0.7723887E+02 
      0.7723964E+02 
      0.7724042E+02 
      0.7724122E+02 
      0.7724203E+02 
      0.7724283E+02 
      0.7724360E+02 
      0.7724434E+02 
      0.7724504E+02 
      0.7724573E+02 
      0.7724641E+02 
      0.7724709E+02 
      0.7724776E+02 
      0.7724841E+02 
      0.7724906E+02 
      0.7724968E+02 
      0.7725025E+02 
      0.7725077E+02 
      0.7725126E+02 
      0.7725175E+02 
      0.7725224E+02 
      0.7725272E+02 
      0.7725318E+02 
      0.7725358E+02 
      0.7725394E+02 
      0.7725426E+02 
      0.7725455E+02 
      0.7725481E+02 
      0.7725507E+02 
      0.7725532E+02 
      0.7725554E+02 
      0.7725571E+02 
      0.7725582E+02 
      0.7725590E+02 
      0.7725595E+02 
      0.7725598E+02 
      0.7725600E+02 
      0.7725600E+02 
      0.7725596E+02 
      0.7725587E+02 
      0.7725574E+02 
      0.7725557E+02 
      0.7725538E+02 
      0.7725516E+02 
      0.7725492E+02 
      0.7725466E+02 
      0.7725438E+02 
      0.7725406E+02 
      0.7725370E+02 
      0.7725329E+02 
      0.7725285E+02 
      0.7725239E+02 
      0.7725193E+02 
      0.7725145E+02 
      0.7725095E+02 
      0.7725043E+02 
      0.7724985E+02 
      0.7724924E+02 
      0.7724860E+02 
      0.7724796E+02 
      0.7724732E+02 
      0.7724667E+02 
      0.7724599E+02 
      0.7724529E+02 
      0.7724455E+02 
      0.7724381E+02 
      0.7724304E+02 
      0.7724227E+02 
      0.7724149E+02 
      0.7724071E+02 
      0.7723992E+02 
      0.7723913E+02 
      0.7723832E+02 
      0.7723750E+02 
      0.7723665E+02 
      0.7723581E+02 
      0.7723497E+02 
      0.7723415E+02 
      0.7723334E+02 
      0.7723252E+02 
      0.7723169E+02 
      0.7723084E+02 
      0.7722999E+02 
      0.7722915E+02 
      0.7722834E+02 
      0.7722755E+02 
      0.7722678E+02 
      0.7722601E+02 
      0.7722524E+02 
      0.7722446E+02 
      0.7722368E+02 
      0.7722292E+02 
      0.7722221E+02 
      0.7722152E+02 
      0.7722086E+02 
      0.7722021E+02 
      0.7721957E+02 
      0.7721892E+02 
      0.7721829E+02 
      0.7721769E+02 
      0.7721712E+02 
      0.7721659E+02 
      0.7721610E+02 
      0.7721564E+02 
      0.7721518E+02 
      0.7721474E+02 
      0.7721430E+02 
      0.7721389E+02 
      0.7721352E+02 
      0.7721320E+02 
      0.7721293E+02 
      0.7721270E+02 
      0.7721248E+02 
      0.7721227E+02 
      0.7721208E+02 
      0.7721191E+02 
      0.7721177E+02 
      0.7721169E+02 
      0.7721165E+02 
      0.7721166E+02 
      0.7721170E+02 
      0.7721176E+02 
      0.7721182E+02 
      0.7721190E+02 
      0.7721200E+02 
      0.7721216E+02 
      0.7721237E+02 
      0.7721263E+02 
      0.7721292E+02 
      0.7721323E+02 
      0.7721355E+02 
      0.7721387E+02 
      0.7721420E+02 
      0.7721458E+02 
      0.7721502E+02 
      0.7721551E+02 
      0.7721604E+02 
      0.7721657E+02 
      0.7721710E+02 
      0.7721763E+02 
      0.7721818E+02 
      0.7721876E+02 
      0.7721939E+02 
      0.7722006E+02 
      0.7722076E+02 
      0.7722146E+02 
      0.7722217E+02 
      0.7722287E+02 
      0.7722358E+02 
      0.7722431E+02 
      0.7722506E+02 
      0.7722584E+02 
      0.7722665E+02 
      0.7722747E+02 
      0.7722829E+02 
      0.7722910E+02 
      0.7722990E+02 
      0.7723070E+02 
      0.7723151E+02 
      0.7723235E+02 
      0.7723320E+02 
      0.7723406E+02 
      0.7723491E+02 
      0.7723574E+02 
      0.7723656E+02 
      0.7723736E+02 
      0.7723817E+02 
      0.7723899E+02 
      0.7723981E+02 
      0.7724064E+02 
      0.7724144E+02 
      0.7724221E+02 
      0.7724297E+02 
      0.7724371E+02 
      0.7724444E+02 
      0.7724517E+02 
      0.7724589E+02 
      0.7724660E+02 
      0.7724729E+02 
      0.7724795E+02 
      0.7724858E+02 
      0.7724918E+02 
      0.7724975E+02 
      0.7725032E+02 
      0.7725087E+02 
      0.7725141E+02 
      0.7725193E+02 
      0.7725241E+02 
      0.7725286E+02 
      0.7725326E+02 
      0.7725364E+02 
      0.7725399E+02 
      0.7725433E+02 
      0.7725465E+02 
      0.7725494E+02 
      0.7725520E+02 
      0.7725541E+02 
      0.7725559E+02 
      0.7725574E+02 
      0.7725586E+02 
      0.7725595E+02 
      0.7725601E+02 
      0.7725605E+02 
      0.7725606E+02 
      0.7725603E+02 
      0.7725596E+02 
      0.7725585E+02 
      0.7725572E+02 
      0.7725557E+02 
      0.7725540E+02 
      0.7725519E+02 
      0.7725494E+02 
      0.7725465E+02 
      0.7725433E+02 
      0.7725400E+02 
      0.7725364E+02 
      0.7725325E+02 
      0.7725284E+02 
      0.7725239E+02 
      0.7725190E+02 
      0.7725140E+02 
      0.7725087E+02 
      0.7725033E+02 
      0.7724977E+02 
      0.7724917E+02 
      0.7724855E+02 
      0.7724791E+02 
      0.7724725E+02 
      0.7724658E+02 
      0.7724589E+02 
      0.7724518E+02 
      0.7724445E+02 
      0.7724371E+02 
      0.7724295E+02 
      0.7724218E+02 
      0.7724140E+02 
      0.7724062E+02 
      0.7723982E+02 
      0.7723901E+02 
      0.7723819E+02 
      0.7723736E+02 
      0.7723653E+02 
      0.7723570E+02 
      0.7723486E+02 
      0.7723403E+02 
      0.7723320E+02 
      0.7723237E+02 
      0.7723153E+02 
      0.7723069E+02 
      0.7722986E+02 
      0.7722904E+02 
      0.7722823E+02 
      0.7722744E+02 
      0.7722665E+02 
      0.7722586E+02 
      0.7722507E+02 
      0.7722430E+02 
      0.7722356E+02 
      0.7722283E+02 
      0.7722212E+02 
      0.7722143E+02 
      0.7722074E+02 
      0.7722007E+02 
      0.7721941E+02 
      0.7721878E+02 
      0.7721819E+02 
      0.7721762E+02 
      0.7721707E+02 
      0.7721654E+02 
      0.7721601E+02 
      0.7721551E+02 
      0.7721504E+02 
      0.7721461E+02 
      0.7721422E+02 
      0.7721385E+02 
      0.7721351E+02 
      0.7721319E+02 
      0.7721289E+02 
      0.7721261E+02 
      0.7721237E+02 
      0.7721217E+02 
      0.7721201E+02 
      0.7721189E+02 
      0.7721178E+02 
      0.7721170E+02 
      0.7721166E+02 
      0.7721164E+02 
      0.7721166E+02 
      0.7721170E+02 
      0.7721178E+02 
      0.7721189E+02 
      0.7721204E+02 
      0.7721223E+02 
      0.7721246E+02 
      0.7721269E+02 
      0.7721295E+02 
      0.7721322E+02 
      0.7721353E+02 
      0.7721388E+02 
      0.7721428E+02 
      0.7721472E+02 
      0.7721518E+02 
      0.7721565E+02 
      0.7721612E+02 
      0.7721661E+02 
      0.7721714E+02 
      0.7721770E+02 
      0.7721830E+02 
      0.7721893E+02 
      0.7721958E+02 
      0.7722023E+02 
      0.7722089E+02 
      0.7722157E+02 
      0.7722227E+02 
      0.7722299E+02 
      0.7722374E+02 
      0.7722450E+02 
      0.7722527E+02 
      0.7722606E+02 
      0.7722685E+02 
      0.7722764E+02 
      0.7722844E+02 
      0.7722926E+02 
      0.7723009E+02 
      0.7723092E+02 
      0.7723175E+02 
      0.7723259E+02 
      0.7723343E+02 
      0.7723427E+02 
      0.7723512E+02 
      0.7723596E+02 
      0.7723679E+02 
      0.7723761E+02 
      0.7723843E+02 
      0.7723925E+02 
      0.7724007E+02 
      0.7724088E+02 
      0.7724168E+02 
      0.7724246E+02 
      0.7724322E+02 
      0.7724397E+02 
      0.7724471E+02 
      0.7724543E+02 
      0.7724615E+02 
      0.7724685E+02 
      0.7724754E+02 
      0.7724819E+02 
      0.7724882E+02 
      0.7724942E+02 
      0.7725000E+02 
      0.7725057E+02 
      0.7725113E+02 
      0.7725166E+02 
      0.7725216E+02 
      0.7725263E+02 
      0.7725307E+02 
      0.7725348E+02 
      0.7725387E+02 
      0.7725422E+02 
      0.7725455E+02 
      0.7725486E+02 
      0.7725514E+02 
      0.7725539E+02 
      0.7725561E+02 
      0.7725579E+02 
      0.7725594E+02 
      0.7725605E+02 
      0.7725612E+02 
      0.7725617E+02 
      0.7725621E+02 
      0.7725622E+02 
      0.7725619E+02 
      0.7725613E+02 
      0.7725602E+02 
      0.7725587E+02 
      0.7725568E+02 
      0.7725548E+02 
      0.7725526E+02 
      0.7725503E+02 
      0.7725477E+02 
      0.7725446E+02 
      0.7725410E+02 
      0.7725370E+02 
      0.7725328E+02 
      0.7725284E+02 
      0.7725240E+02 
      0.7725194E+02 
      0.7725145E+02 
      0.7725093E+02 
      0.7725036E+02 
      0.7724975E+02 
      0.7724913E+02 
      0.7724850E+02 
      0.7724786E+02 
      0.7724722E+02 
      0.7724655E+02 
      0.7724585E+02 
      0.7724512E+02 
      0.7724436E+02 
      0.7724359E+02 
      0.7724282E+02 
      0.7724205E+02 
      0.7724127E+02 
      0.7724049E+02 
      0.7723969E+02 
      0.7723886E+02 
      0.7723802E+02 
      0.7723717E+02 
      0.7723633E+02 
      0.7723550E+02 
      0.7723467E+02 
      0.7723384E+02 
      0.7723300E+02 
      0.7723216E+02 
      0.7723131E+02 
      0.7723045E+02 
      0.7722961E+02 
      0.7722879E+02 
      0.7722798E+02 
      0.7722718E+02 
      0.7722638E+02 
      0.7722558E+02 
      0.7722480E+02 
      0.7722402E+02 
      0.7722327E+02 
      0.7722254E+02 
      0.7722182E+02 
      0.7722113E+02 
      0.7722043E+02 
      0.7721975E+02 
      0.7721909E+02 
      0.7721846E+02 
      0.7721787E+02 
      0.7721730E+02 
      0.7721675E+02 
      0.7721621E+02 
      0.7721569E+02 
      0.7721519E+02 
      0.7721472E+02 
      0.7721429E+02 
      0.7721390E+02 
      0.7721354E+02 
      0.7721320E+02 
      0.7721288E+02 
      0.7721257E+02 
      0.7721229E+02 
      0.7721205E+02 
      0.7721186E+02 
      0.7721171E+02 
      0.7721159E+02 
      0.7721150E+02 
      0.7721142E+02 
      0.7721136E+02 
      0.7721133E+02 
      0.7721134E+02 
      0.7721140E+02 
      0.7721151E+02 
      0.7721165E+02 
      0.7721181E+02 
      0.7721199E+02 
      0.7721219E+02 
      0.7721241E+02 
      0.7721265E+02 
      0.7721295E+02 
      0.7721329E+02 
      0.7721368E+02 
      0.7721411E+02 
      0.7721453E+02 
      0.7721496E+02 
      0.7721540E+02 
      0.7721587E+02 
      0.7721638E+02 
      0.7721694E+02 
      0.7721754E+02 
      0.7721817E+02 
      0.7721880E+02 
      0.7721942E+02 
      0.7722005E+02 
      0.7722069E+02 
      0.7722137E+02 
      0.7722210E+02 
      0.7722286E+02 
      0.7722364E+02 
      0.7722441E+02 
      0.7722517E+02 
      0.7722593E+02 
      0.7722670E+02 
      0.7722750E+02 
      0.7722832E+02 
      0.7722917E+02 
      0.7723002E+02 
      0.7723086E+02 
      0.7723169E+02 
      0.7723252E+02 
      0.7723335E+02 
      0.7723418E+02 
      0.7723503E+02 
      0.7723588E+02 
      0.7723674E+02 
      0.7723758E+02 
      0.7723840E+02 
      0.7723921E+02 
      0.7724001E+02 
      0.7724081E+02 
      0.7724161E+02 
      0.7724240E+02 
      0.7724319E+02 
      0.7724396E+02 
      0.7724471E+02 
      0.7724542E+02 
      0.7724612E+02 
      0.7724680E+02 
      0.7724749E+02 
      0.7724816E+02 
      0.7724882E+02 
      0.7724944E+02 
      0.7725003E+02 
      0.7725059E+02 
      0.7725111E+02 
      0.7725163E+02 
      0.7725213E+02 
      0.7725263E+02 
      0.7725310E+02 
      0.7725352E+02 
      0.7725389E+02 
      0.7725423E+02 
      0.7725454E+02 
      0.7725483E+02 
      0.7725512E+02 
      0.7725539E+02 
      0.7725563E+02 
      0.7725582E+02 
      0.7725595E+02 
      0.7725604E+02 
      0.7725610E+02 
      0.7725615E+02 
      0.7725619E+02 
      0.7725622E+02 
      0.7725620E+02 
      0.7725614E+02 
      0.7725602E+02 
      0.7725586E+02 
      0.7725567E+02 
      0.7725546E+02 
      0.7725525E+02 
      0.7725502E+02 
      0.7725476E+02 
      0.7725446E+02 
      0.7725410E+02 
      0.7725370E+02 
      0.7725327E+02 
      0.7725283E+02 
      0.7725238E+02 
      0.7725192E+02 
      0.7725144E+02 
      0.7725091E+02 
      0.7725035E+02 
      0.7724976E+02 
      0.7724913E+02 
      0.7724849E+02 
      0.7724784E+02 
      0.7724719E+02 
      0.7724653E+02 
      0.7724585E+02 
      0.7724513E+02 
      0.7724439E+02 
      0.7724361E+02 
      0.7724282E+02 
      0.7724204E+02 
      0.7724126E+02 
      0.7724050E+02 
      0.7723972E+02 
      0.7723891E+02 
      0.7723807E+02 
      0.7723720E+02 
      0.7723634E+02 
      0.7723550E+02 
      0.7723469E+02 
      0.7723389E+02 
      0.7723307E+02 
      0.7723223E+02 
      0.7723137E+02 
      0.7723051E+02 
      0.7722967E+02 
      0.7722885E+02 
      0.7722805E+02 
      0.7722727E+02 
      0.7722649E+02 
      0.7722571E+02 
      0.7722493E+02 
      0.7722415E+02 
      0.7722340E+02 
      0.7722266E+02 
      0.7722194E+02 
      0.7722126E+02 
      0.7722059E+02 
      0.7721995E+02 
      0.7721931E+02 
      0.7721868E+02 
      0.7721807E+02 
      0.7721747E+02 
      0.7721692E+02 
      0.7721640E+02 
      0.7721593E+02 
      0.7721547E+02 
      0.7721502E+02 
      0.7721458E+02 
      0.7721416E+02 
      0.7721378E+02 
      0.7721344E+02 
      0.7721314E+02 
      0.7721289E+02 
      0.7721265E+02 
      0.7721243E+02 
      0.7721222E+02 
      0.7721205E+02 
      0.7721191E+02 
      0.7721182E+02 
      0.7721176E+02 
      0.7721174E+02 
      0.7721175E+02 
      0.7721178E+02 
      0.7721184E+02 
      0.7721192E+02 
      0.7721202E+02 
      0.7721218E+02 
      0.7721237E+02 
      0.7721260E+02 
      0.7721287E+02 
      0.7721316E+02 
      0.7721346E+02 
      0.7721378E+02 
      0.7721413E+02 
      0.7721450E+02 
      0.7721493E+02 
      0.7721539E+02 
      0.7721589E+02 
      0.7721640E+02 
      0.7721693E+02 
      0.7721746E+02 
      0.7721801E+02 
      0.7721859E+02 
      0.7721921E+02 
      0.7721987E+02 
      0.7722055E+02 
      0.7722125E+02 
      0.7722194E+02 
      0.7722264E+02 
      0.7722335E+02 
      0.7722408E+02 
      0.7722484E+02 
      0.7722564E+02 
      0.7722644E+02 
      0.7722725E+02 
      0.7722804E+02 
      0.7722884E+02 
      0.7722964E+02 
      0.7723045E+02 
      0.7723129E+02 
      0.7723215E+02 
      0.7723301E+02 
      0.7723385E+02 
      0.7723468E+02 
      0.7723550E+02 
      0.7723632E+02 
      0.7723716E+02 
      0.7723799E+02 
      0.7723882E+02 
      0.7723965E+02 
      0.7724047E+02 
      0.7724126E+02 
      0.7724205E+02 
      0.7724282E+02 
      0.7724357E+02 
      0.7724431E+02 
      0.7724505E+02 
      0.7724578E+02 
      0.7724650E+02 
      0.7724720E+02 
      0.7724786E+02 
      0.7724849E+02 
      0.7724910E+02 
      0.7724970E+02 
      0.7725029E+02 
      0.7725087E+02 
      0.7725142E+02 
      0.7725193E+02 
      0.7725241E+02 
      0.7725285E+02 
      0.7725328E+02 
      0.7725368E+02 
      0.7725406E+02 
      0.7725442E+02 
      0.7725475E+02 
      0.7725504E+02 
      0.7725530E+02 
      0.7725552E+02 
      0.7725571E+02 
      0.7725588E+02 
      0.7725602E+02 
      0.7725613E+02 
      0.7725621E+02 
      0.7725625E+02 
      0.7725626E+02 
      0.7725624E+02 
      0.7725619E+02 
      0.7725611E+02 
      0.7725599E+02 
      0.7725585E+02 
      0.7725567E+02 
      0.7725546E+02 
      0.7725522E+02 
      0.7725495E+02 
      0.7725465E+02 
      0.7725432E+02 
      0.7725397E+02 
      0.7725358E+02 
      0.7725317E+02 
      0.7725273E+02 
      0.7725225E+02 
      0.7725175E+02 
      0.7725123E+02 
      0.7725069E+02 
      0.7725013E+02 
      0.7724954E+02 
      0.7724893E+02 
      0.7724828E+02 
      0.7724762E+02 
      0.7724694E+02 
      0.7724625E+02 
      0.7724555E+02 
      0.7724483E+02 
      0.7724409E+02 
      0.7724331E+02 
      0.7724253E+02 
      0.7724175E+02 
      0.7724096E+02 
      0.7724017E+02 
      0.7723936E+02 
      0.7723853E+02 
      0.7723769E+02 
      0.7723686E+02 
      0.7723602E+02 
      0.7723518E+02 
      0.7723434E+02 
      0.7723350E+02 
      0.7723265E+02 
      0.7723181E+02 
      0.7723097E+02 
      0.7723013E+02 
      0.7722931E+02 
      0.7722849E+02 
      0.7722767E+02 
      0.7722686E+02 
      0.7722606E+02 
      0.7722527E+02 
      0.7722451E+02 
      0.7722375E+02 
      0.7722300E+02 
      0.7722226E+02 
      0.7722155E+02 
      0.7722085E+02 
      0.7722018E+02 
      0.7721953E+02 
      0.7721889E+02 
      0.7721826E+02 
      0.7721765E+02 
      0.7721708E+02 
      0.7721654E+02 
      0.7721603E+02 
      0.7721554E+02 
      0.7721507E+02 
      0.7721461E+02 
      0.7721418E+02 
      0.7721378E+02 
      0.7721342E+02 
      0.7721309E+02 
      0.7721280E+02 
      0.7721254E+02 
      0.7721230E+02 
      0.7721208E+02 
      0.7721188E+02 
      0.7721172E+02 
      0.7721160E+02 
      0.7721151E+02 
      0.7721146E+02 
      0.7721145E+02 
      0.7721146E+02 
      0.7721151E+02 
      0.7721157E+02 
      0.7721165E+02 
      0.7721176E+02 
      0.7721192E+02 
      0.7721214E+02 
      0.7721239E+02 
      0.7721266E+02 
      0.7721294E+02 
      0.7721323E+02 
      0.7721356E+02 
      0.7721392E+02 
      0.7721433E+02 
      0.7721477E+02 
      0.7721525E+02 
      0.7721575E+02 
      0.7721626E+02 
      0.7721677E+02 
      0.7721731E+02 
      0.7721787E+02 
      0.7721848E+02 
      0.7721914E+02 
      0.7721981E+02 
      0.7722049E+02 
      0.7722117E+02 
      0.7722185E+02 
      0.7722255E+02 
      0.7722328E+02 
      0.7722404E+02 
      0.7722482E+02 
      0.7722561E+02 
      0.7722641E+02 
      0.7722722E+02 
      0.7722803E+02 
      0.7722883E+02 
      0.7722964E+02 
      0.7723046E+02 
      0.7723130E+02 
      0.7723215E+02 
      0.7723302E+02 
      0.7723388E+02 
      0.7723472E+02 
      0.7723555E+02 
      0.7723637E+02 
      0.7723719E+02 
      0.7723802E+02 
      0.7723886E+02 
      0.7723970E+02 
      0.7724053E+02 
      0.7724133E+02 
      0.7724211E+02 
      0.7724287E+02 
      0.7724362E+02 
      0.7724436E+02 
      0.7724510E+02 
      0.7724584E+02 
      0.7724657E+02 
      0.7724726E+02 
      0.7724792E+02 
      0.7724854E+02 
      0.7724915E+02 
      0.7724975E+02 
      0.7725033E+02 
      0.7725091E+02 
      0.7725146E+02 
      0.7725199E+02 
      0.7725248E+02 
      0.7725292E+02 
      0.7725332E+02 
      0.7725369E+02 
      0.7725407E+02 
      0.7725443E+02 
      0.7725478E+02 
      0.7725508E+02 
      0.7725533E+02 
      0.7725553E+02 
      0.7725571E+02 
      0.7725586E+02 
      0.7725598E+02 
      0.7725609E+02 
      0.7725617E+02 
      0.7725622E+02 
      0.7725623E+02 
      0.7725621E+02 
      0.7725614E+02 
      0.7725603E+02 
      0.7725590E+02 
      0.7725574E+02 
      0.7725556E+02 
      0.7725537E+02 
      0.7725513E+02 
      0.7725486E+02 
      0.7725454E+02 
      0.7725418E+02 
      0.7725381E+02 
      0.7725342E+02 
      0.7725301E+02 
      0.7725257E+02 
      0.7725210E+02 
      0.7725160E+02 
      0.7725107E+02 
      0.7725050E+02 
      0.7724992E+02 
      0.7724933E+02 
      0.7724871E+02 
      0.7724808E+02 
      0.7724742E+02 
      0.7724673E+02 
      0.7724603E+02 
      0.7724531E+02 
      0.7724457E+02 
      0.7724382E+02 
      0.7724305E+02 
      0.7724227E+02 
      0.7724149E+02 
      0.7724070E+02 
      0.7723990E+02 
      0.7723909E+02 
      0.7723825E+02 
      0.7723741E+02 
      0.7723656E+02 
      0.7723572E+02 
      0.7723488E+02 
      0.7723406E+02 
      0.7723322E+02 
      0.7723238E+02 
      0.7723152E+02 
      0.7723066E+02 
      0.7722982E+02 
      0.7722900E+02 
      0.7722819E+02 
      0.7722738E+02 
      0.7722657E+02 
      0.7722577E+02 
      0.7722499E+02 
      0.7722422E+02 
      0.7722345E+02 
      0.7722270E+02 
      0.7722197E+02 
      0.7722127E+02 
      0.7722058E+02 
      0.7721992E+02 
      0.7721927E+02 
      0.7721863E+02 
      0.7721801E+02 
      0.7721740E+02 
      0.7721683E+02 
      0.7721630E+02 
      0.7721580E+02 
      0.7721532E+02 
      0.7721486E+02 
      0.7721441E+02 
      0.7721398E+02 
      0.7721357E+02 
      0.7721322E+02 
      0.7721291E+02 
      0.7721264E+02 
      0.7721239E+02 
      0.7721215E+02 
      0.7721192E+02 
      0.7721173E+02 
      0.7721157E+02 
      0.7721146E+02 
      0.7721140E+02 
      0.7721137E+02 
      0.7721137E+02 
      0.7721139E+02 
      0.7721142E+02 
      0.7721148E+02 
      0.7721158E+02 
      0.7721172E+02 
      0.7721190E+02 
      0.7721212E+02 
      0.7721237E+02 
      0.7721265E+02 
      0.7721294E+02 
      0.7721326E+02 
      0.7721360E+02 
      0.7721397E+02 
      0.7721438E+02 
      0.7721483E+02 
      0.7721531E+02 
      0.7721581E+02 
      0.7721633E+02 
      0.7721687E+02 
      0.7721743E+02 
      0.7721801E+02 
      0.7721861E+02 
      0.7721924E+02 
      0.7721991E+02 
      0.7722061E+02 
      0.7722132E+02 
      0.7722203E+02 
      0.7722274E+02 
      0.7722347E+02 
      0.7722421E+02 
      0.7722499E+02 
      0.7722580E+02 
      0.7722661E+02 
      0.7722742E+02 
      0.7722823E+02 
      0.7722905E+02 
      0.7722987E+02 
      0.7723070E+02 
      0.7723154E+02 
      0.7723239E+02 
      0.7723325E+02 
      0.7723410E+02 
      0.7723496E+02 
      0.7723580E+02 
      0.7723663E+02 
      0.7723746E+02 
      0.7723828E+02 
      0.7723911E+02 
      0.7723995E+02 
      0.7724078E+02 
      0.7724159E+02 
      0.7724238E+02 
      0.7724315E+02 
      0.7724389E+02 
      0.7724462E+02 
      0.7724536E+02 
      0.7724610E+02 
      0.7724682E+02 
      0.7724753E+02 
      0.7724819E+02 
      0.7724882E+02 
      0.7724942E+02 
      0.7725000E+02 
      0.7725057E+02 
      0.7725113E+02 
      0.7725168E+02 
      0.7725221E+02 
      0.7725270E+02 
      0.7725314E+02 
      0.7725353E+02 
      0.7725390E+02 
      0.7725426E+02 
      0.7725461E+02 
      0.7725495E+02 
      0.7725525E+02 
      0.7725550E+02 
      0.7725571E+02 
      0.7725587E+02 
      0.7725601E+02 
      0.7725612E+02 
      0.7725623E+02 
      0.7725631E+02 
      0.7725636E+02 
      0.7725637E+02 
      0.7725632E+02 
      0.7725623E+02 
      0.7725611E+02 
      0.7725597E+02 
      0.7725581E+02 
      0.7725564E+02 
      0.7725543E+02 
      0.7725518E+02 
      0.7725489E+02 
      0.7725457E+02 
      0.7725422E+02 
      0.7725383E+02 
      0.7725342E+02 
      0.7725299E+02 
      0.7725255E+02 
      0.7725208E+02 
      0.7725159E+02 
      0.7725105E+02 
      0.7725047E+02 
      0.7724987E+02 
      0.7724925E+02 
      0.7724863E+02 
      0.7724800E+02 
      0.7724736E+02 
      0.7724668E+02 
      0.7724597E+02 
      0.7724522E+02 
      0.7724446E+02 
      0.7724370E+02 
      0.7724294E+02 
      0.7724218E+02 
      0.7724140E+02 
      0.7724060E+02 
      0.7723978E+02 
      0.7723894E+02 
      0.7723810E+02 
      0.7723726E+02 
      0.7723642E+02 
      0.7723559E+02 
      0.7723475E+02 
      0.7723391E+02 
      0.7723306E+02 
      0.7723221E+02 
      0.7723135E+02 
      0.7723050E+02 
      0.7722967E+02 
      0.7722884E+02 
      0.7722803E+02 
      0.7722723E+02 
      0.7722643E+02 
      0.7722563E+02 
      0.7722483E+02 
      0.7722405E+02 
      0.7722328E+02 
      0.7722254E+02 
      0.7722183E+02 
      0.7722114E+02 
      0.7722045E+02 
      0.7721977E+02 
      0.7721910E+02 
      0.7721846E+02 
      0.7721785E+02 
      0.7721727E+02 
      0.7721672E+02 
      0.7721618E+02 
      0.7721567E+02 
      0.7721518E+02 
      0.7721471E+02 
      0.7721427E+02 
      0.7721386E+02 
      0.7721348E+02 
      0.7721314E+02 
      0.7721282E+02 
      0.7721254E+02 
      0.7721227E+02 
      0.7721204E+02 
      0.7721183E+02 
      0.7721166E+02 
      0.7721152E+02 
      0.7721142E+02 
      0.7721135E+02 
      0.7721131E+02 
      0.7721130E+02 
      0.7721132E+02 
      0.7721136E+02 
      0.7721144E+02 
      0.7721155E+02 
      0.7721170E+02 
      0.7721189E+02 
      0.7721211E+02 
      0.7721236E+02 
      0.7721262E+02 
      0.7721291E+02 
      0.7721323E+02 
      0.7721359E+02 
      0.7721398E+02 
      0.7721440E+02 
      0.7721485E+02 
      0.7721533E+02 
      0.7721583E+02 
      0.7721635E+02 
      0.7721689E+02 
      0.7721745E+02 
      0.7721803E+02 
      0.7721865E+02 
      0.7721931E+02 
      0.7721998E+02 
      0.7722065E+02 
      0.7722134E+02 
      0.7722204E+02 
      0.7722277E+02 
      0.7722352E+02 
      0.7722427E+02 
      0.7722505E+02 
      0.7722584E+02 
      0.7722665E+02 
      0.7722746E+02 
      0.7722827E+02 
      0.7722908E+02 
      0.7722990E+02 
      0.7723073E+02 
      0.7723157E+02 
      0.7723242E+02 
      0.7723327E+02 
      0.7723412E+02 
      0.7723497E+02 
      0.7723581E+02 
      0.7723664E+02 
      0.7723746E+02 
      0.7723828E+02 
      0.7723911E+02 
      0.7723993E+02 
      0.7724075E+02 
      0.7724154E+02 
      0.7724232E+02 
      0.7724309E+02 
      0.7724384E+02 
      0.7724458E+02 
      0.7724531E+02 
      0.7724602E+02 
      0.7724672E+02 
      0.7724740E+02 
      0.7724806E+02 
      0.7724869E+02 
      0.7724931E+02 
      0.7724990E+02 
      0.7725046E+02 
      0.7725100E+02 
      0.7725152E+02 
      0.7725202E+02 
      0.7725250E+02 
      0.7725295E+02 
      0.7725336E+02 
      0.7725373E+02 
      0.7725408E+02 
      0.7725441E+02 
      0.7725471E+02 
      0.7725498E+02 
      0.7725523E+02 
      0.7725544E+02 
      0.7725562E+02 
      0.7725576E+02 
      0.7725587E+02 
      0.7725594E+02 
      0.7725599E+02 
      0.7725601E+02 
      0.7725601E+02 
      0.7725598E+02 
      0.7725591E+02 
      0.7725580E+02 
      0.7725565E+02 
      0.7725547E+02 
      0.7725526E+02 
      0.7725503E+02 
      0.7725478E+02 
      0.7725450E+02 
      0.7725419E+02 
      0.7725384E+02 
      0.7725346E+02 
      0.7725303E+02 
      0.7725259E+02 
      0.7725213E+02 
      0.7725165E+02 
      0.7725115E+02 
      0.7725062E+02 
      0.7725006E+02 
      0.7724947E+02 
      0.7724886E+02 
      0.7724822E+02 
      0.7724757E+02 
      0.7724690E+02 
      0.7724622E+02 
      0.7724552E+02 
      0.7724481E+02 
      0.7724406E+02 
      0.7724330E+02 
      0.7724253E+02 
      0.7724175E+02 
      0.7724096E+02 
      0.7724017E+02 
      0.7723936E+02 
      0.7723854E+02 
      0.7723771E+02 
      0.7723688E+02 
      0.7723604E+02 
      0.7723520E+02 
      0.7723436E+02 
      0.7723352E+02 
      0.7723268E+02 
      0.7723185E+02 
      0.7723101E+02 
      0.7723017E+02 
      0.7722934E+02 
      0.7722851E+02 
      0.7722770E+02 
      0.7722691E+02 
      0.7722612E+02 
      0.7722533E+02 
      0.7722455E+02 
      0.7722379E+02 
      0.7722304E+02 
      0.7722231E+02 
      0.7722160E+02 
      0.7722092E+02 
      0.7722024E+02 
      0.7721958E+02 
      0.7721893E+02 
      0.7721831E+02 
      0.7721771E+02 
      0.7721715E+02 
      0.7721661E+02 
      0.7721609E+02 
      0.7721559E+02 
      0.7721511E+02 
      0.7721465E+02 
      0.7721423E+02 
      0.7721384E+02 
      0.7721349E+02 
      0.7721317E+02 
      0.7721287E+02 
      0.7721259E+02 
      0.7721233E+02 
      0.7721210E+02 
      0.7721192E+02 
      0.7721178E+02 
      0.7721167E+02 
      0.7721159E+02 
      0.7721152E+02 
      0.7721149E+02 
      0.7721149E+02 
      0.7721154E+02 
      0.7721161E+02 
      0.7721170E+02 
      0.7721183E+02 
      0.7721200E+02 
      0.7721220E+02 
      0.7721243E+02 
      0.7721269E+02 
      0.7721297E+02 
      0.7721328E+02 
      0.7721361E+02 
      0.7721398E+02 
      0.7721440E+02 
      0.7721484E+02 
      0.7721531E+02 
      0.7721579E+02 
      0.7721629E+02 
      0.7721681E+02 
      0.7721736E+02 
      0.7721794E+02 
      0.7721856E+02 
      0.7721921E+02 
      0.7721986E+02 
      0.7722052E+02 
      0.7722118E+02 
      0.7722187E+02 
      0.7722259E+02 
      0.7722334E+02 
      0.7722412E+02 
      0.7722489E+02 
      0.7722567E+02 
      0.7722644E+02 
      0.7722722E+02 
      0.7722802E+02 
      0.7722885E+02 
      0.7722969E+02 
      0.7723054E+02 
      0.7723138E+02 
      0.7723221E+02 
      0.7723304E+02 
      0.7723387E+02 
      0.7723471E+02 
      0.7723555E+02 
      0.7723641E+02 
      0.7723726E+02 
      0.7723811E+02 
      0.7723893E+02 
      0.7723974E+02 
      0.7724053E+02 
      0.7724132E+02 
      0.7724211E+02 
      0.7724290E+02 
      0.7724368E+02 
      0.7724445E+02 
      0.7724519E+02 
      0.7724591E+02 
      0.7724660E+02 
      0.7724727E+02 
      0.7724792E+02 
      0.7724856E+02 
      0.7724921E+02 
      0.7724984E+02 
      0.7725045E+02 
      0.7725101E+02 
      0.7725153E+02 
      0.7725200E+02 
      0.7725246E+02 
      0.7725291E+02 
      0.7725336E+02 
      0.7725381E+02 
      0.7725421E+02 
      0.7725456E+02 
      0.7725485E+02 
      0.7725509E+02 
      0.7725532E+02 
      0.7725554E+02 
      0.7725576E+02 
      0.7725596E+02 
      0.7725612E+02 
      0.7725623E+02 
      0.7725629E+02 
      0.7725629E+02 
      0.7725626E+02 
      0.7725622E+02 
      0.7725617E+02 
      0.7725611E+02 
      0.7725603E+02 
      0.7725590E+02 
      0.7725571E+02 
      0.7725546E+02 
      0.7725518E+02 
      0.7725488E+02 
      0.7725458E+02 
      0.7725428E+02 
      0.7725395E+02 
      0.7725358E+02 
      0.7725316E+02 
      0.7725268E+02 
      0.7725218E+02 
      0.7725165E+02 
      0.7725113E+02 
      0.7725061E+02 
      0.7725006E+02 
      0.7724948E+02 
      0.7724886E+02 
      0.7724820E+02 
      0.7724752E+02 
      0.7724683E+02 
      0.7724613E+02 
      0.7724542E+02 
      0.7724471E+02 
      0.7724399E+02 
      0.7724323E+02 
      0.7724245E+02 
      0.7724164E+02 
      0.7724083E+02 
      0.7724002E+02 
      0.7723921E+02 
      0.7723840E+02 
      0.7723759E+02 
      0.7723676E+02 
      0.7723591E+02 
      0.7723506E+02 
      0.7723421E+02 
      0.7723336E+02 
      0.7723251E+02 
      0.7723167E+02 
      0.7723084E+02 
      0.7723001E+02 
      0.7722918E+02 
      0.7722836E+02 
      0.7722754E+02 
      0.7722673E+02 
      0.7722593E+02 
      0.7722514E+02 
      0.7722437E+02 
      0.7722362E+02 
      0.7722288E+02 
      0.7722215E+02 
      0.7722144E+02 
      0.7722075E+02 
      0.7722007E+02 
      0.7721941E+02 
      0.7721877E+02 
      0.7721816E+02 
      0.7721757E+02 
      0.7721701E+02 
      0.7721647E+02 
      0.7721595E+02 
      0.7721546E+02 
      0.7721499E+02 
      0.7721454E+02 
      0.7721412E+02 
      0.7721373E+02 
      0.7721337E+02 
      0.7721305E+02 
      0.7721277E+02 
      0.7721251E+02 
      0.7721227E+02 
      0.7721205E+02 
      0.7721186E+02 
      0.7721170E+02 
      0.7721159E+02 
      0.7721153E+02 
      0.7721149E+02 
      0.7721148E+02 
      0.7721149E+02 
      0.7721152E+02 
      0.7721158E+02 
      0.7721168E+02 
      0.7721182E+02 
      0.7721200E+02 
      0.7721222E+02 
      0.7721246E+02 
      0.7721273E+02 
      0.7721301E+02 
      0.7721331E+02 
      0.7721364E+02 
      0.7721401E+02 
      0.7721443E+02 
      0.7721488E+02 
      0.7721536E+02 
      0.7721585E+02 
      0.7721636E+02 
      0.7721688E+02 
      0.7721742E+02 
      0.7721800E+02 
      0.7721862E+02 
      0.7721926E+02 
      0.7721993E+02 
      0.7722060E+02 
      0.7722129E+02 
      0.7722198E+02 
      0.7722269E+02 
      0.7722341E+02 
      0.7722416E+02 
      0.7722494E+02 
      0.7722574E+02 
      0.7722654E+02 
      0.7722734E+02 
      0.7722813E+02 
      0.7722894E+02 
      0.7722975E+02 
      0.7723058E+02 
      0.7723143E+02 
      0.7723228E+02 
      0.7723313E+02 
      0.7723397E+02 
      0.7723480E+02 
      0.7723563E+02 
      0.7723646E+02 
      0.7723729E+02 
      0.7723812E+02 
      0.7723895E+02 
      0.7723976E+02 
      0.7724057E+02 
      0.7724137E+02 
      0.7724216E+02 
      0.7724293E+02 
      0.7724368E+02 
      0.7724442E+02 
      0.7724516E+02 
      0.7724588E+02 
      0.7724659E+02 
      0.7724727E+02 
      0.7724793E+02 
      0.7724856E+02 
      0.7724917E+02 
      0.7724977E+02 
      0.7725034E+02 
      0.7725090E+02 
      0.7725144E+02 
      0.7725194E+02 
      0.7725240E+02 
      0.7725284E+02 
      0.7725326E+02 
      0.7725366E+02 
      0.7725404E+02 
      0.7725438E+02 
      0.7725469E+02 
      0.7725497E+02 
      0.7725521E+02 
      0.7725542E+02 
      0.7725561E+02 
      0.7725577E+02 
      0.7725590E+02 
      0.7725600E+02 
      0.7725606E+02 
      0.7725609E+02 
      0.7725608E+02 
      0.7725604E+02 
      0.7725598E+02 
      0.7725589E+02 
      0.7725576E+02 
      0.7725560E+02 
      0.7725541E+02 
      0.7725518E+02 
      0.7725492E+02 
      0.7725464E+02 
      0.7725433E+02 
      0.7725400E+02 
      0.7725363E+02 
      0.7725323E+02 
      0.7725280E+02 
      0.7725235E+02 
      0.7725186E+02 
      0.7725136E+02 
      0.7725083E+02 
      0.7725029E+02 
      0.7724971E+02 
      0.7724912E+02 
      0.7724849E+02 
      0.7724784E+02 
      0.7724717E+02 
      0.7724648E+02 
      0.7724578E+02 
      0.7724507E+02 
      0.7724435E+02 
      0.7724360E+02 
      0.7724284E+02 
      0.7724205E+02 
      0.7724125E+02 
      0.7724045E+02 
      0.7723964E+02 
      0.7723884E+02 
      0.7723803E+02 
      0.7723720E+02 
      0.7723636E+02 
      0.7723550E+02 
      0.7723465E+02 
      0.7723381E+02 
      0.7723298E+02 
      0.7723216E+02 
      0.7723132E+02 
      0.7723048E+02 
      0.7722963E+02 
      0.7722880E+02 
      0.7722799E+02 
      0.7722719E+02 
      0.7722640E+02 
      0.7722561E+02 
      0.7722483E+02 
      0.7722405E+02 
      0.7722329E+02 
      0.7722256E+02 
      0.7722184E+02 
      0.7722114E+02 
      0.7722045E+02 
      0.7721978E+02 
      0.7721914E+02 
      0.7721851E+02 
      0.7721791E+02 
      0.7721732E+02 
      0.7721676E+02 
      0.7721622E+02 
      0.7721571E+02 
      0.7721523E+02 
      0.7721478E+02 
      0.7721435E+02 
      0.7721395E+02 
      0.7721356E+02 
      0.7721321E+02 
      0.7721288E+02 
      0.7721259E+02 
      0.7721235E+02 
      0.7721213E+02 
      0.7721194E+02 
      0.7721177E+02 
      0.7721161E+02 
      0.7721149E+02 
      0.7721141E+02 
      0.7721138E+02 
      0.7721139E+02 
      0.7721142E+02 
      0.7721147E+02 
      0.7721155E+02 
      0.7721164E+02 
      0.7721177E+02 
      0.7721195E+02 
      0.7721217E+02 
      0.7721244E+02 
      0.7721272E+02 
      0.7721302E+02 
      0.7721333E+02 
      0.7721367E+02 
      0.7721405E+02 
      0.7721446E+02 
      0.7721491E+02 
      0.7721540E+02 
      0.7721590E+02 
      0.7721642E+02 
      0.7721695E+02 
      0.7721750E+02 
      0.7721808E+02 
      0.7721868E+02 
      0.7721933E+02 
      0.7722000E+02 
      0.7722069E+02 
      0.7722139E+02 
      0.7722208E+02 
      0.7722279E+02 
      0.7722351E+02 
      0.7722426E+02 
      0.7722503E+02 
      0.7722583E+02 
      0.7722663E+02 
      0.7722745E+02 
      0.7722826E+02 
      0.7722907E+02 
      0.7722988E+02 
      0.7723069E+02 
      0.7723152E+02 
      0.7723237E+02 
      0.7723323E+02 
      0.7723408E+02 
      0.7723493E+02 
      0.7723577E+02 
      0.7723659E+02 
      0.7723740E+02 
      0.7723821E+02 
      0.7723903E+02 
      0.7723986E+02 
      0.7724068E+02 
      0.7724149E+02 
      0.7724228E+02 
      0.7724304E+02 
      0.7724378E+02 
      0.7724450E+02 
      0.7724523E+02 
      0.7724594E+02 
      0.7724666E+02 
      0.7724735E+02 
      0.7724801E+02 
      0.7724864E+02 
      0.7724924E+02 
      0.7724982E+02 
      0.7725038E+02 
      0.7725093E+02 
      0.7725146E+02 
      0.7725197E+02 
      0.7725245E+02 
      0.7725290E+02 
      0.7725331E+02 
      0.7725368E+02 
      0.7725403E+02 
      0.7725435E+02 
      0.7725466E+02 
      0.7725496E+02 
      0.7725522E+02 
      0.7725543E+02 
      0.7725560E+02 
      0.7725573E+02 
      0.7725583E+02 
      0.7725592E+02 
      0.7725599E+02 
      0.7725603E+02 
      0.7725604E+02 
      0.7725601E+02 
      0.7725593E+02 
      0.7725581E+02 
      0.7725566E+02 
      0.7725550E+02 
      0.7725531E+02 
      0.7725510E+02 
      0.7725486E+02 
      0.7725458E+02 
      0.7725426E+02 
      0.7725390E+02 
      0.7725351E+02 
      0.7725311E+02 
      0.7725268E+02 
      0.7725224E+02 
      0.7725177E+02 
      0.7725127E+02 
      0.7725074E+02 
      0.7725018E+02 
      0.7724960E+02 
      0.7724898E+02 
      0.7724835E+02 
      0.7724772E+02 
      0.7724707E+02 
      0.7724640E+02 
      0.7724571E+02 
      0.7724500E+02 
      0.7724425E+02 
      0.7724350E+02 
      0.7724273E+02 
      0.7724196E+02 
      0.7724118E+02 
      0.7724041E+02 
      0.7723962E+02 
      0.7723881E+02 
      0.7723797E+02 
      0.7723713E+02 
      0.7723629E+02 
      0.7723547E+02 
      0.7723465E+02 
      0.7723383E+02 
      0.7723300E+02 
      0.7723215E+02 
      0.7723131E+02 
      0.7723047E+02 
      0.7722964E+02 
      0.7722884E+02 
      0.7722805E+02 
      0.7722725E+02 
      0.7722645E+02 
      0.7722566E+02 
      0.7722487E+02 
      0.7722411E+02 
      0.7722338E+02 
      0.7722266E+02 
      0.7722195E+02 
      0.7722126E+02 
      0.7722058E+02 
      0.7721991E+02 
      0.7721926E+02 
      0.7721865E+02 
      0.7721806E+02 
      0.7721749E+02 
      0.7721694E+02 
      0.7721641E+02 
      0.7721590E+02 
      0.7721542E+02 
      0.7721497E+02 
      0.7721454E+02 
      0.7721415E+02 
      0.7721378E+02 
      0.7721345E+02 
      0.7721314E+02 
      0.7721286E+02 
      0.7721260E+02 
      0.7721238E+02 
      0.7721219E+02 
      0.7721203E+02 
      0.7721190E+02 
      0.7721181E+02 
      0.7721175E+02 
      0.7721172E+02 
      0.7721171E+02 
      0.7721172E+02 
      0.7721177E+02 
      0.7721186E+02 
      0.7721199E+02 
      0.7721216E+02 
      0.7721235E+02 
      0.7721256E+02 
      0.7721280E+02 
      0.7721306E+02 
      0.7721336E+02 
      0.7721369E+02 
      0.7721406E+02 
      0.7721446E+02 
      0.7721488E+02 
      0.7721533E+02 
      0.7721579E+02 
      0.7721627E+02 
      0.7721678E+02 
      0.7721732E+02 
      0.7721790E+02 
      0.7721849E+02 
      0.7721912E+02 
      0.7721976E+02 
      0.7722041E+02 
      0.7722107E+02 
      0.7722175E+02 
      0.7722244E+02 
      0.7722316E+02 
      0.7722391E+02 
      0.7722468E+02 
      0.7722545E+02 
      0.7722623E+02 
      0.7722700E+02 
      0.7722778E+02 
      0.7722857E+02 
      0.7722938E+02 
      0.7723021E+02 
      0.7723105E+02 
      0.7723189E+02 
      0.7723272E+02 
      0.7723354E+02 
      0.7723436E+02 
      0.7723517E+02 
      0.7723599E+02 
      0.7723682E+02 
      0.7723765E+02 
      0.7723849E+02 
      0.7723931E+02 
      0.7724011E+02 
      0.7724089E+02 
      0.7724165E+02 
      0.7724240E+02 
      0.7724315E+02 
      0.7724391E+02 
      0.7724467E+02 
      0.7724540E+02 
      0.7724610E+02 
      0.7724677E+02 
      0.7724741E+02 
      0.7724804E+02 
      0.7724865E+02 
      0.7724926E+02 
      0.7724986E+02 
      0.7725043E+02 
      0.7725097E+02 
      0.7725147E+02 
      0.7725194E+02 
      0.7725238E+02 
      0.7725280E+02 
      0.7725321E+02 
      0.7725360E+02 
      0.7725396E+02 
      0.7725429E+02 
      0.7725458E+02 
      0.7725482E+02 
      0.7725504E+02 
      0.7725523E+02 
      0.7725541E+02 
      0.7725555E+02 
      0.7725567E+02 
      0.7725575E+02 
      0.7725579E+02 
      0.7725581E+02 
      0.7725579E+02 
      0.7725573E+02 
      0.7725564E+02 
      0.7725553E+02 
      0.7725538E+02 
      0.7725522E+02 
      0.7725502E+02 
      0.7725480E+02 
      0.7725453E+02 
      0.7725423E+02 
      0.7725390E+02 
      0.7725354E+02 
      0.7725316E+02 
      0.7725276E+02 
      0.7725234E+02 
      0.7725189E+02 
      0.7725140E+02 
      0.7725089E+02 
      0.7725034E+02 
      0.7724977E+02 
      0.7724918E+02 
      0.7724858E+02 
      0.7724797E+02 
      0.7724734E+02 
      0.7724668E+02 
      0.7724599E+02 
      0.7724529E+02 
      0.7724456E+02 
      0.7724382E+02 
      0.7724307E+02 
      0.7724231E+02 
      0.7724155E+02 
      0.7724078E+02 
      0.7724000E+02 
      0.7723920E+02 
      0.7723838E+02 
      0.7723754E+02 
      0.7723670E+02 
      0.7723587E+02 
      0.7723505E+02 
      0.7723424E+02 
      0.7723342E+02 
      0.7723260E+02 
      0.7723176E+02 
      0.7723091E+02 
      0.7723006E+02 
      0.7722924E+02 
      0.7722843E+02 
      0.7722765E+02 
      0.7722687E+02 
      0.7722610E+02 
      0.7722532E+02 
      0.7722454E+02 
      0.7722377E+02 
      0.7722302E+02 
      0.7722229E+02 
      0.7722160E+02 
      0.7722094E+02 
      0.7722030E+02 
      0.7721965E+02 
      0.7721901E+02 
      0.7721837E+02 
      0.7721775E+02 
      0.7721717E+02 
      0.7721664E+02 
      0.7721616E+02 
      0.7721570E+02 
      0.7721524E+02 
      0.7721479E+02 
      0.7721435E+02 
      0.7721393E+02 
      0.7721356E+02 
      0.7721324E+02 
      0.7721297E+02 
      0.7721272E+02 
      0.7721249E+02 
      0.7721228E+02 
      0.7721208E+02 
      0.7721191E+02 
      0.7721178E+02 
      0.7721170E+02 
      0.7721165E+02 
      0.7721165E+02 
      0.7721167E+02 
      0.7721171E+02 
      0.7721177E+02 
      0.7721185E+02 
      0.7721197E+02 
      0.7721213E+02 
      0.7721233E+02 
      0.7721257E+02 
      0.7721284E+02 
      0.7721312E+02 
      0.7721343E+02 
      0.7721377E+02 
      0.7721413E+02 
      0.7721452E+02 
      0.7721495E+02 
      0.7721541E+02 
      0.7721590E+02 
      0.7721640E+02 
      0.7721693E+02 
      0.7721748E+02 
      0.7721805E+02 
      0.7721864E+02 
      0.7721926E+02 
      0.7721991E+02 
      0.7722058E+02 
      0.7722126E+02 
      0.7722195E+02 
      0.7722266E+02 
      0.7722338E+02 
      0.7722412E+02 
      0.7722488E+02 
      0.7722566E+02 
      0.7722644E+02 
      0.7722724E+02 
      0.7722804E+02 
      0.7722885E+02 
      0.7722966E+02 
      0.7723048E+02 
      0.7723132E+02 
      0.7723215E+02 
      0.7723299E+02 
      0.7723382E+02 
      0.7723466E+02 
      0.7723549E+02 
      0.7723632E+02 
      0.7723715E+02 
      0.7723798E+02 
      0.7723881E+02 
      0.7723962E+02 
      0.7724042E+02 
      0.7724120E+02 
      0.7724198E+02 
      0.7724275E+02 
      0.7724352E+02 
      0.7724428E+02 
      0.7724502E+02 
      0.7724573E+02 
      0.7724642E+02 
      0.7724709E+02 
      0.7724775E+02 
      0.7724839E+02 
      0.7724903E+02 
      0.7724964E+02 
      0.7725023E+02 
      0.7725078E+02 
      0.7725130E+02 
      0.7725180E+02 
      0.7725228E+02 
      0.7725274E+02 
      0.7725317E+02 
      0.7725358E+02 
      0.7725395E+02 
      0.7725430E+02 
      0.7725462E+02 
      0.7725491E+02 
      0.7725516E+02 
      0.7725538E+02 
      0.7725557E+02 
      0.7725573E+02 
      0.7725588E+02 
      0.7725599E+02 
      0.7725606E+02 
      0.7725610E+02 
      0.7725610E+02 
      0.7725607E+02 
      0.7725602E+02 
      0.7725594E+02 
      0.7725583E+02 
      0.7725570E+02 
      0.7725552E+02 
      0.7725530E+02 
      0.7725506E+02 
      0.7725478E+02 
      0.7725448E+02 
      0.7725416E+02 
      0.7725380E+02 
      0.7725343E+02 
      0.7725302E+02 
      0.7725259E+02 
      0.7725212E+02 
      0.7725162E+02 
      0.7725109E+02 
      0.7725055E+02 
      0.7724999E+02 
      0.7724941E+02 
      0.7724881E+02 
      0.7724818E+02 
      0.7724753E+02 
      0.7724686E+02 
      0.7724616E+02 
      0.7724545E+02 
      0.7724473E+02 
      0.7724400E+02 
      0.7724325E+02 
      0.7724249E+02 
      0.7724173E+02 
      0.7724094E+02 
      0.7724014E+02 
      0.7723932E+02 
      0.7723850E+02 
      0.7723768E+02 
      0.7723686E+02 
      0.7723605E+02 
      0.7723522E+02 
      0.7723438E+02 
      0.7723354E+02 
      0.7723270E+02 
      0.7723187E+02 
      0.7723104E+02 
      0.7723022E+02 
      0.7722940E+02 
      0.7722859E+02 
      0.7722778E+02 
      0.7722699E+02 
      0.7722620E+02 
      0.7722542E+02 
      0.7722465E+02 
      0.7722389E+02 
      0.7722315E+02 
      0.7722243E+02 
      0.7722174E+02 
      0.7722107E+02 
      0.7722041E+02 
      0.7721975E+02 
      0.7721910E+02 
      0.7721848E+02 
      0.7721788E+02 
      0.7721733E+02 
      0.7721681E+02 
      0.7721632E+02 
      0.7721583E+02 
      0.7721535E+02 
      0.7721489E+02 
      0.7721446E+02 
      0.7721407E+02 
      0.7721373E+02 
      0.7721343E+02 
      0.7721315E+02 
      0.7721288E+02 
      0.7721263E+02 
      0.7721239E+02 
      0.7721220E+02 
      0.7721205E+02 
      0.7721196E+02 
      0.7721189E+02 
      0.7721185E+02 
      0.7721182E+02 
      0.7721183E+02 
      0.7721186E+02 
      0.7721193E+02 
      0.7721202E+02 
      0.7721216E+02 
      0.7721233E+02 
      0.7721254E+02 
      0.7721278E+02 
      0.7721304E+02 
      0.7721331E+02 
      0.7721361E+02 
      0.7721394E+02 
      0.7721431E+02 
      0.7721472E+02 
      0.7721517E+02 
      0.7721563E+02 
      0.7721611E+02 
      0.7721661E+02 
      0.7721712E+02 
      0.7721767E+02 
      0.7721824E+02 
      0.7721885E+02 
      0.7721948E+02 
      0.7722013E+02 
      0.7722079E+02 
      0.7722147E+02 
      0.7722215E+02 
      0.7722286E+02 
      0.7722358E+02 
      0.7722433E+02 
      0.7722510E+02 
      0.7722588E+02 
      0.7722666E+02 
      0.7722745E+02 
      0.7722824E+02 
      0.7722903E+02 
      0.7722984E+02 
      0.7723067E+02 
      0.7723151E+02 
      0.7723235E+02 
      0.7723318E+02 
      0.7723400E+02 
      0.7723481E+02 
      0.7723563E+02 
      0.7723646E+02 
      0.7723730E+02 
      0.7723813E+02 
      0.7723896E+02 
      0.7723976E+02 
      0.7724054E+02 
      0.7724131E+02 
      0.7724208E+02 
      0.7724286E+02 
      0.7724363E+02 
      0.7724438E+02 
      0.7724511E+02 
      0.7724581E+02 
      0.7724649E+02 
      0.7724715E+02 
      0.7724780E+02 
      0.7724844E+02 
      0.7724906E+02 
      0.7724966E+02 
      0.7725024E+02 
      0.7725079E+02 
      0.7725131E+02 
      0.7725179E+02 
      0.7725225E+02 
      0.7725269E+02 
      0.7725312E+02 
      0.7725353E+02 
      0.7725391E+02 
      0.7725425E+02 
      0.7725456E+02 
      0.7725482E+02 
      0.7725504E+02 
      0.7725525E+02 
      0.7725544E+02 
      0.7725562E+02 
      0.7725577E+02 
      0.7725588E+02 
      0.7725594E+02 
      0.7725596E+02 
      0.7725594E+02 
      0.7725589E+02 
      0.7725583E+02 
      0.7725576E+02 
      0.7725566E+02 
      0.7725552E+02 
      0.7725534E+02 
      0.7725511E+02 
      0.7725484E+02 
      0.7725455E+02 
      0.7725425E+02 
      0.7725393E+02 
      0.7725358E+02 
      0.7725320E+02 
      0.7725279E+02 
      0.7725234E+02 
      0.7725186E+02 
      0.7725136E+02 
      0.7725083E+02 
      0.7725028E+02 
      0.7724972E+02 
      0.7724915E+02 
      0.7724855E+02 
      0.7724792E+02 
      0.7724727E+02 
      0.7724659E+02 
      0.7724589E+02 
      0.7724517E+02 
      0.7724446E+02 
      0.7724373E+02 
      0.7724299E+02 
      0.7724223E+02 
      0.7724146E+02 
      0.7724066E+02 
      0.7723985E+02 
      0.7723904E+02 
      0.7723823E+02 
      0.7723742E+02 
      0.7723660E+02 
      0.7723579E+02 
      0.7723496E+02 
      0.7723413E+02 
      0.7723328E+02 
      0.7723244E+02 
      0.7723160E+02 
      0.7723078E+02 
      0.7722998E+02 
      0.7722918E+02 
      0.7722838E+02 
      0.7722757E+02 
      0.7722676E+02 
      0.7722596E+02 
      0.7722518E+02 
      0.7722442E+02 
      0.7722369E+02 
      0.7722298E+02 
      0.7722227E+02 
      0.7722157E+02 
      0.7722087E+02 
      0.7722019E+02 
      0.7721953E+02 
      0.7721891E+02 
      0.7721832E+02 
      0.7721775E+02 
      0.7721719E+02 
      0.7721665E+02 
      0.7721614E+02 
      0.7721565E+02 
      0.7721518E+02 
      0.7721474E+02 
      0.7721433E+02 
      0.7721395E+02 
      0.7721361E+02 
      0.7721330E+02 
      0.7721301E+02 
      0.7721274E+02 
      0.7721249E+02 
      0.7721227E+02 
      0.7721209E+02 
      0.7721195E+02 
      0.7721185E+02 
      0.7721179E+02 
      0.7721175E+02 
      0.7721172E+02 
      0.7721171E+02 
      0.7721174E+02 
      0.7721180E+02 
      0.7721191E+02 
      0.7721207E+02 
      0.7721225E+02 
      0.7721246E+02 
      0.7721269E+02 
      0.7721294E+02 
      0.7721320E+02 
      0.7721350E+02 
      0.7721384E+02 
      0.7721423E+02 
      0.7721466E+02 
      0.7721511E+02 
      0.7721557E+02 
      0.7721604E+02 
      0.7721652E+02 
      0.7721703E+02 
      0.7721758E+02 
      0.7721817E+02 
      0.7721879E+02 
      0.7721943E+02 
      0.7722008E+02 
      0.7722074E+02 
      0.7722139E+02 
      0.7722206E+02 
      0.7722276E+02 
      0.7722350E+02 
      0.7722426E+02 
      0.7722504E+02 
      0.7722582E+02 
      0.7722660E+02 
      0.7722738E+02 
      0.7722815E+02 
      0.7722894E+02 
      0.7722974E+02 
      0.7723058E+02 
      0.7723143E+02 
      0.7723228E+02 
      0.7723312E+02 
      0.7723393E+02 
      0.7723473E+02 
      0.7723554E+02 
      0.7723636E+02 
      0.7723720E+02 
      0.7723803E+02 
      0.7723887E+02 
      0.7723968E+02 
      0.7724047E+02 
      0.7724123E+02 
      0.7724199E+02 
      0.7724273E+02 
      0.7724348E+02 
      0.7724424E+02 
      0.7724499E+02 
      0.7724571E+02 
      0.7724640E+02 
      0.7724706E+02 
      0.7724768E+02 
      0.7724829E+02 
      0.7724889E+02 
      0.7724950E+02 
      0.7725010E+02 
      0.7725068E+02 
      0.7725121E+02 
      0.7725169E+02 
      0.7725212E+02 
      0.7725253E+02 
      0.7725294E+02 
      0.7725335E+02 
      0.7725375E+02 
      0.7725411E+02 
      0.7725443E+02 
      0.7725469E+02 
      0.7725491E+02 
      0.7725509E+02 
      0.7725526E+02 
      0.7725543E+02 
      0.7725558E+02 
      0.7725570E+02 
      0.7725578E+02 
      0.7725580E+02 
      0.7725578E+02 
      0.7725573E+02 
      0.7725565E+02 
      0.7725556E+02 
      0.7725545E+02 
      0.7725532E+02 
      0.7725516E+02 
      0.7725494E+02 
      0.7725468E+02 
      0.7725438E+02 
      0.7725406E+02 
      0.7725372E+02 
      0.7725337E+02 
      0.7725300E+02 
      0.7725260E+02 
      0.7725216E+02 
      0.7725168E+02 
      0.7725117E+02 
      0.7725063E+02 
      0.7725008E+02 
      0.7724952E+02 
      0.7724895E+02 
      0.7724835E+02 
      0.7724773E+02 
      0.7724707E+02 
      0.7724638E+02 
      0.7724568E+02 
      0.7724498E+02 
      0.7724426E+02 
      0.7724354E+02 
      0.7724280E+02 
      0.7724205E+02 
      0.7724127E+02 
      0.7724048E+02 
      0.7723967E+02 
      0.7723886E+02 
      0.7723806E+02 
      0.7723726E+02 
      0.7723645E+02 
      0.7723563E+02 
      0.7723479E+02 
      0.7723395E+02 
      0.7723312E+02 
      0.7723230E+02 
      0.7723148E+02 
      0.7723067E+02 
      0.7722985E+02 
      0.7722904E+02 
      0.7722823E+02 
      0.7722743E+02 
      0.7722664E+02 
      0.7722587E+02 
      0.7722510E+02 
      0.7722436E+02 
      0.7722362E+02 
      0.7722290E+02 
      0.7722219E+02 
      0.7722150E+02 
      0.7722082E+02 
      0.7722016E+02 
      0.7721952E+02 
      0.7721890E+02 
      0.7721831E+02 
      0.7721775E+02 
      0.7721721E+02 
      0.7721668E+02 
      0.7721617E+02 
      0.7721568E+02 
      0.7721522E+02 
      0.7721480E+02 
      0.7721442E+02 
      0.7721406E+02 
      0.7721372E+02 
      0.7721341E+02 
      0.7721311E+02 
      0.7721285E+02 
      0.7721262E+02 
      0.7721243E+02 
      0.7721228E+02 
      0.7721215E+02 
      0.7721205E+02 
      0.7721198E+02 
      0.7721194E+02 
      0.7721193E+02 
      0.7721195E+02 
      0.7721199E+02 
      0.7721208E+02 
      0.7721219E+02 
      0.7721234E+02 
      0.7721253E+02 
      0.7721275E+02 
      0.7721298E+02 
      0.7721324E+02 
      0.7721353E+02 
      0.7721384E+02 
      0.7721420E+02 
      0.7721459E+02 
      0.7721501E+02 
      0.7721546E+02 
      0.7721592E+02 
      0.7721640E+02 
      0.7721691E+02 
      0.7721744E+02 
      0.7721800E+02 
      0.7721858E+02 
      0.7721919E+02 
      0.7721982E+02 
      0.7722048E+02 
      0.7722115E+02 
      0.7722183E+02 
      0.7722252E+02 
      0.7722322E+02 
      0.7722395E+02 
      0.7722470E+02 
      0.7722547E+02 
      0.7722626E+02 
      0.7722705E+02 
      0.7722783E+02 
      0.7722861E+02 
      0.7722940E+02 
      0.7723021E+02 
      0.7723104E+02 
      0.7723188E+02 
      0.7723272E+02 
      0.7723355E+02 
      0.7723437E+02 
      0.7723519E+02 
      0.7723601E+02 
      0.7723682E+02 
      0.7723764E+02 
      0.7723846E+02 
      0.7723928E+02 
      0.7724009E+02 
      0.7724089E+02 
      0.7724166E+02 
      0.7724242E+02 
      0.7724316E+02 
      0.7724390E+02 
      0.7724464E+02 
      0.7724537E+02 
      0.7724608E+02 
      0.7724677E+02 
      0.7724742E+02 
      0.7724805E+02 
      0.7724867E+02 
      0.7724927E+02 
      0.7724986E+02 
      0.7725043E+02 
      0.7725098E+02 
      0.7725149E+02 
      0.7725197E+02 
      0.7725242E+02 
      0.7725286E+02 
      0.7725326E+02 
      0.7725364E+02 
      0.7725400E+02 
      0.7725434E+02 
      0.7725463E+02 
      0.7725489E+02 
      0.7725512E+02 
      0.7725532E+02 
      0.7725549E+02 
      0.7725564E+02 
      0.7725576E+02 
      0.7725584E+02 
      0.7725590E+02 
      0.7725592E+02 
      0.7725590E+02 
      0.7725584E+02 
      0.7725576E+02 
      0.7725566E+02 
      0.7725553E+02 
      0.7725538E+02 
      0.7725519E+02 
      0.7725496E+02 
      0.7725469E+02 
      0.7725439E+02 
      0.7725406E+02 
      0.7725372E+02 
      0.7725335E+02 
      0.7725296E+02 
      0.7725254E+02 
      0.7725208E+02 
      0.7725159E+02 
      0.7725107E+02 
      0.7725054E+02 
      0.7724998E+02 
      0.7724941E+02 
      0.7724882E+02 
      0.7724820E+02 
      0.7724755E+02 
      0.7724689E+02 
      0.7724621E+02 
      0.7724551E+02 
      0.7724480E+02 
      0.7724406E+02 
      0.7724332E+02 
      0.7724256E+02 
      0.7724180E+02 
      0.7724102E+02 
      0.7724024E+02 
      0.7723944E+02 
      0.7723862E+02 
      0.7723780E+02 
      0.7723697E+02 
      0.7723615E+02 
      0.7723533E+02 
      0.7723451E+02 
      0.7723368E+02 
      0.7723285E+02 
      0.7723201E+02 
      0.7723117E+02 
      0.7723034E+02 
      0.7722952E+02 
      0.7722871E+02 
      0.7722792E+02 
      0.7722713E+02 
      0.7722634E+02 
      0.7722555E+02 
      0.7722477E+02 
      0.7722401E+02 
      0.7722328E+02 
      0.7722257E+02 
      0.7722187E+02 
      0.7722118E+02 
      0.7722050E+02 
      0.7721984E+02 
      0.7721920E+02 
      0.7721859E+02 
      0.7721799E+02 
      0.7721742E+02 
      0.7721688E+02 
      0.7721636E+02 
      0.7721587E+02 
      0.7721539E+02 
      0.7721494E+02 
      0.7721450E+02 
      0.7721410E+02 
      0.7721374E+02 
      0.7721341E+02 
      0.7721311E+02 
      0.7721283E+02 
      0.7721258E+02 
      0.7721236E+02 
      0.7721216E+02 
      0.7721199E+02 
      0.7721186E+02 
      0.7721177E+02 
      0.7721171E+02 
      0.7721168E+02 
      0.7721168E+02 
      0.7721170E+02 
      0.7721175E+02 
      0.7721184E+02 
      0.7721195E+02 
      0.7721211E+02 
      0.7721230E+02 
      0.7721252E+02 
      0.7721277E+02 
      0.7721304E+02 
      0.7721334E+02 
      0.7721365E+02 
      0.7721400E+02 
      0.7721439E+02 
      0.7721482E+02 
      0.7721528E+02 
      0.7721576E+02 
      0.7721625E+02 
      0.7721675E+02 
      0.7721727E+02 
      0.7721784E+02 
      0.7721844E+02 
      0.7721906E+02 
      0.7721971E+02 
      0.7722036E+02 
      0.7722102E+02 
      0.7722170E+02 
      0.7722239E+02 
      0.7722312E+02 
      0.7722387E+02 
      0.7722463E+02 
      0.7722541E+02 
      0.7722618E+02 
      0.7722696E+02 
      0.7722774E+02 
      0.7722854E+02 
      0.7722935E+02 
      0.7723018E+02 
      0.7723102E+02 
      0.7723186E+02 
      0.7723270E+02 
      0.7723352E+02 
      0.7723434E+02 
      0.7723516E+02 
      0.7723598E+02 
      0.7723682E+02 
      0.7723766E+02 
      0.7723849E+02 
      0.7723931E+02 
      0.7724011E+02 
      0.7724089E+02 
      0.7724166E+02 
      0.7724243E+02 
      0.7724319E+02 
      0.7724395E+02 
      0.7724470E+02 
      0.7724543E+02 
      0.7724614E+02 
      0.7724681E+02 
      0.7724746E+02 
      0.7724809E+02 
      0.7724872E+02 
      0.7724933E+02 
      0.7724993E+02 
      0.7725051E+02 
      0.7725106E+02 
      0.7725156E+02 
      0.7725203E+02 
      0.7725247E+02 
      0.7725290E+02 
      0.7725332E+02 
      0.7725372E+02 
      0.7725410E+02 
      0.7725443E+02 
      0.7725472E+02 
      0.7725496E+02 
      0.7725519E+02 
      0.7725539E+02 
      0.7725557E+02 
      0.7725573E+02 
      0.7725586E+02 
      0.7725595E+02 
      0.7725600E+02 
      0.7725601E+02 
      0.7725599E+02 
      0.7725594E+02 
      0.7725586E+02 
      0.7725576E+02 
      0.7725563E+02 
      0.7725548E+02 
      0.7725530E+02 
      0.7725507E+02 
      0.7725480E+02 
      0.7725449E+02 
      0.7725416E+02 
      0.7725382E+02 
      0.7725347E+02 
      0.7725308E+02 
      0.7725266E+02 
      0.7725220E+02 
      0.7725171E+02 
      0.7725120E+02 
      0.7725066E+02 
      0.7725011E+02 
      0.7724953E+02 
      0.7724894E+02 
      0.7724832E+02 
      0.7724769E+02 
      0.7724704E+02 
      0.7724636E+02 
      0.7724566E+02 
      0.7724493E+02 
      0.7724419E+02 
      0.7724345E+02 
      0.7724271E+02 
      0.7724196E+02 
      0.7724119E+02 
      0.7724039E+02 
      0.7723957E+02 
      0.7723875E+02 
      0.7723793E+02 
      0.7723711E+02 
      0.7723631E+02 
      0.7723549E+02 
      0.7723466E+02 
      0.7723383E+02 
      0.7723299E+02 
      0.7723216E+02 
      0.7723133E+02 
      0.7723050E+02 
      0.7722968E+02 
      0.7722887E+02 
      0.7722807E+02 
      0.7722729E+02 
      0.7722651E+02 
      0.7722573E+02 
      0.7722495E+02 
      0.7722418E+02 
      0.7722344E+02 
      0.7722272E+02 
      0.7722202E+02 
      0.7722134E+02 
      0.7722068E+02 
      0.7722002E+02 
      0.7721938E+02 
      0.7721875E+02 
      0.7721814E+02 
      0.7721757E+02 
      0.7721703E+02 
      0.7721653E+02 
      0.7721604E+02 
      0.7721557E+02 
      0.7721512E+02 
      0.7721469E+02 
      0.7721429E+02 
      0.7721391E+02 
      0.7721357E+02 
      0.7721326E+02 
      0.7721300E+02 
      0.7721277E+02 
      0.7721256E+02 
      0.7721236E+02 
      0.7721219E+02 
      0.7721204E+02 
      0.7721194E+02 
      0.7721188E+02 
      0.7721186E+02 
      0.7721188E+02 
      0.7721192E+02 
      0.7721198E+02 
      0.7721205E+02 
      0.7721215E+02 
      0.7721230E+02 
      0.7721248E+02 
      0.7721272E+02 
      0.7721298E+02 
      0.7721327E+02 
      0.7721357E+02 
      0.7721389E+02 
      0.7721424E+02 
      0.7721462E+02 
      0.7721504E+02 
      0.7721549E+02 
      0.7721598E+02 
      0.7721649E+02 
      0.7721701E+02 
      0.7721754E+02 
      0.7721809E+02 
      0.7721867E+02 
      0.7721929E+02 
      0.7721993E+02 
      0.7722060E+02 
      0.7722128E+02 
      0.7722197E+02 
      0.7722267E+02 
      0.7722339E+02 
      0.7722411E+02 
      0.7722486E+02 
      0.7722563E+02 
      0.7722641E+02 
      0.7722722E+02 
      0.7722803E+02 
      0.7722884E+02 
      0.7722963E+02 
      0.7723043E+02 
      0.7723124E+02 
      0.7723207E+02 
