     0.5813661E+02 
     0.5813676E+02 
     0.5813748E+02 
     0.5813869E+02 
     0.5814006E+02 
     0.5814130E+02 
     0.5814222E+02 
     0.5814283E+02 
     0.5814325E+02 
     0.5814370E+02 
     0.5814437E+02 
     0.5814529E+02 
     0.5814634E+02 
     0.5814734E+02 
     0.5814820E+02 
     0.5814892E+02 
     0.5814951E+02 
     0.5815001E+02 
     0.5815048E+02 
     0.5815103E+02 
     0.5815173E+02 
     0.5815257E+02 
     0.5815341E+02 
     0.5815412E+02 
     0.5815462E+02 
     0.5815495E+02 
     0.5815521E+02 
     0.5815552E+02 
     0.5815597E+02 
     0.5815656E+02 
     0.5815721E+02 
     0.5815778E+02 
     0.5815814E+02 
     0.5815825E+02 
     0.5815826E+02 
     0.5815834E+02 
     0.5815858E+02 
     0.5815896E+02 
     0.5815933E+02 
     0.5815958E+02 
     0.5815968E+02 
     0.5815964E+02 
     0.5815951E+02 
     0.5815938E+02 
     0.5815931E+02 
     0.5815933E+02 
     0.5815939E+02 
     0.5815942E+02 
     0.5815932E+02 
     0.5815907E+02 
     0.5815872E+02 
     0.5815834E+02 
     0.5815802E+02 
     0.5815778E+02 
     0.5815756E+02 
     0.5815730E+02 
     0.5815695E+02 
     0.5815651E+02 
     0.5815600E+02 
     0.5815545E+02 
     0.5815491E+02 
     0.5815440E+02 
     0.5815391E+02 
     0.5815341E+02 
     0.5815288E+02 
     0.5815231E+02 
     0.5815166E+02 
     0.5815095E+02 
     0.5815020E+02 
     0.5814947E+02 
     0.5814878E+02 
     0.5814813E+02 
     0.5814747E+02 
     0.5814677E+02 
     0.5814600E+02 
     0.5814516E+02 
     0.5814429E+02 
     0.5814345E+02 
     0.5814266E+02 
     0.5814192E+02 
     0.5814118E+02 
     0.5814039E+02 
     0.5813954E+02 
     0.5813866E+02 
     0.5813779E+02 
     0.5813694E+02 
     0.5813613E+02 
     0.5813534E+02 
     0.5813456E+02 
     0.5813377E+02 
     0.5813295E+02 
     0.5813212E+02 
     0.5813129E+02 
     0.5813049E+02 
     0.5812971E+02 
     0.5812896E+02 
     0.5812822E+02 
     0.5812749E+02 
     0.5812677E+02 
     0.5812606E+02 
     0.5812534E+02 
     0.5812463E+02 
     0.5812394E+02 
     0.5812330E+02 
     0.5812270E+02 
     0.5812213E+02 
     0.5812157E+02 
     0.5812100E+02 
     0.5812045E+02 
     0.5811991E+02 
     0.5811941E+02 
     0.5811894E+02 
     0.5811852E+02 
     0.5811814E+02 
     0.5811778E+02 
     0.5811743E+02 
     0.5811708E+02 
     0.5811676E+02 
     0.5811647E+02 
     0.5811624E+02 
     0.5811605E+02 
     0.5811589E+02 
     0.5811575E+02 
     0.5811562E+02 
     0.5811552E+02 
     0.5811544E+02 
     0.5811541E+02 
     0.5811542E+02 
     0.5811547E+02 
     0.5811555E+02 
     0.5811565E+02 
     0.5811578E+02 
     0.5811593E+02 
     0.5811611E+02 
     0.5811631E+02 
     0.5811656E+02 
     0.5811685E+02 
     0.5811717E+02 
     0.5811753E+02 
     0.5811789E+02 
     0.5811827E+02 
     0.5811867E+02 
     0.5811910E+02 
     0.5811957E+02 
     0.5812007E+02 
     0.5812059E+02 
     0.5812114E+02 
     0.5812171E+02 
     0.5812229E+02 
     0.5812289E+02 
     0.5812351E+02 
     0.5812414E+02 
     0.5812480E+02 
     0.5812548E+02 
     0.5812619E+02 
     0.5812691E+02 
     0.5812765E+02 
     0.5812839E+02 
     0.5812913E+02 
     0.5812987E+02 
     0.5813063E+02 
     0.5813143E+02 
     0.5813224E+02 
     0.5813306E+02 
     0.5813387E+02 
     0.5813467E+02 
     0.5813546E+02 
     0.5813626E+02 
     0.5813707E+02 
     0.5813789E+02 
     0.5813872E+02 
     0.5813955E+02 
     0.5814037E+02 
     0.5814115E+02 
     0.5814193E+02 
     0.5814271E+02 
     0.5814349E+02 
     0.5814427E+02 
     0.5814503E+02 
     0.5814579E+02 
     0.5814653E+02 
     0.5814726E+02 
     0.5814796E+02 
     0.5814864E+02 
     0.5814931E+02 
     0.5814996E+02 
     0.5815061E+02 
     0.5815125E+02 
     0.5815186E+02 
     0.5815245E+02 
     0.5815301E+02 
     0.5815353E+02 
     0.5815402E+02 
     0.5815449E+02 
     0.5815495E+02 
     0.5815540E+02 
     0.5815584E+02 
     0.5815622E+02 
     0.5815657E+02 
     0.5815688E+02 
     0.5815717E+02 
     0.5815744E+02 
     0.5815768E+02 
     0.5815789E+02 
     0.5815807E+02 
     0.5815823E+02 
     0.5815835E+02 
     0.5815844E+02 
     0.5815850E+02 
     0.5815853E+02 
     0.5815853E+02 
     0.5815850E+02 
     0.5815843E+02 
     0.5815834E+02 
     0.5815822E+02 
     0.5815807E+02 
     0.5815788E+02 
     0.5815766E+02 
     0.5815740E+02 
     0.5815714E+02 
     0.5815684E+02 
     0.5815651E+02 
     0.5815614E+02 
     0.5815574E+02 
     0.5815533E+02 
     0.5815489E+02 
     0.5815444E+02 
     0.5815396E+02 
     0.5815344E+02 
     0.5815289E+02 
     0.5815231E+02 
     0.5815173E+02 
     0.5815114E+02 
     0.5815052E+02 
     0.5814988E+02 
     0.5814921E+02 
     0.5814852E+02 
     0.5814783E+02 
     0.5814712E+02 
     0.5814640E+02 
     0.5814566E+02 
     0.5814490E+02 
     0.5814414E+02 
     0.5814337E+02 
     0.5814259E+02 
     0.5814181E+02 
     0.5814101E+02 
     0.5814020E+02 
     0.5813938E+02 
     0.5813857E+02 
     0.5813776E+02 
     0.5813696E+02 
     0.5813615E+02 
     0.5813534E+02 
     0.5813451E+02 
     0.5813368E+02 
     0.5813287E+02 
     0.5813207E+02 
     0.5813130E+02 
     0.5813054E+02 
     0.5812976E+02 
     0.5812898E+02 
     0.5812820E+02 
     0.5812744E+02 
     0.5812671E+02 
     0.5812601E+02 
     0.5812532E+02 
     0.5812465E+02 
     0.5812399E+02 
     0.5812333E+02 
     0.5812269E+02 
     0.5812206E+02 
     0.5812146E+02 
     0.5812089E+02 
     0.5812035E+02 
     0.5811985E+02 
     0.5811937E+02 
     0.5811891E+02 
     0.5811845E+02 
     0.5811800E+02 
     0.5811757E+02 
     0.5811719E+02 
     0.5811687E+02 
     0.5811659E+02 
     0.5811633E+02 
     0.5811608E+02 
     0.5811585E+02 
     0.5811564E+02 
     0.5811545E+02 
     0.5811529E+02 
     0.5811519E+02 
     0.5811514E+02 
     0.5811513E+02 
     0.5811514E+02 
     0.5811516E+02 
     0.5811519E+02 
     0.5811524E+02 
     0.5811533E+02 
     0.5811546E+02 
     0.5811565E+02 
     0.5811588E+02 
     0.5811614E+02 
     0.5811643E+02 
     0.5811671E+02 
     0.5811700E+02 
     0.5811731E+02 
     0.5811766E+02 
     0.5811808E+02 
     0.5811855E+02 
     0.5811905E+02 
     0.5811955E+02 
     0.5812005E+02 
     0.5812055E+02 
     0.5812108E+02 
     0.5812164E+02 
     0.5812225E+02 
     0.5812290E+02 
     0.5812357E+02 
     0.5812425E+02 
     0.5812493E+02 
     0.5812562E+02 
     0.5812631E+02 
     0.5812701E+02 
     0.5812774E+02 
     0.5812850E+02 
     0.5812929E+02 
     0.5813010E+02 
     0.5813091E+02 
     0.5813171E+02 
     0.5813249E+02 
     0.5813328E+02 
     0.5813408E+02 
     0.5813490E+02 
     0.5813574E+02 
     0.5813660E+02 
     0.5813744E+02 
     0.5813827E+02 
     0.5813907E+02 
     0.5813987E+02 
     0.5814067E+02 
     0.5814148E+02 
     0.5814230E+02 
     0.5814312E+02 
     0.5814393E+02 
     0.5814471E+02 
     0.5814546E+02 
     0.5814619E+02 
     0.5814692E+02 
     0.5814765E+02 
     0.5814838E+02 
     0.5814910E+02 
     0.5814979E+02 
     0.5815046E+02 
     0.5815110E+02 
     0.5815172E+02 
     0.5815230E+02 
     0.5815288E+02 
     0.5815344E+02 
     0.5815398E+02 
     0.5815452E+02 
     0.5815502E+02 
     0.5815549E+02 
     0.5815592E+02 
     0.5815631E+02 
     0.5815668E+02 
     0.5815703E+02 
     0.5815736E+02 
     0.5815768E+02 
     0.5815796E+02 
     0.5815822E+02 
     0.5815843E+02 
     0.5815860E+02 
     0.5815873E+02 
     0.5815883E+02 
     0.5815892E+02 
     0.5815899E+02 
     0.5815904E+02 
     0.5815904E+02 
     0.5815900E+02 
     0.5815892E+02 
     0.5815882E+02 
     0.5815870E+02 
     0.5815854E+02 
     0.5815836E+02 
     0.5815814E+02 
     0.5815788E+02 
     0.5815760E+02 
     0.5815730E+02 
     0.5815698E+02 
     0.5815663E+02 
     0.5815624E+02 
     0.5815580E+02 
     0.5815534E+02 
     0.5815486E+02 
     0.5815437E+02 
     0.5815387E+02 
     0.5815335E+02 
     0.5815278E+02 
     0.5815217E+02 
     0.5815154E+02 
     0.5815089E+02 
     0.5815023E+02 
     0.5814957E+02 
     0.5814890E+02 
     0.5814821E+02 
     0.5814749E+02 
     0.5814675E+02 
     0.5814598E+02 
     0.5814521E+02 
     0.5814442E+02 
     0.5814364E+02 
     0.5814285E+02 
     0.5814206E+02 
     0.5814126E+02 
     0.5814044E+02 
     0.5813960E+02 
     0.5813875E+02 
     0.5813790E+02 
     0.5813707E+02 
     0.5813626E+02 
     0.5813544E+02 
     0.5813463E+02 
     0.5813381E+02 
     0.5813299E+02 
     0.5813216E+02 
     0.5813133E+02 
     0.5813052E+02 
     0.5812973E+02 
     0.5812897E+02 
     0.5812823E+02 
     0.5812749E+02 
     0.5812675E+02 
     0.5812601E+02 
     0.5812528E+02 
     0.5812456E+02 
     0.5812387E+02 
     0.5812321E+02 
     0.5812259E+02 
     0.5812200E+02 
     0.5812142E+02 
     0.5812084E+02 
     0.5812026E+02 
     0.5811968E+02 
     0.5811914E+02 
     0.5811866E+02 
     0.5811823E+02 
     0.5811784E+02 
     0.5811746E+02 
     0.5811708E+02 
     0.5811671E+02 
     0.5811634E+02 
     0.5811601E+02 
     0.5811574E+02 
     0.5811553E+02 
     0.5811537E+02 
     0.5811522E+02 
     0.5811508E+02 
     0.5811495E+02 
     0.5811484E+02 
     0.5811477E+02 
     0.5811474E+02 
     0.5811475E+02 
     0.5811481E+02 
     0.5811491E+02 
     0.5811504E+02 
     0.5811518E+02 
     0.5811533E+02 
     0.5811550E+02 
     0.5811570E+02 
     0.5811594E+02 
     0.5811624E+02 
     0.5811658E+02 
     0.5811696E+02 
     0.5811735E+02 
     0.5811775E+02 
     0.5811815E+02 
     0.5811857E+02 
     0.5811903E+02 
     0.5811954E+02 
     0.5812009E+02 
     0.5812067E+02 
     0.5812127E+02 
     0.5812187E+02 
     0.5812248E+02 
     0.5812309E+02 
     0.5812372E+02 
     0.5812439E+02 
     0.5812511E+02 
     0.5812585E+02 
     0.5812660E+02 
     0.5812735E+02 
     0.5812809E+02 
     0.5812883E+02 
     0.5812959E+02 
     0.5813036E+02 
     0.5813117E+02 
     0.5813200E+02 
     0.5813283E+02 
     0.5813366E+02 
     0.5813447E+02 
     0.5813528E+02 
     0.5813610E+02 
     0.5813692E+02 
     0.5813775E+02 
     0.5813858E+02 
     0.5813941E+02 
     0.5814025E+02 
     0.5814108E+02 
     0.5814189E+02 
     0.5814268E+02 
     0.5814346E+02 
     0.5814424E+02 
     0.5814501E+02 
     0.5814577E+02 
     0.5814653E+02 
     0.5814729E+02 
     0.5814802E+02 
     0.5814873E+02 
     0.5814940E+02 
     0.5815005E+02 
     0.5815069E+02 
     0.5815132E+02 
     0.5815194E+02 
     0.5815254E+02 
     0.5815312E+02 
     0.5815367E+02 
     0.5815418E+02 
     0.5815466E+02 
     0.5815512E+02 
     0.5815556E+02 
     0.5815597E+02 
     0.5815636E+02 
     0.5815673E+02 
     0.5815707E+02 
     0.5815738E+02 
     0.5815766E+02 
     0.5815790E+02 
     0.5815810E+02 
     0.5815828E+02 
     0.5815844E+02 
     0.5815857E+02 
     0.5815868E+02 
     0.5815876E+02 
     0.5815879E+02 
     0.5815878E+02 
     0.5815875E+02 
     0.5815868E+02 
     0.5815859E+02 
     0.5815847E+02 
     0.5815832E+02 
     0.5815815E+02 
     0.5815794E+02 
     0.5815770E+02 
     0.5815740E+02 
     0.5815708E+02 
     0.5815675E+02 
     0.5815639E+02 
     0.5815602E+02 
     0.5815561E+02 
     0.5815517E+02 
     0.5815469E+02 
     0.5815419E+02 
     0.5815365E+02 
     0.5815310E+02 
     0.5815253E+02 
     0.5815195E+02 
     0.5815135E+02 
     0.5815072E+02 
     0.5815005E+02 
     0.5814937E+02 
     0.5814867E+02 
     0.5814795E+02 
     0.5814721E+02 
     0.5814647E+02 
     0.5814573E+02 
     0.5814497E+02 
     0.5814419E+02 
     0.5814338E+02 
     0.5814256E+02 
     0.5814174E+02 
     0.5814093E+02 
     0.5814011E+02 
     0.5813929E+02 
     0.5813845E+02 
     0.5813762E+02 
     0.5813678E+02 
     0.5813593E+02 
     0.5813508E+02 
     0.5813424E+02 
     0.5813342E+02 
     0.5813260E+02 
     0.5813178E+02 
     0.5813096E+02 
     0.5813014E+02 
     0.5812933E+02 
     0.5812854E+02 
     0.5812776E+02 
     0.5812700E+02 
     0.5812627E+02 
     0.5812554E+02 
     0.5812481E+02 
     0.5812408E+02 
     0.5812337E+02 
     0.5812270E+02 
     0.5812206E+02 
     0.5812145E+02 
     0.5812085E+02 
     0.5812027E+02 
     0.5811969E+02 
     0.5811913E+02 
     0.5811859E+02 
     0.5811810E+02 
     0.5811765E+02 
     0.5811724E+02 
     0.5811685E+02 
     0.5811645E+02 
     0.5811607E+02 
     0.5811572E+02 
     0.5811542E+02 
     0.5811516E+02 
     0.5811494E+02 
     0.5811475E+02 
     0.5811459E+02 
     0.5811445E+02 
     0.5811433E+02 
     0.5811423E+02 
     0.5811416E+02 
     0.5811413E+02 
     0.5811416E+02 
     0.5811424E+02 
     0.5811434E+02 
     0.5811446E+02 
     0.5811459E+02 
     0.5811473E+02 
     0.5811491E+02 
     0.5811512E+02 
     0.5811540E+02 
     0.5811573E+02 
     0.5811609E+02 
     0.5811646E+02 
     0.5811683E+02 
     0.5811721E+02 
     0.5811760E+02 
     0.5811804E+02 
     0.5811854E+02 
     0.5811908E+02 
     0.5811967E+02 
     0.5812027E+02 
     0.5812086E+02 
     0.5812143E+02 
     0.5812202E+02 
     0.5812265E+02 
     0.5812334E+02 
     0.5812406E+02 
     0.5812481E+02 
     0.5812556E+02 
     0.5812631E+02 
     0.5812705E+02 
     0.5812780E+02 
     0.5812857E+02 
     0.5812937E+02 
     0.5813019E+02 
     0.5813103E+02 
     0.5813188E+02 
     0.5813272E+02 
     0.5813356E+02 
     0.5813440E+02 
     0.5813523E+02 
     0.5813607E+02 
     0.5813692E+02 
     0.5813779E+02 
     0.5813866E+02 
     0.5813953E+02 
     0.5814038E+02 
     0.5814121E+02 
     0.5814203E+02 
     0.5814285E+02 
     0.5814367E+02 
     0.5814449E+02 
     0.5814531E+02 
     0.5814611E+02 
     0.5814690E+02 
     0.5814765E+02 
     0.5814838E+02 
     0.5814910E+02 
     0.5814981E+02 
     0.5815053E+02 
     0.5815123E+02 
     0.5815190E+02 
     0.5815255E+02 
     0.5815316E+02 
     0.5815374E+02 
     0.5815430E+02 
     0.5815484E+02 
     0.5815537E+02 
     0.5815589E+02 
     0.5815638E+02 
     0.5815683E+02 
     0.5815725E+02 
     0.5815762E+02 
     0.5815797E+02 
     0.5815829E+02 
     0.5815860E+02 
     0.5815888E+02 
     0.5815914E+02 
     0.5815937E+02 
     0.5815956E+02 
     0.5815970E+02 
     0.5815980E+02 
     0.5815987E+02 
     0.5815992E+02 
     0.5815996E+02 
     0.5815997E+02 
     0.5815995E+02 
     0.5815989E+02 
     0.5815977E+02 
     0.5815962E+02 
     0.5815943E+02 
     0.5815923E+02 
     0.5815902E+02 
     0.5815879E+02 
     0.5815851E+02 
     0.5815819E+02 
     0.5815784E+02 
     0.5815745E+02 
     0.5815703E+02 
     0.5815659E+02 
     0.5815613E+02 
     0.5815566E+02 
     0.5815517E+02 
     0.5815465E+02 
     0.5815409E+02 
     0.5815348E+02 
     0.5815286E+02 
     0.5815222E+02 
     0.5815158E+02 
     0.5815094E+02 
     0.5815026E+02 
     0.5814956E+02 
     0.5814883E+02 
     0.5814809E+02 
     0.5814733E+02 
     0.5814657E+02 
     0.5814579E+02 
     0.5814501E+02 
     0.5814421E+02 
     0.5814340E+02 
     0.5814258E+02 
     0.5814176E+02 
     0.5814093E+02 
     0.5814011E+02 
     0.5813927E+02 
     0.5813842E+02 
     0.5813757E+02 
     0.5813672E+02 
     0.5813588E+02 
     0.5813506E+02 
     0.5813424E+02 
     0.5813341E+02 
     0.5813258E+02 
     0.5813175E+02 
     0.5813093E+02 
     0.5813014E+02 
     0.5812936E+02 
     0.5812860E+02 
     0.5812784E+02 
     0.5812709E+02 
     0.5812635E+02 
     0.5812563E+02 
     0.5812492E+02 
     0.5812424E+02 
     0.5812358E+02 
     0.5812294E+02 
     0.5812232E+02 
     0.5812172E+02 
     0.5812114E+02 
     0.5812059E+02 
     0.5812007E+02 
     0.5811956E+02 
     0.5811907E+02 
     0.5811861E+02 
     0.5811818E+02 
     0.5811779E+02 
     0.5811743E+02 
     0.5811709E+02 
     0.5811677E+02 
     0.5811648E+02 
     0.5811620E+02 
     0.5811597E+02 
     0.5811578E+02 
     0.5811563E+02 
     0.5811551E+02 
     0.5811541E+02 
     0.5811533E+02 
     0.5811527E+02 
     0.5811525E+02 
     0.5811527E+02 
     0.5811532E+02 
     0.5811541E+02 
     0.5811553E+02 
     0.5811568E+02 
     0.5811585E+02 
     0.5811605E+02 
     0.5811628E+02 
     0.5811654E+02 
     0.5811683E+02 
     0.5811715E+02 
     0.5811750E+02 
     0.5811788E+02 
     0.5811828E+02 
     0.5811872E+02 
     0.5811919E+02 
     0.5811967E+02 
     0.5812016E+02 
     0.5812067E+02 
     0.5812122E+02 
     0.5812181E+02 
     0.5812242E+02 
     0.5812306E+02 
     0.5812370E+02 
     0.5812435E+02 
     0.5812502E+02 
     0.5812570E+02 
     0.5812641E+02 
     0.5812714E+02 
     0.5812788E+02 
     0.5812864E+02 
     0.5812941E+02 
     0.5813019E+02 
     0.5813097E+02 
     0.5813176E+02 
     0.5813255E+02 
     0.5813335E+02 
     0.5813416E+02 
     0.5813497E+02 
     0.5813579E+02 
     0.5813662E+02 
     0.5813745E+02 
     0.5813827E+02 
     0.5813908E+02 
     0.5813988E+02 
     0.5814068E+02 
     0.5814148E+02 
     0.5814228E+02 
     0.5814308E+02 
     0.5814387E+02 
     0.5814464E+02 
     0.5814540E+02 
     0.5814613E+02 
     0.5814686E+02 
     0.5814757E+02 
     0.5814828E+02 
     0.5814897E+02 
     0.5814964E+02 
     0.5815030E+02 
     0.5815093E+02 
     0.5815154E+02 
     0.5815213E+02 
     0.5815268E+02 
     0.5815322E+02 
     0.5815374E+02 
     0.5815425E+02 
     0.5815474E+02 
     0.5815519E+02 
     0.5815561E+02 
     0.5815599E+02 
     0.5815634E+02 
     0.5815667E+02 
     0.5815698E+02 
     0.5815727E+02 
     0.5815754E+02 
     0.5815777E+02 
     0.5815796E+02 
     0.5815811E+02 
     0.5815823E+02 
     0.5815832E+02 
     0.5815840E+02 
     0.5815845E+02 
     0.5815848E+02 
     0.5815846E+02 
     0.5815841E+02 
     0.5815833E+02 
     0.5815821E+02 
     0.5815806E+02 
     0.5815788E+02 
     0.5815767E+02 
     0.5815744E+02 
     0.5815720E+02 
     0.5815693E+02 
     0.5815662E+02 
     0.5815626E+02 
     0.5815586E+02 
     0.5815544E+02 
     0.5815500E+02 
     0.5815456E+02 
     0.5815410E+02 
     0.5815362E+02 
     0.5815310E+02 
     0.5815253E+02 
     0.5815193E+02 
     0.5815132E+02 
     0.5815070E+02 
     0.5815008E+02 
     0.5814944E+02 
     0.5814879E+02 
     0.5814810E+02 
     0.5814738E+02 
     0.5814664E+02 
     0.5814589E+02 
     0.5814514E+02 
     0.5814438E+02 
     0.5814363E+02 
     0.5814286E+02 
     0.5814207E+02 
     0.5814126E+02 
     0.5814044E+02 
     0.5813962E+02 
     0.5813880E+02 
     0.5813799E+02 
     0.5813718E+02 
     0.5813636E+02 
     0.5813555E+02 
     0.5813473E+02 
     0.5813391E+02 
     0.5813309E+02 
     0.5813227E+02 
     0.5813146E+02 
     0.5813067E+02 
     0.5812989E+02 
     0.5812913E+02 
     0.5812837E+02 
     0.5812761E+02 
     0.5812685E+02 
     0.5812611E+02 
     0.5812539E+02 
     0.5812470E+02 
     0.5812403E+02 
     0.5812338E+02 
     0.5812275E+02 
     0.5812212E+02 
     0.5812150E+02 
     0.5812091E+02 
     0.5812035E+02 
     0.5811982E+02 
     0.5811932E+02 
     0.5811884E+02 
     0.5811838E+02 
     0.5811794E+02 
     0.5811753E+02 
     0.5811714E+02 
     0.5811678E+02 
     0.5811647E+02 
     0.5811619E+02 
     0.5811593E+02 
     0.5811570E+02 
     0.5811548E+02 
     0.5811530E+02 
     0.5811514E+02 
     0.5811503E+02 
     0.5811496E+02 
     0.5811493E+02 
     0.5811492E+02 
     0.5811492E+02 
     0.5811495E+02 
     0.5811501E+02 
     0.5811512E+02 
     0.5811526E+02 
     0.5811543E+02 
     0.5811564E+02 
     0.5811587E+02 
     0.5811613E+02 
     0.5811641E+02 
     0.5811671E+02 
     0.5811705E+02 
     0.5811742E+02 
     0.5811783E+02 
     0.5811826E+02 
     0.5811872E+02 
     0.5811920E+02 
     0.5811970E+02 
     0.5812022E+02 
     0.5812077E+02 
     0.5812135E+02 
     0.5812195E+02 
     0.5812257E+02 
     0.5812322E+02 
     0.5812388E+02 
     0.5812456E+02 
     0.5812524E+02 
     0.5812595E+02 
     0.5812668E+02 
     0.5812742E+02 
     0.5812819E+02 
     0.5812897E+02 
     0.5812975E+02 
     0.5813054E+02 
     0.5813133E+02 
     0.5813213E+02 
     0.5813294E+02 
     0.5813378E+02 
     0.5813462E+02 
     0.5813546E+02 
     0.5813630E+02 
     0.5813713E+02 
     0.5813795E+02 
     0.5813878E+02 
     0.5813961E+02 
     0.5814045E+02 
     0.5814128E+02 
     0.5814211E+02 
     0.5814292E+02 
     0.5814372E+02 
     0.5814451E+02 
     0.5814529E+02 
     0.5814606E+02 
     0.5814682E+02 
     0.5814757E+02 
     0.5814830E+02 
     0.5814902E+02 
     0.5814972E+02 
     0.5815039E+02 
     0.5815105E+02 
     0.5815169E+02 
     0.5815231E+02 
     0.5815291E+02 
     0.5815349E+02 
     0.5815405E+02 
     0.5815458E+02 
     0.5815508E+02 
     0.5815556E+02 
     0.5815601E+02 
     0.5815643E+02 
     0.5815683E+02 
     0.5815720E+02 
     0.5815755E+02 
     0.5815786E+02 
     0.5815815E+02 
     0.5815840E+02 
     0.5815862E+02 
     0.5815881E+02 
     0.5815896E+02 
     0.5815909E+02 
     0.5815920E+02 
     0.5815927E+02 
     0.5815932E+02 
     0.5815932E+02 
     0.5815930E+02 
     0.5815923E+02 
     0.5815913E+02 
     0.5815900E+02 
     0.5815886E+02 
     0.5815868E+02 
     0.5815848E+02 
     0.5815823E+02 
     0.5815795E+02 
     0.5815764E+02 
     0.5815729E+02 
     0.5815693E+02 
     0.5815655E+02 
     0.5815614E+02 
     0.5815569E+02 
     0.5815522E+02 
     0.5815471E+02 
     0.5815419E+02 
     0.5815364E+02 
     0.5815306E+02 
     0.5815246E+02 
     0.5815183E+02 
     0.5815119E+02 
     0.5815054E+02 
     0.5814987E+02 
     0.5814917E+02 
     0.5814845E+02 
     0.5814771E+02 
     0.5814695E+02 
     0.5814618E+02 
     0.5814540E+02 
     0.5814462E+02 
     0.5814383E+02 
     0.5814302E+02 
     0.5814220E+02 
     0.5814136E+02 
     0.5814051E+02 
     0.5813967E+02 
     0.5813882E+02 
     0.5813797E+02 
     0.5813712E+02 
     0.5813626E+02 
     0.5813541E+02 
     0.5813457E+02 
     0.5813373E+02 
     0.5813287E+02 
     0.5813201E+02 
     0.5813117E+02 
     0.5813034E+02 
     0.5812954E+02 
     0.5812875E+02 
     0.5812796E+02 
     0.5812717E+02 
     0.5812638E+02 
     0.5812560E+02 
     0.5812485E+02 
     0.5812414E+02 
     0.5812345E+02 
     0.5812277E+02 
     0.5812210E+02 
     0.5812144E+02 
     0.5812079E+02 
     0.5812017E+02 
     0.5811958E+02 
     0.5811903E+02 
     0.5811851E+02 
     0.5811800E+02 
     0.5811752E+02 
     0.5811705E+02 
     0.5811661E+02 
     0.5811620E+02 
     0.5811582E+02 
     0.5811547E+02 
     0.5811515E+02 
     0.5811487E+02 
     0.5811463E+02 
     0.5811441E+02 
     0.5811422E+02 
     0.5811405E+02 
     0.5811389E+02 
     0.5811377E+02 
     0.5811371E+02 
     0.5811369E+02 
     0.5811371E+02 
     0.5811375E+02 
     0.5811379E+02 
     0.5811386E+02 
     0.5811396E+02 
     0.5811411E+02 
     0.5811430E+02 
     0.5811453E+02 
     0.5811479E+02 
     0.5811507E+02 
     0.5811537E+02 
     0.5811568E+02 
     0.5811603E+02 
     0.5811642E+02 
     0.5811684E+02 
     0.5811730E+02 
     0.5811779E+02 
     0.5811830E+02 
     0.5811883E+02 
     0.5811936E+02 
     0.5811992E+02 
     0.5812051E+02 
     0.5812113E+02 
     0.5812179E+02 
     0.5812247E+02 
     0.5812316E+02 
     0.5812387E+02 
     0.5812457E+02 
     0.5812529E+02 
     0.5812602E+02 
     0.5812678E+02 
     0.5812757E+02 
     0.5812838E+02 
     0.5812920E+02 
     0.5813002E+02 
     0.5813083E+02 
     0.5813164E+02 
     0.5813245E+02 
     0.5813329E+02 
     0.5813414E+02 
     0.5813501E+02 
     0.5813587E+02 
     0.5813672E+02 
     0.5813757E+02 
     0.5813842E+02 
     0.5813925E+02 
     0.5814009E+02 
     0.5814091E+02 
     0.5814174E+02 
     0.5814257E+02 
     0.5814339E+02 
     0.5814420E+02 
     0.5814500E+02 
     0.5814576E+02 
     0.5814652E+02 
     0.5814726E+02 
     0.5814799E+02 
     0.5814871E+02 
     0.5814941E+02 
     0.5815010E+02 
     0.5815076E+02 
     0.5815141E+02 
     0.5815204E+02 
     0.5815263E+02 
     0.5815318E+02 
     0.5815372E+02 
     0.5815424E+02 
     0.5815476E+02 
     0.5815526E+02 
     0.5815572E+02 
     0.5815613E+02 
     0.5815650E+02 
     0.5815685E+02 
     0.5815717E+02 
     0.5815748E+02 
     0.5815776E+02 
     0.5815802E+02 
     0.5815824E+02 
     0.5815841E+02 
     0.5815854E+02 
     0.5815864E+02 
     0.5815872E+02 
     0.5815877E+02 
     0.5815880E+02 
     0.5815879E+02 
     0.5815876E+02 
     0.5815868E+02 
     0.5815856E+02 
     0.5815840E+02 
     0.5815822E+02 
     0.5815801E+02 
     0.5815779E+02 
     0.5815754E+02 
     0.5815727E+02 
     0.5815694E+02 
     0.5815657E+02 
     0.5815617E+02 
     0.5815573E+02 
     0.5815529E+02 
     0.5815483E+02 
     0.5815436E+02 
     0.5815386E+02 
     0.5815333E+02 
     0.5815275E+02 
     0.5815215E+02 
     0.5815152E+02 
     0.5815088E+02 
     0.5815023E+02 
     0.5814958E+02 
     0.5814890E+02 
     0.5814820E+02 
     0.5814748E+02 
     0.5814673E+02 
     0.5814596E+02 
     0.5814517E+02 
     0.5814439E+02 
     0.5814360E+02 
     0.5814282E+02 
     0.5814202E+02 
     0.5814121E+02 
     0.5814038E+02 
     0.5813953E+02 
     0.5813868E+02 
     0.5813782E+02 
     0.5813698E+02 
     0.5813615E+02 
     0.5813533E+02 
     0.5813450E+02 
     0.5813366E+02 
     0.5813280E+02 
     0.5813194E+02 
     0.5813110E+02 
     0.5813029E+02 
     0.5812950E+02 
     0.5812873E+02 
     0.5812794E+02 
     0.5812715E+02 
     0.5812637E+02 
     0.5812560E+02 
     0.5812486E+02 
     0.5812416E+02 
     0.5812348E+02 
     0.5812280E+02 
     0.5812214E+02 
     0.5812148E+02 
     0.5812085E+02 
     0.5812025E+02 
     0.5811967E+02 
     0.5811912E+02 
     0.5811860E+02 
     0.5811810E+02 
     0.5811762E+02 
     0.5811717E+02 
     0.5811674E+02 
     0.5811634E+02 
     0.5811596E+02 
     0.5811562E+02 
     0.5811531E+02 
     0.5811504E+02 
     0.5811480E+02 
     0.5811459E+02 
     0.5811440E+02 
     0.5811423E+02 
     0.5811409E+02 
     0.5811399E+02 
     0.5811393E+02 
     0.5811392E+02 
     0.5811394E+02 
     0.5811398E+02 
     0.5811404E+02 
     0.5811412E+02 
     0.5811423E+02 
     0.5811438E+02 
     0.5811458E+02 
     0.5811483E+02 
     0.5811510E+02 
     0.5811539E+02 
     0.5811570E+02 
     0.5811602E+02 
     0.5811638E+02 
     0.5811677E+02 
     0.5811721E+02 
     0.5811768E+02 
     0.5811817E+02 
     0.5811869E+02 
     0.5811923E+02 
     0.5811978E+02 
     0.5812035E+02 
     0.5812095E+02 
     0.5812158E+02 
     0.5812224E+02 
     0.5812292E+02 
     0.5812362E+02 
     0.5812434E+02 
     0.5812507E+02 
     0.5812580E+02 
     0.5812655E+02 
     0.5812730E+02 
     0.5812808E+02 
     0.5812889E+02 
     0.5812971E+02 
     0.5813054E+02 
     0.5813137E+02 
     0.5813220E+02 
     0.5813302E+02 
     0.5813385E+02 
     0.5813468E+02 
     0.5813554E+02 
     0.5813641E+02 
     0.5813729E+02 
     0.5813816E+02 
     0.5813899E+02 
     0.5813981E+02 
     0.5814063E+02 
     0.5814146E+02 
     0.5814231E+02 
     0.5814316E+02 
     0.5814399E+02 
     0.5814480E+02 
     0.5814558E+02 
     0.5814634E+02 
     0.5814710E+02 
     0.5814785E+02 
     0.5814860E+02 
     0.5814933E+02 
     0.5815005E+02 
     0.5815074E+02 
     0.5815141E+02 
     0.5815204E+02 
     0.5815266E+02 
     0.5815325E+02 
     0.5815383E+02 
     0.5815438E+02 
     0.5815492E+02 
     0.5815544E+02 
     0.5815594E+02 
     0.5815640E+02 
     0.5815681E+02 
     0.5815718E+02 
     0.5815754E+02 
     0.5815788E+02 
     0.5815820E+02 
     0.5815850E+02 
     0.5815877E+02 
     0.5815899E+02 
     0.5815916E+02 
     0.5815930E+02 
     0.5815941E+02 
     0.5815950E+02 
     0.5815958E+02 
     0.5815963E+02 
     0.5815964E+02 
     0.5815960E+02 
     0.5815952E+02 
     0.5815942E+02 
     0.5815928E+02 
     0.5815912E+02 
     0.5815893E+02 
     0.5815871E+02 
     0.5815847E+02 
     0.5815819E+02 
     0.5815788E+02 
     0.5815754E+02 
     0.5815717E+02 
     0.5815676E+02 
     0.5815632E+02 
     0.5815587E+02 
     0.5815540E+02 
     0.5815491E+02 
     0.5815440E+02 
     0.5815384E+02 
     0.5815325E+02 
     0.5815263E+02 
     0.5815200E+02 
     0.5815136E+02 
     0.5815070E+02 
     0.5815003E+02 
     0.5814933E+02 
     0.5814861E+02 
     0.5814787E+02 
     0.5814711E+02 
     0.5814634E+02 
     0.5814556E+02 
     0.5814478E+02 
     0.5814398E+02 
     0.5814318E+02 
     0.5814237E+02 
     0.5814154E+02 
     0.5814070E+02 
     0.5813985E+02 
     0.5813901E+02 
     0.5813817E+02 
     0.5813733E+02 
     0.5813649E+02 
     0.5813564E+02 
     0.5813479E+02 
     0.5813395E+02 
     0.5813311E+02 
     0.5813228E+02 
     0.5813145E+02 
     0.5813064E+02 
     0.5812983E+02 
     0.5812904E+02 
     0.5812825E+02 
     0.5812746E+02 
     0.5812669E+02 
     0.5812594E+02 
     0.5812522E+02 
     0.5812451E+02 
     0.5812382E+02 
     0.5812316E+02 
     0.5812250E+02 
     0.5812185E+02 
     0.5812121E+02 
     0.5812061E+02 
     0.5812005E+02 
     0.5811953E+02 
     0.5811903E+02 
     0.5811853E+02 
     0.5811805E+02 
     0.5811758E+02 
     0.5811716E+02 
     0.5811677E+02 
     0.5811643E+02 
     0.5811611E+02 
     0.5811582E+02 
     0.5811555E+02 
     0.5811529E+02 
     0.5811507E+02 
     0.5811488E+02 
     0.5811473E+02 
     0.5811462E+02 
     0.5811455E+02 
     0.5811451E+02 
     0.5811449E+02 
     0.5811450E+02 
     0.5811453E+02 
     0.5811460E+02 
     0.5811470E+02 
     0.5811484E+02 
     0.5811502E+02 
     0.5811523E+02 
     0.5811547E+02 
     0.5811573E+02 
     0.5811602E+02 
     0.5811632E+02 
     0.5811666E+02 
     0.5811703E+02 
     0.5811744E+02 
     0.5811789E+02 
     0.5811837E+02 
     0.5811886E+02 
     0.5811936E+02 
     0.5811987E+02 
     0.5812041E+02 
     0.5812098E+02 
     0.5812160E+02 
     0.5812225E+02 
     0.5812291E+02 
     0.5812358E+02 
     0.5812425E+02 
     0.5812493E+02 
     0.5812564E+02 
     0.5812637E+02 
     0.5812713E+02 
     0.5812791E+02 
     0.5812870E+02 
     0.5812948E+02 
     0.5813027E+02 
     0.5813106E+02 
     0.5813186E+02 
     0.5813268E+02 
     0.5813351E+02 
     0.5813435E+02 
     0.5813519E+02 
     0.5813603E+02 
     0.5813686E+02 
     0.5813768E+02 
     0.5813850E+02 
     0.5813932E+02 
     0.5814015E+02 
     0.5814098E+02 
     0.5814180E+02 
     0.5814260E+02 
     0.5814339E+02 
     0.5814418E+02 
     0.5814495E+02 
     0.5814571E+02 
     0.5814646E+02 
     0.5814720E+02 
     0.5814792E+02 
     0.5814864E+02 
     0.5814933E+02 
     0.5814999E+02 
     0.5815064E+02 
     0.5815126E+02 
     0.5815187E+02 
     0.5815247E+02 
     0.5815304E+02 
     0.5815359E+02 
     0.5815411E+02 
     0.5815459E+02 
     0.5815505E+02 
     0.5815548E+02 
     0.5815589E+02 
     0.5815628E+02 
     0.5815665E+02 
     0.5815698E+02 
     0.5815728E+02 
     0.5815754E+02 
     0.5815777E+02 
     0.5815797E+02 
     0.5815815E+02 
     0.5815830E+02 
     0.5815843E+02 
     0.5815852E+02 
     0.5815858E+02 
     0.5815859E+02 
     0.5815856E+02 
     0.5815850E+02 
     0.5815842E+02 
     0.5815833E+02 
     0.5815820E+02 
     0.5815804E+02 
     0.5815785E+02 
     0.5815760E+02 
     0.5815732E+02 
     0.5815702E+02 
     0.5815669E+02 
     0.5815635E+02 
     0.5815598E+02 
     0.5815558E+02 
     0.5815514E+02 
     0.5815466E+02 
     0.5815416E+02 
     0.5815364E+02 
     0.5815310E+02 
     0.5815254E+02 
     0.5815196E+02 
     0.5815136E+02 
     0.5815073E+02 
     0.5815007E+02 
     0.5814938E+02 
     0.5814868E+02 
     0.5814796E+02 
     0.5814724E+02 
     0.5814651E+02 
     0.5814576E+02 
     0.5814500E+02 
     0.5814421E+02 
     0.5814340E+02 
     0.5814259E+02 
     0.5814177E+02 
     0.5814095E+02 
     0.5814013E+02 
     0.5813931E+02 
     0.5813848E+02 
     0.5813764E+02 
     0.5813679E+02 
     0.5813592E+02 
     0.5813507E+02 
     0.5813423E+02 
     0.5813341E+02 
     0.5813260E+02 
     0.5813178E+02 
     0.5813095E+02 
     0.5813012E+02 
     0.5812929E+02 
     0.5812848E+02 
     0.5812770E+02 
     0.5812694E+02 
     0.5812621E+02 
     0.5812547E+02 
     0.5812474E+02 
     0.5812401E+02 
     0.5812329E+02 
     0.5812260E+02 
     0.5812194E+02 
     0.5812131E+02 
     0.5812071E+02 
     0.5812013E+02 
     0.5811956E+02 
     0.5811901E+02 
     0.5811847E+02 
     0.5811795E+02 
     0.5811748E+02 
     0.5811704E+02 
     0.5811664E+02 
     0.5811627E+02 
     0.5811590E+02 
     0.5811556E+02 
     0.5811525E+02 
     0.5811497E+02 
     0.5811473E+02 
     0.5811452E+02 
     0.5811435E+02 
     0.5811421E+02 
     0.5811410E+02 
     0.5811402E+02 
     0.5811396E+02 
     0.5811392E+02 
     0.5811392E+02 
     0.5811397E+02 
     0.5811406E+02 
     0.5811418E+02 
     0.5811432E+02 
     0.5811448E+02 
     0.5811467E+02 
     0.5811489E+02 
     0.5811515E+02 
     0.5811545E+02 
     0.5811579E+02 
     0.5811615E+02 
     0.5811654E+02 
     0.5811694E+02 
     0.5811737E+02 
     0.5811783E+02 
     0.5811832E+02 
     0.5811884E+02 
     0.5811940E+02 
     0.5811998E+02 
     0.5812059E+02 
     0.5812121E+02 
     0.5812184E+02 
     0.5812248E+02 
     0.5812316E+02 
     0.5812386E+02 
     0.5812459E+02 
     0.5812534E+02 
     0.5812610E+02 
     0.5812688E+02 
     0.5812766E+02 
     0.5812844E+02 
     0.5812924E+02 
     0.5813005E+02 
     0.5813088E+02 
     0.5813173E+02 
     0.5813259E+02 
     0.5813345E+02 
     0.5813431E+02 
     0.5813515E+02 
     0.5813600E+02 
     0.5813685E+02 
     0.5813772E+02 
     0.5813859E+02 
     0.5813947E+02 
     0.5814033E+02 
     0.5814118E+02 
     0.5814202E+02 
     0.5814284E+02 
     0.5814366E+02 
     0.5814447E+02 
     0.5814530E+02 
     0.5814612E+02 
     0.5814692E+02 
     0.5814770E+02 
     0.5814845E+02 
     0.5814917E+02 
     0.5814987E+02 
     0.5815056E+02 
     0.5815126E+02 
     0.5815195E+02 
     0.5815263E+02 
     0.5815327E+02 
     0.5815387E+02 
     0.5815442E+02 
     0.5815494E+02 
     0.5815544E+02 
     0.5815596E+02 
     0.5815646E+02 
     0.5815694E+02 
     0.5815738E+02 
     0.5815776E+02 
     0.5815810E+02 
     0.5815840E+02 
     0.5815868E+02 
     0.5815894E+02 
     0.5815920E+02 
     0.5815943E+02 
     0.5815964E+02 
     0.5815979E+02 
     0.5815988E+02 
     0.5815992E+02 
     0.5815993E+02 
     0.5815993E+02 
     0.5815993E+02 
     0.5815990E+02 
     0.5815984E+02 
     0.5815973E+02 
     0.5815956E+02 
     0.5815935E+02 
     0.5815910E+02 
     0.5815884E+02 
     0.5815857E+02 
     0.5815828E+02 
     0.5815796E+02 
     0.5815760E+02 
     0.5815719E+02 
     0.5815675E+02 
     0.5815627E+02 
     0.5815576E+02 
     0.5815524E+02 
     0.5815471E+02 
     0.5815416E+02 
     0.5815359E+02 
     0.5815298E+02 
     0.5815233E+02 
     0.5815165E+02 
     0.5815094E+02 
     0.5815023E+02 
     0.5814952E+02 
     0.5814880E+02 
     0.5814805E+02 
     0.5814728E+02 
     0.5814648E+02 
     0.5814566E+02 
     0.5814483E+02 
     0.5814399E+02 
     0.5814314E+02 
     0.5814230E+02 
     0.5814145E+02 
     0.5814060E+02 
     0.5813972E+02 
     0.5813883E+02 
     0.5813794E+02 
     0.5813704E+02 
     0.5813615E+02 
     0.5813526E+02 
     0.5813438E+02 
     0.5813351E+02 
     0.5813264E+02 
     0.5813178E+02 
     0.5813091E+02 
     0.5813004E+02 
     0.5812918E+02 
     0.5812833E+02 
     0.5812751E+02 
     0.5812671E+02 
     0.5812593E+02 
     0.5812515E+02 
     0.5812437E+02 
     0.5812360E+02 
     0.5812285E+02 
     0.5812213E+02 
     0.5812144E+02 
     0.5812077E+02 
     0.5812011E+02 
     0.5811948E+02 
     0.5811888E+02 
     0.5811829E+02 
     0.5811772E+02 
     0.5811718E+02 
     0.5811666E+02 
     0.5811617E+02 
     0.5811572E+02 
     0.5811530E+02 
     0.5811492E+02 
     0.5811456E+02 
     0.5811422E+02 
     0.5811389E+02 
     0.5811359E+02 
     0.5811334E+02 
     0.5811314E+02 
     0.5811297E+02 
     0.5811284E+02 
     0.5811272E+02 
     0.5811263E+02 
     0.5811257E+02 
     0.5811255E+02 
     0.5811256E+02 
     0.5811260E+02 
     0.5811269E+02 
     0.5811280E+02 
     0.5811295E+02 
     0.5811314E+02 
     0.5811335E+02 
     0.5811360E+02 
     0.5811387E+02 
     0.5811417E+02 
     0.5811449E+02 
     0.5811485E+02 
     0.5811525E+02 
     0.5811570E+02 
     0.5811617E+02 
     0.5811666E+02 
     0.5811716E+02 
     0.5811768E+02 
     0.5811823E+02 
     0.5811881E+02 
     0.5811942E+02 
     0.5812006E+02 
     0.5812073E+02 
     0.5812142E+02 
     0.5812212E+02 
     0.5812283E+02 
     0.5812355E+02 
     0.5812429E+02 
     0.5812505E+02 
     0.5812583E+02 
     0.5812663E+02 
     0.5812746E+02 
     0.5812830E+02 
     0.5812914E+02 
     0.5812998E+02 
     0.5813081E+02 
     0.5813164E+02 
     0.5813249E+02 
     0.5813337E+02 
     0.5813426E+02 
     0.5813517E+02 
     0.5813606E+02 
     0.5813693E+02 
     0.5813778E+02 
     0.5813863E+02 
     0.5813948E+02 
     0.5814035E+02 
     0.5814122E+02 
     0.5814209E+02 
     0.5814294E+02 
     0.5814378E+02 
     0.5814458E+02 
     0.5814537E+02 
     0.5814615E+02 
     0.5814693E+02 
     0.5814770E+02 
     0.5814847E+02 
     0.5814921E+02 
     0.5814993E+02 
     0.5815061E+02 
     0.5815127E+02 
     0.5815191E+02 
     0.5815253E+02 
     0.5815313E+02 
     0.5815372E+02 
     0.5815429E+02 
     0.5815483E+02 
     0.5815534E+02 
     0.5815580E+02 
     0.5815623E+02 
     0.5815664E+02 
     0.5815702E+02 
     0.5815739E+02 
     0.5815773E+02 
     0.5815805E+02 
     0.5815833E+02 
     0.5815856E+02 
     0.5815875E+02 
     0.5815891E+02 
     0.5815904E+02 
     0.5815916E+02 
     0.5815924E+02 
     0.5815930E+02 
     0.5815932E+02 
     0.5815931E+02 
     0.5815925E+02 
     0.5815916E+02 
     0.5815903E+02 
     0.5815887E+02 
     0.5815869E+02 
     0.5815849E+02 
     0.5815825E+02 
     0.5815799E+02 
     0.5815768E+02 
     0.5815734E+02 
     0.5815696E+02 
     0.5815656E+02 
     0.5815613E+02 
     0.5815568E+02 
     0.5815520E+02 
     0.5815470E+02 
     0.5815417E+02 
     0.5815361E+02 
     0.5815302E+02 
     0.5815241E+02 
     0.5815177E+02 
     0.5815111E+02 
     0.5815044E+02 
     0.5814975E+02 
     0.5814905E+02 
     0.5814833E+02 
     0.5814758E+02 
     0.5814681E+02 
     0.5814601E+02 
     0.5814522E+02 
     0.5814442E+02 
     0.5814361E+02 
     0.5814280E+02 
     0.5814197E+02 
     0.5814113E+02 
     0.5814027E+02 
     0.5813940E+02 
     0.5813854E+02 
     0.5813768E+02 
     0.5813682E+02 
     0.5813596E+02 
     0.5813510E+02 
     0.5813425E+02 
     0.5813339E+02 
     0.5813253E+02 
     0.5813167E+02 
     0.5813082E+02 
     0.5812999E+02 
     0.5812918E+02 
     0.5812838E+02 
     0.5812758E+02 
     0.5812679E+02 
     0.5812600E+02 
     0.5812523E+02 
     0.5812448E+02 
     0.5812376E+02 
     0.5812307E+02 
     0.5812239E+02 
     0.5812173E+02 
     0.5812107E+02 
     0.5812043E+02 
     0.5811982E+02 
     0.5811924E+02 
     0.5811870E+02 
     0.5811817E+02 
     0.5811767E+02 
     0.5811719E+02 
     0.5811674E+02 
     0.5811631E+02 
     0.5811591E+02 
     0.5811554E+02 
     0.5811521E+02 
     0.5811492E+02 
     0.5811466E+02 
     0.5811442E+02 
     0.5811420E+02 
     0.5811401E+02 
     0.5811386E+02 
     0.5811375E+02 
     0.5811368E+02 
     0.5811364E+02 
     0.5811364E+02 
     0.5811367E+02 
     0.5811372E+02 
     0.5811379E+02 
     0.5811389E+02 
     0.5811403E+02 
     0.5811423E+02 
     0.5811446E+02 
     0.5811472E+02 
     0.5811500E+02 
     0.5811530E+02 
     0.5811563E+02 
     0.5811598E+02 
     0.5811637E+02 
     0.5811680E+02 
     0.5811727E+02 
     0.5811777E+02 
     0.5811829E+02 
     0.5811882E+02 
     0.5811937E+02 
     0.5811994E+02 
     0.5812055E+02 
     0.5812120E+02 
     0.5812186E+02 
     0.5812255E+02 
     0.5812326E+02 
     0.5812399E+02 
     0.5812473E+02 
     0.5812548E+02 
     0.5812624E+02 
     0.5812702E+02 
     0.5812783E+02 
     0.5812867E+02 
     0.5812951E+02 
     0.5813036E+02 
     0.5813119E+02 
     0.5813204E+02 
     0.5813290E+02 
     0.5813377E+02 
     0.5813465E+02 
     0.5813554E+02 
     0.5813643E+02 
     0.5813731E+02 
     0.5813819E+02 
     0.5813906E+02 
     0.5813993E+02 
     0.5814079E+02 
     0.5814166E+02 
     0.5814252E+02 
     0.5814338E+02 
     0.5814423E+02 
     0.5814508E+02 
     0.5814590E+02 
     0.5814670E+02 
     0.5814748E+02 
     0.5814825E+02 
     0.5814901E+02 
     0.5814977E+02 
     0.5815052E+02 
     0.5815124E+02 
     0.5815193E+02 
     0.5815259E+02 
     0.5815322E+02 
     0.5815384E+02 
     0.5815444E+02 
     0.5815502E+02 
     0.5815558E+02 
     0.5815611E+02 
     0.5815661E+02 
     0.5815707E+02 
     0.5815751E+02 
     0.5815792E+02 
     0.5815830E+02 
     0.5815864E+02 
     0.5815897E+02 
     0.5815926E+02 
     0.5815953E+02 
     0.5815976E+02 
     0.5815996E+02 
     0.5816013E+02 
     0.5816025E+02 
     0.5816034E+02 
     0.5816040E+02 
     0.5816043E+02 
     0.5816044E+02 
     0.5816041E+02 
     0.5816035E+02 
     0.5816024E+02 
     0.5816010E+02 
     0.5815993E+02 
     0.5815973E+02 
     0.5815951E+02 
     0.5815925E+02 
     0.5815896E+02 
     0.5815863E+02 
     0.5815827E+02 
     0.5815789E+02 
     0.5815748E+02 
     0.5815704E+02 
     0.5815657E+02 
     0.5815605E+02 
     0.5815551E+02 
     0.5815497E+02 
     0.5815440E+02 
     0.5815382E+02 
     0.5815319E+02 
     0.5815253E+02 
     0.5815184E+02 
     0.5815114E+02 
     0.5815043E+02 
     0.5814970E+02 
     0.5814896E+02 
     0.5814820E+02 
     0.5814741E+02 
     0.5814660E+02 
     0.5814577E+02 
     0.5814495E+02 
     0.5814412E+02 
     0.5814328E+02 
     0.5814243E+02 
     0.5814155E+02 
     0.5814067E+02 
     0.5813979E+02 
     0.5813891E+02 
     0.5813803E+02 
     0.5813715E+02 
     0.5813626E+02 
     0.5813536E+02 
     0.5813448E+02 
     0.5813360E+02 
     0.5813272E+02 
     0.5813185E+02 
     0.5813098E+02 
     0.5813012E+02 
     0.5812928E+02 
     0.5812844E+02 
     0.5812762E+02 
     0.5812681E+02 
     0.5812602E+02 
     0.5812523E+02 
     0.5812446E+02 
     0.5812371E+02 
     0.5812298E+02 
     0.5812227E+02 
     0.5812160E+02 
     0.5812094E+02 
     0.5812030E+02 
     0.5811967E+02 
     0.5811906E+02 
     0.5811848E+02 
     0.5811794E+02 
     0.5811744E+02 
     0.5811696E+02 
     0.5811651E+02 
     0.5811608E+02 
     0.5811566E+02 
     0.5811528E+02 
     0.5811493E+02 
     0.5811462E+02 
     0.5811435E+02 
     0.5811412E+02 
     0.5811391E+02 
     0.5811373E+02 
     0.5811356E+02 
     0.5811343E+02 
     0.5811334E+02 
     0.5811330E+02 
     0.5811330E+02 
     0.5811333E+02 
     0.5811338E+02 
     0.5811346E+02 
     0.5811357E+02 
     0.5811371E+02 
     0.5811389E+02 
     0.5811411E+02 
     0.5811437E+02 
     0.5811465E+02 
     0.5811497E+02 
     0.5811531E+02 
     0.5811568E+02 
     0.5811608E+02 
     0.5811651E+02 
     0.5811697E+02 
     0.5811746E+02 
     0.5811798E+02 
     0.5811853E+02 
     0.5811910E+02 
     0.5811970E+02 
     0.5812032E+02 
     0.5812095E+02 
     0.5812161E+02 
     0.5812230E+02 
     0.5812301E+02 
     0.5812374E+02 
     0.5812449E+02 
     0.5812525E+02 
     0.5812602E+02 
     0.5812682E+02 
     0.5812763E+02 
     0.5812845E+02 
     0.5812928E+02 
     0.5813012E+02 
     0.5813097E+02 
     0.5813183E+02 
     0.5813271E+02 
     0.5813359E+02 
     0.5813448E+02 
     0.5813536E+02 
     0.5813623E+02 
     0.5813710E+02 
     0.5813798E+02 
     0.5813887E+02 
     0.5813976E+02 
     0.5814066E+02 
     0.5814154E+02 
     0.5814241E+02 
     0.5814325E+02 
     0.5814407E+02 
     0.5814489E+02 
     0.5814572E+02 
     0.5814656E+02 
     0.5814738E+02 
     0.5814818E+02 
     0.5814895E+02 
     0.5814968E+02 
     0.5815039E+02 
     0.5815109E+02 
     0.5815179E+02 
     0.5815248E+02 
     0.5815315E+02 
     0.5815380E+02 
     0.5815439E+02 
     0.5815495E+02 
     0.5815548E+02 
     0.5815599E+02 
     0.5815648E+02 
     0.5815697E+02 
     0.5815743E+02 
     0.5815786E+02 
     0.5815825E+02 
     0.5815859E+02 
     0.5815888E+02 
     0.5815915E+02 
     0.5815940E+02 
     0.5815963E+02 
     0.5815985E+02 
     0.5816003E+02 
     0.5816016E+02 
     0.5816024E+02 
     0.5816028E+02 
     0.5816029E+02 
     0.5816027E+02 
     0.5816024E+02 
     0.5816018E+02 
     0.5816009E+02 
     0.5815997E+02 
     0.5815979E+02 
     0.5815957E+02 
     0.5815932E+02 
     0.5815903E+02 
     0.5815873E+02 
     0.5815841E+02 
     0.5815806E+02 
     0.5815769E+02 
     0.5815727E+02 
     0.5815680E+02 
     0.5815631E+02 
     0.5815578E+02 
     0.5815523E+02 
     0.5815467E+02 
     0.5815409E+02 
     0.5815350E+02 
     0.5815286E+02 
     0.5815219E+02 
     0.5815149E+02 
     0.5815077E+02 
     0.5815003E+02 
     0.5814929E+02 
     0.5814853E+02 
     0.5814776E+02 
     0.5814697E+02 
     0.5814616E+02 
     0.5814532E+02 
     0.5814448E+02 
     0.5814362E+02 
     0.5814275E+02 
     0.5814189E+02 
     0.5814102E+02 
     0.5814014E+02 
     0.5813925E+02 
     0.5813835E+02 
     0.5813746E+02 
     0.5813656E+02 
     0.5813566E+02 
     0.5813476E+02 
     0.5813387E+02 
     0.5813299E+02 
     0.5813211E+02 
     0.5813124E+02 
     0.5813037E+02 
     0.5812951E+02 
     0.5812867E+02 
     0.5812783E+02 
     0.5812699E+02 
     0.5812617E+02 
     0.5812537E+02 
     0.5812460E+02 
     0.5812384E+02 
     0.5812310E+02 
     0.5812237E+02 
     0.5812166E+02 
     0.5812097E+02 
     0.5812031E+02 
     0.5811967E+02 
     0.5811905E+02 
     0.5811845E+02 
     0.5811789E+02 
     0.5811737E+02 
     0.5811686E+02 
     0.5811638E+02 
     0.5811591E+02 
     0.5811548E+02 
     0.5811508E+02 
     0.5811472E+02 
     0.5811440E+02 
     0.5811411E+02 
     0.5811385E+02 
     0.5811361E+02 
     0.5811339E+02 
     0.5811320E+02 
     0.5811306E+02 
     0.5811297E+02 
     0.5811291E+02 
     0.5811289E+02 
     0.5811290E+02 
     0.5811292E+02 
     0.5811297E+02 
     0.5811305E+02 
     0.5811318E+02 
     0.5811336E+02 
     0.5811357E+02 
     0.5811381E+02 
     0.5811408E+02 
     0.5811437E+02 
     0.5811469E+02 
     0.5811505E+02 
     0.5811544E+02 
     0.5811586E+02 
     0.5811631E+02 
     0.5811679E+02 
     0.5811730E+02 
     0.5811784E+02 
     0.5811841E+02 
     0.5811900E+02 
     0.5811961E+02 
     0.5812024E+02 
     0.5812089E+02 
     0.5812158E+02 
     0.5812229E+02 
     0.5812303E+02 
     0.5812379E+02 
     0.5812457E+02 
     0.5812534E+02 
     0.5812612E+02 
     0.5812693E+02 
     0.5812777E+02 
     0.5812863E+02 
     0.5812950E+02 
     0.5813037E+02 
     0.5813126E+02 
     0.5813214E+02 
     0.5813303E+02 
     0.5813392E+02 
     0.5813482E+02 
     0.5813574E+02 
     0.5813666E+02 
     0.5813759E+02 
     0.5813851E+02 
     0.5813942E+02 
     0.5814031E+02 
     0.5814120E+02 
     0.5814209E+02 
     0.5814299E+02 
     0.5814388E+02 
     0.5814477E+02 
     0.5814563E+02 
     0.5814648E+02 
     0.5814731E+02 
     0.5814812E+02 
     0.5814893E+02 
     0.5814971E+02 
     0.5815049E+02 
     0.5815125E+02 
     0.5815200E+02 
     0.5815272E+02 
     0.5815340E+02 
     0.5815406E+02 
     0.5815469E+02 
     0.5815530E+02 
     0.5815590E+02 
     0.5815647E+02 
     0.5815702E+02 
     0.5815754E+02 
     0.5815803E+02 
     0.5815848E+02 
     0.5815888E+02 
     0.5815926E+02 
     0.5815961E+02 
     0.5815995E+02 
     0.5816026E+02 
     0.5816054E+02 
     0.5816077E+02 
     0.5816096E+02 
     0.5816111E+02 
     0.5816123E+02 
     0.5816132E+02 
     0.5816138E+02 
     0.5816142E+02 
     0.5816142E+02 
     0.5816139E+02 
     0.5816131E+02 
     0.5816119E+02 
     0.5816103E+02 
     0.5816084E+02 
     0.5816061E+02 
     0.5816036E+02 
     0.5816009E+02 
     0.5815979E+02 
     0.5815945E+02 
     0.5815907E+02 
     0.5815864E+02 
     0.5815819E+02 
     0.5815771E+02 
     0.5815721E+02 
     0.5815669E+02 
     0.5815614E+02 
     0.5815556E+02 
     0.5815495E+02 
     0.5815431E+02 
     0.5815364E+02 
     0.5815294E+02 
     0.5815223E+02 
     0.5815150E+02 
     0.5815076E+02 
     0.5814999E+02 
     0.5814921E+02 
     0.5814840E+02 
     0.5814756E+02 
     0.5814671E+02 
     0.5814585E+02 
     0.5814498E+02 
     0.5814411E+02 
     0.5814323E+02 
     0.5814233E+02 
     0.5814142E+02 
     0.5814049E+02 
     0.5813956E+02 
     0.5813863E+02 
     0.5813770E+02 
     0.5813677E+02 
     0.5813584E+02 
     0.5813491E+02 
     0.5813398E+02 
     0.5813305E+02 
     0.5813212E+02 
     0.5813120E+02 
     0.5813029E+02 
     0.5812939E+02 
     0.5812850E+02 
     0.5812761E+02 
     0.5812674E+02 
     0.5812589E+02 
     0.5812506E+02 
     0.5812424E+02 
     0.5812343E+02 
     0.5812264E+02 
     0.5812186E+02 
     0.5812109E+02 
     0.5812036E+02 
     0.5811965E+02 
     0.5811898E+02 
     0.5811833E+02 
     0.5811770E+02 
     0.5811709E+02 
     0.5811650E+02 
     0.5811594E+02 
     0.5811540E+02 
     0.5811491E+02 
     0.5811445E+02 
     0.5811403E+02 
     0.5811364E+02 
     0.5811328E+02 
     0.5811294E+02 
     0.5811262E+02 
     0.5811233E+02 
     0.5811209E+02 
     0.5811188E+02 
     0.5811172E+02 
     0.5811160E+02 
     0.5811151E+02 
     0.5811146E+02 
     0.5811142E+02 
     0.5811141E+02 
     0.5811143E+02 
     0.5811149E+02 
     0.5811161E+02 
     0.5811177E+02 
     0.5811197E+02 
     0.5811219E+02 
     0.5811244E+02 
     0.5811270E+02 
     0.5811300E+02 
     0.5811332E+02 
     0.5811369E+02 
     0.5811412E+02 
     0.5811458E+02 
     0.5811507E+02 
     0.5811557E+02 
     0.5811609E+02 
     0.5811663E+02 
     0.5811720E+02 
     0.5811781E+02 
     0.5811846E+02 
     0.5811913E+02 
     0.5811982E+02 
     0.5812054E+02 
     0.5812126E+02 
     0.5812201E+02 
     0.5812278E+02 
     0.5812357E+02 
     0.5812439E+02 
     0.5812521E+02 
     0.5812605E+02 
     0.5812690E+02 
     0.5812778E+02 
     0.5812867E+02 
     0.5812957E+02 
     0.5813046E+02 
     0.5813136E+02 
     0.5813226E+02 
     0.5813318E+02 
     0.5813412E+02 
     0.5813506E+02 
     0.5813599E+02 
     0.5813692E+02 
     0.5813784E+02 
     0.5813876E+02 
     0.5813968E+02 
     0.5814060E+02 
     0.5814152E+02 
     0.5814243E+02 
     0.5814333E+02 
     0.5814420E+02 
     0.5814507E+02 
     0.5814593E+02 
     0.5814678E+02 
     0.5814763E+02 
     0.5814846E+02 
     0.5814925E+02 
     0.5815003E+02 
     0.5815078E+02 
     0.5815152E+02 
     0.5815225E+02 
     0.5815296E+02 
     0.5815364E+02 
     0.5815429E+02 
     0.5815491E+02 
     0.5815551E+02 
     0.5815608E+02 
     0.5815663E+02 
     0.5815714E+02 
     0.5815763E+02 
     0.5815810E+02 
     0.5815853E+02 
     0.5815892E+02 
     0.5815928E+02 
     0.5815960E+02 
     0.5815989E+02 
     0.5816015E+02 
     0.5816039E+02 
     0.5816059E+02 
     0.5816075E+02 
     0.5816088E+02 
     0.5816097E+02 
     0.5816102E+02 
     0.5816103E+02 
     0.5816102E+02 
     0.5816097E+02 
     0.5816090E+02 
     0.5816079E+02 
     0.5816064E+02 
     0.5816046E+02 
     0.5816024E+02 
     0.5815997E+02 
     0.5815967E+02 
     0.5815935E+02 
     0.5815901E+02 
     0.5815864E+02 
     0.5815824E+02 
     0.5815779E+02 
     0.5815730E+02 
     0.5815677E+02 
     0.5815623E+02 
     0.5815567E+02 
     0.5815509E+02 
     0.5815450E+02 
     0.5815387E+02 
     0.5815321E+02 
     0.5815251E+02 
     0.5815178E+02 
     0.5815104E+02 
     0.5815030E+02 
     0.5814955E+02 
     0.5814878E+02 
     0.5814798E+02 
     0.5814715E+02 
     0.5814631E+02 
     0.5814545E+02 
     0.5814459E+02 
     0.5814372E+02 
     0.5814284E+02 
     0.5814196E+02 
     0.5814107E+02 
     0.5814018E+02 
     0.5813927E+02 
     0.5813834E+02 
     0.5813742E+02 
     0.5813649E+02 
     0.5813558E+02 
     0.5813469E+02 
     0.5813380E+02 
     0.5813290E+02 
     0.5813200E+02 
     0.5813109E+02 
     0.5813019E+02 
     0.5812931E+02 
     0.5812845E+02 
     0.5812762E+02 
     0.5812680E+02 
     0.5812599E+02 
     0.5812517E+02 
     0.5812436E+02 
     0.5812357E+02 
     0.5812282E+02 
     0.5812210E+02 
     0.5812141E+02 
     0.5812073E+02 
     0.5812005E+02 
     0.5811940E+02 
     0.5811877E+02 
     0.5811818E+02 
     0.5811761E+02 
     0.5811709E+02 
     0.5811659E+02 
     0.5811612E+02 
     0.5811567E+02 
     0.5811525E+02 
     0.5811485E+02 
     0.5811449E+02 
     0.5811416E+02 
     0.5811387E+02 
     0.5811363E+02 
     0.5811342E+02 
     0.5811325E+02 
     0.5811310E+02 
     0.5811297E+02 
     0.5811286E+02 
     0.5811280E+02 
     0.5811278E+02 
     0.5811282E+02 
     0.5811290E+02 
     0.5811301E+02 
     0.5811313E+02 
     0.5811327E+02 
     0.5811345E+02 
     0.5811366E+02 
     0.5811392E+02 
     0.5811422E+02 
     0.5811457E+02 
     0.5811494E+02 
     0.5811533E+02 
     0.5811574E+02 
     0.5811617E+02 
     0.5811664E+02 
     0.5811714E+02 
     0.5811769E+02 
     0.5811827E+02 
     0.5811888E+02 
     0.5811950E+02 
     0.5812014E+02 
     0.5812079E+02 
     0.5812146E+02 
     0.5812217E+02 
     0.5812291E+02 
     0.5812368E+02 
     0.5812447E+02 
     0.5812527E+02 
     0.5812608E+02 
     0.5812690E+02 
     0.5812773E+02 
     0.5812857E+02 
     0.5812944E+02 
     0.5813032E+02 
     0.5813122E+02 
     0.5813214E+02 
     0.5813305E+02 
     0.5813396E+02 
     0.5813486E+02 
     0.5813576E+02 
     0.5813666E+02 
     0.5813759E+02 
     0.5813854E+02 
     0.5813949E+02 
     0.5814042E+02 
     0.5814133E+02 
     0.5814221E+02 
     0.5814308E+02 
     0.5814396E+02 
     0.5814484E+02 
     0.5814574E+02 
     0.5814663E+02 
     0.5814750E+02 
     0.5814832E+02 
     0.5814911E+02 
     0.5814989E+02 
     0.5815066E+02 
     0.5815142E+02 
     0.5815218E+02 
     0.5815292E+02 
     0.5815363E+02 
     0.5815431E+02 
     0.5815496E+02 
     0.5815556E+02 
     0.5815615E+02 
     0.5815671E+02 
     0.5815727E+02 
     0.5815780E+02 
     0.5815830E+02 
     0.5815877E+02 
     0.5815919E+02 
     0.5815957E+02 
     0.5815992E+02 
     0.5816024E+02 
     0.5816055E+02 
     0.5816083E+02 
     0.5816108E+02 
     0.5816128E+02 
     0.5816143E+02 
     0.5816155E+02 
     0.5816163E+02 
     0.5816168E+02 
     0.5816171E+02 
     0.5816171E+02 
     0.5816168E+02 
     0.5816160E+02 
     0.5816149E+02 
     0.5816133E+02 
     0.5816113E+02 
     0.5816090E+02 
     0.5816065E+02 
     0.5816037E+02 
     0.5816007E+02 
     0.5815972E+02 
     0.5815933E+02 
     0.5815890E+02 
     0.5815844E+02 
     0.5815796E+02 
     0.5815745E+02 
     0.5815692E+02 
     0.5815637E+02 
     0.5815578E+02 
     0.5815516E+02 
     0.5815451E+02 
     0.5815382E+02 
     0.5815312E+02 
     0.5815242E+02 
     0.5815169E+02 
     0.5815093E+02 
     0.5815015E+02 
     0.5814934E+02 
     0.5814853E+02 
     0.5814770E+02 
     0.5814686E+02 
     0.5814600E+02 
     0.5814512E+02 
     0.5814423E+02 
     0.5814333E+02 
     0.5814243E+02 
     0.5814153E+02 
     0.5814060E+02 
     0.5813967E+02 
     0.5813873E+02 
     0.5813780E+02 
     0.5813687E+02 
     0.5813594E+02 
     0.5813501E+02 
     0.5813408E+02 
     0.5813313E+02 
     0.5813220E+02 
     0.5813128E+02 
     0.5813038E+02 
     0.5812948E+02 
     0.5812860E+02 
     0.5812772E+02 
     0.5812684E+02 
     0.5812597E+02 
     0.5812512E+02 
     0.5812430E+02 
     0.5812351E+02 
     0.5812273E+02 
     0.5812196E+02 
     0.5812120E+02 
     0.5812048E+02 
     0.5811977E+02 
     0.5811910E+02 
     0.5811844E+02 
     0.5811781E+02 
     0.5811721E+02 
     0.5811664E+02 
     0.5811609E+02 
     0.5811557E+02 
     0.5811508E+02 
     0.5811462E+02 
     0.5811421E+02 
     0.5811382E+02 
     0.5811345E+02 
     0.5811312E+02 
     0.5811282E+02 
     0.5811256E+02 
     0.5811233E+02 
     0.5811215E+02 
     0.5811200E+02 
     0.5811188E+02 
     0.5811180E+02 
     0.5811174E+02 
     0.5811172E+02 
     0.5811173E+02 
     0.5811179E+02 
     0.5811189E+02 
     0.5811202E+02 
     0.5811219E+02 
     0.5811239E+02 
     0.5811262E+02 
     0.5811288E+02 
     0.5811317E+02 
     0.5811350E+02 
     0.5811387E+02 
     0.5811428E+02 
     0.5811471E+02 
     0.5811518E+02 
     0.5811567E+02 
     0.5811619E+02 
     0.5811675E+02 
     0.5811733E+02 
     0.5811793E+02 
     0.5811856E+02 
     0.5811922E+02 
     0.5811991E+02 
     0.5812064E+02 
     0.5812137E+02 
     0.5812212E+02 
     0.5812289E+02 
     0.5812367E+02 
     0.5812449E+02 
     0.5812533E+02 
     0.5812619E+02 
     0.5812706E+02 
     0.5812794E+02 
     0.5812882E+02 
     0.5812971E+02 
     0.5813061E+02 
     0.5813153E+02 
     0.5813246E+02 
     0.5813340E+02 
     0.5813435E+02 
     0.5813529E+02 
     0.5813624E+02 
     0.5813718E+02 
     0.5813811E+02 
     0.5813905E+02 
     0.5813999E+02 
     0.5814093E+02 
     0.5814186E+02 
     0.5814279E+02 
     0.5814371E+02 
     0.5814462E+02 
     0.5814551E+02 
     0.5814638E+02 
     0.5814723E+02 
     0.5814808E+02 
     0.5814893E+02 
     0.5814976E+02 
     0.5815058E+02 
     0.5815137E+02 
     0.5815213E+02 
     0.5815284E+02 
     0.5815353E+02 
     0.5815422E+02 
     0.5815490E+02 
     0.5815558E+02 
     0.5815622E+02 
     0.5815680E+02 
     0.5815735E+02 
     0.5815786E+02 
     0.5815836E+02 
     0.5815883E+02 
     0.5815928E+02 
     0.5815970E+02 
     0.5816009E+02 
     0.5816044E+02 
     0.5816075E+02 
     0.5816101E+02 
     0.5816124E+02 
     0.5816145E+02 
     0.5816163E+02 
     0.5816177E+02 
     0.5816188E+02 
     0.5816195E+02 
     0.5816199E+02 
     0.5816198E+02 
     0.5816192E+02 
     0.5816184E+02 
     0.5816172E+02 
     0.5816158E+02 
     0.5816141E+02 
     0.5816120E+02 
     0.5816095E+02 
     0.5816065E+02 
     0.5816031E+02 
     0.5815995E+02 
     0.5815956E+02 
     0.5815915E+02 
     0.5815872E+02 
     0.5815825E+02 
     0.5815773E+02 
     0.5815717E+02 
     0.5815657E+02 
     0.5815596E+02 
     0.5815534E+02 
     0.5815471E+02 
     0.5815405E+02 
     0.5815335E+02 
     0.5815261E+02 
     0.5815184E+02 
     0.5815105E+02 
     0.5815025E+02 
     0.5814944E+02 
     0.5814863E+02 
     0.5814780E+02 
     0.5814695E+02 
     0.5814607E+02 
     0.5814516E+02 
     0.5814424E+02 
     0.5814331E+02 
     0.5814240E+02 
     0.5814148E+02 
     0.5814056E+02 
     0.5813963E+02 
     0.5813869E+02 
     0.5813773E+02 
     0.5813676E+02 
     0.5813579E+02 
     0.5813484E+02 
     0.5813390E+02 
     0.5813298E+02 
     0.5813205E+02 
     0.5813113E+02 
     0.5813020E+02 
     0.5812928E+02 
     0.5812836E+02 
     0.5812745E+02 
     0.5812657E+02 
     0.5812572E+02 
     0.5812489E+02 
     0.5812407E+02 
     0.5812326E+02 
     0.5812244E+02 
     0.5812165E+02 
     0.5812088E+02 
     0.5812015E+02 
     0.5811945E+02 
     0.5811879E+02 
     0.5811815E+02 
     0.5811752E+02 
     0.5811690E+02 
     0.5811630E+02 
     0.5811574E+02 
     0.5811522E+02 
     0.5811475E+02 
     0.5811431E+02 
     0.5811389E+02 
     0.5811350E+02 
     0.5811312E+02 
     0.5811278E+02 
     0.5811248E+02 
     0.5811221E+02 
     0.5811200E+02 
     0.5811182E+02 
     0.5811168E+02 
     0.5811156E+02 
     0.5811147E+02 
     0.5811141E+02 
     0.5811138E+02 
     0.5811140E+02 
     0.5811147E+02 
     0.5811157E+02 
     0.5811171E+02 
     0.5811188E+02 
     0.5811208E+02 
     0.5811231E+02 
     0.5811257E+02 
     0.5811286E+02 
     0.5811320E+02 
     0.5811358E+02 
     0.5811399E+02 
     0.5811443E+02 
     0.5811491E+02 
     0.5811541E+02 
     0.5811593E+02 
     0.5811647E+02 
     0.5811705E+02 
     0.5811767E+02 
     0.5811833E+02 
     0.5811902E+02 
     0.5811972E+02 
     0.5812044E+02 
     0.5812116E+02 
     0.5812190E+02 
     0.5812269E+02 
     0.5812350E+02 
     0.5812435E+02 
     0.5812520E+02 
     0.5812607E+02 
     0.5812694E+02 
     0.5812781E+02 
     0.5812870E+02 
     0.5812960E+02 
