     0.4703036E+02  
     0.4703056E+02  
     0.4703147E+02  
     0.4703299E+02  
     0.4703458E+02  
     0.4703573E+02  
     0.4703637E+02  
     0.4703685E+02  
     0.4703756E+02  
     0.4703864E+02  
     0.4703996E+02  
     0.4704124E+02  
     0.4704234E+02  
     0.4704328E+02  
     0.4704417E+02  
     0.4704515E+02  
     0.4704626E+02  
     0.4704744E+02  
     0.4704856E+02  
     0.4704956E+02  
     0.4705050E+02  
     0.4705146E+02  
     0.4705248E+02  
     0.4705355E+02  
     0.4705460E+02  
     0.4705555E+02  
     0.4705640E+02  
     0.4705720E+02  
     0.4705803E+02  
     0.4705893E+02  
     0.4705986E+02  
     0.4706073E+02  
     0.4706148E+02  
     0.4706212E+02  
     0.4706272E+02  
     0.4706335E+02  
     0.4706404E+02  
     0.4706474E+02  
     0.4706536E+02  
     0.4706586E+02  
     0.4706627E+02  
     0.4706665E+02  
     0.4706704E+02  
     0.4706745E+02  
     0.4706784E+02  
     0.4706817E+02  
     0.4706839E+02  
     0.4706853E+02  
     0.4706862E+02  
     0.4706870E+02  
     0.4706879E+02  
     0.4706885E+02  
     0.4706886E+02  
     0.4706878E+02  
     0.4706862E+02  
     0.4706839E+02  
     0.4706814E+02  
     0.4706788E+02  
     0.4706761E+02  
     0.4706730E+02  
     0.4706690E+02  
     0.4706642E+02  
     0.4706587E+02  
     0.4706529E+02  
     0.4706472E+02  
     0.4706414E+02  
     0.4706352E+02  
     0.4706281E+02  
     0.4706202E+02  
     0.4706117E+02  
     0.4706030E+02  
     0.4705944E+02  
     0.4705858E+02  
     0.4705766E+02  
     0.4705668E+02  
     0.4705563E+02  
     0.4705454E+02  
     0.4705343E+02  
     0.4705231E+02  
     0.4705119E+02  
     0.4705005E+02  
     0.4704885E+02  
     0.4704761E+02  
     0.4704633E+02  
     0.4704504E+02  
     0.4704376E+02  
     0.4704248E+02  
     0.4704117E+02  
     0.4703983E+02  
     0.4703845E+02  
     0.4703706E+02  
     0.4703569E+02  
     0.4703434E+02  
     0.4703299E+02  
     0.4703162E+02  
     0.4703021E+02  
     0.4702877E+02  
     0.4702735E+02  
     0.4702595E+02  
     0.4702456E+02  
     0.4702317E+02  
     0.4702176E+02  
     0.4702035E+02  
     0.4701894E+02  
     0.4701754E+02  
     0.4701615E+02  
     0.4701478E+02  
     0.4701343E+02  
     0.4701210E+02  
     0.4701078E+02  
     0.4700946E+02  
     0.4700817E+02  
     0.4700693E+02  
     0.4700573E+02  
     0.4700456E+02  
     0.4700342E+02  
     0.4700230E+02  
     0.4700121E+02  
     0.4700017E+02  
     0.4699920E+02  
     0.4699829E+02  
     0.4699742E+02  
     0.4699659E+02  
     0.4699580E+02  
     0.4699506E+02  
     0.4699439E+02  
     0.4699377E+02  
     0.4699321E+02  
     0.4699271E+02  
     0.4699225E+02  
     0.4699185E+02  
     0.4699151E+02  
     0.4699122E+02  
     0.4699100E+02  
     0.4699083E+02  
     0.4699072E+02  
     0.4699067E+02  
     0.4699067E+02  
     0.4699073E+02  
     0.4699084E+02  
     0.4699100E+02  
     0.4699122E+02  
     0.4699149E+02  
     0.4699181E+02  
     0.4699218E+02  
     0.4699262E+02  
     0.4699312E+02  
     0.4699367E+02  
     0.4699427E+02  
     0.4699491E+02  
     0.4699560E+02  
     0.4699634E+02  
     0.4699714E+02  
     0.4699800E+02  
     0.4699893E+02  
     0.4699990E+02  
     0.4700091E+02  
     0.4700195E+02  
     0.4700303E+02  
     0.4700416E+02  
     0.4700534E+02  
     0.4700657E+02  
     0.4700784E+02  
     0.4700914E+02  
     0.4701045E+02  
     0.4701180E+02  
     0.4701317E+02  
     0.4701458E+02  
     0.4701602E+02  
     0.4701748E+02  
     0.4701896E+02  
     0.4702045E+02  
     0.4702195E+02  
     0.4702345E+02  
     0.4702497E+02  
     0.4702651E+02  
     0.4702807E+02  
     0.4702963E+02  
     0.4703118E+02  
     0.4703272E+02  
     0.4703426E+02  
     0.4703581E+02  
     0.4703737E+02  
     0.4703891E+02  
     0.4704044E+02  
     0.4704194E+02  
     0.4704342E+02  
     0.4704489E+02  
     0.4704635E+02  
     0.4704780E+02  
     0.4704922E+02  
     0.4705061E+02  
     0.4705197E+02  
     0.4705329E+02  
     0.4705457E+02  
     0.4705581E+02  
     0.4705702E+02  
     0.4705819E+02  
     0.4705933E+02  
     0.4706043E+02  
     0.4706150E+02  
     0.4706251E+02  
     0.4706348E+02  
     0.4706441E+02  
     0.4706529E+02  
     0.4706613E+02  
     0.4706692E+02  
     0.4706765E+02  
     0.4706834E+02  
     0.4706898E+02  
     0.4706958E+02  
     0.4707012E+02  
     0.4707061E+02  
     0.4707103E+02  
     0.4707139E+02  
     0.4707168E+02  
     0.4707192E+02  
     0.4707210E+02  
     0.4707222E+02  
     0.4707229E+02  
     0.4707230E+02  
     0.4707223E+02  
     0.4707209E+02  
     0.4707189E+02  
     0.4707164E+02  
     0.4707135E+02  
     0.4707100E+02  
     0.4707060E+02  
     0.4707013E+02  
     0.4706960E+02  
     0.4706901E+02  
     0.4706838E+02  
     0.4706770E+02  
     0.4706697E+02  
     0.4706619E+02  
     0.4706536E+02  
     0.4706448E+02  
     0.4706355E+02  
     0.4706259E+02  
     0.4706158E+02  
     0.4706052E+02  
     0.4705942E+02  
     0.4705828E+02  
     0.4705711E+02  
     0.4705591E+02  
     0.4705466E+02  
     0.4705338E+02  
     0.4705205E+02  
     0.4705069E+02  
     0.4704931E+02  
     0.4704791E+02  
     0.4704647E+02  
     0.4704500E+02  
     0.4704350E+02  
     0.4704197E+02  
     0.4704043E+02  
     0.4703887E+02  
     0.4703732E+02  
     0.4703575E+02  
     0.4703417E+02  
     0.4703257E+02  
     0.4703095E+02  
     0.4702933E+02  
     0.4702770E+02  
     0.4702609E+02  
     0.4702450E+02  
     0.4702291E+02  
     0.4702132E+02  
     0.4701975E+02  
     0.4701819E+02  
     0.4701666E+02  
     0.4701516E+02  
     0.4701368E+02  
     0.4701222E+02  
     0.4701078E+02  
     0.4700937E+02  
     0.4700799E+02  
     0.4700666E+02  
     0.4700536E+02  
     0.4700410E+02  
     0.4700288E+02  
     0.4700171E+02  
     0.4700057E+02  
     0.4699947E+02  
     0.4699840E+02  
     0.4699740E+02  
     0.4699645E+02  
     0.4699557E+02  
     0.4699475E+02  
     0.4699396E+02  
     0.4699322E+02  
     0.4699253E+02  
     0.4699191E+02  
     0.4699136E+02  
     0.4699087E+02  
     0.4699044E+02  
     0.4699007E+02  
     0.4698976E+02  
     0.4698951E+02  
     0.4698932E+02  
     0.4698920E+02  
     0.4698915E+02  
     0.4698915E+02  
     0.4698922E+02  
     0.4698933E+02  
     0.4698950E+02  
     0.4698974E+02  
     0.4699004E+02  
     0.4699042E+02  
     0.4699084E+02  
     0.4699132E+02  
     0.4699184E+02  
     0.4699243E+02  
     0.4699308E+02  
     0.4699379E+02  
     0.4699456E+02  
     0.4699538E+02  
     0.4699625E+02  
     0.4699716E+02  
     0.4699812E+02  
     0.4699914E+02  
     0.4700021E+02  
     0.4700133E+02  
     0.4700249E+02  
     0.4700368E+02  
     0.4700491E+02  
     0.4700619E+02  
     0.4700750E+02  
     0.4700885E+02  
     0.4701022E+02  
     0.4701163E+02  
     0.4701307E+02  
     0.4701454E+02  
     0.4701604E+02  
     0.4701755E+02  
     0.4701908E+02  
     0.4702062E+02  
     0.4702216E+02  
     0.4702372E+02  
     0.4702529E+02  
     0.4702688E+02  
     0.4702848E+02  
     0.4703008E+02  
     0.4703166E+02  
     0.4703323E+02  
     0.4703480E+02  
     0.4703638E+02  
     0.4703796E+02  
     0.4703954E+02  
     0.4704111E+02  
     0.4704266E+02  
     0.4704419E+02  
     0.4704569E+02  
     0.4704718E+02  
     0.4704865E+02  
     0.4705011E+02  
     0.4705154E+02  
     0.4705296E+02  
     0.4705435E+02  
     0.4705570E+02  
     0.4705702E+02  
     0.4705829E+02  
     0.4705952E+02  
     0.4706071E+02  
     0.4706186E+02  
     0.4706297E+02  
     0.4706404E+02  
     0.4706506E+02  
     0.4706601E+02  
     0.4706691E+02  
     0.4706776E+02  
     0.4706854E+02  
     0.4706928E+02  
     0.4706996E+02  
     0.4707060E+02  
     0.4707117E+02  
     0.4707168E+02  
     0.4707211E+02  
     0.4707249E+02  
     0.4707281E+02  
     0.4707309E+02  
     0.4707331E+02  
     0.4707347E+02  
     0.4707356E+02  
     0.4707358E+02  
     0.4707354E+02  
     0.4707345E+02  
     0.4707330E+02  
     0.4707310E+02  
     0.4707283E+02  
     0.4707249E+02  
     0.4707209E+02  
     0.4707163E+02  
     0.4707112E+02  
     0.4707055E+02  
     0.4706993E+02  
     0.4706924E+02  
     0.4706850E+02  
     0.4706769E+02  
     0.4706684E+02  
     0.4706595E+02  
     0.4706502E+02  
     0.4706403E+02  
     0.4706299E+02  
     0.4706190E+02  
     0.4706077E+02  
     0.4705959E+02  
     0.4705838E+02  
     0.4705714E+02  
     0.4705587E+02  
     0.4705455E+02  
     0.4705318E+02  
     0.4705179E+02  
     0.4705038E+02  
     0.4704896E+02  
     0.4704751E+02  
     0.4704604E+02  
     0.4704453E+02  
     0.4704300E+02  
     0.4704145E+02  
     0.4703988E+02  
     0.4703831E+02  
     0.4703674E+02  
     0.4703516E+02  
     0.4703357E+02  
     0.4703196E+02  
     0.4703035E+02  
     0.4702873E+02  
     0.4702713E+02  
     0.4702553E+02  
     0.4702394E+02  
     0.4702236E+02  
     0.4702079E+02  
     0.4701923E+02  
     0.4701767E+02  
     0.4701613E+02  
     0.4701460E+02  
     0.4701311E+02  
     0.4701165E+02  
     0.4701023E+02  
     0.4700884E+02  
     0.4700747E+02  
     0.4700613E+02  
     0.4700481E+02  
     0.4700354E+02  
     0.4700232E+02  
     0.4700115E+02  
     0.4700001E+02  
     0.4699891E+02  
     0.4699783E+02  
     0.4699681E+02  
     0.4699586E+02  
     0.4699496E+02  
     0.4699411E+02  
     0.4699331E+02  
     0.4699255E+02  
     0.4699184E+02  
     0.4699120E+02  
     0.4699062E+02  
     0.4699011E+02  
     0.4698966E+02  
     0.4698926E+02  
     0.4698892E+02  
     0.4698865E+02  
     0.4698844E+02  
     0.4698831E+02  
     0.4698824E+02  
     0.4698825E+02  
     0.4698831E+02  
     0.4698844E+02  
     0.4698862E+02  
     0.4698886E+02  
     0.4698918E+02  
     0.4698957E+02  
     0.4699002E+02  
     0.4699054E+02  
     0.4699111E+02  
     0.4699174E+02  
     0.4699242E+02  
     0.4699316E+02  
     0.4699394E+02  
     0.4699478E+02  
     0.4699568E+02  
     0.4699662E+02  
     0.4699762E+02  
     0.4699866E+02  
     0.4699975E+02  
     0.4700088E+02  
     0.4700206E+02  
     0.4700328E+02  
     0.4700454E+02  
     0.4700585E+02  
     0.4700719E+02  
     0.4700857E+02  
     0.4700998E+02  
     0.4701141E+02  
     0.4701287E+02  
     0.4701437E+02  
     0.4701589E+02  
     0.4701745E+02  
     0.4701903E+02  
     0.4702063E+02  
     0.4702224E+02  
     0.4702385E+02  
     0.4702546E+02  
     0.4702709E+02  
     0.4702874E+02  
     0.4703040E+02  
     0.4703207E+02  
     0.4703372E+02  
     0.4703534E+02  
     0.4703694E+02  
     0.4703853E+02  
     0.4704012E+02  
     0.4704171E+02  
     0.4704329E+02  
     0.4704485E+02  
     0.4704638E+02  
     0.4704788E+02  
     0.4704935E+02  
     0.4705078E+02  
     0.4705219E+02  
     0.4705358E+02  
     0.4705495E+02  
     0.4705628E+02  
     0.4705756E+02  
     0.4705879E+02  
     0.4705999E+02  
     0.4706114E+02  
     0.4706226E+02  
     0.4706334E+02  
     0.4706436E+02  
     0.4706534E+02  
     0.4706626E+02  
     0.4706714E+02  
     0.4706797E+02  
     0.4706875E+02  
     0.4706948E+02  
     0.4707015E+02  
     0.4707075E+02  
     0.4707129E+02  
     0.4707178E+02  
     0.4707220E+02  
     0.4707258E+02  
     0.4707291E+02  
     0.4707319E+02  
     0.4707341E+02  
     0.4707355E+02  
     0.4707362E+02  
     0.4707362E+02  
     0.4707356E+02  
     0.4707345E+02  
     0.4707330E+02  
     0.4707309E+02  
     0.4707283E+02  
     0.4707250E+02  
     0.4707209E+02  
     0.4707161E+02  
     0.4707108E+02  
     0.4707049E+02  
     0.4706985E+02  
     0.4706917E+02  
     0.4706844E+02  
     0.4706764E+02  
     0.4706679E+02  
     0.4706587E+02  
     0.4706490E+02  
     0.4706388E+02  
     0.4706283E+02  
     0.4706174E+02  
     0.4706060E+02  
     0.4705943E+02  
     0.4705820E+02  
     0.4705694E+02  
     0.4705563E+02  
     0.4705430E+02  
     0.4705294E+02  
     0.4705155E+02  
     0.4705014E+02  
     0.4704871E+02  
     0.4704724E+02  
     0.4704574E+02  
     0.4704422E+02  
     0.4704269E+02  
     0.4704115E+02  
     0.4703960E+02  
     0.4703804E+02  
     0.4703646E+02  
     0.4703488E+02  
     0.4703329E+02  
     0.4703171E+02  
     0.4703011E+02  
     0.4702851E+02  
     0.4702692E+02  
     0.4702534E+02  
     0.4702378E+02  
     0.4702223E+02  
     0.4702068E+02  
     0.4701914E+02  
     0.4701762E+02  
     0.4701612E+02  
     0.4701465E+02  
     0.4701322E+02  
     0.4701182E+02  
     0.4701045E+02  
     0.4700911E+02  
     0.4700780E+02  
     0.4700651E+02  
     0.4700527E+02  
     0.4700408E+02  
     0.4700293E+02  
     0.4700183E+02  
     0.4700077E+02  
     0.4699976E+02  
     0.4699879E+02  
     0.4699787E+02  
     0.4699701E+02  
     0.4699620E+02  
     0.4699545E+02  
     0.4699473E+02  
     0.4699406E+02  
     0.4699346E+02  
     0.4699292E+02  
     0.4699246E+02  
     0.4699205E+02  
     0.4699169E+02  
     0.4699138E+02  
     0.4699111E+02  
     0.4699089E+02  
     0.4699073E+02  
     0.4699063E+02  
     0.4699060E+02  
     0.4699062E+02  
     0.4699069E+02  
     0.4699081E+02  
     0.4699098E+02  
     0.4699123E+02  
     0.4699154E+02  
     0.4699191E+02  
     0.4699233E+02  
     0.4699280E+02  
     0.4699331E+02  
     0.4699388E+02  
     0.4699451E+02  
     0.4699520E+02  
     0.4699595E+02  
     0.4699675E+02  
     0.4699760E+02  
     0.4699849E+02  
     0.4699942E+02  
     0.4700041E+02  
     0.4700144E+02  
     0.4700252E+02  
     0.4700363E+02  
     0.4700476E+02  
     0.4700593E+02  
     0.4700714E+02  
     0.4700840E+02  
     0.4700970E+02  
     0.4701103E+02  
     0.4701238E+02  
     0.4701375E+02  
     0.4701513E+02  
     0.4701654E+02  
     0.4701799E+02  
     0.4701949E+02  
     0.4702101E+02  
     0.4702252E+02  
     0.4702402E+02  
     0.4702552E+02  
     0.4702704E+02  
     0.4702858E+02  
     0.4703014E+02  
     0.4703169E+02  
     0.4703324E+02  
     0.4703477E+02  
     0.4703629E+02  
     0.4703780E+02  
     0.4703932E+02  
     0.4704083E+02  
     0.4704232E+02  
     0.4704379E+02  
     0.4704522E+02  
     0.4704663E+02  
     0.4704803E+02  
     0.4704942E+02  
     0.4705080E+02  
     0.4705213E+02  
     0.4705343E+02  
     0.4705468E+02  
     0.4705589E+02  
     0.4705707E+02  
     0.4705823E+02  
     0.4705936E+02  
     0.4706044E+02  
     0.4706147E+02  
     0.4706245E+02  
     0.4706338E+02  
     0.4706426E+02  
     0.4706510E+02  
     0.4706590E+02  
     0.4706666E+02  
     0.4706735E+02  
     0.4706798E+02  
     0.4706855E+02  
     0.4706905E+02  
     0.4706949E+02  
     0.4706988E+02  
     0.4707022E+02  
     0.4707050E+02  
     0.4707072E+02  
     0.4707087E+02  
     0.4707095E+02  
     0.4707098E+02  
     0.4707094E+02  
     0.4707085E+02  
     0.4707070E+02  
     0.4707050E+02  
     0.4707024E+02  
     0.4706991E+02  
     0.4706954E+02  
     0.4706911E+02  
     0.4706863E+02  
     0.4706810E+02  
     0.4706753E+02  
     0.4706691E+02  
     0.4706625E+02  
     0.4706555E+02  
     0.4706480E+02  
     0.4706401E+02  
     0.4706317E+02  
     0.4706228E+02  
     0.4706134E+02  
     0.4706037E+02  
     0.4705936E+02  
     0.4705832E+02  
     0.4705724E+02  
     0.4705612E+02  
     0.4705496E+02  
     0.4705377E+02  
     0.4705254E+02  
     0.4705130E+02  
     0.4705004E+02  
     0.4704877E+02  
     0.4704745E+02  
     0.4704610E+02  
     0.4704471E+02  
     0.4704331E+02  
     0.4704189E+02  
     0.4704047E+02  
     0.4703904E+02  
     0.4703760E+02  
     0.4703615E+02  
     0.4703469E+02  
     0.4703322E+02  
     0.4703173E+02  
     0.4703025E+02  
     0.4702875E+02  
     0.4702727E+02  
     0.4702581E+02  
     0.4702436E+02  
     0.4702292E+02  
     0.4702148E+02  
     0.4702005E+02  
     0.4701862E+02  
     0.4701721E+02  
     0.4701582E+02  
     0.4701447E+02  
     0.4701315E+02  
     0.4701186E+02  
     0.4701059E+02  
     0.4700934E+02  
     0.4700811E+02  
     0.4700692E+02  
     0.4700577E+02  
     0.4700465E+02  
     0.4700358E+02  
     0.4700255E+02  
     0.4700155E+02  
     0.4700060E+02  
     0.4699968E+02  
     0.4699882E+02  
     0.4699799E+02  
     0.4699722E+02  
     0.4699649E+02  
     0.4699581E+02  
     0.4699518E+02  
     0.4699459E+02  
     0.4699405E+02  
     0.4699356E+02  
     0.4699312E+02  
     0.4699273E+02  
     0.4699240E+02  
     0.4699211E+02  
     0.4699189E+02  
     0.4699171E+02  
     0.4699159E+02  
     0.4699152E+02  
     0.4699150E+02  
     0.4699154E+02  
     0.4699163E+02  
     0.4699178E+02  
     0.4699198E+02  
     0.4699223E+02  
     0.4699253E+02  
     0.4699288E+02  
     0.4699328E+02  
     0.4699375E+02  
     0.4699428E+02  
     0.4699486E+02  
     0.4699548E+02  
     0.4699615E+02  
     0.4699688E+02  
     0.4699765E+02  
     0.4699847E+02  
     0.4699935E+02  
     0.4700027E+02  
     0.4700124E+02  
     0.4700224E+02  
     0.4700327E+02  
     0.4700434E+02  
     0.4700545E+02  
     0.4700660E+02  
     0.4700778E+02  
     0.4700898E+02  
     0.4701021E+02  
     0.4701146E+02  
     0.4701275E+02  
     0.4701408E+02  
     0.4701543E+02  
     0.4701681E+02  
     0.4701820E+02  
     0.4701960E+02  
     0.4702101E+02  
     0.4702243E+02  
     0.4702387E+02  
     0.4702535E+02  
     0.4702684E+02  
     0.4702835E+02  
     0.4702985E+02  
     0.4703134E+02  
     0.4703284E+02  
     0.4703434E+02  
     0.4703585E+02  
     0.4703736E+02  
     0.4703887E+02  
     0.4704037E+02  
     0.4704185E+02  
     0.4704331E+02  
     0.4704476E+02  
     0.4704621E+02  
     0.4704765E+02  
     0.4704906E+02  
     0.4705045E+02  
     0.4705180E+02  
     0.4705313E+02  
     0.4705444E+02  
     0.4705572E+02  
     0.4705697E+02  
     0.4705817E+02  
     0.4705934E+02  
     0.4706048E+02  
     0.4706157E+02  
     0.4706262E+02  
     0.4706363E+02  
     0.4706459E+02  
     0.4706551E+02  
     0.4706638E+02  
     0.4706719E+02  
     0.4706796E+02  
     0.4706870E+02  
     0.4706939E+02  
     0.4707003E+02  
     0.4707061E+02  
     0.4707112E+02  
     0.4707159E+02  
     0.4707201E+02  
     0.4707239E+02  
     0.4707271E+02  
     0.4707298E+02  
     0.4707318E+02  
     0.4707333E+02  
     0.4707341E+02  
     0.4707343E+02  
     0.4707339E+02  
     0.4707329E+02  
     0.4707313E+02  
     0.4707291E+02  
     0.4707263E+02  
     0.4707230E+02  
     0.4707192E+02  
     0.4707146E+02  
     0.4707094E+02  
     0.4707035E+02  
     0.4706971E+02  
     0.4706902E+02  
     0.4706828E+02  
     0.4706751E+02  
     0.4706668E+02  
     0.4706579E+02  
     0.4706484E+02  
     0.4706383E+02  
     0.4706277E+02  
     0.4706168E+02  
     0.4706054E+02  
     0.4705937E+02  
     0.4705817E+02  
     0.4705691E+02  
     0.4705561E+02  
     0.4705425E+02  
     0.4705285E+02  
     0.4705142E+02  
     0.4704998E+02  
     0.4704852E+02  
     0.4704703E+02  
     0.4704552E+02  
     0.4704396E+02  
     0.4704239E+02  
     0.4704079E+02  
     0.4703918E+02  
     0.4703756E+02  
     0.4703594E+02  
     0.4703430E+02  
     0.4703266E+02  
     0.4703102E+02  
     0.4702939E+02  
     0.4702776E+02  
     0.4702613E+02  
     0.4702450E+02  
     0.4702287E+02  
     0.4702125E+02  
     0.4701966E+02  
     0.4701808E+02  
     0.4701653E+02  
     0.4701499E+02  
     0.4701347E+02  
     0.4701196E+02  
     0.4701046E+02  
     0.4700901E+02  
     0.4700760E+02  
     0.4700623E+02  
     0.4700490E+02  
     0.4700359E+02  
     0.4700230E+02  
     0.4700104E+02  
     0.4699984E+02  
     0.4699870E+02  
     0.4699763E+02  
     0.4699660E+02  
     0.4699560E+02  
     0.4699465E+02  
     0.4699375E+02  
     0.4699291E+02  
     0.4699214E+02  
     0.4699144E+02  
     0.4699079E+02  
     0.4699020E+02  
     0.4698965E+02  
     0.4698916E+02  
     0.4698874E+02  
     0.4698840E+02  
     0.4698812E+02  
     0.4698789E+02  
     0.4698772E+02  
     0.4698761E+02  
     0.4698756E+02  
     0.4698758E+02  
     0.4698766E+02  
     0.4698780E+02  
     0.4698800E+02  
     0.4698826E+02  
     0.4698858E+02  
     0.4698897E+02  
     0.4698941E+02  
     0.4698990E+02  
     0.4699045E+02  
     0.4699105E+02  
     0.4699170E+02  
     0.4699242E+02  
     0.4699322E+02  
     0.4699407E+02  
     0.4699498E+02  
     0.4699593E+02  
     0.4699692E+02  
     0.4699796E+02  
     0.4699906E+02  
     0.4700021E+02  
     0.4700142E+02  
     0.4700267E+02  
     0.4700396E+02  
     0.4700528E+02  
     0.4700664E+02  
     0.4700803E+02  
     0.4700946E+02  
     0.4701093E+02  
     0.4701243E+02  
     0.4701395E+02  
     0.4701549E+02  
     0.4701705E+02  
     0.4701863E+02  
     0.4702024E+02  
     0.4702186E+02  
     0.4702350E+02  
     0.4702515E+02  
     0.4702680E+02  
     0.4702845E+02  
     0.4703012E+02  
     0.4703179E+02  
     0.4703346E+02  
     0.4703513E+02  
     0.4703679E+02  
     0.4703844E+02  
     0.4704008E+02  
     0.4704171E+02  
     0.4704332E+02  
     0.4704492E+02  
     0.4704651E+02  
     0.4704806E+02  
     0.4704959E+02  
     0.4705109E+02  
     0.4705256E+02  
     0.4705400E+02  
     0.4705541E+02  
     0.4705677E+02  
     0.4705810E+02  
     0.4705938E+02  
     0.4706063E+02  
     0.4706184E+02  
     0.4706299E+02  
     0.4706409E+02  
     0.4706513E+02  
     0.4706613E+02  
     0.4706708E+02  
     0.4706798E+02  
     0.4706883E+02  
     0.4706962E+02  
     0.4707036E+02  
     0.4707104E+02  
     0.4707166E+02  
     0.4707223E+02  
     0.4707275E+02  
     0.4707321E+02  
     0.4707361E+02  
     0.4707395E+02  
     0.4707423E+02  
     0.4707443E+02  
     0.4707458E+02  
     0.4707468E+02  
     0.4707473E+02  
     0.4707472E+02  
     0.4707463E+02  
     0.4707448E+02  
     0.4707427E+02  
     0.4707400E+02  
     0.4707367E+02  
     0.4707330E+02  
     0.4707286E+02  
     0.4707236E+02  
     0.4707181E+02  
     0.4707120E+02  
     0.4707053E+02  
     0.4706982E+02  
     0.4706906E+02  
     0.4706824E+02  
     0.4706736E+02  
     0.4706643E+02  
     0.4706546E+02  
     0.4706444E+02  
     0.4706338E+02  
     0.4706227E+02  
     0.4706112E+02  
     0.4705992E+02  
     0.4705868E+02  
     0.4705740E+02  
     0.4705610E+02  
     0.4705476E+02  
     0.4705339E+02  
     0.4705198E+02  
     0.4705054E+02  
     0.4704906E+02  
     0.4704756E+02  
     0.4704604E+02  
     0.4704450E+02  
     0.4704294E+02  
     0.4704135E+02  
     0.4703975E+02  
     0.4703813E+02  
     0.4703650E+02  
     0.4703487E+02  
     0.4703323E+02  
     0.4703159E+02  
     0.4702994E+02  
     0.4702828E+02  
     0.4702664E+02  
     0.4702501E+02  
     0.4702340E+02  
     0.4702181E+02  
     0.4702023E+02  
     0.4701865E+02  
     0.4701708E+02  
     0.4701554E+02  
     0.4701402E+02  
     0.4701254E+02  
     0.4701108E+02  
     0.4700965E+02  
     0.4700826E+02  
     0.4700689E+02  
     0.4700555E+02  
     0.4700424E+02  
     0.4700298E+02  
     0.4700175E+02  
     0.4700056E+02  
     0.4699941E+02  
     0.4699830E+02  
     0.4699723E+02  
     0.4699620E+02  
     0.4699523E+02  
     0.4699431E+02  
     0.4699345E+02  
     0.4699263E+02  
     0.4699187E+02  
     0.4699117E+02  
     0.4699052E+02  
     0.4698993E+02  
     0.4698939E+02  
     0.4698889E+02  
     0.4698846E+02  
     0.4698810E+02  
     0.4698781E+02  
     0.4698757E+02  
     0.4698739E+02  
     0.4698727E+02  
     0.4698720E+02  
     0.4698719E+02  
     0.4698725E+02  
     0.4698738E+02  
     0.4698758E+02  
     0.4698784E+02  
     0.4698815E+02  
     0.4698851E+02  
     0.4698892E+02  
     0.4698938E+02  
     0.4698992E+02  
     0.4699052E+02  
     0.4699119E+02  
     0.4699191E+02  
     0.4699269E+02  
     0.4699350E+02  
     0.4699436E+02  
     0.4699528E+02  
     0.4699625E+02  
     0.4699728E+02  
     0.4699836E+02  
     0.4699949E+02  
     0.4700068E+02  
     0.4700190E+02  
     0.4700315E+02  
     0.4700442E+02  
     0.4700573E+02  
     0.4700709E+02  
     0.4700850E+02  
     0.4700995E+02  
     0.4701144E+02  
     0.4701294E+02  
     0.4701446E+02  
     0.4701600E+02  
     0.4701756E+02  
     0.4701914E+02  
     0.4702075E+02  
     0.4702238E+02  
     0.4702402E+02  
     0.4702567E+02  
     0.4702732E+02  
     0.4702896E+02  
     0.4703060E+02  
     0.4703223E+02  
     0.4703387E+02  
     0.4703552E+02  
     0.4703716E+02  
     0.4703879E+02  
     0.4704040E+02  
     0.4704198E+02  
     0.4704356E+02  
     0.4704512E+02  
     0.4704667E+02  
     0.4704821E+02  
     0.4704971E+02  
     0.4705118E+02  
     0.4705262E+02  
     0.4705404E+02  
     0.4705542E+02  
     0.4705677E+02  
     0.4705809E+02  
     0.4705936E+02  
     0.4706060E+02  
     0.4706178E+02  
     0.4706292E+02  
     0.4706402E+02  
     0.4706507E+02  
     0.4706608E+02  
     0.4706704E+02  
     0.4706793E+02  
     0.4706878E+02  
     0.4706956E+02  
     0.4707030E+02  
     0.4707098E+02  
     0.4707160E+02  
     0.4707217E+02  
     0.4707268E+02  
     0.4707314E+02  
     0.4707354E+02  
     0.4707387E+02  
     0.4707414E+02  
     0.4707435E+02  
     0.4707450E+02  
     0.4707460E+02  
     0.4707464E+02  
     0.4707462E+02  
     0.4707454E+02  
     0.4707439E+02  
     0.4707418E+02  
     0.4707390E+02  
     0.4707357E+02  
     0.4707319E+02  
     0.4707275E+02  
     0.4707224E+02  
     0.4707167E+02  
     0.4707104E+02  
     0.4707036E+02  
     0.4706962E+02  
     0.4706882E+02  
     0.4706796E+02  
     0.4706704E+02  
     0.4706606E+02  
     0.4706504E+02  
     0.4706398E+02  
     0.4706288E+02  
     0.4706173E+02  
     0.4706053E+02  
     0.4705928E+02  
     0.4705799E+02  
     0.4705666E+02  
     0.4705531E+02  
     0.4705393E+02  
     0.4705252E+02  
     0.4705107E+02  
     0.4704960E+02  
     0.4704810E+02  
     0.4704658E+02  
     0.4704504E+02  
     0.4704350E+02  
     0.4704193E+02  
     0.4704034E+02  
     0.4703874E+02  
     0.4703715E+02  
     0.4703555E+02  
     0.4703395E+02  
     0.4703233E+02  
     0.4703071E+02  
     0.4702909E+02  
     0.4702749E+02  
     0.4702589E+02  
     0.4702431E+02  
     0.4702274E+02  
     0.4702118E+02  
     0.4701964E+02  
     0.4701811E+02  
     0.4701660E+02  
     0.4701512E+02  
     0.4701367E+02  
     0.4701225E+02  
     0.4701085E+02  
     0.4700947E+02  
     0.4700813E+02  
     0.4700682E+02  
     0.4700555E+02  
     0.4700433E+02  
     0.4700314E+02  
     0.4700200E+02  
     0.4700089E+02  
     0.4699982E+02  
     0.4699880E+02  
     0.4699783E+02  
     0.4699691E+02  
     0.4699604E+02  
     0.4699522E+02  
     0.4699445E+02  
     0.4699374E+02  
     0.4699308E+02  
     0.4699247E+02  
     0.4699191E+02  
     0.4699142E+02  
     0.4699099E+02  
     0.4699062E+02  
     0.4699030E+02  
     0.4699004E+02  
     0.4698984E+02  
     0.4698971E+02  
     0.4698963E+02  
     0.4698962E+02  
     0.4698967E+02  
     0.4698978E+02  
     0.4698996E+02  
     0.4699019E+02  
     0.4699047E+02  
     0.4699081E+02  
     0.4699121E+02  
     0.4699167E+02  
     0.4699219E+02  
     0.4699278E+02  
     0.4699342E+02  
     0.4699411E+02  
     0.4699486E+02  
     0.4699566E+02  
     0.4699649E+02  
     0.4699737E+02  
     0.4699831E+02  
     0.4699929E+02  
     0.4700034E+02  
     0.4700144E+02  
     0.4700257E+02  
     0.4700372E+02  
     0.4700490E+02  
     0.4700611E+02  
     0.4700737E+02  
     0.4700868E+02  
     0.4701004E+02  
     0.4701141E+02  
     0.4701281E+02  
     0.4701421E+02  
     0.4701565E+02  
     0.4701711E+02  
     0.4701861E+02  
     0.4702012E+02  
     0.4702165E+02  
     0.4702319E+02  
     0.4702472E+02  
     0.4702627E+02  
     0.4702782E+02  
     0.4702938E+02  
     0.4703095E+02  
     0.4703251E+02  
     0.4703407E+02  
     0.4703562E+02  
     0.4703716E+02  
     0.4703868E+02  
     0.4704019E+02  
     0.4704169E+02  
     0.4704316E+02  
     0.4704462E+02  
     0.4704604E+02  
     0.4704744E+02  
     0.4704882E+02  
     0.4705017E+02  
     0.4705149E+02  
     0.4705278E+02  
     0.4705403E+02  
     0.4705525E+02  
     0.4705644E+02  
     0.4705759E+02  
     0.4705871E+02  
     0.4705980E+02  
     0.4706085E+02  
     0.4706186E+02  
     0.4706281E+02  
     0.4706372E+02  
     0.4706458E+02  
     0.4706541E+02  
     0.4706619E+02  
     0.4706694E+02  
     0.4706764E+02  
     0.4706828E+02  
     0.4706886E+02  
     0.4706938E+02  
     0.4706985E+02  
     0.4707027E+02  
     0.4707064E+02  
     0.4707096E+02  
     0.4707123E+02  
     0.4707142E+02  
     0.4707155E+02  
     0.4707163E+02  
     0.4707165E+02  
     0.4707162E+02  
     0.4707153E+02  
     0.4707138E+02  
     0.4707117E+02  
     0.4707091E+02  
     0.4707059E+02  
     0.4707022E+02  
     0.4706978E+02  
     0.4706929E+02  
     0.4706875E+02  
     0.4706817E+02  
     0.4706752E+02  
     0.4706683E+02  
     0.4706609E+02  
     0.4706530E+02  
     0.4706445E+02  
     0.4706355E+02  
     0.4706261E+02  
     0.4706163E+02  
     0.4706061E+02  
     0.4705953E+02  
     0.4705841E+02  
     0.4705724E+02  
     0.4705605E+02  
     0.4705482E+02  
     0.4705355E+02  
     0.4705225E+02  
     0.4705091E+02  
     0.4704954E+02  
     0.4704814E+02  
     0.4704673E+02  
     0.4704530E+02  
     0.4704385E+02  
     0.4704238E+02  
     0.4704088E+02  
     0.4703936E+02  
     0.4703782E+02  
     0.4703629E+02  
     0.4703475E+02  
     0.4703323E+02  
     0.4703170E+02  
     0.4703016E+02  
     0.4702861E+02  
     0.4702706E+02  
     0.4702552E+02  
     0.4702399E+02  
     0.4702248E+02  
     0.4702099E+02  
     0.4701950E+02  
     0.4701802E+02  
     0.4701657E+02  
     0.4701513E+02  
     0.4701372E+02  
     0.4701234E+02  
     0.4701098E+02  
     0.4700964E+02  
     0.4700834E+02  
     0.4700706E+02  
     0.4700583E+02  
     0.4700463E+02  
     0.4700347E+02  
     0.4700235E+02  
     0.4700126E+02  
     0.4700022E+02  
     0.4699923E+02  
     0.4699828E+02  
     0.4699738E+02  
     0.4699653E+02  
     0.4699572E+02  
     0.4699495E+02  
     0.4699423E+02  
     0.4699355E+02  
     0.4699294E+02  
     0.4699237E+02  
     0.4699186E+02  
     0.4699140E+02  
     0.4699099E+02  
     0.4699062E+02  
     0.4699030E+02  
     0.4699003E+02  
     0.4698983E+02  
     0.4698969E+02  
     0.4698960E+02  
     0.4698956E+02  
     0.4698957E+02  
     0.4698965E+02  
     0.4698978E+02  
     0.4698998E+02  
     0.4699023E+02  
     0.4699054E+02  
     0.4699090E+02  
     0.4699132E+02  
     0.4699181E+02  
     0.4699235E+02  
     0.4699294E+02  
     0.4699358E+02  
     0.4699426E+02  
     0.4699499E+02  
     0.4699579E+02  
     0.4699665E+02  
     0.4699757E+02  
     0.4699853E+02  
     0.4699953E+02  
     0.4700056E+02  
     0.4700162E+02  
     0.4700274E+02  
     0.4700390E+02  
     0.4700512E+02  
     0.4700636E+02  
     0.4700763E+02  
     0.4700892E+02  
     0.4701024E+02  
     0.4701159E+02  
     0.4701296E+02  
     0.4701436E+02  
     0.4701579E+02  
     0.4701723E+02  
     0.4701869E+02  
     0.4702016E+02  
     0.4702164E+02  
     0.4702314E+02  
     0.4702466E+02  
     0.4702618E+02  
     0.4702771E+02  
     0.4702923E+02  
     0.4703076E+02  
     0.4703229E+02  
     0.4703383E+02  
     0.4703536E+02  
     0.4703690E+02  
     0.4703842E+02  
     0.4703993E+02  
     0.4704142E+02  
     0.4704289E+02  
     0.4704436E+02  
     0.4704581E+02  
     0.4704724E+02  
     0.4704864E+02  
     0.4705001E+02  
     0.4705134E+02  
     0.4705265E+02  
     0.4705393E+02  
     0.4705518E+02  
     0.4705639E+02  
     0.4705757E+02  
     0.4705870E+02  
     0.4705980E+02  
     0.4706086E+02  
     0.4706189E+02  
     0.4706289E+02  
     0.4706384E+02  
     0.4706474E+02  
     0.4706559E+02  
     0.4706640E+02  
     0.4706717E+02  
     0.4706790E+02  
     0.4706859E+02  
     0.4706922E+02  
     0.4706980E+02  
     0.4707032E+02  
     0.4707078E+02  
     0.4707118E+02  
     0.4707153E+02  
     0.4707184E+02  
     0.4707211E+02  
     0.4707233E+02  
     0.4707248E+02  
     0.4707257E+02  
     0.4707260E+02  
     0.4707257E+02  
     0.4707249E+02  
     0.4707236E+02  
     0.4707218E+02  
     0.4707194E+02  
     0.4707165E+02  
     0.4707130E+02  
     0.4707088E+02  
     0.4707041E+02  
     0.4706988E+02  
     0.4706931E+02  
     0.4706868E+02  
     0.4706802E+02  
     0.4706729E+02  
     0.4706651E+02  
     0.4706566E+02  
     0.4706476E+02  
     0.4706381E+02  
     0.4706282E+02  
     0.4706180E+02  
     0.4706074E+02  
     0.4705963E+02  
     0.4705846E+02  
     0.4705724E+02  
     0.4705597E+02  
     0.4705468E+02  
     0.4705337E+02  
     0.4705204E+02  
     0.4705070E+02  
     0.4704931E+02  
     0.4704789E+02  
     0.4704643E+02  
     0.4704495E+02  
     0.4704346E+02  
     0.4704198E+02  
     0.4704051E+02  
     0.4703903E+02  
     0.4703753E+02  
     0.4703601E+02  
     0.4703449E+02  
     0.4703296E+02  
     0.4703145E+02  
     0.4702996E+02  
     0.4702849E+02  
     0.4702702E+02  
     0.4702556E+02  
     0.4702410E+02  
     0.4702266E+02  
     0.4702123E+02  
     0.4701983E+02  
     0.4701844E+02  
     0.4701709E+02  
     0.4701575E+02  
     0.4701444E+02  
     0.4701315E+02  
     0.4701188E+02  
     0.4701065E+02  
     0.4700944E+02  
     0.4700826E+02  
     0.4700710E+02  
     0.4700598E+02  
     0.4700489E+02  
     0.4700384E+02  
     0.4700284E+02  
     0.4700188E+02  
     0.4700097E+02  
     0.4700009E+02  
     0.4699924E+02  
     0.4699844E+02  
     0.4699770E+02  
     0.4699701E+02  
     0.4699636E+02  
     0.4699576E+02  
     0.4699520E+02  
     0.4699469E+02  
     0.4699422E+02  
     0.4699382E+02  
     0.4699347E+02  
     0.4699317E+02  
     0.4699291E+02  
     0.4699270E+02  
     0.4699255E+02  
     0.4699247E+02  
     0.4699245E+02  
     0.4699247E+02  
     0.4699253E+02  
     0.4699263E+02  
     0.4699279E+02  
     0.4699302E+02  
     0.4699331E+02  
     0.4699365E+02  
     0.4699403E+02  
     0.4699445E+02  
     0.4699491E+02  
     0.4699542E+02  
     0.4699600E+02  
     0.4699663E+02  
     0.4699732E+02  
     0.4699805E+02  
     0.4699881E+02  
     0.4699961E+02  
     0.4700045E+02  
     0.4700134E+02  
     0.4700228E+02  
     0.4700328E+02  
     0.4700430E+02  
     0.4700535E+02  
     0.4700643E+02  
     0.4700755E+02  
     0.4700870E+02  
     0.4700990E+02  
     0.4701113E+02  
     0.4701238E+02  
     0.4701365E+02  
     0.4701495E+02  
     0.4701626E+02  
     0.4701759E+02  
     0.4701895E+02  
     0.4702033E+02  
     0.4702171E+02  
     0.4702311E+02  
     0.4702451E+02  
     0.4702591E+02  
     0.4702732E+02  
     0.4702874E+02  
     0.4703017E+02  
     0.4703159E+02  
     0.4703300E+02  
     0.4703439E+02  
     0.4703577E+02  
     0.4703715E+02  
     0.4703852E+02  
     0.4703988E+02  
     0.4704123E+02  
     0.4704256E+02  
     0.4704387E+02  
     0.4704514E+02  
     0.4704639E+02  
     0.4704761E+02  
     0.4704881E+02  
     0.4704998E+02  
     0.4705113E+02  
     0.4705225E+02  
     0.4705334E+02  
     0.4705438E+02  
     0.4705538E+02  
     0.4705636E+02  
     0.4705729E+02  
     0.4705819E+02  
     0.4705905E+02  
     0.4705988E+02  
     0.4706067E+02  
     0.4706143E+02  
     0.4706214E+02  
     0.4706281E+02  
     0.4706343E+02  
     0.4706401E+02  
     0.4706455E+02  
     0.4706506E+02  
     0.4706553E+02  
     0.4706595E+02  
     0.4706631E+02  
     0.4706663E+02  
     0.4706690E+02  
     0.4706714E+02  
     0.4706732E+02  
     0.4706745E+02  
     0.4706754E+02  
     0.4706758E+02  
     0.4706757E+02  
     0.4706752E+02  
     0.4706742E+02  
     0.4706727E+02  
     0.4706705E+02  
     0.4706678E+02  
     0.4706648E+02  
     0.4706613E+02  
     0.4706575E+02  
     0.4706532E+02  
     0.4706485E+02  
     0.4706432E+02  
     0.4706374E+02  
     0.4706312E+02  
     0.4706247E+02  
     0.4706179E+02  
     0.4706107E+02  
     0.4706033E+02  
     0.4705954E+02  
     0.4705871E+02  
     0.4705784E+02  
     0.4705692E+02  
     0.4705597E+02  
     0.4705500E+02  
     0.4705401E+02  
     0.4705300E+02  
     0.4705196E+02  
     0.4705089E+02  
     0.4704979E+02  
     0.4704866E+02  
     0.4704751E+02  
     0.4704634E+02  
     0.4704516E+02  
     0.4704397E+02  
     0.4704277E+02  
     0.4704155E+02  
     0.4704032E+02  
     0.4703908E+02  
     0.4703782E+02  
     0.4703656E+02  
     0.4703530E+02  
     0.4703403E+02  
     0.4703277E+02  
     0.4703149E+02  
     0.4703022E+02  
     0.4702896E+02  
     0.4702771E+02  
     0.4702646E+02  
     0.4702521E+02  
     0.4702395E+02  
     0.4702271E+02  
     0.4702149E+02  
     0.4702029E+02  
     0.4701912E+02  
     0.4701796E+02  
     0.4701682E+02  
     0.4701569E+02  
     0.4701457E+02  
     0.4701346E+02  
     0.4701239E+02  
     0.4701135E+02  
     0.4701035E+02  
     0.4700937E+02  
     0.4700841E+02  
     0.4700746E+02  
     0.4700654E+02  
     0.4700566E+02  
     0.4700482E+02  
     0.4700400E+02  
     0.4700322E+02  
     0.4700246E+02  
     0.4700174E+02  
     0.4700105E+02  
     0.4700040E+02  
     0.4699979E+02  
     0.4699922E+02  
     0.4699868E+02  
     0.4699817E+02  
     0.4699771E+02  
     0.4699729E+02  
     0.4699692E+02  
     0.4699659E+02  
     0.4699630E+02  
     0.4699605E+02  
     0.4699584E+02  
     0.4699568E+02  
     0.4699556E+02  
     0.4699550E+02  
     0.4699549E+02  
     0.4699552E+02  
     0.4699559E+02  
     0.4699571E+02  
     0.4699588E+02  
     0.4699610E+02  
     0.4699636E+02  
     0.4699667E+02  
     0.4699704E+02  
     0.4699744E+02  
     0.4699789E+02  
     0.4699839E+02  
     0.4699894E+02  
     0.4699955E+02  
     0.4700021E+02  
     0.4700090E+02  
     0.4700163E+02  
     0.4700238E+02  
     0.4700318E+02  
     0.4700403E+02  
     0.4700493E+02  
     0.4700588E+02  
     0.4700684E+02  
     0.4700782E+02  
     0.4700883E+02  
     0.4700987E+02  
     0.4701095E+02  
     0.4701206E+02  
     0.4701320E+02  
     0.4701436E+02  
     0.4701553E+02  
     0.4701671E+02  
     0.4701791E+02  
     0.4701914E+02  
     0.4702040E+02  
     0.4702169E+02  
     0.4702299E+02  
     0.4702429E+02  
     0.4702559E+02  
     0.4702689E+02  
     0.4702820E+02  
     0.4702952E+02  
     0.4703085E+02  
     0.4703217E+02  
     0.4703350E+02  
     0.4703482E+02  
     0.4703614E+02  
     0.4703746E+02  
     0.4703877E+02  
     0.4704008E+02  
     0.4704137E+02  
     0.4704265E+02  
     0.4704393E+02  
     0.4704520E+02  
     0.4704645E+02  
     0.4704768E+02  
     0.4704890E+02  
     0.4705009E+02  
     0.4705125E+02  
     0.4705239E+02  
     0.4705352E+02  
     0.4705462E+02  
     0.4705570E+02  
     0.4705674E+02  
     0.4705775E+02  
     0.4705872E+02  
     0.4705965E+02  
     0.4706056E+02  
     0.4706145E+02  
     0.4706229E+02  
     0.4706310E+02  
     0.4706386E+02  
     0.4706457E+02  
     0.4706524E+02  
     0.4706588E+02  
     0.4706647E+02  
     0.4706702E+02  
     0.4706752E+02  
     0.4706796E+02  
     0.4706835E+02  
     0.4706869E+02  
     0.4706899E+02  
     0.4706924E+02  
     0.4706943E+02  
     0.4706956E+02  
     0.4706963E+02  
     0.4706966E+02  
     0.4706963E+02  
     0.4706956E+02  
     0.4706943E+02  
     0.4706924E+02  
     0.4706900E+02  
     0.4706870E+02  
     0.4706834E+02  
     0.4706793E+02  
     0.4706748E+02  
     0.4706699E+02  
     0.4706645E+02  
     0.4706585E+02  
     0.4706518E+02  
     0.4706447E+02  
     0.4706371E+02  
     0.4706291E+02  
     0.4706207E+02  
     0.4706118E+02  
     0.4706022E+02  
     0.4705922E+02  
     0.4705818E+02  
     0.4705712E+02  
     0.4705602E+02  
     0.4705488E+02  
     0.4705370E+02  
     0.4705247E+02  
     0.4705121E+02  
     0.4704993E+02  
     0.4704862E+02  
     0.4704729E+02  
     0.4704593E+02  
     0.4704455E+02  
     0.4704315E+02  
     0.4704173E+02  
     0.4704029E+02  
     0.4703885E+02  
     0.4703739E+02  
     0.4703593E+02  
     0.4703446E+02  
     0.4703299E+02  
     0.4703152E+02  
     0.4703005E+02  
     0.4702859E+02  
     0.4702712E+02  
     0.4702566E+02  
     0.4702419E+02  
     0.4702274E+02  
     0.4702131E+02  
     0.4701991E+02  
     0.4701853E+02  
     0.4701715E+02  
     0.4701579E+02  
     0.4701443E+02  
     0.4701309E+02  
     0.4701178E+02  
     0.4701051E+02  
     0.4700926E+02  
     0.4700805E+02  
     0.4700686E+02  
     0.4700570E+02  
     0.4700457E+02  
     0.4700347E+02  
     0.4700241E+02  
     0.4700139E+02  
     0.4700042E+02  
     0.4699949E+02  
     0.4699860E+02  
     0.4699775E+02  
     0.4699694E+02  
     0.4699618E+02  
     0.4699546E+02  
     0.4699479E+02  
     0.4699417E+02  
     0.4699360E+02  
     0.4699310E+02  
     0.4699265E+02  
     0.4699226E+02  
     0.4699191E+02  
     0.4699162E+02  
     0.4699138E+02  
     0.4699120E+02  
     0.4699107E+02  
     0.4699101E+02  
     0.4699101E+02  
     0.4699105E+02  
     0.4699115E+02  
     0.4699131E+02  
     0.4699153E+02  
     0.4699181E+02  
     0.4699214E+02  
     0.4699252E+02  
     0.4699296E+02  
     0.4699345E+02  
     0.4699399E+02  
     0.4699459E+02  
     0.4699525E+02  
     0.4699596E+02  
     0.4699673E+02  
     0.4699754E+02  
     0.4699840E+02  
     0.4699929E+02  
     0.4700023E+02  
     0.4700122E+02  
     0.4700225E+02  
     0.4700333E+02  
     0.4700445E+02  
     0.4700560E+02  
     0.4700679E+02  
     0.4700800E+02  
     0.4700925E+02  
     0.4701054E+02  
     0.4701186E+02  
     0.4701321E+02  
     0.4701458E+02  
     0.4701596E+02  
     0.4701735E+02  
     0.4701878E+02  
     0.4702023E+02  
     0.4702170E+02  
     0.4702318E+02  
     0.4702467E+02  
     0.4702616E+02  
     0.4702765E+02  
     0.4702915E+02  
     0.4703067E+02  
     0.4703219E+02  
     0.4703371E+02  
     0.4703523E+02  
     0.4703673E+02  
     0.4703822E+02  
     0.4703971E+02  
     0.4704119E+02  
     0.4704267E+02  
     0.4704413E+02  
     0.4704556E+02  
     0.4704698E+02  
     0.4704838E+02  
     0.4704976E+02  
     0.4705112E+02  
     0.4705244E+02  
     0.4705372E+02  
     0.4705496E+02  
     0.4705617E+02  
     0.4705734E+02  
     0.4705850E+02  
     0.4705962E+02  
     0.4706069E+02  
     0.4706171E+02  
     0.4706267E+02  
     0.4706358E+02  
     0.4706446E+02  
     0.4706531E+02  
     0.4706612E+02  
     0.4706688E+02  
     0.4706757E+02  
     0.4706821E+02  
     0.4706879E+02  
     0.4706932E+02  
     0.4706981E+02  
     0.4707024E+02  
     0.4707062E+02  
     0.4707092E+02  
     0.4707117E+02  
     0.4707135E+02  
     0.4707148E+02  
     0.4707156E+02  
     0.4707159E+02  
     0.4707155E+02  
     0.4707145E+02  
     0.4707129E+02  
     0.4707107E+02  
     0.4707080E+02  
     0.4707047E+02  
     0.4707009E+02  
     0.4706964E+02  
     0.4706913E+02  
     0.4706856E+02  
     0.4706795E+02  
     0.4706728E+02  
     0.4706658E+02  
     0.4706582E+02  
     0.4706500E+02  
     0.4706413E+02  
     0.4706321E+02  
     0.4706225E+02  
     0.4706126E+02  
     0.4706022E+02  
     0.4705914E+02  
     0.4705801E+02  
     0.4705684E+02  
     0.4705563E+02  
     0.4705439E+02  
     0.4705313E+02  
     0.4705184E+02  
     0.4705052E+02  
     0.4704917E+02  
     0.4704779E+02  
     0.4704639E+02  
     0.4704496E+02  
     0.4704352E+02  
     0.4704206E+02  
     0.4704059E+02  
     0.4703910E+02  
     0.4703760E+02  
     0.4703610E+02  
     0.4703459E+02  
     0.4703309E+02  
     0.4703159E+02  
     0.4703008E+02  
     0.4702857E+02  
     0.4702706E+02  
     0.4702557E+02  
     0.4702410E+02  
     0.4702264E+02  
     0.4702120E+02  
     0.4701977E+02  
     0.4701835E+02  
     0.4701695E+02  
     0.4701558E+02  
     0.4701424E+02  
     0.4701291E+02  
     0.4701162E+02  
     0.4701035E+02  
     0.4700911E+02  
     0.4700791E+02  
     0.4700674E+02  
     0.4700561E+02  
     0.4700453E+02  
     0.4700349E+02  
     0.4700247E+02  
     0.4700150E+02  
     0.4700056E+02  
     0.4699968E+02  
     0.4699885E+02  
     0.4699807E+02  
     0.4699734E+02  
     0.4699666E+02  
     0.4699603E+02  
     0.4699544E+02  
     0.4699491E+02  
     0.4699442E+02  
     0.4699399E+02  
     0.4699362E+02  
     0.4699331E+02  
     0.4699305E+02  
     0.4699284E+02  
     0.4699269E+02  
     0.4699259E+02  
     0.4699254E+02  
     0.4699256E+02  
     0.4699263E+02  
     0.4699276E+02  
     0.4699294E+02  
     0.4699318E+02  
     0.4699347E+02  
     0.4699381E+02  
     0.4699421E+02  
     0.4699466E+02  
     0.4699515E+02  
     0.4699570E+02  
     0.4699629E+02  
     0.4699694E+02  
     0.4699763E+02  
     0.4699837E+02  
     0.4699914E+02  
     0.4699997E+02  
     0.4700084E+02  
     0.4700175E+02  
     0.4700271E+02  
     0.4700371E+02  
     0.4700474E+02  
     0.4700580E+02  
     0.4700691E+02  
     0.4700805E+02  
     0.4700923E+02  
     0.4701043E+02  
     0.4701166E+02  
     0.4701291E+02  
     0.4701418E+02  
     0.4701548E+02  
     0.4701680E+02  
     0.4701814E+02  
     0.4701949E+02  
     0.4702085E+02  
     0.4702222E+02  
     0.4702359E+02  
     0.4702498E+02  
     0.4702637E+02  
     0.4702778E+02  
     0.4702920E+02  
     0.4703062E+02  
     0.4703204E+02  
     0.4703346E+02  
     0.4703486E+02  
     0.4703626E+02  
     0.4703766E+02  
     0.4703906E+02  
     0.4704046E+02  
     0.4704184E+02  
     0.4704322E+02  
     0.4704458E+02  
     0.4704592E+02  
     0.4704724E+02  
     0.4704854E+02  
     0.4704982E+02  
     0.4705108E+02  
     0.4705231E+02  
     0.4705351E+02  
     0.4705468E+02  
     0.4705581E+02  
     0.4705691E+02  
     0.4705798E+02  
     0.4705900E+02  
     0.4705999E+02  
     0.4706093E+02  
     0.4706182E+02  
     0.4706267E+02  
     0.4706348E+02  
     0.4706423E+02  
     0.4706494E+02  
     0.4706561E+02  
     0.4706623E+02  
     0.4706679E+02  
     0.4706731E+02  
     0.4706776E+02  
     0.4706817E+02  
     0.4706853E+02  
     0.4706883E+02  
     0.4706908E+02  
     0.4706927E+02  
     0.4706942E+02  
     0.4706951E+02  
     0.4706955E+02  
     0.4706953E+02  
     0.4706944E+02  
     0.4706931E+02  
     0.4706911E+02  
     0.4706886E+02  
     0.4706856E+02  
     0.4706821E+02  
     0.4706780E+02  
     0.4706733E+02  
     0.4706681E+02  
     0.4706623E+02  
     0.4706559E+02  
     0.4706490E+02  
     0.4706416E+02  
     0.4706339E+02  
     0.4706256E+02  
     0.4706168E+02  
     0.4706074E+02  
     0.4705976E+02  
     0.4705874E+02  
     0.4705769E+02  
     0.4705660E+02  
     0.4705547E+02  
     0.4705430E+02  
     0.4705308E+02  
     0.4705184E+02  
     0.4705058E+02  
     0.4704930E+02  
     0.4704799E+02  
     0.4704664E+02  
     0.4704525E+02  
     0.4704384E+02  
     0.4704241E+02  
     0.4704097E+02  
     0.4703954E+02  
     0.4703809E+02  
     0.4703662E+02  
     0.4703513E+02  
     0.4703362E+02  
     0.4703210E+02  
     0.4703060E+02  
     0.4702912E+02  
     0.4702764E+02  
     0.4702616E+02  
     0.4702467E+02  
     0.4702318E+02  
     0.4702170E+02  
     0.4702024E+02  
     0.4701882E+02  
     0.4701742E+02  
     0.4701604E+02  
     0.4701467E+02  
     0.4701332E+02  
     0.4701198E+02  
     0.4701067E+02  
     0.4700939E+02  
     0.4700814E+02  
     0.4700694E+02  
     0.4700576E+02  
     0.4700462E+02  
     0.4700351E+02  
     0.4700244E+02  
     0.4700140E+02  
     0.4700040E+02  
     0.4699944E+02  
     0.4699853E+02  
     0.4699767E+02  
     0.4699687E+02  
     0.4699612E+02  
     0.4699541E+02  
     0.4699475E+02  
     0.4699413E+02  
     0.4699357E+02  
     0.4699308E+02  
     0.4699266E+02  
     0.4699230E+02  
     0.4699200E+02  
     0.4699174E+02  
     0.4699154E+02  
     0.4699138E+02  
     0.4699129E+02  
     0.4699126E+02  
     0.4699131E+02  
     0.4699142E+02  
     0.4699160E+02  
     0.4699183E+02  
     0.4699210E+02  
     0.4699243E+02  
     0.4699282E+02  
     0.4699327E+02  
     0.4699379E+02  
     0.4699436E+02  
     0.4699499E+02  
     0.4699566E+02  
     0.4699638E+02  
     0.4699715E+02  
     0.4699797E+02  
     0.4699885E+02  
     0.4699977E+02  
     0.4700073E+02  
     0.4700174E+02  
     0.4700278E+02  
     0.4700388E+02  
     0.4700501E+02  
     0.4700618E+02  
     0.4700740E+02  
     0.4700865E+02  
     0.4700994E+02  
     0.4701126E+02  
     0.4701262E+02  
     0.4701401E+02  
     0.4701542E+02  
     0.4701687E+02  
     0.4701833E+02  
     0.4701983E+02  
     0.4702135E+02  
     0.4702289E+02  
     0.4702444E+02  
     0.4702600E+02  
     0.4702757E+02  
     0.4702914E+02  
     0.4703071E+02  
     0.4703229E+02  
     0.4703387E+02  
     0.4703546E+02  
     0.4703704E+02  
     0.4703861E+02  
     0.4704016E+02  
     0.4704168E+02  
     0.4704319E+02  
     0.4704469E+02  
     0.4704617E+02  
     0.4704763E+02  
     0.4704906E+02  
     0.4705045E+02  
     0.4705182E+02  
     0.4705317E+02  
     0.4705448E+02  
     0.4705576E+02  
     0.4705700E+02  
     0.4705820E+02  
     0.4705936E+02  
     0.4706048E+02  
     0.4706155E+02  
     0.4706258E+02  
     0.4706356E+02  
     0.4706451E+02  
     0.4706540E+02  
     0.4706623E+02  
     0.4706700E+02  
     0.4706771E+02  
     0.4706837E+02  
     0.4706899E+02  
     0.4706956E+02  
     0.4707007E+02  
     0.4707051E+02  
     0.4707090E+02  
     0.4707123E+02  
     0.4707151E+02  
     0.4707172E+02  
     0.4707187E+02  
     0.4707196E+02  
     0.4707200E+02  
     0.4707198E+02  
     0.4707191E+02  
     0.4707178E+02  
     0.4707159E+02  
     0.4707133E+02  
     0.4707102E+02  
     0.4707065E+02  
     0.4707022E+02  
     0.4706973E+02  
     0.4706920E+02  
     0.4706861E+02  
     0.4706796E+02  
     0.4706726E+02  
     0.4706650E+02  
     0.4706568E+02  
     0.4706482E+02  
     0.4706391E+02  
     0.4706296E+02  
     0.4706196E+02  
     0.4706090E+02  
     0.4705979E+02  
     0.4705864E+02  
     0.4705744E+02  
     0.4705620E+02  
     0.4705495E+02  
     0.4705366E+02  
     0.4705233E+02  
     0.4705095E+02  
     0.4704955E+02  
     0.4704813E+02  
     0.4704669E+02  
     0.4704524E+02  
     0.4704376E+02  
     0.4704225E+02  
     0.4704072E+02  
     0.4703917E+02  
     0.4703761E+02  
     0.4703606E+02  
     0.4703452E+02  
     0.4703297E+02  
     0.4703140E+02  
     0.4702980E+02  
     0.4702820E+02  
     0.4702660E+02  
     0.4702501E+02  
     0.4702345E+02  
     0.4702189E+02  
     0.4702034E+02  
     0.4701880E+02  
     0.4701727E+02  
     0.4701574E+02  
     0.4701425E+02  
     0.4701278E+02  
     0.4701134E+02  
     0.4700993E+02  
     0.4700854E+02  
     0.4700718E+02  
     0.4700585E+02  
     0.4700456E+02  
     0.4700331E+02  
     0.4700211E+02  
     0.4700095E+02  
     0.4699983E+02  
     0.4699877E+02  
     0.4699775E+02  
     0.4699679E+02  
     0.4699588E+02  
     0.4699503E+02  
     0.4699422E+02  
     0.4699346E+02  
     0.4699276E+02  
     0.4699213E+02  
     0.4699156E+02  
     0.4699104E+02  
     0.4699058E+02  
     0.4699018E+02  
     0.4698983E+02  
     0.4698955E+02  
     0.4698934E+02  
     0.4698920E+02  
     0.4698912E+02  
     0.4698910E+02  
     0.4698913E+02  
     0.4698923E+02  
     0.4698940E+02  
     0.4698964E+02  
     0.4698994E+02  
     0.4699030E+02  
     0.4699071E+02  
     0.4699118E+02  
     0.4699170E+02  
     0.4699229E+02  
     0.4699295E+02  
     0.4699367E+02  
     0.4699443E+02  
     0.4699524E+02  
     0.4699610E+02  
     0.4699701E+02  
     0.4699798E+02  
     0.4699901E+02  
     0.4700009E+02  
     0.4700120E+02  
     0.4700235E+02  
     0.4700354E+02  
     0.4700477E+02  
     0.4700604E+02  
     0.4700736E+02  
     0.4700871E+02  
     0.4701009E+02  
     0.4701150E+02  
     0.4701293E+02  
     0.4701438E+02  
     0.4701586E+02  
     0.4701736E+02  
     0.4701887E+02  
     0.4702040E+02  
     0.4702195E+02  
     0.4702352E+02  
     0.4702509E+02  
     0.4702668E+02  
     0.4702825E+02  
     0.4702982E+02  
     0.4703140E+02  
     0.4703298E+02  
     0.4703457E+02  
     0.4703617E+02  
     0.4703775E+02  
     0.4703931E+02  
     0.4704085E+02  
     0.4704237E+02  
     0.4704388E+02  
     0.4704539E+02  
     0.4704689E+02  
     0.4704836E+02  
     0.4704979E+02  
     0.4705119E+02  
     0.4705256E+02  
     0.4705389E+02  
     0.4705520E+02  
     0.4705648E+02  
     0.4705774E+02  
     0.4705895E+02  
     0.4706013E+02  
     0.4706126E+02  
     0.4706236E+02  
     0.4706343E+02  
     0.4706445E+02  
     0.4706544E+02  
     0.4706638E+02  
     0.4706727E+02  
     0.4706811E+02  
     0.4706891E+02  
     0.4706967E+02  
     0.4707037E+02  
     0.4707102E+02  
     0.4707161E+02  
     0.4707214E+02  
     0.4707261E+02  
     0.4707303E+02  
     0.4707339E+02  
     0.4707369E+02  
     0.4707394E+02  
     0.4707413E+02  
     0.4707425E+02  
     0.4707431E+02  
     0.4707430E+02  
     0.4707423E+02  
     0.4707411E+02  
     0.4707393E+02  
     0.4707368E+02  
     0.4707337E+02  
     0.4707301E+02  
     0.4707260E+02  
     0.4707212E+02  
     0.4707159E+02  
     0.4707099E+02  
     0.4707033E+02  
     0.4706962E+02  
     0.4706887E+02  
     0.4706808E+02  
     0.4706723E+02  
     0.4706634E+02  
     0.4706540E+02  
     0.4706439E+02  
     0.4706334E+02  
     0.4706225E+02  
     0.4706113E+02  
     0.4705998E+02  
     0.4705878E+02  
     0.4705754E+02  
     0.4705625E+02  
     0.4705493E+02  
     0.4705357E+02  
     0.4705219E+02  
     0.4705078E+02  
     0.4704934E+02  
     0.4704787E+02  
     0.4704637E+02  
     0.4704484E+02  
     0.4704330E+02  
     0.4704174E+02  
     0.4704017E+02  
     0.4703857E+02  
     0.4703696E+02  
     0.4703534E+02  
     0.4703372E+02  
     0.4703209E+02  
     0.4703045E+02  
     0.4702881E+02  
     0.4702717E+02  
     0.4702553E+02  
     0.4702390E+02  
     0.4702228E+02  
     0.4702068E+02  
     0.4701907E+02  
     0.4701748E+02  
     0.4701590E+02  
     0.4701433E+02  
     0.4701278E+02  
     0.4701125E+02  
     0.4700975E+02  
     0.4700828E+02  
     0.4700683E+02  
     0.4700540E+02  
     0.4700399E+02  
     0.4700262E+02  
     0.4700130E+02  
     0.4700002E+02  
     0.4699878E+02  
     0.4699758E+02  
     0.4699641E+02  
     0.4699529E+02  
     0.4699421E+02  
     0.4699319E+02  
     0.4699221E+02  
     0.4699130E+02  
     0.4699043E+02  
     0.4698962E+02  
     0.4698886E+02  
     0.4698814E+02  
     0.4698748E+02  
     0.4698689E+02  
     0.4698636E+02  
     0.4698588E+02  
     0.4698544E+02  
     0.4698506E+02  
     0.4698474E+02  
     0.4698449E+02  
     0.4698431E+02  
     0.4698420E+02  
     0.4698415E+02  
     0.4698415E+02  
     0.4698421E+02  
     0.4698434E+02  
     0.4698453E+02  
     0.4698480E+02  
     0.4698513E+02  
     0.4698553E+02  
     0.4698599E+02  
     0.4698652E+02  
     0.4698711E+02  
     0.4698776E+02  
     0.4698848E+02  
     0.4698926E+02  
     0.4699010E+02  
     0.4699100E+02  
     0.4699197E+02  
     0.4699298E+02  
     0.4699406E+02  
     0.4699519E+02  
     0.4699638E+02  
     0.4699762E+02  
     0.4699891E+02  
     0.4700024E+02  
     0.4700162E+02  
     0.4700305E+02  
     0.4700453E+02  
     0.4700605E+02  
     0.4700759E+02  
     0.4700917E+02  
     0.4701078E+02  
     0.4701242E+02  
     0.4701408E+02  
     0.4701578E+02  
     0.4701750E+02  
     0.4701926E+02  
     0.4702102E+02  
     0.4702279E+02  
     0.4702457E+02  
     0.4702636E+02  
     0.4702817E+02  
     0.4702999E+02  
     0.4703182E+02  
     0.4703366E+02  
     0.4703549E+02  
     0.4703730E+02  
     0.4703911E+02  
     0.4704091E+02  
     0.4704271E+02  
     0.4704452E+02  
     0.4704630E+02  
     0.4704805E+02  
     0.4704978E+02  
     0.4705148E+02  
     0.4705316E+02  
     0.4705482E+02  
     0.4705645E+02  
     0.4705804E+02  
     0.4705959E+02  
     0.4706109E+02  
     0.4706255E+02  
     0.4706398E+02  
     0.4706536E+02  
     0.4706669E+02  
     0.4706798E+02  
     0.4706921E+02  
     0.4707039E+02  
     0.4707152E+02  
     0.4707259E+02  
     0.4707361E+02  
     0.4707456E+02  
     0.4707546E+02  
     0.4707629E+02  
     0.4707707E+02  
     0.4707778E+02  
     0.4707842E+02  
     0.4707899E+02  
     0.4707950E+02  
     0.4707993E+02  
     0.4708030E+02  
     0.4708061E+02  
     0.4708085E+02  
     0.4708102E+02  
     0.4708110E+02  
     0.4708112E+02  
     0.4708106E+02  
     0.4708094E+02  
     0.4708075E+02  
     0.4708050E+02  
     0.4708017E+02  
     0.4707977E+02  
     0.4707931E+02  
     0.4707877E+02  
     0.4707818E+02  
     0.4707751E+02  
     0.4707679E+02  
     0.4707600E+02  
     0.4707515E+02  
     0.4707425E+02  
     0.4707328E+02  
     0.4707226E+02  
     0.4707117E+02  
     0.4707003E+02  
     0.4706885E+02  
     0.4706762E+02  
     0.4706634E+02  
     0.4706501E+02  
     0.4706362E+02  
     0.4706219E+02  
     0.4706072E+02  
     0.4705921E+02  
     0.4705768E+02  
     0.4705610E+02  
     0.4705448E+02  
     0.4705281E+02  
     0.4705112E+02  
     0.4704941E+02  
     0.4704768E+02  
     0.4704593E+02  
     0.4704416E+02  
     0.4704237E+02  
     0.4704056E+02  
     0.4703874E+02  
     0.4703691E+02  
     0.4703507E+02  
     0.4703324E+02  
     0.4703140E+02  
     0.4702956E+02  
     0.4702772E+02  
     0.4702590E+02  
     0.4702409E+02  
     0.4702230E+02  
     0.4702052E+02  
     0.4701875E+02  
     0.4701699E+02  
     0.4701526E+02  
     0.4701355E+02  
     0.4701188E+02  
     0.4701025E+02  
     0.4700865E+02  
     0.4700708E+02  
     0.4700555E+02  
     0.4700405E+02  
     0.4700259E+02  
     0.4700117E+02  
     0.4699980E+02  
     0.4699848E+02  
     0.4699721E+02  
     0.4699599E+02  
     0.4699483E+02  
     0.4699371E+02  
     0.4699263E+02  
     0.4699162E+02  
     0.4699067E+02  
     0.4698979E+02  
     0.4698896E+02  
     0.4698819E+02  
     0.4698748E+02  
     0.4698684E+02  
     0.4698627E+02  
     0.4698576E+02  
     0.4698531E+02  
     0.4698493E+02  
     0.4698461E+02  
     0.4698436E+02  
     0.4698419E+02  
     0.4698408E+02  
     0.4698405E+02  
     0.4698406E+02  
     0.4698414E+02  
     0.4698428E+02  
     0.4698449E+02  
     0.4698478E+02  
     0.4698514E+02  
     0.4698556E+02  
     0.4698603E+02  
     0.4698655E+02  
     0.4698712E+02  
     0.4698776E+02  
     0.4698846E+02  
     0.4698922E+02  
     0.4699005E+02  
     0.4699093E+02  
     0.4699185E+02  
     0.4699282E+02  
     0.4699385E+02  
     0.4699492E+02  
     0.4699606E+02  
     0.4699725E+02  
     0.4699848E+02  
     0.4699975E+02  
     0.4700106E+02  
     0.4700240E+02  
     0.4700378E+02  
     0.4700521E+02  
     0.4700669E+02  
     0.4700820E+02  
     0.4700975E+02  
     0.4701131E+02  
     0.4701289E+02  
     0.4701450E+02  
     0.4701614E+02  
     0.4701780E+02  
     0.4701949E+02  
     0.4702118E+02  
     0.4702288E+02  
     0.4702459E+02  
     0.4702631E+02  
     0.4702803E+02  
     0.4702976E+02  
     0.4703148E+02  
     0.4703320E+02  
     0.4703491E+02  
     0.4703661E+02  
     0.4703831E+02  
     0.4704000E+02  
     0.4704168E+02  
     0.4704333E+02  
     0.4704496E+02  
     0.4704656E+02  
     0.4704815E+02  
     0.4704972E+02  
     0.4705126E+02  
     0.4705278E+02  
     0.4705426E+02  
     0.4705570E+02  
     0.4705709E+02  
     0.4705845E+02  
     0.4705978E+02  
     0.4706107E+02  
     0.4706233E+02  
     0.4706355E+02  
     0.4706470E+02  
     0.4706580E+02  
     0.4706685E+02  
     0.4706785E+02  
     0.4706880E+02  
     0.4706972E+02  
     0.4707057E+02  
     0.4707137E+02  
     0.4707210E+02  
     0.4707277E+02  
     0.4707339E+02  
     0.4707395E+02  
     0.4707446E+02  
     0.4707490E+02  
     0.4707528E+02  
     0.4707559E+02  
     0.4707585E+02  
     0.4707604E+02  
     0.4707617E+02  
     0.4707625E+02  
     0.4707626E+02  
     0.4707621E+02  
     0.4707609E+02  
     0.4707591E+02  
     0.4707565E+02  
     0.4707533E+02  
     0.4707495E+02  
     0.4707452E+02  
     0.4707402E+02  
     0.4707344E+02  
     0.4707281E+02  
     0.4707210E+02  
     0.4707134E+02  
     0.4707053E+02  
     0.4706967E+02  
     0.4706876E+02  
     0.4706780E+02  
     0.4706677E+02  
     0.4706570E+02  
     0.4706457E+02  
     0.4706340E+02  
     0.4706219E+02  
     0.4706095E+02  
     0.4705966E+02  
     0.4705833E+02  
     0.4705696E+02  
     0.4705555E+02  
     0.4705411E+02  
     0.4705265E+02  
     0.4705115E+02  
     0.4704963E+02  
     0.4704807E+02  
     0.4704648E+02  
     0.4704486E+02  
     0.4704323E+02  
     0.4704158E+02  
     0.4703991E+02  
     0.4703824E+02  
     0.4703656E+02  
     0.4703487E+02  
     0.4703317E+02  
     0.4703146E+02  
     0.4702975E+02  
     0.4702803E+02  
     0.4702633E+02  
     0.4702463E+02  
     0.4702294E+02  
     0.4702126E+02  
     0.4701959E+02  
     0.4701794E+02  
     0.4701632E+02  
     0.4701470E+02  
     0.4701310E+02  
     0.4701152E+02  
     0.4700998E+02  
     0.4700848E+02  
     0.4700702E+02  
     0.4700560E+02  
     0.4700420E+02  
     0.4700283E+02  
     0.4700150E+02  
     0.4700021E+02  
     0.4699898E+02  
     0.4699781E+02  
     0.4699668E+02  
     0.4699560E+02  
     0.4699455E+02  
     0.4699355E+02  
     0.4699259E+02  
     0.4699169E+02  
     0.4699085E+02  
     0.4699008E+02  
     0.4698936E+02  
     0.4698870E+02  
     0.4698809E+02  
     0.4698753E+02  
     0.4698704E+02  
     0.4698661E+02  
     0.4698624E+02  
     0.4698593E+02  
     0.4698568E+02  
     0.4698550E+02  
     0.4698538E+02  
     0.4698533E+02  
     0.4698534E+02  
     0.4698540E+02  
     0.4698553E+02  
     0.4698572E+02  
     0.4698598E+02  
     0.4698630E+02  
     0.4698669E+02  
     0.4698713E+02  
     0.4698763E+02  
     0.4698819E+02  
     0.4698881E+02  
     0.4698948E+02  
     0.4699022E+02  
     0.4699102E+02  
     0.4699189E+02  
     0.4699281E+02  
     0.4699377E+02  
     0.4699479E+02  
     0.4699585E+02  
     0.4699697E+02  
     0.4699815E+02  
     0.4699938E+02  
     0.4700066E+02  
