1000    -0.25363956E-08
1001     0.11275045E-08
1002     0.47898046E-08
1003     0.84453074E-08
1004     0.12088826E-07
1005     0.15715189E-07
1006     0.19319251E-07
1007     0.22895897E-07
1008     0.26440052E-07
1009     0.29946685E-07
100    -0.56964666E-07
1010     0.33410822E-07
1011     0.36827546E-07
1012     0.40192009E-07
1013     0.43499435E-07
1014     0.46745132E-07
1015     0.49924493E-07
1016     0.53033007E-07
1017     0.56066263E-07
1018     0.59019955E-07
1019     0.61889893E-07
101    -0.59893562E-07
1020     0.64672003E-07
1021     0.67362338E-07
1022     0.69957080E-07
1023     0.72452547E-07
1024     0.74845196E-07
1025     0.77131634E-07
1026     0.79308616E-07
1027     0.81373051E-07
1028     0.83322010E-07
1029     0.85152728E-07
102    -0.62737464E-07
1030     0.86862607E-07
1031     0.88449220E-07
1032     0.89910316E-07
1033     0.91243821E-07
1034     0.92447842E-07
1035     0.93520672E-07
1036     0.94460788E-07
1037     0.95266856E-07
1038     0.95937731E-07
1039     0.96472462E-07
103    -0.65492336E-07
1040     0.96870290E-07
1041     0.97130650E-07
1042     0.97253173E-07
1043     0.97237686E-07
1044     0.97084209E-07
1045     0.96792961E-07
1046     0.96364356E-07
1047     0.95799000E-07
1048     0.95097698E-07
1049     0.94261443E-07
104    -0.68154268E-07
1050     0.93291423E-07
1051     0.92189014E-07
1052     0.90955780E-07
1053     0.89593472E-07
1054     0.88104023E-07
1055     0.86489547E-07
1056     0.84752334E-07
1057     0.82894850E-07
1058     0.80919730E-07
1059     0.78829779E-07
105    -0.70719483E-07
1060     0.76627960E-07
1061     0.74317400E-07
1062     0.71901377E-07
1063     0.69383320E-07
1064     0.66766801E-07
1065     0.64055534E-07
1066     0.61253367E-07
1067     0.58364275E-07
1068     0.55392360E-07
1069     0.52341838E-07
106    -0.73184341E-07
1070     0.49217038E-07
1071     0.46022394E-07
1072     0.42762441E-07
1073     0.39441804E-07
1074     0.36065196E-07
1075     0.32637408E-07
1076     0.29163304E-07
1077     0.25647815E-07
1078     0.22095930E-07
1079     0.18512689E-07
107    -0.75545344E-07
1080     0.14903176E-07
1081     0.11272514E-07
1082     0.76258559E-08
1083     0.39683759E-08
1084     0.30526429E-09
1085    -0.33582805E-08
1086    -0.70170595E-08
1087    -0.10665881E-07
1088    -0.14299566E-07
1089    -0.17912959E-07
108    -0.77799141E-07
1090    -0.21500932E-07
1091    -0.25058393E-07
1092    -0.28580294E-07
1093    -0.32061637E-07
1094    -0.35497482E-07
1095    -0.38882953E-07
1096    -0.42213245E-07
1097    -0.45483633E-07
1098    -0.48689476E-07
1099    -0.51826223E-07
109    -0.79942534E-07
10     0.35781515E-07
1100    -0.54889425E-07
1101    -0.57874734E-07
1102    -0.60777913E-07
1103    -0.63594843E-07
1104    -0.66321527E-07
1105    -0.68954094E-07
1106    -0.71488809E-07
1107    -0.73922075E-07
1108    -0.76250439E-07
1109    -0.78470597E-07
110    -0.81972482E-07
1110    -0.80579398E-07
1111    -0.82573850E-07
1112    -0.84451122E-07
1113    -0.86208550E-07
1114    -0.87843641E-07
1115    -0.89354073E-07
1116    -0.90737705E-07
1117    -0.91992571E-07
1118    -0.93116892E-07
1119    -0.94109071E-07
111    -0.83886103E-07
1120    -0.94967701E-07
1121    -0.95691564E-07
1122    -0.96279632E-07
1123    -0.96731070E-07
1124    -0.97045238E-07
1125    -0.97221691E-07
1126    -0.97260177E-07
1127    -0.97160642E-07
1128    -0.96923228E-07
1129    -0.96548270E-07
112    -0.85680683E-07
1130    -0.96036303E-07
1131    -0.95388051E-07
1132    -0.94604435E-07
1133    -0.93686567E-07
1134    -0.92635749E-07
1135    -0.91453472E-07
1136    -0.90141416E-07
1137    -0.88701440E-07
1138    -0.87135589E-07
1139    -0.85446085E-07
113    -0.87353674E-07
1140    -0.83635325E-07
1141    -0.81705880E-07
1142    -0.79660486E-07
1143    -0.77502047E-07
1144    -0.75233625E-07
1145    -0.72858441E-07
1146    -0.70379864E-07
1147    -0.67801411E-07
1148    -0.65126742E-07
1149    -0.62359653E-07
114    -0.88902702E-07
1150    -0.59504069E-07
1151    -0.56564044E-07
1152    -0.53543750E-07
1153    -0.50447472E-07
1154    -0.47279604E-07
1155    -0.44044643E-07
1156    -0.40747179E-07
1157    -0.37391890E-07
1158    -0.33983539E-07
1159    -0.30526963E-07
115    -0.90325569E-07
1160    -0.27027065E-07
1161    -0.23488815E-07
1162    -0.19917231E-07
1163    -0.16317383E-07
1164    -0.12694379E-07
1165    -0.90533608E-08
1166    -0.53994950E-08
1167    -0.17379668E-08
1168     0.19260276E-08
1169     0.55872889E-08
116    -0.91620257E-07
1170     0.92406214E-08
1171     0.12880841E-07
1172     0.16502781E-07
1173     0.20101302E-07
1174     0.23671297E-07
1175     0.27207701E-07
1176     0.30705495E-07
1177     0.34159715E-07
1178     0.37565459E-07
1179     0.40917895E-07
117    -0.92784927E-07
1180     0.44212264E-07
1181     0.47443892E-07
1182     0.50608193E-07
1183     0.53700677E-07
1184     0.56716954E-07
1185     0.59652745E-07
1186     0.62503884E-07
1187     0.65266324E-07
1188     0.67936145E-07
1189     0.70509558E-07
118    -0.93817927E-07
1190     0.72982912E-07
1191     0.75352697E-07
1192     0.77615550E-07
1193     0.79768260E-07
1194     0.81807771E-07
1195     0.83731189E-07
1196     0.85535786E-07
1197     0.87218999E-07
1198     0.88778441E-07
1199     0.90211898E-07
119    -0.94717790E-07
11     0.39162571E-07
1200     0.91517337E-07
1201     0.92692904E-07
1202     0.93736932E-07
1203     0.94647939E-07
1204     0.95424632E-07
1205     0.96065909E-07
1206     0.96570859E-07
1207     0.96938767E-07
1208     0.97169111E-07
1209     0.97261562E-07
120    -0.95483241E-07
1210     0.97215991E-07
1211     0.97032461E-07
1212     0.96711234E-07
1213     0.96252765E-07
1214     0.95657704E-07
1215     0.94926897E-07
1216     0.94061380E-07
1217     0.93062382E-07
1218     0.91931319E-07
1219     0.90669798E-07
121    -0.96113193E-07
1220     0.89279609E-07
1221     0.87762723E-07
1222     0.86121295E-07
1223     0.84357652E-07
1224     0.82474299E-07
1225     0.80473907E-07
1226     0.78359315E-07
1227     0.76133525E-07
1228     0.73799694E-07
1229     0.71361135E-07
122    -0.96606751E-07
1230     0.68821308E-07
1231     0.66183818E-07
1232     0.63452406E-07
1233     0.60630951E-07
1234     0.57723454E-07
1235     0.54734043E-07
1236     0.51666959E-07
1237     0.48526555E-07
1238     0.45317287E-07
1239     0.42043711E-07
123    -0.96963216E-07
1240     0.38710470E-07
1241     0.35322296E-07
1242     0.31883996E-07
1243     0.28400451E-07
1244     0.24876602E-07
1245     0.21317451E-07
1246     0.17728049E-07
1247     0.14113489E-07
1248     0.10478901E-07
1249     0.68294425E-08
124    -0.97182081E-07
1250     0.31702923E-08
1251    -0.49335687E-09
1252    -0.41563059E-08
1253    -0.78133567E-08
1254    -0.11459320E-07
1255    -0.15089021E-07
1256    -0.18697309E-07
1257    -0.22279065E-07
1258    -0.25829204E-07
1259    -0.29342690E-07
125    -0.97263036E-07
1260    -0.32814535E-07
1261    -0.36239814E-07
1262    -0.39613665E-07
1263    -0.42931301E-07
1264    -0.46188014E-07
1265    -0.49379181E-07
1266    -0.52500275E-07
1267    -0.55546867E-07
1268    -0.58514633E-07
1269    -0.61399361E-07
126    -0.97205967E-07
1270    -0.64196958E-07
1271    -0.66903453E-07
1272    -0.69515007E-07
1273    -0.72027913E-07
1274    -0.74438604E-07
1275    -0.76743661E-07
1276    -0.78939811E-07
1277    -0.81023939E-07
1278    -0.82993087E-07
1279    -0.84844460E-07
127    -0.97010953E-07
1280    -0.86575431E-07
1281    -0.88183544E-07
1282    -0.89666516E-07
1283    -0.91022244E-07
1284    -0.92248803E-07
1285    -0.93344453E-07
1286    -0.94307638E-07
1287    -0.95136993E-07
1288    -0.95831340E-07
1289    -0.96389693E-07
128    -0.96678272E-07
1290    -0.96811261E-07
1291    -0.97095445E-07
1292    -0.97241842E-07
1293    -0.97250244E-07
1294    -0.97120639E-07
1295    -0.96853211E-07
1296    -0.96448340E-07
1297    -0.95906601E-07
1298    -0.95228761E-07
1299    -0.94415783E-07
129    -0.96208396E-07
12     0.42488052E-07
1300    -0.93468820E-07
1301    -0.92389217E-07
1302    -0.91178505E-07
1303    -0.89838403E-07
1304    -0.88370813E-07
1305    -0.86777816E-07
1306    -0.85061673E-07
1307    -0.83224821E-07
1308    -0.81269865E-07
1309    -0.79199580E-07
130    -0.95601992E-07
1310    -0.77016903E-07
1311    -0.74724933E-07
1312    -0.72326921E-07
1313    -0.69826271E-07
1314    -0.67226531E-07
1315    -0.64531391E-07
1316    -0.61744675E-07
1317    -0.58870338E-07
1318    -0.55912458E-07
1319    -0.52875234E-07
131    -0.94859919E-07
1320    -0.49762975E-07
1321    -0.46580098E-07
1322    -0.43331119E-07
1323    -0.40020650E-07
1324    -0.36653388E-07
1325    -0.33234111E-07
1326    -0.29767673E-07
1327    -0.26258991E-07
1328    -0.22713046E-07
1329    -0.19134868E-07
132    -0.93983233E-07
1330    -0.15529537E-07
1331    -0.11902167E-07
1332    -0.82579079E-08
1333    -0.46019297E-08
1334    -0.93942096E-09
1335     0.27244209E-08
1336     0.63843966E-08
1337     0.10035312E-07
1338     0.13671987E-07
1339     0.17289260E-07
133    -0.92973175E-07
1340     0.20881998E-07
1341     0.24445102E-07
1342     0.27973517E-07
1343     0.31462235E-07
1344     0.34906305E-07
1345     0.38300839E-07
1346     0.41641022E-07
1347     0.44922112E-07
1348     0.48139454E-07
1349     0.51288481E-07
134    -0.91831180E-07
1350     0.54364726E-07
1351     0.57363822E-07
1352     0.60281514E-07
1353     0.63113661E-07
1354     0.65856244E-07
1355     0.68505371E-07
1356     0.71057283E-07
1357     0.73508358E-07
1358     0.75855118E-07
1359     0.78094233E-07
135    -0.90558869E-07
1360     0.80222526E-07
1361     0.82236975E-07
1362     0.84134723E-07
1363     0.85913076E-07
1364     0.87569511E-07
1365     0.89101677E-07
1366     0.90507399E-07
1367     0.91784684E-07
1368     0.92931717E-07
1369     0.93946873E-07
136    -0.89158046E-07
1370     0.94828709E-07
1371     0.95575975E-07
1372     0.96187610E-07
1373     0.96662746E-07
1374     0.97000709E-07
1375     0.97201020E-07
1376     0.97263393E-07
1377     0.97187742E-07
1378     0.96974172E-07
1379     0.96622986E-07
137    -0.87630701E-07
1380     0.96134685E-07
1381     0.95509959E-07
1382     0.94749697E-07
1383     0.93854976E-07
1384     0.92827066E-07
1385     0.91667427E-07
1386     0.90377703E-07
1387     0.88959726E-07
1388     0.87415506E-07
1389     0.85747236E-07
138    -0.85978999E-07
1390     0.83957283E-07
1391     0.82048187E-07
1392     0.80022658E-07
1393     0.77883569E-07
1394     0.75633956E-07
1395     0.73277012E-07
1396     0.70816082E-07
1397     0.68254657E-07
1398     0.65596372E-07
1399     0.62845001E-07
139    -0.84205286E-07
13     0.45753239E-07
1400     0.60004447E-07
1401     0.57078741E-07
1402     0.54072035E-07
1403     0.50988596E-07
1404     0.47832800E-07
1405     0.44609125E-07
1406     0.41322145E-07
1407     0.37976526E-07
1408     0.34577015E-07
1409     0.31128435E-07
140    -0.82312077E-07
1410     0.27635682E-07
1411     0.24103711E-07
1412     0.20537535E-07
1413     0.16942214E-07
1414     0.13322851E-07
1415     0.96845815E-08
1416     0.60325686E-08
1417     0.23719949E-08
1418    -0.12919448E-08
1419    -0.49540511E-08
141    -0.80302061E-07
1420    -0.86091272E-08
1421    -0.12251986E-07
1422    -0.15877458E-07
1423    -0.19480399E-07
1424    -0.23055696E-07
1425    -0.26598274E-07
1426    -0.30103107E-07
1427    -0.33565221E-07
1428    -0.36979702E-07
1429    -0.40341707E-07
142    -0.78178089E-07
1430    -0.43646463E-07
1431    -0.46889280E-07
1432    -0.50065558E-07
1433    -0.53170788E-07
1434    -0.56200564E-07
1435    -0.59150586E-07
1436    -0.62016668E-07
1437    -0.64794744E-07
1438    -0.67480869E-07
1439    -0.70071233E-07
143    -0.75943175E-07
1440    -0.72562160E-07
1441    -0.74950115E-07
1442    -0.77231709E-07
1443    -0.79403704E-07
1444    -0.81463018E-07
1445    -0.83406729E-07
1446    -0.85232078E-07
1447    -0.86936475E-07
1448    -0.88517502E-07
1449    -0.89972914E-07
144    -0.73600491E-07
1450    -0.91300647E-07
1451    -0.92498816E-07
1452    -0.93565721E-07
1453    -0.94499847E-07
1454    -0.95299870E-07
1455    -0.95964654E-07
1456    -0.96493256E-07
1457    -0.96884925E-07
1458    -0.97139105E-07
1459    -0.97255437E-07
145    -0.71153361E-07
1460    -0.97233754E-07
1461    -0.97074088E-07
1462    -0.96776665E-07
1463    -0.96341908E-07
1464    -0.95770432E-07
1465    -0.95063050E-07
1466    -0.94220765E-07
1467    -0.93244772E-07
1468    -0.92136457E-07
1469    -0.90897391E-07
146    -0.68605258E-07
1470    -0.89529334E-07
1471    -0.88034227E-07
1472    -0.86414192E-07
1473    -0.84671527E-07
1474    -0.82808705E-07
1475    -0.80828371E-07
1476    -0.78733334E-07
1477    -0.76526567E-07
1478    -0.74211203E-07
1479    -0.71790525E-07
147    -0.65959798E-07
1480    -0.69267971E-07
1481    -0.66647119E-07
1482    -0.63931689E-07
1483    -0.61125535E-07
1484    -0.58232637E-07
1485    -0.55257103E-07
1486    -0.52203153E-07
1487    -0.49075123E-07
1488    -0.45877451E-07
1489    -0.42614674E-07
148    -0.63220735E-07
1490    -0.39291423E-07
1491    -0.35912415E-07
1492    -0.32482443E-07
1493    -0.29006376E-07
1494    -0.25489146E-07
1495    -0.21935745E-07
1496    -0.18351215E-07
1497    -0.14740644E-07
1498    -0.11109153E-07
1499    -0.74618984E-08
149    -0.60391957E-07
14     0.48953498E-07
1500    -0.38040542E-08
1501    -0.14081174E-09
1502     0.35226305E-08
1503     0.71810739E-08
1504     0.10829327E-07
1505     0.14462212E-07
1506     0.18074573E-07
1507     0.21661286E-07
1508     0.25217259E-07
1509     0.28737446E-07
150    -0.57477477E-07
1510     0.32216853E-07
1511     0.35650541E-07
1512     0.39033637E-07
1513     0.42361342E-07
1514     0.45628932E-07
1515     0.48831770E-07
1516     0.51965312E-07
1517     0.55025110E-07
1518     0.58006823E-07
1519     0.60906218E-07
151    -0.54481431E-07
1520     0.63719183E-07
1521     0.66441724E-07
1522     0.69069979E-07
1523     0.71600217E-07
1524     0.74028848E-07
1525     0.76352425E-07
1526     0.78567651E-07
1527     0.80671383E-07
1528     0.82660635E-07
1529     0.84532584E-07
152    -0.51408071E-07
1530     0.86284574E-07
1531     0.87914119E-07
1532     0.89418905E-07
1533     0.90796798E-07
1534     0.92045842E-07
1535     0.93164265E-07
1536     0.94150479E-07
1537     0.95003086E-07
1538     0.95720874E-07
1539     0.96302826E-07
153    -0.48261759E-07
1540     0.96748116E-07
1541     0.97056112E-07
1542     0.97226376E-07
1543     0.97258667E-07
1544     0.97152940E-07
1545     0.96909344E-07
1546     0.96528225E-07
1547     0.96010123E-07
1548     0.95355775E-07
1549     0.94566108E-07
154    -0.45046959E-07
1550     0.93642244E-07
1551     0.92585493E-07
1552     0.91397355E-07
1553     0.90079515E-07
1554     0.88633845E-07
1555     0.87062396E-07
1556     0.85367397E-07
1557     0.83551254E-07
1558     0.81616545E-07
1559     0.79566014E-07
155    -0.41768233E-07
1560     0.77402572E-07
1561     0.75129289E-07
1562     0.72749390E-07
1563     0.70266254E-07
1564     0.67683404E-07
1565     0.65004505E-07
1566     0.62233358E-07
1567     0.59373897E-07
1568     0.56430180E-07
1569     0.53406382E-07
156    -0.38430234E-07
1570     0.50306796E-07
1571     0.47135821E-07
1572     0.43897955E-07
1573     0.40597794E-07
1574     0.37240022E-07
1575     0.33829402E-07
1576     0.30370776E-07
1577     0.26869050E-07
1578     0.23329196E-07
1579     0.19756234E-07
157    -0.35037699E-07
1580     0.16155237E-07
1581     0.12531315E-07
1582     0.88896089E-08
1583     0.52352880E-08
1584     0.15735377E-08
1585    -0.20904456E-08
1586    -0.57514623E-08
1587    -0.94043172E-08
1588    -0.13043827E-07
1589    -0.16664825E-07
158    -0.31595443E-07
1590    -0.20262176E-07
1591    -0.23830772E-07
1592    -0.27365550E-07
1593    -0.30861494E-07
1594    -0.34313643E-07
1595    -0.37717098E-07
1596    -0.41067029E-07
1597    -0.44358682E-07
1598    -0.47587386E-07
1599    -0.50748559E-07
159    -0.28108350E-07
15     0.52084287E-07
1600    -0.53837716E-07
1601    -0.56850472E-07
1602    -0.59782552E-07
1603    -0.62629795E-07
1604    -0.65388161E-07
1605    -0.68053736E-07
1606    -0.70622736E-07
1607    -0.73091516E-07
1608    -0.75456573E-07
1609    -0.77714550E-07
160    -0.24581368E-07
1610    -0.79862243E-07
1611    -0.81896604E-07
1612    -0.83814747E-07
1613    -0.85613950E-07
1614    -0.87291658E-07
1615    -0.88845492E-07
1616    -0.90273246E-07
1617    -0.91572894E-07
1618    -0.92742592E-07
1619    -0.93780680E-07
161    -0.21019504E-07
1620    -0.94685685E-07
1621    -0.95456323E-07
1622    -0.96091499E-07
1623    -0.96590313E-07
1624    -0.96952057E-07
1625    -0.97176217E-07
1626    -0.97262475E-07
1627    -0.97210709E-07
1628    -0.97020993E-07
1629    -0.96693595E-07
162    -0.17427811E-07
1630    -0.96228980E-07
1631    -0.95627808E-07
1632    -0.94890931E-07
1633    -0.94019395E-07
1634    -0.93014438E-07
1635    -0.91877485E-07
1636    -0.90610149E-07
1637    -0.89214230E-07
1638    -0.87691707E-07
1639    -0.86044742E-07
163    -0.13811386E-07
1640    -0.84275672E-07
1641    -0.82387007E-07
1642    -0.80381428E-07
1643    -0.78261780E-07
1644    -0.76031072E-07
1645    -0.73692469E-07
1646    -0.71249290E-07
1647    -0.68705001E-07
1648    -0.66063214E-07
1649    -0.63327678E-07
164    -0.10175362E-07
1650    -0.60502273E-07
1651    -0.57591011E-07
1652    -0.54598022E-07
1653    -0.51527553E-07
1654    -0.48383962E-07
1655    -0.45171710E-07
1656    -0.41895356E-07
1657    -0.38559548E-07
1658    -0.35169020E-07
1659    -0.31728585E-07
165    -0.65248980E-08
1660    -0.28243124E-07
1661    -0.24717583E-07
1662    -0.21156966E-07
1663    -0.17566326E-07
1664    -0.13950757E-07
1665    -0.10315390E-07
1666    -0.66653857E-08
1667    -0.30059222E-08
1668     0.65780697E-09
1669     0.43206026E-08
166    -0.28651746E-08
1670     0.79772670E-08
1671     0.11622611E-07
1672     0.15251461E-07
1673     0.18858668E-07
1674     0.22439114E-07
1675     0.25987715E-07
1676     0.29499439E-07
1677     0.32969299E-07
1678     0.36392374E-07
1679     0.39763804E-07
167     0.79861480E-09
1680     0.43078806E-07
1681     0.46332675E-07
1682     0.49520794E-07
1683     0.52638639E-07
1684     0.55681784E-07
1685     0.58645912E-07
1686     0.61526817E-07
1687     0.64320409E-07
1688     0.67022725E-07
1689     0.69629930E-07
168     0.44612709E-08
1690     0.72138323E-07
1691     0.74544346E-07
1692     0.76844584E-07
1693     0.79035772E-07
1694     0.81114802E-07
1695     0.83078723E-07
1696     0.84924747E-07
1697     0.86650255E-07
1698     0.88252799E-07
1699     0.89730105E-07
169     0.81175960E-08
16     0.55141164E-07
1700     0.91080075E-07
1701     0.92300795E-07
1702     0.93390531E-07
1703     0.94347738E-07
1704     0.95171057E-07
1705     0.95859320E-07
1706     0.96411550E-07
1707     0.96826964E-07
1708     0.97104971E-07
1709     0.97245177E-07
170     0.11762402E-07
1710     0.97247384E-07
1711     0.97111588E-07
1712     0.96837983E-07
1713     0.96426955E-07
1714     0.95879089E-07
1715     0.95195162E-07
1716     0.94376145E-07
1717     0.93423199E-07
1718     0.92337677E-07
1719     0.91121120E-07
171     0.15390515E-07
1720     0.89775254E-07
1721     0.88301989E-07
1722     0.86703416E-07
1723     0.84981802E-07
1724     0.83139592E-07
1725     0.81179399E-07
1726     0.79104006E-07
1727     0.76916356E-07
1728     0.74619556E-07
1729     0.72216864E-07
172     0.18996788E-07
1730     0.69711689E-07
1731     0.67107588E-07
1732     0.64408255E-07
1733     0.61617520E-07
1734     0.58739345E-07
1735     0.55777814E-07
1736     0.52737129E-07
1737     0.49621605E-07
1738     0.46435663E-07
1739     0.43183826E-07
173     0.22576103E-07
1740     0.39870706E-07
1741     0.36501007E-07
1742     0.33079509E-07
1743     0.29611069E-07
1744     0.26100607E-07
1745     0.22553107E-07
1746     0.18973602E-07
1747     0.15367171E-07
1748     0.11738933E-07
1749     0.80940370E-08
174     0.26123381E-07
1750     0.44376544E-08
1751     0.77497437E-09
1752    -0.28888054E-08
1753    -0.65484857E-08
1754    -0.10198873E-07
1755    -0.13834788E-07
1756    -0.17451069E-07
1757    -0.21042586E-07
1758    -0.24604242E-07
1759    -0.28130981E-07
175     0.29633587E-07
1760    -0.31617801E-07
1761    -0.35059752E-07
1762    -0.38451950E-07
1763    -0.41789582E-07
1764    -0.45067910E-07
1765    -0.48282283E-07
1766    -0.51428139E-07
1767    -0.54501014E-07
1768    -0.57496547E-07
1769    -0.60410487E-07
176     0.33101740E-07
1770    -0.63238700E-07
1771    -0.65977171E-07
1772    -0.68622014E-07
1773    -0.71169477E-07
1774    -0.73615944E-07
1775    -0.75957943E-07
1776    -0.78192151E-07
1777    -0.80315398E-07
1778    -0.82324670E-07
1779    -0.84217115E-07
177     0.36522919E-07
1780    -0.85990049E-07
1781    -0.87640956E-07
1782    -0.89167492E-07
1783    -0.90567492E-07
1784    -0.91838968E-07
1785    -0.92980116E-07
1786    -0.93989318E-07
1787    -0.94865140E-07
1788    -0.95606340E-07
1789    -0.96211866E-07
178     0.39892269E-07
1790    -0.96680859E-07
1791    -0.97012653E-07
1792    -0.97206777E-07
1793    -0.97262956E-07
1794    -0.97181111E-07
1795    -0.96961357E-07
1796    -0.96604005E-07
1797    -0.96109565E-07
1798    -0.95478736E-07
1799    -0.94712414E-07
179     0.43205008E-07
17     0.58119791E-07
1800    -0.93811687E-07
1801    -0.92777833E-07
1802    -0.91612318E-07
1803    -0.90316798E-07
1804    -0.88893110E-07
1805    -0.87343275E-07
1806    -0.85669491E-07
1807    -0.83874135E-07
1808    -0.81959755E-07
1809    -0.79929066E-07
180     0.46456435E-07
1810    -0.77784950E-07
1811    -0.75530451E-07
1812    -0.73168767E-07
1813    -0.70703250E-07
1814    -0.68137399E-07
1815    -0.65474855E-07
1816    -0.62719396E-07
1817    -0.59874933E-07
1818    -0.56945502E-07
1819    -0.53935260E-07
181     0.49641936E-07
1820    -0.50848479E-07
1821    -0.47689540E-07
1822    -0.44462925E-07
1823    -0.41173213E-07
1824    -0.37825073E-07
1825    -0.34423255E-07
1826    -0.30972588E-07
1827    -0.27477968E-07
1828    -0.23944354E-07
1829    -0.20376761E-07
182     0.52756991E-07
1830    -0.16780251E-07
1831    -0.13159929E-07
1832    -0.95209319E-08
1833    -0.58684237E-08
1834    -0.22075875E-08
1835     0.14563813E-08
1836     0.51182835E-08
1837     0.87729223E-08
1838     0.12415112E-07
1839     0.16039683E-07
183     0.55797180E-07
1840     0.19641492E-07
1841     0.23215428E-07
1842     0.26756420E-07
1843     0.30259442E-07
1844     0.33719523E-07
1845     0.37131753E-07
1846     0.40491289E-07
1847     0.43793365E-07
1848     0.47033295E-07
1849     0.50206479E-07
184     0.58758187E-07
1850     0.53308417E-07
1851     0.56334704E-07
1852     0.59281048E-07
1853     0.62143267E-07
1854     0.64917299E-07
1855     0.67599207E-07
1856     0.70185187E-07
1857     0.72671567E-07
1858     0.75054819E-07
1859     0.77331562E-07
185     0.61635811E-07
1860     0.79498565E-07
1861     0.81552752E-07
1862     0.83491209E-07
1863     0.85311184E-07
1864     0.87010095E-07
1865     0.88585530E-07
1866     0.90035255E-07
1867     0.91357212E-07
1868     0.92549525E-07
1869     0.93610501E-07
186     0.64425968E-07
1870     0.94538637E-07
1871     0.95332613E-07
1872     0.95991304E-07
1873     0.96513774E-07
1874     0.96899283E-07
1875     0.97147283E-07
1876     0.97257422E-07
1877     0.97229545E-07
1878     0.97063690E-07
1879     0.96760093E-07
187     0.67124699E-07
1880     0.96319185E-07
1881     0.95741591E-07
1882     0.95028131E-07
1883     0.94179818E-07
1884     0.93197855E-07
1885     0.92083636E-07
1886     0.90838743E-07
1887     0.89464941E-07
1888     0.87964180E-07
1889     0.86338590E-07
188     0.69728174E-07
1890     0.84590478E-07
1891     0.82722325E-07
1892     0.80736781E-07
1893     0.78636664E-07
1894     0.76424955E-07
1895     0.74104793E-07
1896     0.71679468E-07
1897     0.69152425E-07
1898     0.66527247E-07
1899     0.63807662E-07
189     0.72232698E-07
18     0.61015941E-07
1900     0.60997528E-07
1901     0.58100833E-07
1902     0.55121688E-07
1903     0.52064320E-07
1904     0.48933068E-07
1905     0.45732376E-07
1906     0.42466785E-07
1907     0.39140930E-07
1908     0.35759531E-07
1909     0.32327386E-07
190     0.74634718E-07
1910     0.28849365E-07
1911     0.25330405E-07
1912     0.21775498E-07
1913     0.18189690E-07
1914     0.14578069E-07
1915     0.10945761E-07
1916     0.72979194E-08
1917     0.36397217E-08
1918    -0.23641202E-10
1919    -0.36869705E-08
191     0.76930824E-07
1920    -0.73450677E-08
1921    -0.10992742E-07
1922    -0.14624816E-07
1923    -0.18236136E-07
1924    -0.21821578E-07
1925    -0.25376052E-07
1926    -0.28894516E-07
1927    -0.32371976E-07
1928    -0.35803498E-07
1929    -0.39184210E-07
192     0.79117759E-07
1930    -0.42509317E-07
1931    -0.45774100E-07
1932    -0.48973925E-07
1933    -0.52104251E-07
1934    -0.55160637E-07
1935    -0.58138745E-07
1936    -0.61034350E-07
1937    -0.63843340E-07
1938    -0.66561732E-07
1939    -0.69185666E-07
193     0.81192419E-07
1940    -0.71711420E-07
1941    -0.74135409E-07
1942    -0.76454193E-07
1943    -0.78664481E-07
1944    -0.80763138E-07
1945    -0.82747185E-07
1946    -0.84613806E-07
1947    -0.86360352E-07
1948    -0.87984345E-07
1949    -0.89483481E-07
194     0.83151859E-07
1950    -0.90855632E-07
1951    -0.92098850E-07
1952    -0.93211372E-07
1953    -0.94191618E-07
1954    -0.95038199E-07
1955    -0.95749911E-07
1956    -0.96325746E-07
1957    -0.96764886E-07
1958    -0.97066708E-07
1959    -0.97230784E-07
195     0.84993299E-07
1960    -0.97256880E-07
1961    -0.97144960E-07
1962    -0.96895183E-07
1963    -0.96507903E-07
1964    -0.95983670E-07
1965    -0.95323227E-07
1966    -0.94527512E-07
1967    -0.93597654E-07
1968    -0.92534972E-07
1969    -0.91340976E-07
196     0.86714126E-07
1970    -0.90017358E-07
1971    -0.88565997E-07
1972    -0.86988953E-07
1973    -0.85288465E-07
1974    -0.83466944E-07
1975    -0.81526976E-07
1976    -0.79471315E-07
1977    -0.77302876E-07
1978    -0.75024737E-07
1979    -0.72640132E-07
197     0.88311899E-07
1980    -0.70152444E-07
1981    -0.67565203E-07
1982    -0.64882082E-07
1983    -0.62106886E-07
1984    -0.59243556E-07
1985    -0.56296154E-07
1986    -0.53268862E-07
1987    -0.50165977E-07
1988    -0.46991902E-07
1989    -0.43751142E-07
198     0.89784348E-07
1990    -0.40448294E-07
1991    -0.37088047E-07
1992    -0.33675169E-07
1993    -0.30214502E-07
1994    -0.26710959E-07
1995    -0.23169510E-07
1996    -0.19595181E-07
1997    -0.15993046E-07
1998    -0.12368214E-07
1999    -0.87258316E-08
199     0.91129386E-07
19     0.63825503E-07
1     0.36633462E-08
2000    -0.50710660E-08
2001    -0.14091041E-08
2002     0.22548575E-08
2003     0.59156192E-08
2004     0.95679861E-08
2005     0.13206775E-07
2006     0.16826823E-07
2007     0.20422991E-07
2008     0.23990178E-07
2009     0.27523321E-07
200     0.92345103E-07
2010     0.31017405E-07
2011     0.34467473E-07
2012     0.37868629E-07
2013     0.41216045E-07
2014     0.44504972E-07
2015     0.47730743E-07
2016     0.50888780E-07
2017     0.53974601E-07
2018     0.56983827E-07
2019     0.59912188E-07
201     0.93429774E-07
2020     0.62755528E-07
2021     0.65509812E-07
2022     0.68171132E-07
2023     0.70735711E-07
2024     0.73199910E-07
2025     0.75560232E-07
2026     0.77813327E-07
2027     0.79955998E-07
2028     0.81985204E-07
2029     0.83898066E-07
202     0.94381859E-07
2030     0.85691869E-07
2031     0.87364068E-07
2032     0.88912289E-07
2033     0.90334335E-07
2034     0.91628190E-07
2035     0.92792015E-07
2036     0.93824161E-07
2037     0.94723161E-07
2038     0.95487741E-07
2039     0.96116815E-07
203     0.95200009E-07
2040     0.96609491E-07
2041     0.96965069E-07
2042     0.97183046E-07
2043     0.97263111E-07
2044     0.97205150E-07
2045     0.97009247E-07
2046     0.96675679E-07
2047     0.96204920E-07
2048     0.95597638E-07
2049     0.94854693E-07
204     0.95883061E-07
2050     0.93977142E-07
2051     0.92966228E-07
2052     0.91823387E-07
2053     0.90550241E-07
2054     0.89148595E-07
2055     0.87620440E-07
2056     0.85967944E-07
2057     0.84193451E-07
2058     0.82299480E-07
2059     0.80288719E-07
205     0.96430046E-07
2060     0.78164021E-07
2061     0.75928402E-07
2062     0.73585033E-07
2063     0.71137240E-07
2064     0.68588498E-07
2065     0.65942422E-07
2066     0.63202768E-07
2067     0.60373423E-07
2068     0.57458404E-07
2069     0.54461845E-07
206     0.96840189E-07
2070     0.51388001E-07
2071     0.48241232E-07
2072     0.45026004E-07
2073     0.41746881E-07
2074     0.38408515E-07
2075     0.35015644E-07
2076     0.31573083E-07
2077     0.28085717E-07
2078     0.24558494E-07
2079     0.20996421E-07
207     0.97112907E-07
2080     0.17404552E-07
2081     0.13787984E-07
2082     0.10151850E-07
2083     0.65013099E-08
2084     0.28415435E-08
2085    -0.82225518E-09
2086    -0.44848871E-08
2087    -0.81411545E-08
2088    -0.11785869E-07
2089    -0.15413858E-07
208     0.97247812E-07
2090    -0.19019974E-07
2091    -0.22599098E-07
2092    -0.26146152E-07
2093    -0.29656103E-07
2094    -0.33123969E-07
2095    -0.36544829E-07
2096    -0.39913829E-07
2097    -0.43226187E-07
2098    -0.46477204E-07
2099    -0.49662265E-07
209     0.97244715E-07
20     0.66544492E-07
2100    -0.52776851E-07
2101    -0.55816542E-07
2102    -0.58777025E-07
2103    -0.61654097E-07
2104    -0.64443677E-07
2105    -0.67141805E-07
2106    -0.69744654E-07
2107    -0.72248528E-07
2108    -0.74649875E-07
2109    -0.76945288E-07
210     0.97103618E-07
2110    -0.79131508E-07
2111    -0.81205433E-07
2112    -0.83164121E-07
2113    -0.85004791E-07
2114    -0.86724832E-07
2115    -0.88321803E-07
2116    -0.89793437E-07
2117    -0.91137646E-07
2118    -0.92352523E-07
2119    -0.93436343E-07
211     0.96824723E-07
2120    -0.94387569E-07
2121    -0.95204850E-07
2122    -0.95887027E-07
2123    -0.96433132E-07
2124    -0.96842389E-07
2125    -0.97114219E-07
2126    -0.97248235E-07
2127    -0.97244247E-07
2128    -0.97102260E-07
2129    -0.96822477E-07
212     0.96408425E-07
2130    -0.96405294E-07
2131    -0.95851304E-07
2132    -0.95161291E-07
2133    -0.94336237E-07
2134    -0.93377310E-07
2135    -0.92285873E-07
2136    -0.91063475E-07
2137    -0.89711849E-07
2138    -0.88232913E-07
2139    -0.86628768E-07
213     0.95855315E-07
2140    -0.84901688E-07
2141    -0.83054125E-07
2142    -0.81088702E-07
2143    -0.79008206E-07
2144    -0.76815590E-07
2145    -0.74513966E-07
2146    -0.72106600E-07
2147    -0.69596908E-07
2148    -0.66988452E-07
2149    -0.64284934E-07
214     0.95166177E-07
2150    -0.61490189E-07
2151    -0.58608185E-07
2152    -0.55643010E-07
2153    -0.52598873E-07
2154    -0.49480093E-07
2155    -0.46291096E-07
2156    -0.43036409E-07
2157    -0.39720649E-07
2158    -0.36348521E-07
2159    -0.32924812E-07
215     0.94341990E-07
2160    -0.29454380E-07
2161    -0.25942149E-07
2162    -0.22393104E-07
2163    -0.18812281E-07
2164    -0.15204762E-07
2165    -0.11575666E-07
2166    -0.79301430E-08
2167    -0.42733664E-08
2168    -0.61052557E-09
2169     0.30531817E-08
216     0.93383924E-07
2170     0.67125562E-08
2171     0.10362405E-07
2172     0.13997549E-07
2173     0.17612828E-07
2174     0.21203114E-07
2175     0.24763311E-07
2176     0.28288366E-07
2177     0.31773277E-07
2178     0.35213099E-07
2179     0.38602951E-07
217     0.92293337E-07
2180     0.41938022E-07
2181     0.45213579E-07
2182     0.48424974E-07
2183     0.51567649E-07
2184     0.54637146E-07
2185     0.57629107E-07
2186     0.60539288E-07
2187     0.63363557E-07
2188     0.66097909E-07
2189     0.68738461E-07
218     0.91071778E-07
2190     0.71281468E-07
2191     0.73723319E-07
2192     0.76060551E-07
2193     0.78289846E-07
2194     0.80408040E-07
2195     0.82412129E-07
2196     0.84299267E-07
2197     0.86066777E-07
2198     0.87712151E-07
2199     0.89233053E-07
219     0.89720979E-07
21     0.69169047E-07
2200     0.90627326E-07
2201     0.91892990E-07
2202     0.93028250E-07
2203     0.94031494E-07
2204     0.94901299E-07
2205     0.95636431E-07
2206     0.96235847E-07
2207     0.96698695E-07
2208     0.97024319E-07
2209     0.97212256E-07
220     0.88242859E-07
2210     0.97262241E-07
2211     0.97174202E-07
2212     0.96948264E-07
2213     0.96584748E-07
2214     0.96084170E-07
2215     0.95447239E-07
2216     0.94674861E-07
2217     0.93768130E-07
2218     0.92728334E-07
2219     0.91556948E-07
221     0.86639514E-07
2220     0.90255634E-07
2221     0.88826240E-07
2222     0.87270793E-07
2223     0.85591502E-07
2224     0.83790748E-07
2225     0.81871088E-07
2226     0.79835245E-07
2227     0.77686109E-07
2228     0.75426729E-07
2229     0.73060312E-07
222     0.84913220E-07
2230     0.70590216E-07
2231     0.68019947E-07
2232     0.65353150E-07
2233     0.62593612E-07
2234     0.59745248E-07
2235     0.56812100E-07
2236     0.53798331E-07
2237     0.50708217E-07
2238     0.47546143E-07
2239     0.44316598E-07
223     0.83066426E-07
2240     0.41024163E-07
2241     0.37673511E-07
2242     0.34269397E-07
2243     0.30816651E-07
2244     0.27320174E-07
2245     0.23784928E-07
2246     0.20215928E-07
2247     0.16618240E-07
2248     0.12996970E-07
2249     0.93572552E-08
224     0.81101754E-07
2250     0.57042620E-08
2251     0.20431738E-08
2252    -0.16208137E-08
2253    -0.52825012E-08
2254    -0.89366924E-08
2255    -0.12578202E-07
2256    -0.16201861E-07
2257    -0.19802529E-07
2258    -0.23375095E-07
2259    -0.26914490E-07
225     0.79021991E-07
2260    -0.30415690E-07
2261    -0.33873729E-07
2262    -0.37283697E-07
2263    -0.40640756E-07
2264    -0.43940143E-07
2265    -0.47177174E-07
2266    -0.50347257E-07
2267    -0.53445893E-07
2268    -0.56468684E-07
2269    -0.59411341E-07
226     0.76830089E-07
2270    -0.62269688E-07
2271    -0.65039669E-07
2272    -0.67717352E-07
2273    -0.70298939E-07
2274    -0.72780765E-07
2275    -0.75159309E-07
2276    -0.77431195E-07
2277    -0.79593199E-07
2278    -0.81642253E-07
2279    -0.83575450E-07
227     0.74529158E-07
2280    -0.85390046E-07
2281    -0.87083465E-07
2282    -0.88653306E-07
2283    -0.90097339E-07
2284    -0.91413516E-07
2285    -0.92599969E-07
2286    -0.93655015E-07
2287    -0.94577155E-07
2288    -0.95365083E-07
2289    -0.96017678E-07
228     0.72122464E-07
2290    -0.96534016E-07
2291    -0.96913364E-07
2292    -0.97155183E-07
2293    -0.97259130E-07
2294    -0.97225057E-07
2295    -0.97053014E-07
2296    -0.96743244E-07
2297    -0.96296186E-07
2298    -0.95712475E-07
2299    -0.94992940E-07
229     0.69613421E-07
22     0.71695446E-07
2300    -0.94138601E-07
2301    -0.93150672E-07
2302    -0.92030553E-07
2303    -0.90779834E-07
2304    -0.89400291E-07
2305    -0.87893881E-07
2306    -0.86262742E-07
2307    -0.84509188E-07
2308    -0.82635707E-07
2309    -0.80644960E-07
230     0.67005591E-07
2310    -0.78539770E-07
2311    -0.76323125E-07
2312    -0.73998171E-07
2313    -0.71568206E-07
2314    -0.69036680E-07
2315    -0.66407185E-07
2316    -0.63683452E-07
2317    -0.60869347E-07
2318    -0.57968862E-07
2319    -0.54986115E-07
231     0.64302673E-07
2320    -0.51925337E-07
2321    -0.48790873E-07
2322    -0.45587170E-07
2323    -0.42318774E-07
2324    -0.38990325E-07
2325    -0.35606545E-07
2326    -0.32172236E-07
2327    -0.28692272E-07
2328    -0.25171590E-07
2329    -0.21615188E-07
232     0.61508505E-07
2330    -0.18028112E-07
2331    -0.14415453E-07
2332    -0.10782337E-07
2333    -0.71339197E-08
2334    -0.34753787E-08
2335     0.18809408E-09
2336     0.38513000E-08
2337     0.75090405E-08
2338     0.11156125E-07
2339     0.14787378E-07
233     0.58627050E-07
2340     0.18397647E-07
2341     0.21981807E-07
2342     0.25534773E-07
2343     0.29051504E-07
2344     0.32527007E-07
2345     0.35956352E-07
2346     0.39334671E-07
2347     0.42657172E-07
2348     0.45919137E-07
2349     0.49115940E-07
234     0.55662399E-07
2350     0.52243042E-07
2351     0.55296007E-07
2352     0.58270502E-07
2353     0.61162306E-07
2354     0.63967315E-07
2355     0.66681549E-07
2356     0.69301156E-07
2357     0.71822418E-07
2358     0.74241758E-07
2359     0.76555742E-07
235     0.52618757E-07
2360     0.78761086E-07
2361     0.80854662E-07
2362     0.82833497E-07
2363     0.84694785E-07
2364     0.86435883E-07
2365     0.88054320E-07
2366     0.89547801E-07
2367     0.90914206E-07
2368     0.92151595E-07
2369     0.93258212E-07
236     0.49500445E-07
2370     0.94232488E-07
2371     0.95073040E-07
2372     0.95778674E-07
2373     0.96348390E-07
2374     0.96781379E-07
2375     0.97077027E-07
2376     0.97234913E-07
2377     0.97254815E-07
2378     0.97136703E-07
2379     0.96880745E-07
237     0.46311887E-07
2380     0.96487306E-07
2381     0.95956942E-07
2382     0.95290406E-07
2383     0.94488645E-07
2384     0.93552796E-07
2385     0.92484187E-07
2386     0.91284335E-07
2387     0.89954943E-07
2388     0.88497896E-07
2389     0.86915263E-07
238     0.43057609E-07
2390     0.85209289E-07
2391     0.83382395E-07
2392     0.81437175E-07
2393     0.79376388E-07
2394     0.77202959E-07
2395     0.74919971E-07
2396     0.72530666E-07
2397     0.70038433E-07
2398     0.67446810E-07
2399     0.64759473E-07
239     0.39742227E-07
23     0.74120103E-07
2400     0.61980237E-07
2401     0.59113045E-07
2402     0.56161967E-07
2403     0.53131190E-07
2404     0.50025015E-07
2405     0.46847849E-07
2406     0.43604203E-07
2407     0.40298678E-07
2408     0.36935966E-07
2409     0.33520839E-07
240     0.36370449E-07
2410     0.30058142E-07
2411     0.26552791E-07
2412     0.23009758E-07
2413     0.19434073E-07
2414     0.15830808E-07
2415     0.12205079E-07
2416     0.85620293E-08
2417     0.49068295E-08
2418     0.12446664E-08
2419    -0.24192630E-08
241     0.32947057E-07
2420    -0.60797592E-08
2421    -0.97316277E-08
2422    -0.13369686E-07
2423    -0.16988772E-07
2424    -0.20583749E-07
2425    -0.24149516E-07
2426    -0.27681012E-07
2427    -0.31173227E-07
2428    -0.34621204E-07
2429    -0.38020051E-07
242     0.29476910E-07
2430    -0.41364944E-07
2431    -0.44651136E-07
2432    -0.47873964E-07
2433    -0.51028855E-07
2434    -0.54111331E-07
2435    -0.57117019E-07
2436    -0.60041652E-07
2437    -0.62881081E-07
2438    -0.65631276E-07
2439    -0.68288334E-07
243     0.25964933E-07
2440    -0.70848485E-07
2441    -0.73308096E-07
2442    -0.75663676E-07
2443    -0.77911882E-07
2444    -0.80049525E-07
2445    -0.82073570E-07
2446    -0.83981145E-07
2447    -0.85769544E-07
2448    -0.87436227E-07
2449    -0.88978832E-07
244     0.22416109E-07
2450    -0.90395167E-07
2451    -0.91683223E-07
2452    -0.92841173E-07
2453    -0.93867372E-07
2454    -0.94760366E-07
2455    -0.95518886E-07
2456    -0.96141856E-07
2457    -0.96628393E-07
2458    -0.96977805E-07
2459    -0.97189597E-07
245     0.18835475E-07
2460    -0.97263468E-07
2461    -0.97199313E-07
2462    -0.96997224E-07
2463    -0.96657488E-07
2464    -0.96180585E-07
2465    -0.95567194E-07
2466    -0.94818184E-07
2467    -0.93934619E-07
2468    -0.92917753E-07
2469    -0.91769027E-07
246     0.15228112E-07
2470    -0.90490074E-07
2471    -0.89082707E-07
2472    -0.87548923E-07
2473    -0.85890900E-07
2474    -0.84110989E-07
2475    -0.82211718E-07
2476    -0.80195781E-07
2477    -0.78066039E-07
2478    -0.75825515E-07
2479    -0.73477387E-07
247     0.11599139E-07
2480    -0.71024988E-07
2481    -0.68471798E-07
2482    -0.65821441E-07
2483    -0.63077677E-07
2484    -0.60244401E-07
2485    -0.57325632E-07
2486    -0.54325513E-07
2487    -0.51248301E-07
2488    -0.48098363E-07
2489    -0.44880170E-07
248     0.79537052E-08
2490    -0.41598287E-07
2491    -0.38257373E-07
2492    -0.34862168E-07
2493    -0.31417491E-07
2494    -0.27928229E-07
2495    -0.24399335E-07
2496    -0.20835815E-07
2497    -0.17242728E-07
2498    -0.13625172E-07
2499    -0.99882810E-08
249     0.42969847E-08
24     0.76439576E-07
2500    -0.63372154E-08
2501    -0.26771568E-08
2502     0.98670105E-09
2503     0.46491586E-08
2504     0.83050187E-08
2505     0.11949093E-07
2506     0.15576211E-07
2507     0.19181224E-07
2508     0.22759018E-07
2509     0.26304515E-07
250     0.63416629E-09
2510     0.29812683E-07
2511     0.33278544E-07
2512     0.36697180E-07
2513     0.40063740E-07
2514     0.43373445E-07
2515     0.46621600E-07
2516     0.49803594E-07
2517     0.52914913E-07
2518     0.55951141E-07
2519     0.58907969E-07
251    -0.30295520E-08
2520     0.61781201E-07
2521     0.64566760E-07
2522     0.67260694E-07
2523     0.69859178E-07
2524     0.72358526E-07
2525     0.74755191E-07
2526     0.77045771E-07
2527     0.79227017E-07
2528     0.81295832E-07
2529     0.83249281E-07
252    -0.66889711E-08
2530     0.85084592E-07
2531     0.86799161E-07
2532     0.88390554E-07
2533     0.89856512E-07
2534     0.91194956E-07
2535     0.92403987E-07
2536     0.93481887E-07
2537     0.94427129E-07
2538     0.95238370E-07
2539     0.95914460E-07
253    -0.10338898E-07
2540     0.96454438E-07
2541     0.96857539E-07
2542     0.97123190E-07
2543     0.97251014E-07
2544     0.97240831E-07
2545     0.97092655E-07
2546     0.96806695E-07
2547     0.96383358E-07
2548     0.95823244E-07
2549     0.95127148E-07
254    -0.13974153E-07
2550     0.94296059E-07
2551     0.93331155E-07
2552     0.92233806E-07
2553     0.91005569E-07
2554     0.89648186E-07
2555     0.88163585E-07
2556     0.86553872E-07
2557     0.84821331E-07
2558     0.82968421E-07
2559     0.80997772E-07
255    -0.17589577E-07
2560     0.78912180E-07
2561     0.76714604E-07
2562     0.74408163E-07
2563     0.71996130E-07
2564     0.69481928E-07
2565     0.66869126E-07
2566     0.64161430E-07
2567     0.61362683E-07
2568     0.58476857E-07
2569     0.55508047E-07
256    -0.21180041E-07
2570     0.52460466E-07
2571     0.49338440E-07
2572     0.46146397E-07
2573     0.42888869E-07
2574     0.39570477E-07
2575     0.36195932E-07
2576     0.32770021E-07
2577     0.29297607E-07
2578     0.25783616E-07
2579     0.22233037E-07
257    -0.24740448E-07
2580     0.18650907E-07
2581     0.15042309E-07
2582     0.11412365E-07
2583     0.77662262E-08
2584     0.41090662E-08
2585     0.44607502E-09
2586    -0.32175492E-08
2587    -0.68766074E-08
2588    -0.10525907E-07
2589    -0.14160270E-07
258    -0.28265746E-07
2590    -0.17774537E-07
2591    -0.21363581E-07
2592    -0.24922309E-07
2593    -0.28445669E-07
2594    -0.31928662E-07
2595    -0.35366346E-07
2596    -0.38753842E-07
2597    -0.42086342E-07
2598    -0.45359119E-07
2599    -0.48567526E-07
259    -0.31750932E-07
25     0.78650575E-07
2600    -0.51707012E-07
2601    -0.54773121E-07
2602    -0.57761502E-07
2603    -0.60667915E-07
2604    -0.63488234E-07
2605    -0.66218458E-07
2606    -0.68854712E-07
2607    -0.71393254E-07
2608    -0.73830484E-07
2609    -0.76162941E-07
260    -0.35191061E-07
2610    -0.78387316E-07
2611    -0.80500453E-07
2612    -0.82499352E-07
2613    -0.84381178E-07
2614    -0.86143259E-07
2615    -0.87783095E-07
2616    -0.89298359E-07
2617    -0.90686900E-07
2618    -0.91946749E-07
2619    -0.93076117E-07
261    -0.38581251E-07
2620    -0.94073402E-07
2621    -0.94937188E-07
2622    -0.95666250E-07
2623    -0.96259552E-07
2624    -0.96716254E-07
2625    -0.97035707E-07
2626    -0.97217458E-07
2627    -0.97261248E-07
2628    -0.97167016E-07
2629    -0.96934895E-07
262    -0.41916690E-07
2630    -0.96565215E-07
2631    -0.96058500E-07
2632    -0.95415470E-07
2633    -0.94637036E-07
2634    -0.93724305E-07
2635    -0.92678569E-07
2636    -0.91501315E-07
2637    -0.90194212E-07
2638    -0.88759116E-07
2639    -0.87198062E-07
263    -0.45192646E-07
2640    -0.85513267E-07
2641    -0.83707121E-07
2642    -0.81782186E-07
2643    -0.79741196E-07
2644    -0.77587045E-07
2645    -0.75322792E-07
2646    -0.72951649E-07
2647    -0.70476981E-07
2648    -0.67902300E-07
2649    -0.65231259E-07
264    -0.48404470E-07
2650    -0.62467649E-07
2651    -0.59615393E-07
2652    -0.56678536E-07
2653    -0.53661248E-07
2654    -0.50567810E-07
2655    -0.47402611E-07
2656    -0.44170144E-07
2657    -0.40874995E-07
2658    -0.37521841E-07
2659    -0.34115441E-07
265    -0.51547603E-07
2660    -0.30660627E-07
2661    -0.27162303E-07
2662    -0.23625434E-07
2663    -0.20055038E-07
2664    -0.16456182E-07
2665    -0.12833973E-07
2666    -0.91935517E-08
2667    -0.55400839E-08
2668    -0.18787543E-08
2669     0.17852415E-08
266    -0.54617585E-07
2670     0.54467039E-08
2671     0.91004369E-08
2672     0.12741256E-07
2673     0.16363993E-07
2674     0.19963509E-07
2675     0.23534695E-07
2676     0.27072483E-07
2677     0.30571852E-07
2678     0.34027838E-07
2679     0.37435534E-07
267    -0.57610061E-07
2680     0.40790107E-07
2681     0.44086795E-07
2682     0.47320919E-07
2683     0.50487891E-07
2684     0.53583216E-07
2685     0.56602502E-07
2686     0.59541464E-07
2687     0.62395931E-07
2688     0.65161853E-07
2689     0.67835304E-07
268    -0.60520782E-07
2690     0.70412490E-07
2691     0.72889756E-07
2692     0.75263584E-07
2693     0.77530606E-07
2694     0.79687606E-07
2695     0.81731521E-07
2696     0.83659453E-07
2697     0.85468664E-07
2698     0.87156587E-07
2699     0.88720827E-07
269    -0.63345619E-07
26     0.80749962E-07
2700     0.90159165E-07
2701     0.91469559E-07
2702     0.92650149E-07
2703     0.93699260E-07
2704     0.94615404E-07
2705     0.95397280E-07
2706     0.96043779E-07
2707     0.96553983E-07
2708     0.96927168E-07
2709     0.97162805E-07
270    -0.66080563E-07
2710     0.97260559E-07
2711     0.97220292E-07
2712     0.97042061E-07
2713     0.96726118E-07
2714     0.96272912E-07
2715     0.95683086E-07
2716     0.94957478E-07
2717     0.94097116E-07
2718     0.93103222E-07
2719     0.91977206E-07
271    -0.68721733E-07
2720     0.90720666E-07
2721     0.89335386E-07
2722     0.87823331E-07
2723     0.86186646E-07
2724     0.84427655E-07
2725     0.82548854E-07
2726     0.80552908E-07
2727     0.78442651E-07
2728     0.76221076E-07
2729     0.73891337E-07
272    -0.71265381E-07
2730     0.71456740E-07
2731     0.68920739E-07
2732     0.66286933E-07
2733     0.63559061E-07
2734     0.60740992E-07
2735     0.57836726E-07
2736     0.54850385E-07
2737     0.51786206E-07
2738     0.48648538E-07
2739     0.45441834E-07
273    -0.73707896E-07
2740     0.42170643E-07
2741     0.38839608E-07
2742     0.35453457E-07
2743     0.32016994E-07
2744     0.28535096E-07
2745     0.25012704E-07
2746     0.21454817E-07
2747     0.17866483E-07
2748     0.14252796E-07
2749     0.10618882E-07
274    -0.76045814E-07
2750     0.69698995E-08
2751     0.33110259E-08
2752    -0.35254642E-09
2753    -0.40156184E-08
2754    -0.76729919E-08
2755    -0.11319477E-07
2756    -0.14949898E-07
2757    -0.18559104E-07
2758    -0.22141974E-07
2759    -0.25693421E-07
275    -0.78275815E-07
2760    -0.29208408E-07
2761    -0.32681945E-07
2762    -0.36109103E-07
2763    -0.39485020E-07
2764    -0.42804904E-07
2765    -0.46064043E-07
2766    -0.49257814E-07
2767    -0.52381684E-07
2768    -0.55431219E-07
2769    -0.58402092E-07
276    -0.80394737E-07
2770    -0.61290088E-07
2771    -0.64091107E-07
2772    -0.66801176E-07
2773    -0.69416447E-07
2774    -0.71933211E-07
2775    -0.74347894E-07
2776    -0.76657072E-07
2777    -0.78857466E-07
2778    -0.80945954E-07
2779    -0.82919573E-07
277    -0.82399570E-07
2780    -0.84775522E-07
2781    -0.86511166E-07
2782    -0.88124044E-07
2783    -0.89611865E-07
2784    -0.90972520E-07
2785    -0.92204076E-07
2786    -0.93304786E-07
2787    -0.94273089E-07
2788    -0.95107609E-07
2789    -0.95807163E-07
278    -0.84287472E-07
2790    -0.96370759E-07
2791    -0.96797596E-07
2792    -0.97087068E-07
2793    -0.97238765E-07
2794    -0.97252471E-07
2795    -0.97128168E-07
2796    -0.96866031E-07
2797    -0.96466432E-07
2798    -0.95929939E-07
2799    -0.95257313E-07
279    -0.86055762E-07
27     0.82734757E-07
2800    -0.94449508E-07
2801    -0.93507671E-07
2802    -0.92433138E-07
2803    -0.91227434E-07
2804    -0.89892270E-07
2805    -0.88429541E-07
2806    -0.86841323E-07
2807    -0.85129869E-07
2808    -0.83297608E-07
2809    -0.81347141E-07
280    -0.87701931E-07
2810    -0.79281234E-07
2811    -0.77102821E-07
2812    -0.74814991E-07
2813    -0.72420993E-07
2814    -0.69924222E-07
2815    -0.67328223E-07
2816    -0.64636679E-07
2817    -0.61853410E-07
2818    -0.58982365E-07
2819    -0.56027620E-07
281    -0.89223644E-07
2820    -0.52993365E-07
2821    -0.49883909E-07
2822    -0.46703663E-07
2823    -0.43457140E-07
2824    -0.40148947E-07
2825    -0.36783780E-07
2826    -0.33366413E-07
2827    -0.29901696E-07
2828    -0.26394547E-07
2829    -0.22849940E-07
282    -0.90618740E-07
2830    -0.19272908E-07
2831    -0.15668526E-07
2832    -0.12041908E-07
2833    -0.83982026E-08
2834    -0.47425790E-08
2835    -0.10802252E-08
2836     0.25836616E-08
2837     0.62438819E-08
2838     0.98952415E-08
2839     0.13532559E-07
283    -0.91885240E-07
2840     0.17150672E-07
2841     0.20744448E-07
2842     0.24308785E-07
2843     0.27838625E-07
2844     0.31328960E-07
2845     0.34774837E-07
2846     0.38171365E-07
2847     0.41513724E-07
2848     0.44797172E-07
2849     0.48017048E-07
284    -0.93021347E-07
2850     0.51168784E-07
2851     0.54247907E-07
2852     0.57250047E-07
2853     0.60170945E-07
2854     0.63006454E-07
2855     0.65752552E-07
2856     0.68405340E-07
2857     0.70961056E-07
2858     0.73416071E-07
2859     0.75766903E-07
285    -0.94025448E-07
2860     0.78010214E-07
2861     0.80142822E-07
2862     0.82161700E-07
2863     0.84063984E-07
2864     0.85846973E-07
2865     0.87508137E-07
2866     0.89045120E-07
2867     0.90455740E-07
2868     0.91737994E-07
2869     0.92890065E-07
286    -0.94896118E-07
2870     0.93910316E-07
2871     0.94797300E-07
2872     0.95549758E-07
2873     0.96166623E-07
2874     0.96647018E-07
2875     0.96990263E-07
2876     0.97195870E-07
2877     0.97263547E-07
2878     0.97193198E-07
2879     0.96984924E-07
287    -0.95632122E-07
2880     0.96639019E-07
2881     0.96155975E-07
2882     0.95536477E-07
2883     0.94781405E-07
2884     0.93891829E-07
2885     0.92869012E-07
2886     0.91714405E-07
2887     0.90429648E-07
2888     0.89016563E-07
2889     0.87477155E-07
288    -0.96232416E-07
2890     0.85813610E-07
2891     0.84028287E-07
2892     0.82123721E-07
2893     0.80102614E-07
2894     0.77967834E-07
2895     0.75722411E-07
2896     0.73369530E-07
2897     0.70912532E-07
2898     0.68354903E-07
2899     0.65700272E-07
289    -0.96696148E-07
28     0.84602144E-07
2900     0.62952406E-07
2901     0.60115206E-07
2902     0.57192696E-07
2903     0.54189025E-07
2904     0.51108455E-07
2905     0.47955357E-07
2906     0.44734207E-07
2907     0.41449574E-07
2908     0.38106121E-07
2909     0.34708592E-07
290    -0.97022659E-07
2910     0.31261808E-07
2911     0.27770661E-07
2912     0.24240105E-07
2913     0.20675150E-07
2914     0.17080856E-07
2915     0.13462322E-07
2916     0.98246833E-08
2917     0.61731029E-08
2918     0.25127623E-08
2919    -0.11511441E-08
291    -0.97211486E-07
2920    -0.48134169E-08
2921    -0.84688591E-08
2922    -0.12112283E-07
2923    -0.15738519E-07
2924    -0.19342420E-07
2925    -0.22918873E-07
2926    -0.26462802E-07
2927    -0.29969177E-07
2928    -0.33433024E-07
2929    -0.36849426E-07
292    -0.97262361E-07
2930    -0.40213536E-07
2931    -0.43520579E-07
2932    -0.46765863E-07
2933    -0.49944781E-07
2934    -0.53052823E-07
2935    -0.56085579E-07
2936    -0.59038744E-07
2937    -0.61908128E-07
2938    -0.64689659E-07
2939    -0.67379390E-07
293    -0.97175213E-07
2940    -0.69973503E-07
2941    -0.72468317E-07
2942    -0.74860292E-07
2943    -0.77146034E-07
2944    -0.79322299E-07
2945    -0.81385998E-07
2946    -0.83334204E-07
2947    -0.85164150E-07
2948    -0.86873241E-07
2949    -0.88459052E-07
294    -0.96950164E-07
2950    -0.89919331E-07
2951    -0.91252006E-07
2952    -0.92455186E-07
2953    -0.93527165E-07
2954    -0.94466420E-07
2955    -0.95271618E-07
2956    -0.95941618E-07
2957    -0.96475468E-07
2958    -0.96872411E-07
2959    -0.97131883E-07
295    -0.96587534E-07
2960    -0.97253516E-07
2961    -0.97237138E-07
2962    -0.97082771E-07
2963    -0.96790636E-07
2964    -0.96361146E-07
2965    -0.95794910E-07
2966    -0.95092734E-07
2967    -0.94255612E-07
2968    -0.93284733E-07
2969    -0.92181475E-07
296    -0.96087837E-07
2970    -0.90947402E-07
2971    -0.89584268E-07
2972    -0.88094005E-07
2973    -0.86478729E-07
2974    -0.84740732E-07
2975    -0.82882480E-07
2976    -0.80906611E-07
2977    -0.78815928E-07
2978    -0.76613398E-07
2979    -0.74302147E-07
297    -0.95451784E-07
2980    -0.71885454E-07
2981    -0.69366750E-07
2982    -0.66749608E-07
2983    -0.64037742E-07
2984    -0.61235001E-07
2985    -0.58345362E-07
2986    -0.55372926E-07
2987    -0.52321910E-07
2988    -0.49196645E-07
2989    -0.46001566E-07
298    -0.94680276E-07
2990    -0.42741206E-07
2991    -0.39420193E-07
2992    -0.36043239E-07
2993    -0.32615136E-07
2994    -0.29140750E-07
2995    -0.25625010E-07
2996    -0.22072906E-07
2997    -0.18489479E-07
2998    -0.14879813E-07
2999    -0.11249032E-07
299    -0.93774408E-07
29     0.86349474E-07
2     0.73214938E-08
3000    -0.76022873E-08
300    -0.92735466E-07
301    -0.91564924E-07
302    -0.90264443E-07
303    -0.88835869E-07
304    -0.87281228E-07
305    -0.85602728E-07
306    -0.83802750E-07
307    -0.81883848E-07
308    -0.79848746E-07
309    -0.77700332E-07
30     0.87974265E-07
310    -0.75441653E-07
311    -0.73075916E-07
312    -0.70606478E-07
313    -0.68036843E-07
314    -0.65370658E-07
315    -0.62611706E-07
316    -0.59763902E-07
317    -0.56831288E-07
318    -0.53818025E-07
319    -0.50728389E-07
31     0.89474213E-07
320    -0.47566766E-07
321    -0.44337641E-07
322    -0.41045597E-07
323    -0.37695305E-07
324    -0.34291521E-07
325    -0.30839074E-07
326    -0.27342863E-07
327    -0.23807851E-07
328    -0.20239052E-07
329    -0.16641533E-07
32     0.90847190E-07
330    -0.13020398E-07
331    -0.93807865E-08
332    -0.57278623E-08
333    -0.20668098E-08
334     0.15971758E-08
335     0.52588947E-08
336     0.89131509E-08
337     0.12554758E-07
338     0.16178550E-07
339     0.19779382E-07
33     0.92091246E-07
340     0.23352146E-07
341     0.26891771E-07
342     0.30393234E-07
343     0.33851566E-07
344     0.37261860E-07
345     0.40619277E-07
346     0.43919050E-07
347     0.47156499E-07
348     0.50327028E-07
349     0.53426139E-07
34     0.93204616E-07
350     0.56449433E-07
351     0.59392621E-07
352     0.62251525E-07
353     0.65022089E-07
354     0.67700380E-07
355     0.70282599E-07
356     0.72765080E-07
357     0.75144301E-07
358     0.77416886E-07
359     0.79579609E-07
35     0.94185721E-07
360     0.81629401E-07
361     0.83563355E-07
362     0.85378724E-07
363     0.87072933E-07
364     0.88643578E-07
365     0.90088430E-07
366     0.91405438E-07
367     0.92592734E-07
368     0.93648632E-07
369     0.94571635E-07
36     0.95033168E-07
370     0.95360432E-07
371     0.96013904E-07
372     0.96531123E-07
373     0.96911357E-07
374     0.97154064E-07
375     0.97258901E-07
376     0.97225720E-07
377     0.97054566E-07
378     0.96745683E-07
379     0.96299509E-07
37     0.95745754E-07
380     0.95716678E-07
381     0.94998016E-07
382     0.94144543E-07
383     0.93157471E-07
384     0.92038200E-07
385     0.90788319E-07
386     0.89409601E-07
387     0.87904002E-07
388     0.86273660E-07
389     0.84520888E-07
38     0.96322468E-07
390     0.82648174E-07
391     0.80658174E-07
392     0.78553713E-07
393     0.76337777E-07
394     0.74013511E-07
395     0.71584214E-07
396     0.69053332E-07
397     0.66424457E-07
398     0.63701320E-07
399     0.60887784E-07
39     0.96762492E-07
3     0.10969252E-07
400     0.57987844E-07
401     0.55005614E-07
402     0.51945326E-07
403     0.48811323E-07
404     0.45608052E-07
405     0.42340059E-07
406     0.39011982E-07
407     0.35628544E-07
408     0.32194545E-07
409     0.28714860E-07
40     0.97065202E-07
410     0.25194425E-07
411     0.21638238E-07
412     0.18051343E-07
413     0.14438833E-07
414     0.10805832E-07
415     0.71574970E-08
416     0.34990047E-08
417    -0.16445292E-09
418    -0.38276772E-08
419    -0.74854697E-08
41     0.97230167E-07
420    -0.11132640E-07
421    -0.14764011E-07
422    -0.18374432E-07
423    -0.21958777E-07
424    -0.25511961E-07
425    -0.29028941E-07
426    -0.32504726E-07
427    -0.35934384E-07
428    -0.39313049E-07
429    -0.42635924E-07
42     0.97257154E-07
430    -0.45898295E-07
431    -0.49095533E-07
432    -0.52223099E-07
433    -0.55276557E-07
434    -0.58251571E-07
435    -0.61143922E-07
436    -0.63949504E-07
437    -0.66664336E-07
438    -0.69284565E-07
439    -0.71806474E-07
43     0.97146125E-07
440    -0.74226482E-07
441    -0.76541157E-07
442    -0.78747212E-07
443    -0.80841519E-07
444    -0.82821104E-07
445    -0.84683158E-07
446    -0.86425040E-07
447    -0.88044276E-07
448    -0.89538570E-07
449    -0.90905801E-07
44     0.96897236E-07
450    -0.92144028E-07
451    -0.93251495E-07
452    -0.94226629E-07
453    -0.95068048E-07
454    -0.95774556E-07
455    -0.96345152E-07
456    -0.96779025E-07
457    -0.97075560E-07
458    -0.97234337E-07
459    -0.97255129E-07
45     0.96510841E-07
460    -0.97137907E-07
461    -0.96882838E-07
462    -0.96490284E-07
463    -0.95960801E-07
464    -0.95295141E-07
465    -0.94494249E-07
466    -0.93559261E-07
467    -0.92491504E-07
468    -0.91292494E-07
469    -0.89963931E-07
46     0.95987489E-07
470    -0.88507701E-07
471    -0.86925871E-07
472    -0.85220686E-07
473    -0.83394565E-07
474    -0.81450099E-07
475    -0.79390048E-07
476    -0.77217336E-07
477    -0.74935045E-07
478    -0.72546415E-07
479    -0.70054835E-07
47     0.95327923E-07
480    -0.67463841E-07
481    -0.64777110E-07
482    -0.61998455E-07
483    -0.59131817E-07
484    -0.56181267E-07
485    -0.53150990E-07
486    -0.50045288E-07
487    -0.46868566E-07
488    -0.43625334E-07
489    -0.40320194E-07
48     0.94533077E-07
490    -0.36957836E-07
491    -0.33543031E-07
492    -0.30080625E-07
493    -0.26575533E-07
494    -0.23032727E-07
495    -0.19457236E-07
496    -0.15854134E-07
497    -0.12228533E-07
498    -0.85855785E-08
499    -0.49304404E-08
49     0.93604080E-07
4     0.14601443E-07
500    -0.12683056E-08
501     0.23956290E-08
502     0.60561641E-08
503     0.97081049E-08
504     0.13346269E-07
505     0.16965494E-07
506     0.20560643E-07
507     0.24126614E-07
508     0.27658348E-07
509     0.31150832E-07
50     0.92542251E-07
510     0.34599111E-07
511     0.37998290E-07
512     0.41343546E-07
513     0.44630132E-07
514     0.47853384E-07
515     0.51008727E-07
516     0.54091685E-07
517     0.57097881E-07
518     0.60023051E-07
519     0.62863043E-07
51     0.91349096E-07
520     0.65613826E-07
521     0.68271497E-07
522     0.70832285E-07
523     0.73292556E-07
524     0.75648818E-07
525     0.77897728E-07
526     0.80036094E-07
527     0.82060881E-07
528     0.83969217E-07
529     0.85758392E-07
52     0.90026309E-07
530     0.87425869E-07
531     0.88969281E-07
532     0.90386438E-07
533     0.91675328E-07
534     0.92834122E-07
535     0.93861177E-07
536     0.94755034E-07
537     0.95514426E-07
538     0.96138273E-07
539     0.96625692E-07
53     0.88575766E-07
540     0.96975991E-07
541     0.97188672E-07
542     0.97263433E-07
543     0.97200169E-07
544     0.96998970E-07
545     0.96660120E-07
546     0.96184100E-07
547     0.95571587E-07
548     0.94823450E-07
549     0.93940749E-07
54     0.86999527E-07
550     0.92924738E-07
551     0.91776858E-07
552     0.90498739E-07
553     0.89092194E-07
554     0.87559219E-07
555     0.85901990E-07
556     0.84122859E-07
557     0.82224349E-07
558     0.80209156E-07
559     0.78080139E-07
55     0.85299827E-07
560     0.75840319E-07
561     0.73492875E-07
562     0.71041137E-07
563     0.68488587E-07
564     0.65838844E-07
565     0.63095671E-07
566     0.60262959E-07
567     0.57344729E-07
568     0.54345121E-07
569     0.51268393E-07
56     0.83479079E-07
570     0.48118910E-07
571     0.44901142E-07
572     0.41619656E-07
573     0.38279107E-07
574     0.34884237E-07
575     0.31439863E-07
576     0.27950874E-07
577     0.24422219E-07
578     0.20858907E-07
579     0.17265995E-07
57     0.81539867E-07
580     0.13648580E-07
581     0.10011797E-07
582     0.63608062E-08
583     0.27007889E-08
584    -0.96306103E-09
585    -0.46255443E-08
586    -0.82814635E-08
587    -0.11925631E-07
588    -0.15552874E-07
589    -0.19158047E-07
58     0.79484942E-07
590    -0.22736032E-07
591    -0.26281754E-07
592    -0.29790179E-07
593    -0.33256329E-07
594    -0.36675285E-07
595    -0.40042196E-07
596    -0.43352283E-07
597    -0.46600850E-07
598    -0.49783286E-07
599    -0.52895075E-07
59     0.77317221E-07
5     0.18212914E-07
600    -0.55931801E-07
601    -0.58889155E-07
602    -0.61762940E-07
603    -0.64549078E-07
604    -0.67243614E-07
605    -0.69842727E-07
606    -0.72342726E-07
607    -0.74740064E-07
608    -0.77031339E-07
609    -0.79213300E-07
60     0.75039781E-07
610    -0.81282851E-07
611    -0.83237053E-07
612    -0.85073135E-07
613    -0.86788491E-07
614    -0.88380686E-07
615    -0.89847460E-07
616    -0.91186734E-07
617    -0.92396605E-07
618    -0.93475357E-07
619    -0.94421459E-07
61     0.72655852E-07
620    -0.95233568E-07
621    -0.95910533E-07
622    -0.96451392E-07
623    -0.96855378E-07
624    -0.97121917E-07
625    -0.97250632E-07
626    -0.97241339E-07
627    -0.97094053E-07
628    -0.96808981E-07
629    -0.96386528E-07
62     0.70168817E-07
630    -0.95827295E-07
631    -0.95132073E-07
632    -0.94301851E-07
633    -0.93337807E-07
634    -0.92241307E-07
635    -0.91013909E-07
636    -0.89657354E-07
637    -0.88173567E-07
638    -0.86564654E-07
639    -0.84832898E-07
63     0.67582207E-07
640    -0.82980757E-07
641    -0.81010858E-07
642    -0.78925998E-07
643    -0.76729134E-07
644    -0.74423386E-07
645    -0.72012023E-07
646    -0.69498470E-07
647    -0.66886291E-07
648    -0.64179196E-07
649    -0.61381024E-07
64     0.64899692E-07
650    -0.58495746E-07
651    -0.55527459E-07
652    -0.52480372E-07
653    -0.49358812E-07
654    -0.46167207E-07
655    -0.42910086E-07
656    -0.39592072E-07
657    -0.36217874E-07
658    -0.32792279E-07
659    -0.29320149E-07
65     0.62125079E-07
660    -0.25806411E-07
661    -0.22256052E-07
662    -0.18674109E-07
663    -0.15065666E-07
664    -0.11435843E-07
665    -0.77897917E-08
666    -0.41326862E-08
667    -0.46971596E-09
668     0.31939208E-08
669     0.68530251E-08
66     0.59262304E-07
670     0.10502404E-07
671     0.14136880E-07
672     0.17751294E-07
673     0.21340517E-07
674     0.24899456E-07
675     0.28423061E-07
676     0.31906330E-07
677     0.35344322E-07
678     0.38732157E-07
679     0.42065028E-07
67     0.56315431E-07
680     0.45338204E-07
681     0.48547042E-07
682     0.51686987E-07
683     0.54753584E-07
684     0.57742480E-07
685     0.60649435E-07
686     0.63470322E-07
687     0.66201140E-07
688     0.68838012E-07
689     0.71377197E-07
68     0.53288641E-07
690     0.73815091E-07
691     0.76148235E-07
692     0.78373318E-07
693     0.80487182E-07
694     0.82486828E-07
695     0.84369417E-07
696     0.86132279E-07
697     0.87772912E-07
698     0.89288986E-07
699     0.90678352E-07
69     0.50186230E-07
6     0.21798538E-07
700     0.91939037E-07
701     0.93069252E-07
702     0.94067394E-07
703     0.94932045E-07
704     0.95661980E-07
705     0.96256162E-07
706     0.96713747E-07
707     0.97034087E-07
708     0.97216727E-07
709     0.97261408E-07
70     0.47012600E-07
710     0.97168066E-07
711     0.96936834E-07
712     0.96568040E-07
713     0.96062207E-07
714     0.95420054E-07
715     0.94642491E-07
716     0.93730621E-07
717     0.92685740E-07
718     0.91509329E-07
719     0.90203058E-07
71     0.43772255E-07
720     0.88768781E-07
721     0.87208533E-07
722     0.85524529E-07
723     0.83719157E-07
724     0.81794981E-07
725     0.79754730E-07
726     0.77601300E-07
727     0.75337747E-07
728     0.72967283E-07
729     0.70493272E-07
72     0.40469793E-07
730     0.67919224E-07
731     0.65248793E-07
732     0.62485768E-07
733     0.59634071E-07
734     0.56697747E-07
735     0.53680964E-07
736     0.50588003E-07
737     0.47423253E-07
738     0.44191205E-07
739     0.40896446E-07
73     0.37109901E-07
740     0.37543651E-07
741     0.34137579E-07
742     0.30683062E-07
743     0.27185003E-07
744     0.23648366E-07
745     0.20078170E-07
746     0.16479482E-07
747     0.12857407E-07
748     0.92170868E-08
749     0.55636866E-08
74     0.33697347E-07
750     0.19023910E-08
751    -0.17616042E-08
752    -0.54230996E-08
753    -0.90768991E-08
754    -0.12717818E-07
755    -0.16340689E-07
756    -0.19940370E-07
757    -0.23511755E-07
758    -0.27049775E-07
759    -0.30549408E-07
75     0.30236973E-07
760    -0.34005689E-07
761    -0.37413713E-07
762    -0.40768644E-07
763    -0.44065720E-07
764    -0.47300263E-07
765    -0.50467683E-07
766    -0.53563485E-07
767    -0.56583275E-07
768    -0.59522768E-07
769    -0.62377794E-07
76     0.26733690E-07
770    -0.65144299E-07
771    -0.67818359E-07
772    -0.70396179E-07
773    -0.72874100E-07
774    -0.75248607E-07
775    -0.77516329E-07
776    -0.79674048E-07
777    -0.81718703E-07
778    -0.83647391E-07
779    -0.85457377E-07
77     0.23192470E-07
780    -0.87146091E-07
781    -0.88711136E-07
782    -0.90150293E-07
783    -0.91461518E-07
784    -0.92642952E-07
785    -0.93692916E-07
786    -0.94609922E-07
787    -0.95392668E-07
788    -0.96040044E-07
789    -0.96551129E-07
78     0.19618337E-07
790    -0.96925201E-07
791    -0.97161726E-07
792    -0.97260371E-07
793    -0.97220994E-07
794    -0.97043652E-07
795    -0.96728597E-07
796    -0.96276275E-07
797    -0.95687328E-07
798    -0.94962592E-07
799    -0.94103096E-07
79     0.16016365E-07
7     0.25353229E-07
800    -0.93110059E-07
801    -0.91984891E-07
802    -0.90729188E-07
803    -0.89344732E-07
804    -0.87833488E-07
805    -0.86197601E-07
806    -0.84439391E-07
807    -0.82561354E-07
808    -0.80566156E-07
809    -0.78456626E-07
80     0.12391663E-07
810    -0.76235760E-07
811    -0.73906708E-07
812    -0.71472777E-07
813    -0.68937418E-07
814    -0.66304232E-07
815    -0.63576954E-07
816    -0.60759454E-07
817    -0.57855732E-07
818    -0.54869907E-07
819    -0.51806216E-07
81     0.87493772E-08
820    -0.48669008E-07
821    -0.45462735E-07
822    -0.42191945E-07
823    -0.38861282E-07
824    -0.35475471E-07
825    -0.32039317E-07
826    -0.28557696E-07
827    -0.25035549E-07
828    -0.21477875E-07
829    -0.17889722E-07
82     0.50946749E-08
830    -0.14276181E-07
831    -0.10642382E-07
832    -0.69934797E-08
833    -0.33346533E-08
834     0.32890536E-09
835     0.39919973E-08
836     0.76494241E-08
837     0.11295996E-07
838     0.14926537E-07
839     0.18535897E-07
83     0.14327427E-08
840     0.22118952E-07
841     0.25670619E-07
842     0.29185857E-07
843     0.32659677E-07
844     0.36087151E-07
845     0.39463413E-07
846     0.42783674E-07
847     0.46043220E-07
848     0.49237427E-07
849     0.52361762E-07
84    -0.22312226E-08
850     0.55411791E-07
851     0.58383185E-07
852     0.61271729E-07
853     0.64073322E-07
854     0.66783990E-07
855     0.69399885E-07
856     0.71917296E-07
857     0.74332650E-07
858     0.76642518E-07
859     0.78843625E-07
85    -0.58920216E-08
860     0.80932845E-07
861     0.82907214E-07
862     0.84763930E-07
863     0.86500359E-07
864     0.88114036E-07
865     0.89602671E-07
866     0.90964153E-07
867     0.92196547E-07
868     0.93298107E-07
869     0.94267269E-07
86    -0.95444593E-08
870     0.95102656E-07
871     0.95803085E-07
872     0.96367560E-07
873     0.96795281E-07
874     0.97085641E-07
875     0.97238228E-07
876     0.97252825E-07
877     0.97129412E-07
878     0.96868163E-07
879     0.96469450E-07
87    -0.13183353E-07
880     0.95933838E-07
881     0.95262087E-07
882     0.94455151E-07
883     0.93514174E-07
884     0.92440493E-07
885     0.91235630E-07
886     0.89901296E-07
887     0.88439383E-07
888     0.86851968E-07
889     0.85141301E-07
88    -0.16803538E-07
890     0.83309812E-07
891     0.81360098E-07
892     0.79294927E-07
893     0.77117230E-07
894     0.74830096E-07
895     0.72436772E-07
896     0.69940653E-07
897     0.67345283E-07
898     0.64654343E-07
899     0.61871653E-07
89    -0.20399877E-07
8     0.28871942E-07
900     0.59001162E-07
901     0.56046943E-07
902     0.53013188E-07
903     0.49904203E-07
904     0.46724399E-07
905     0.43478289E-07
906     0.40170479E-07
907     0.36805664E-07
908     0.33388619E-07
909     0.29924192E-07
90    -0.23967267E-07
910     0.26417300E-07
911     0.22872919E-07
912     0.19296080E-07
913     0.15691858E-07
914     0.12065367E-07
915     0.84217553E-08
916     0.47661919E-08
917     0.11038649E-08
918    -0.25600286E-08
919    -0.62202892E-08
91    -0.27500645E-07
920    -0.98717227E-08
921    -0.13509147E-07
922    -0.17127401E-07
923    -0.20721350E-07
924    -0.24285893E-07
925    -0.27815972E-07
926    -0.31306578E-07
927    -0.34752757E-07
928    -0.38149619E-07
929    -0.41492343E-07
92    -0.30994997E-07
930    -0.44776186E-07
931    -0.47996487E-07
932    -0.51148677E-07
933    -0.54228283E-07
934    -0.57230934E-07
935    -0.60152368E-07
936    -0.62988442E-07
937    -0.65735129E-07
938    -0.68388532E-07
939    -0.70944886E-07
93    -0.34445365E-07
940    -0.73400562E-07
941    -0.75752077E-07
942    -0.77996092E-07
943    -0.80129424E-07
944    -0.82149045E-07
945    -0.84052090E-07
946    -0.85835857E-07
947    -0.87497815E-07
948    -0.89035606E-07
949    -0.90447048E-07
94    -0.37846852E-07
950    -0.91730137E-07
951    -0.92883053E-07
952    -0.93904159E-07
953    -0.94792007E-07
954    -0.95545337E-07
955    -0.96163079E-07
956    -0.96644357E-07
957    -0.96988489E-07
958    -0.97194985E-07
959    -0.97263552E-07
95    -0.41194630E-07
960    -0.97194094E-07
961    -0.96986709E-07
962    -0.96641691E-07
963    -0.96159530E-07
964    -0.95540910E-07
965    -0.94786709E-07
966    -0.93897997E-07
967    -0.92876035E-07
968    -0.91722274E-07
969    -0.90438351E-07
96    -0.44483950E-07
970    -0.89026087E-07
971    -0.87487488E-07
972    -0.85824736E-07
973    -0.84040191E-07
974    -0.82136386E-07
975    -0.80116021E-07
976    -0.77981965E-07
977    -0.75737246E-07
978    -0.73385048E-07
979    -0.70928711E-07
97    -0.47710143E-07
980    -0.68371719E-07
981    -0.65717702E-07
982    -0.62970426E-07
983    -0.60133789E-07
984    -0.57211817E-07
985    -0.54208656E-07
986    -0.51128568E-07
987    -0.47975924E-07
988    -0.44755198E-07
989    -0.41470960E-07
98    -0.50868631E-07
990    -0.38127871E-07
991    -0.34730676E-07
992    -0.31284194E-07
993    -0.27793318E-07
994    -0.24263000E-07
995    -0.20698251E-07
996    -0.17104129E-07
997    -0.13485735E-07
998    -0.98482033E-08
999    -0.61966963E-08
99    -0.53954932E-07
9     0.32349682E-07
